

                                            QUERY PLAN
---------------------------------------------------------------------------------------------------
 Gather Motion 2:1  (slice1; segments: 2)  (cost=0.00..67704.95 rows=4956 width=8)
   ->  Append  (cost=0.00..67704.95 rows=2478 width=8)
         ->  Seq Scan on sales_1_prt_outlying_years sales  (cost=0.00..67657.90 rows=2477 width=8)
               Filter: year = 2015
         ->  Seq Scan on sales_1_prt_16 sales  (cost=0.00..47.05 rows=2 width=8)
               Filter: year = 2015
 Settings:  optimizer=off
 Optimizer status: legacy query optimizer
(8 rows)

