                                                                        QUERY PLAN                                                                         
-----------------------------------------------------------------------------------------------------------------------------------------------------------
 Aggregate  (cost=214087.05..214087.06 rows=1 width=8)
   Rows out:  1 rows with 147 ms to end, start offset by 64 ms.
   ->  Gather Motion 2:1  (slice1; segments: 2)  (cost=214086.99..214087.03 rows=1 width=8)
         Rows out:  2 rows at destination with 117 ms to first row, 147 ms to end, start offset by 64 ms.
         ->  Aggregate  (cost=214086.99..214087.00 rows=1 width=8)
               Rows out:  Avg 1.0 rows x 2 workers.  Max 1 rows (seg0) with 6.673 ms to end, start offset by 204 ms.
               ->  Append  (cost=0.00..214084.00 rows=598 width=0)
                     Rows out:  0 rows (seg0) with 6.662 ms to end, start offset by 204 ms.
                     ->  Result  (cost=0.00..179.00 rows=1 width=0)
                           One-Time Filter: false
                           Rows out:  0 rows (seg0) with 0.005 ms to end, start offset by 204 ms.
                           ->  Seq Scan on mi_asset_position_1_prt_outlying_years_2_prt_other_months mi_asset_position  (cost=0.00..179.00 rows=1 width=0)
                                 Rows out:  (No row requested) 0 rows (seg0) with 0 ms to end.
                     ->  Result  (cost=0.00..179.00 rows=1 width=0)
                           One-Time Filter: false
                           Rows out:  0 rows (seg0) with 0.005 ms to end, start offset by 204 ms.
                           ->  Seq Scan on mi_asset_position_1_prt_outlying_years_2_prt_2 mi_asset_position  (cost=0.00..179.00 rows=1 width=0)
                                 Rows out:  (No row requested) 0 rows (seg0) with 0 ms to end.
                     ->  Result  (cost=0.00..179.00 rows=1 width=0)
                           One-Time Filter: false
                           Rows out:  0 rows (seg0) with 0.005 ms to end, start offset by 204 ms.
                           ->  Seq Scan on mi_asset_position_1_prt_outlying_years_2_prt_3 mi_asset_position  (cost=0.00..179.00 rows=1 width=0)
                                 Rows out:  (No row requested) 0 rows (seg0) with 0 ms to end.
                     ->  Result  (cost=0.00..179.00 rows=1 width=0)
                           One-Time Filter: false
                           Rows out:  0 rows (seg0) with 0.005 ms to end, start offset by 204 ms.
                           ->  Seq Scan on mi_asset_position_1_prt_outlying_years_2_prt_4 mi_asset_position  (cost=0.00..179.00 rows=1 width=0)
                                 Rows out:  (No row requested) 0 rows (seg0) with 0 ms to end.
                     ->  Result  (cost=0.00..179.00 rows=1 width=0)
                           One-Time Filter: false
                           Rows out:  0 rows (seg0) with 0.005 ms to end, start offset by 204 ms.
                           ->  Seq Scan on mi_asset_position_1_prt_outlying_years_2_prt_5 mi_asset_position  (cost=0.00..179.00 rows=1 width=0)
                                 Rows out:  (No row requested) 0 rows (seg0) with 0 ms to end.
                     ->  Result  (cost=0.00..179.00 rows=1 width=0)
                           One-Time Filter: false
                           Rows out:  0 rows (seg0) with 0.005 ms to end, start offset by 204 ms.
                           ->  Seq Scan on mi_asset_position_1_prt_outlying_years_2_prt_6 mi_asset_position  (cost=0.00..179.00 rows=1 width=0)
                                 Rows out:  (No row requested) 0 rows (seg0) with 0 ms to end.
                     ->  Result  (cost=0.00..179.00 rows=1 width=0)
                           One-Time Filter: false
                           Rows out:  0 rows (seg0) with 0.004 ms to end, start offset by 204 ms.
                           ->  Seq Scan on mi_asset_position_1_prt_outlying_years_2_prt_7 mi_asset_position  (cost=0.00..179.00 rows=1 width=0)
                                 Rows out:  (No row requested) 0 rows (seg0) with 0 ms to end.
                     ->  Result  (cost=0.00..179.00 rows=1 width=0)
                           One-Time Filter: false
                           Rows out:  0 rows (seg0) with 0.005 ms to end, start offset by 204 ms.
                           ->  Seq Scan on mi_asset_position_1_prt_outlying_years_2_prt_8 mi_asset_position  (cost=0.00..179.00 rows=1 width=0)
                                 Rows out:  (No row requested) 0 rows (seg0) with 0 ms to end.
                     ->  Result  (cost=0.00..179.00 rows=1 width=0)
                           One-Time Filter: false
                           Rows out:  0 rows (seg0) with 0.005 ms to end, start offset by 204 ms.
                           ->  Seq Scan on mi_asset_position_1_prt_outlying_years_2_prt_9 mi_asset_position  (cost=0.00..179.00 rows=1 width=0)
                                 Rows out:  (No row requested) 0 rows (seg0) with 0 ms to end.
                     ->  Result  (cost=0.00..179.00 rows=1 width=0)
                           One-Time Filter: false
                           Rows out:  0 rows (seg0) with 0.004 ms to end, start offset by 204 ms.
                           ->  Seq Scan on mi_asset_position_1_prt_outlying_years_2_prt_10 mi_asset_position  (cost=0.00..179.00 rows=1 width=0)
                                 Rows out:  (No row requested) 0 rows (seg0) with 0 ms to end.
                     ->  Result  (cost=0.00..179.00 rows=1 width=0)
                           One-Time Filter: false
                           Rows out:  0 rows (seg0) with 0.004 ms to end, start offset by 204 ms.
                           ->  Seq Scan on mi_asset_position_1_prt_outlying_years_2_prt_11 mi_asset_position  (cost=0.00..179.00 rows=1 width=0)
                                 Rows out:  (No row requested) 0 rows (seg0) with 0 ms to end.
                     ->  Result  (cost=0.00..179.00 rows=1 width=0)
                           One-Time Filter: false
                           Rows out:  0 rows (seg0) with 0.005 ms to end, start offset by 204 ms.
                           ->  Seq Scan on mi_asset_position_1_prt_outlying_years_2_prt_12 mi_asset_position  (cost=0.00..179.00 rows=1 width=0)
                                 Rows out:  (No row requested) 0 rows (seg0) with 0 ms to end.
                     ->  Result  (cost=0.00..179.00 rows=1 width=0)
                           One-Time Filter: false
                           Rows out:  0 rows (seg0) with 0.016 ms to end, start offset by 204 ms.
                           ->  Seq Scan on mi_asset_position_1_prt_outlying_years_2_prt_13 mi_asset_position  (cost=0.00..179.00 rows=1 width=0)
                                 Rows out:  (No row requested) 0 rows (seg0) with 0 ms to end.
                     ->  Result  (cost=0.00..179.00 rows=1 width=0)
                           One-Time Filter: false
                           Rows out:  0 rows (seg0) with 0.005 ms to end, start offset by 204 ms.
                           ->  Seq Scan on mi_asset_position_1_prt_2_2_prt_other_months mi_asset_position  (cost=0.00..179.00 rows=1 width=0)
                                 Rows out:  (No row requested) 0 rows (seg0) with 0 ms to end.
                     ->  Result  (cost=0.00..179.00 rows=1 width=0)
                           One-Time Filter: false
                           Rows out:  0 rows (seg0) with 0.005 ms to end, start offset by 204 ms.
                           ->  Seq Scan on mi_asset_position_1_prt_2_2_prt_2 mi_asset_position  (cost=0.00..179.00 rows=1 width=0)
                                 Rows out:  (No row requested) 0 rows (seg0) with 0 ms to end.
                     ->  Result  (cost=0.00..179.00 rows=1 width=0)
                           One-Time Filter: false
                           Rows out:  0 rows (seg0) with 0.005 ms to end, start offset by 204 ms.
                           ->  Seq Scan on mi_asset_position_1_prt_2_2_prt_3 mi_asset_position  (cost=0.00..179.00 rows=1 width=0)
                                 Rows out:  (No row requested) 0 rows (seg0) with 0 ms to end.
                     ->  Result  (cost=0.00..179.00 rows=1 width=0)
                           One-Time Filter: false
                           Rows out:  0 rows (seg0) with 0.005 ms to end, start offset by 204 ms.
                           ->  Seq Scan on mi_asset_position_1_prt_2_2_prt_4 mi_asset_position  (cost=0.00..179.00 rows=1 width=0)
                                 Rows out:  (No row requested) 0 rows (seg0) with 0 ms to end.
                     ->  Result  (cost=0.00..179.00 rows=1 width=0)
                           One-Time Filter: false
                           Rows out:  0 rows (seg0) with 0.005 ms to end, start offset by 204 ms.
                           ->  Seq Scan on mi_asset_position_1_prt_2_2_prt_5 mi_asset_position  (cost=0.00..179.00 rows=1 width=0)
                                 Rows out:  (No row requested) 0 rows (seg0) with 0 ms to end.
                     ->  Result  (cost=0.00..179.00 rows=1 width=0)
                           One-Time Filter: false
                           Rows out:  0 rows (seg0) with 0.005 ms to end, start offset by 205 ms.
                           ->  Seq Scan on mi_asset_position_1_prt_2_2_prt_6 mi_asset_position  (cost=0.00..179.00 rows=1 width=0)
                                 Rows out:  (No row requested) 0 rows (seg0) with 0 ms to end.
                     ->  Result  (cost=0.00..179.00 rows=1 width=0)
                           One-Time Filter: false
                           Rows out:  0 rows (seg0) with 0.005 ms to end, start offset by 205 ms.
                           ->  Seq Scan on mi_asset_position_1_prt_2_2_prt_7 mi_asset_position  (cost=0.00..179.00 rows=1 width=0)
                                 Rows out:  (No row requested) 0 rows (seg0) with 0 ms to end.
                     ->  Result  (cost=0.00..179.00 rows=1 width=0)
                           One-Time Filter: false
                           Rows out:  0 rows (seg0) with 0.014 ms to end, start offset by 205 ms.
                           ->  Seq Scan on mi_asset_position_1_prt_2_2_prt_8 mi_asset_position  (cost=0.00..179.00 rows=1 width=0)
                                 Rows out:  (No row requested) 0 rows (seg0) with 0 ms to end.
                     ->  Result  (cost=0.00..179.00 rows=1 width=0)
                           One-Time Filter: false
                           Rows out:  0 rows (seg0) with 0.004 ms to end, start offset by 205 ms.
                           ->  Seq Scan on mi_asset_position_1_prt_2_2_prt_9 mi_asset_position  (cost=0.00..179.00 rows=1 width=0)
                                 Rows out:  (No row requested) 0 rows (seg0) with 0 ms to end.
                     ->  Result  (cost=0.00..179.00 rows=1 width=0)
                           One-Time Filter: false
                           Rows out:  0 rows (seg0) with 0.005 ms to end, start offset by 205 ms.
                           ->  Seq Scan on mi_asset_position_1_prt_2_2_prt_10 mi_asset_position  (cost=0.00..179.00 rows=1 width=0)
                                 Rows out:  (No row requested) 0 rows (seg0) with 0 ms to end.
                     ->  Result  (cost=0.00..179.00 rows=1 width=0)
                           One-Time Filter: false
                           Rows out:  0 rows (seg0) with 0.005 ms to end, start offset by 205 ms.
                           ->  Seq Scan on mi_asset_position_1_prt_2_2_prt_11 mi_asset_position  (cost=0.00..179.00 rows=1 width=0)
                                 Rows out:  (No row requested) 0 rows (seg0) with 0 ms to end.
                     ->  Result  (cost=0.00..179.00 rows=1 width=0)
                           One-Time Filter: false
                           Rows out:  0 rows (seg0) with 0.004 ms to end, start offset by 205 ms.
                           ->  Seq Scan on mi_asset_position_1_prt_2_2_prt_12 mi_asset_position  (cost=0.00..179.00 rows=1 width=0)
                                 Rows out:  (No row requested) 0 rows (seg0) with 0 ms to end.
                     ->  Result  (cost=0.00..179.00 rows=1 width=0)
                           One-Time Filter: false
                           Rows out:  0 rows (seg0) with 0.005 ms to end, start offset by 205 ms.
                           ->  Seq Scan on mi_asset_position_1_prt_2_2_prt_13 mi_asset_position  (cost=0.00..179.00 rows=1 width=0)
                                 Rows out:  (No row requested) 0 rows (seg0) with 0 ms to end.
                     ->  Result  (cost=0.00..179.00 rows=1 width=0)
                           One-Time Filter: false
                           Rows out:  0 rows (seg0) with 0.005 ms to end, start offset by 205 ms.
                           ->  Seq Scan on mi_asset_position_1_prt_3_2_prt_other_months mi_asset_position  (cost=0.00..179.00 rows=1 width=0)
                                 Rows out:  (No row requested) 0 rows (seg0) with 0 ms to end.
                     ->  Result  (cost=0.00..179.00 rows=1 width=0)
                           One-Time Filter: false
                           Rows out:  0 rows (seg0) with 0.004 ms to end, start offset by 205 ms.
                           ->  Seq Scan on mi_asset_position_1_prt_3_2_prt_2 mi_asset_position  (cost=0.00..179.00 rows=1 width=0)
                                 Rows out:  (No row requested) 0 rows (seg0) with 0 ms to end.
                     ->  Result  (cost=0.00..179.00 rows=1 width=0)
                           One-Time Filter: false
                           Rows out:  0 rows (seg0) with 0.005 ms to end, start offset by 205 ms.
                           ->  Seq Scan on mi_asset_position_1_prt_3_2_prt_3 mi_asset_position  (cost=0.00..179.00 rows=1 width=0)
                                 Rows out:  (No row requested) 0 rows (seg0) with 0 ms to end.
                     ->  Result  (cost=0.00..179.00 rows=1 width=0)
                           One-Time Filter: false
                           Rows out:  0 rows (seg0) with 0.005 ms to end, start offset by 205 ms.
                           ->  Seq Scan on mi_asset_position_1_prt_3_2_prt_4 mi_asset_position  (cost=0.00..179.00 rows=1 width=0)
                                 Rows out:  (No row requested) 0 rows (seg0) with 0 ms to end.
                     ->  Result  (cost=0.00..179.00 rows=1 width=0)
                           One-Time Filter: false
                           Rows out:  0 rows (seg0) with 0.004 ms to end, start offset by 205 ms.
                           ->  Seq Scan on mi_asset_position_1_prt_3_2_prt_5 mi_asset_position  (cost=0.00..179.00 rows=1 width=0)
                                 Rows out:  (No row requested) 0 rows (seg0) with 0 ms to end.
                     ->  Result  (cost=0.00..179.00 rows=1 width=0)
                           One-Time Filter: false
                           Rows out:  0 rows (seg0) with 0.005 ms to end, start offset by 205 ms.
                           ->  Seq Scan on mi_asset_position_1_prt_3_2_prt_6 mi_asset_position  (cost=0.00..179.00 rows=1 width=0)
                                 Rows out:  (No row requested) 0 rows (seg0) with 0 ms to end.
                     ->  Result  (cost=0.00..179.00 rows=1 width=0)
                           One-Time Filter: false
                           Rows out:  0 rows (seg0) with 0.005 ms to end, start offset by 205 ms.
                           ->  Seq Scan on mi_asset_position_1_prt_3_2_prt_7 mi_asset_position  (cost=0.00..179.00 rows=1 width=0)
                                 Rows out:  (No row requested) 0 rows (seg0) with 0 ms to end.
                     ->  Result  (cost=0.00..179.00 rows=1 width=0)
                           One-Time Filter: false
                           Rows out:  0 rows (seg0) with 0.004 ms to end, start offset by 205 ms.
                           ->  Seq Scan on mi_asset_position_1_prt_3_2_prt_8 mi_asset_position  (cost=0.00..179.00 rows=1 width=0)
                                 Rows out:  (No row requested) 0 rows (seg0) with 0 ms to end.
                     ->  Result  (cost=0.00..179.00 rows=1 width=0)
                           One-Time Filter: false
                           Rows out:  0 rows (seg0) with 0.005 ms to end, start offset by 205 ms.
                           ->  Seq Scan on mi_asset_position_1_prt_3_2_prt_9 mi_asset_position  (cost=0.00..179.00 rows=1 width=0)
                                 Rows out:  (No row requested) 0 rows (seg0) with 0 ms to end.
                     ->  Result  (cost=0.00..179.00 rows=1 width=0)
                           One-Time Filter: false
                           Rows out:  0 rows (seg0) with 0.005 ms to end, start offset by 205 ms.
                           ->  Seq Scan on mi_asset_position_1_prt_3_2_prt_10 mi_asset_position  (cost=0.00..179.00 rows=1 width=0)
                                 Rows out:  (No row requested) 0 rows (seg0) with 0 ms to end.
                     ->  Result  (cost=0.00..179.00 rows=1 width=0)
                           One-Time Filter: false
                           Rows out:  0 rows (seg0) with 0.005 ms to end, start offset by 205 ms.
                           ->  Seq Scan on mi_asset_position_1_prt_3_2_prt_11 mi_asset_position  (cost=0.00..179.00 rows=1 width=0)
                                 Rows out:  (No row requested) 0 rows (seg0) with 0 ms to end.
                     ->  Result  (cost=0.00..179.00 rows=1 width=0)
                           One-Time Filter: false
                           Rows out:  0 rows (seg0) with 0.004 ms to end, start offset by 205 ms.
                           ->  Seq Scan on mi_asset_position_1_prt_3_2_prt_12 mi_asset_position  (cost=0.00..179.00 rows=1 width=0)
                                 Rows out:  (No row requested) 0 rows (seg0) with 0 ms to end.
                     ->  Result  (cost=0.00..179.00 rows=1 width=0)
                           One-Time Filter: false
                           Rows out:  0 rows (seg0) with 0.005 ms to end, start offset by 205 ms.
                           ->  Seq Scan on mi_asset_position_1_prt_3_2_prt_13 mi_asset_position  (cost=0.00..179.00 rows=1 width=0)
                                 Rows out:  (No row requested) 0 rows (seg0) with 0 ms to end.
                     ->  Result  (cost=0.00..179.00 rows=1 width=0)
                           One-Time Filter: false
                           Rows out:  0 rows (seg0) with 0.005 ms to end, start offset by 205 ms.
                           ->  Seq Scan on mi_asset_position_1_prt_4_2_prt_other_months mi_asset_position  (cost=0.00..179.00 rows=1 width=0)
                                 Rows out:  (No row requested) 0 rows (seg0) with 0 ms to end.
                     ->  Result  (cost=0.00..179.00 rows=1 width=0)
                           One-Time Filter: false
                           Rows out:  0 rows (seg0) with 0.004 ms to end, start offset by 205 ms.
                           ->  Seq Scan on mi_asset_position_1_prt_4_2_prt_2 mi_asset_position  (cost=0.00..179.00 rows=1 width=0)
                                 Rows out:  (No row requested) 0 rows (seg0) with 0 ms to end.
                     ->  Result  (cost=0.00..179.00 rows=1 width=0)
                           One-Time Filter: false
                           Rows out:  0 rows (seg0) with 0.005 ms to end, start offset by 205 ms.
                           ->  Seq Scan on mi_asset_position_1_prt_4_2_prt_3 mi_asset_position  (cost=0.00..179.00 rows=1 width=0)
                                 Rows out:  (No row requested) 0 rows (seg0) with 0 ms to end.
                     ->  Result  (cost=0.00..179.00 rows=1 width=0)
                           One-Time Filter: false
                           Rows out:  0 rows (seg0) with 0.005 ms to end, start offset by 205 ms.
                           ->  Seq Scan on mi_asset_position_1_prt_4_2_prt_4 mi_asset_position  (cost=0.00..179.00 rows=1 width=0)
                                 Rows out:  (No row requested) 0 rows (seg0) with 0 ms to end.
                     ->  Result  (cost=0.00..179.00 rows=1 width=0)
                           One-Time Filter: false
                           Rows out:  0 rows (seg0) with 0.005 ms to end, start offset by 205 ms.
                           ->  Seq Scan on mi_asset_position_1_prt_4_2_prt_5 mi_asset_position  (cost=0.00..179.00 rows=1 width=0)
                                 Rows out:  (No row requested) 0 rows (seg0) with 0 ms to end.
                     ->  Result  (cost=0.00..179.00 rows=1 width=0)
                           One-Time Filter: false
                           Rows out:  0 rows (seg0) with 0.005 ms to end, start offset by 205 ms.
                           ->  Seq Scan on mi_asset_position_1_prt_4_2_prt_6 mi_asset_position  (cost=0.00..179.00 rows=1 width=0)
                                 Rows out:  (No row requested) 0 rows (seg0) with 0 ms to end.
                     ->  Result  (cost=0.00..179.00 rows=1 width=0)
                           One-Time Filter: false
                           Rows out:  0 rows (seg0) with 0.005 ms to end, start offset by 205 ms.
                           ->  Seq Scan on mi_asset_position_1_prt_4_2_prt_7 mi_asset_position  (cost=0.00..179.00 rows=1 width=0)
                                 Rows out:  (No row requested) 0 rows (seg0) with 0 ms to end.
                     ->  Result  (cost=0.00..179.00 rows=1 width=0)
                           One-Time Filter: false
                           Rows out:  0 rows (seg0) with 0.004 ms to end, start offset by 205 ms.
                           ->  Seq Scan on mi_asset_position_1_prt_4_2_prt_8 mi_asset_position  (cost=0.00..179.00 rows=1 width=0)
                                 Rows out:  (No row requested) 0 rows (seg0) with 0 ms to end.
                     ->  Result  (cost=0.00..179.00 rows=1 width=0)
                           One-Time Filter: false
                           Rows out:  0 rows (seg0) with 0.005 ms to end, start offset by 205 ms.
                           ->  Seq Scan on mi_asset_position_1_prt_4_2_prt_9 mi_asset_position  (cost=0.00..179.00 rows=1 width=0)
                                 Rows out:  (No row requested) 0 rows (seg0) with 0 ms to end.
                     ->  Result  (cost=0.00..179.00 rows=1 width=0)
                           One-Time Filter: false
                           Rows out:  0 rows (seg0) with 0.005 ms to end, start offset by 205 ms.
                           ->  Seq Scan on mi_asset_position_1_prt_4_2_prt_10 mi_asset_position  (cost=0.00..179.00 rows=1 width=0)
                                 Rows out:  (No row requested) 0 rows (seg0) with 0 ms to end.
                     ->  Result  (cost=0.00..179.00 rows=1 width=0)
                           One-Time Filter: false
                           Rows out:  0 rows (seg0) with 0.005 ms to end, start offset by 205 ms.
                           ->  Seq Scan on mi_asset_position_1_prt_4_2_prt_11 mi_asset_position  (cost=0.00..179.00 rows=1 width=0)
                                 Rows out:  (No row requested) 0 rows (seg0) with 0 ms to end.
                     ->  Result  (cost=0.00..179.00 rows=1 width=0)
                           One-Time Filter: false
                           Rows out:  0 rows (seg0) with 0.005 ms to end, start offset by 205 ms.
                           ->  Seq Scan on mi_asset_position_1_prt_4_2_prt_12 mi_asset_position  (cost=0.00..179.00 rows=1 width=0)
                                 Rows out:  (No row requested) 0 rows (seg0) with 0 ms to end.
                     ->  Result  (cost=0.00..179.00 rows=1 width=0)
                           One-Time Filter: false
                           Rows out:  0 rows (seg0) with 0.005 ms to end, start offset by 205 ms.
                           ->  Seq Scan on mi_asset_position_1_prt_4_2_prt_13 mi_asset_position  (cost=0.00..179.00 rows=1 width=0)
                                 Rows out:  (No row requested) 0 rows (seg0) with 0 ms to end.
                     ->  Result  (cost=0.00..179.00 rows=1 width=0)
                           One-Time Filter: false
                           Rows out:  0 rows (seg0) with 0.005 ms to end, start offset by 205 ms.
                           ->  Seq Scan on mi_asset_position_1_prt_5_2_prt_other_months mi_asset_position  (cost=0.00..179.00 rows=1 width=0)
                                 Rows out:  (No row requested) 0 rows (seg0) with 0 ms to end.
                     ->  Result  (cost=0.00..179.00 rows=1 width=0)
                           One-Time Filter: false
                           Rows out:  0 rows (seg0) with 0.005 ms to end, start offset by 205 ms.
                           ->  Seq Scan on mi_asset_position_1_prt_5_2_prt_2 mi_asset_position  (cost=0.00..179.00 rows=1 width=0)
                                 Rows out:  (No row requested) 0 rows (seg0) with 0 ms to end.
                     ->  Result  (cost=0.00..179.00 rows=1 width=0)
                           One-Time Filter: false
                           Rows out:  0 rows (seg0) with 0.004 ms to end, start offset by 205 ms.
                           ->  Seq Scan on mi_asset_position_1_prt_5_2_prt_3 mi_asset_position  (cost=0.00..179.00 rows=1 width=0)
                                 Rows out:  (No row requested) 0 rows (seg0) with 0 ms to end.
                     ->  Result  (cost=0.00..179.00 rows=1 width=0)
                           One-Time Filter: false
                           Rows out:  0 rows (seg0) with 0.005 ms to end, start offset by 205 ms.
                           ->  Seq Scan on mi_asset_position_1_prt_5_2_prt_4 mi_asset_position  (cost=0.00..179.00 rows=1 width=0)
                                 Rows out:  (No row requested) 0 rows (seg0) with 0 ms to end.
                     ->  Result  (cost=0.00..179.00 rows=1 width=0)
                           One-Time Filter: false
                           Rows out:  0 rows (seg0) with 0.005 ms to end, start offset by 205 ms.
                           ->  Seq Scan on mi_asset_position_1_prt_5_2_prt_5 mi_asset_position  (cost=0.00..179.00 rows=1 width=0)
                                 Rows out:  (No row requested) 0 rows (seg0) with 0 ms to end.
                     ->  Result  (cost=0.00..179.00 rows=1 width=0)
                           One-Time Filter: false
                           Rows out:  0 rows (seg0) with 0.005 ms to end, start offset by 205 ms.
                           ->  Seq Scan on mi_asset_position_1_prt_5_2_prt_6 mi_asset_position  (cost=0.00..179.00 rows=1 width=0)
                                 Rows out:  (No row requested) 0 rows (seg0) with 0 ms to end.
                     ->  Result  (cost=0.00..179.00 rows=1 width=0)
                           One-Time Filter: false
                           Rows out:  0 rows (seg0) with 0.004 ms to end, start offset by 205 ms.
                           ->  Seq Scan on mi_asset_position_1_prt_5_2_prt_7 mi_asset_position  (cost=0.00..179.00 rows=1 width=0)
                                 Rows out:  (No row requested) 0 rows (seg0) with 0 ms to end.
                     ->  Result  (cost=0.00..179.00 rows=1 width=0)
                           One-Time Filter: false
                           Rows out:  0 rows (seg0) with 0.005 ms to end, start offset by 205 ms.
                           ->  Seq Scan on mi_asset_position_1_prt_5_2_prt_8 mi_asset_position  (cost=0.00..179.00 rows=1 width=0)
                                 Rows out:  (No row requested) 0 rows (seg0) with 0 ms to end.
                     ->  Result  (cost=0.00..179.00 rows=1 width=0)
                           One-Time Filter: false
                           Rows out:  0 rows (seg0) with 0.005 ms to end, start offset by 205 ms.
                           ->  Seq Scan on mi_asset_position_1_prt_5_2_prt_9 mi_asset_position  (cost=0.00..179.00 rows=1 width=0)
                                 Rows out:  (No row requested) 0 rows (seg0) with 0 ms to end.
                     ->  Result  (cost=0.00..179.00 rows=1 width=0)
                           One-Time Filter: false
                           Rows out:  0 rows (seg0) with 0.005 ms to end, start offset by 205 ms.
                           ->  Seq Scan on mi_asset_position_1_prt_5_2_prt_10 mi_asset_position  (cost=0.00..179.00 rows=1 width=0)
                                 Rows out:  (No row requested) 0 rows (seg0) with 0 ms to end.
                     ->  Result  (cost=0.00..179.00 rows=1 width=0)
                           One-Time Filter: false
                           Rows out:  0 rows (seg0) with 0.005 ms to end, start offset by 205 ms.
                           ->  Seq Scan on mi_asset_position_1_prt_5_2_prt_11 mi_asset_position  (cost=0.00..179.00 rows=1 width=0)
                                 Rows out:  (No row requested) 0 rows (seg0) with 0 ms to end.
                     ->  Result  (cost=0.00..179.00 rows=1 width=0)
                           One-Time Filter: false
                           Rows out:  0 rows (seg0) with 0.005 ms to end, start offset by 205 ms.
                           ->  Seq Scan on mi_asset_position_1_prt_5_2_prt_12 mi_asset_position  (cost=0.00..179.00 rows=1 width=0)
                                 Rows out:  (No row requested) 0 rows (seg0) with 0 ms to end.
                     ->  Result  (cost=0.00..179.00 rows=1 width=0)
                           One-Time Filter: false
                           Rows out:  0 rows (seg0) with 0.005 ms to end, start offset by 205 ms.
                           ->  Seq Scan on mi_asset_position_1_prt_5_2_prt_13 mi_asset_position  (cost=0.00..179.00 rows=1 width=0)
                                 Rows out:  (No row requested) 0 rows (seg0) with 0 ms to end.
                     ->  Result  (cost=0.00..179.00 rows=1 width=0)
                           One-Time Filter: false
                           Rows out:  0 rows (seg0) with 0.005 ms to end, start offset by 205 ms.
                           ->  Seq Scan on mi_asset_position_1_prt_6_2_prt_other_months mi_asset_position  (cost=0.00..179.00 rows=1 width=0)
                                 Rows out:  (No row requested) 0 rows (seg0) with 0 ms to end.
                     ->  Result  (cost=0.00..179.00 rows=1 width=0)
                           One-Time Filter: false
                           Rows out:  0 rows (seg0) with 0.005 ms to end, start offset by 205 ms.
                           ->  Seq Scan on mi_asset_position_1_prt_6_2_prt_2 mi_asset_position  (cost=0.00..179.00 rows=1 width=0)
                                 Rows out:  (No row requested) 0 rows (seg0) with 0 ms to end.
                     ->  Result  (cost=0.00..179.00 rows=1 width=0)
                           One-Time Filter: false
                           Rows out:  0 rows (seg0) with 0.005 ms to end, start offset by 205 ms.
                           ->  Seq Scan on mi_asset_position_1_prt_6_2_prt_3 mi_asset_position  (cost=0.00..179.00 rows=1 width=0)
                                 Rows out:  (No row requested) 0 rows (seg0) with 0 ms to end.
                     ->  Result  (cost=0.00..179.00 rows=1 width=0)
                           One-Time Filter: false
                           Rows out:  0 rows (seg0) with 0.005 ms to end, start offset by 205 ms.
                           ->  Seq Scan on mi_asset_position_1_prt_6_2_prt_4 mi_asset_position  (cost=0.00..179.00 rows=1 width=0)
                                 Rows out:  (No row requested) 0 rows (seg0) with 0 ms to end.
                     ->  Result  (cost=0.00..179.00 rows=1 width=0)
                           One-Time Filter: false
                           Rows out:  0 rows (seg0) with 0.004 ms to end, start offset by 205 ms.
                           ->  Seq Scan on mi_asset_position_1_prt_6_2_prt_5 mi_asset_position  (cost=0.00..179.00 rows=1 width=0)
                                 Rows out:  (No row requested) 0 rows (seg0) with 0 ms to end.
                     ->  Result  (cost=0.00..179.00 rows=1 width=0)
                           One-Time Filter: false
                           Rows out:  0 rows (seg0) with 0.005 ms to end, start offset by 205 ms.
                           ->  Seq Scan on mi_asset_position_1_prt_6_2_prt_6 mi_asset_position  (cost=0.00..179.00 rows=1 width=0)
                                 Rows out:  (No row requested) 0 rows (seg0) with 0 ms to end.
                     ->  Result  (cost=0.00..179.00 rows=1 width=0)
                           One-Time Filter: false
                           Rows out:  0 rows (seg0) with 0.005 ms to end, start offset by 205 ms.
                           ->  Seq Scan on mi_asset_position_1_prt_6_2_prt_7 mi_asset_position  (cost=0.00..179.00 rows=1 width=0)
                                 Rows out:  (No row requested) 0 rows (seg0) with 0 ms to end.
                     ->  Result  (cost=0.00..179.00 rows=1 width=0)
                           One-Time Filter: false
                           Rows out:  0 rows (seg0) with 0.004 ms to end, start offset by 205 ms.
                           ->  Seq Scan on mi_asset_position_1_prt_6_2_prt_8 mi_asset_position  (cost=0.00..179.00 rows=1 width=0)
                                 Rows out:  (No row requested) 0 rows (seg0) with 0 ms to end.
                     ->  Result  (cost=0.00..179.00 rows=1 width=0)
                           One-Time Filter: false
                           Rows out:  0 rows (seg0) with 0.005 ms to end, start offset by 205 ms.
                           ->  Seq Scan on mi_asset_position_1_prt_6_2_prt_9 mi_asset_position  (cost=0.00..179.00 rows=1 width=0)
                                 Rows out:  (No row requested) 0 rows (seg0) with 0 ms to end.
                     ->  Result  (cost=0.00..179.00 rows=1 width=0)
                           One-Time Filter: false
                           Rows out:  0 rows (seg0) with 0.005 ms to end, start offset by 205 ms.
                           ->  Seq Scan on mi_asset_position_1_prt_6_2_prt_10 mi_asset_position  (cost=0.00..179.00 rows=1 width=0)
                                 Rows out:  (No row requested) 0 rows (seg0) with 0 ms to end.
                     ->  Result  (cost=0.00..179.00 rows=1 width=0)
                           One-Time Filter: false
                           Rows out:  0 rows (seg0) with 0.005 ms to end, start offset by 205 ms.
                           ->  Seq Scan on mi_asset_position_1_prt_6_2_prt_11 mi_asset_position  (cost=0.00..179.00 rows=1 width=0)
                                 Rows out:  (No row requested) 0 rows (seg0) with 0 ms to end.
                     ->  Result  (cost=0.00..179.00 rows=1 width=0)
                           One-Time Filter: false
                           Rows out:  0 rows (seg0) with 0.005 ms to end, start offset by 205 ms.
                           ->  Seq Scan on mi_asset_position_1_prt_6_2_prt_12 mi_asset_position  (cost=0.00..179.00 rows=1 width=0)
                                 Rows out:  (No row requested) 0 rows (seg0) with 0 ms to end.
                     ->  Result  (cost=0.00..179.00 rows=1 width=0)
                           One-Time Filter: false
                           Rows out:  0 rows (seg0) with 0.005 ms to end, start offset by 205 ms.
                           ->  Seq Scan on mi_asset_position_1_prt_6_2_prt_13 mi_asset_position  (cost=0.00..179.00 rows=1 width=0)
                                 Rows out:  (No row requested) 0 rows (seg0) with 0 ms to end.
                     ->  Result  (cost=0.00..179.00 rows=1 width=0)
                           One-Time Filter: false
                           Rows out:  0 rows (seg0) with 0.004 ms to end, start offset by 205 ms.
                           ->  Seq Scan on mi_asset_position_1_prt_7_2_prt_other_months mi_asset_position  (cost=0.00..179.00 rows=1 width=0)
                                 Rows out:  (No row requested) 0 rows (seg0) with 0 ms to end.
                     ->  Result  (cost=0.00..179.00 rows=1 width=0)
                           One-Time Filter: false
                           Rows out:  0 rows (seg0) with 0.005 ms to end, start offset by 205 ms.
                           ->  Seq Scan on mi_asset_position_1_prt_7_2_prt_2 mi_asset_position  (cost=0.00..179.00 rows=1 width=0)
                                 Rows out:  (No row requested) 0 rows (seg0) with 0 ms to end.
                     ->  Result  (cost=0.00..179.00 rows=1 width=0)
                           One-Time Filter: false
                           Rows out:  0 rows (seg0) with 0.005 ms to end, start offset by 205 ms.
                           ->  Seq Scan on mi_asset_position_1_prt_7_2_prt_3 mi_asset_position  (cost=0.00..179.00 rows=1 width=0)
                                 Rows out:  (No row requested) 0 rows (seg0) with 0 ms to end.
                     ->  Result  (cost=0.00..179.00 rows=1 width=0)
                           One-Time Filter: false
                           Rows out:  0 rows (seg0) with 0.005 ms to end, start offset by 205 ms.
                           ->  Seq Scan on mi_asset_position_1_prt_7_2_prt_4 mi_asset_position  (cost=0.00..179.00 rows=1 width=0)
                                 Rows out:  (No row requested) 0 rows (seg0) with 0 ms to end.
                     ->  Result  (cost=0.00..179.00 rows=1 width=0)
                           One-Time Filter: false
                           Rows out:  0 rows (seg0) with 0.005 ms to end, start offset by 205 ms.
                           ->  Seq Scan on mi_asset_position_1_prt_7_2_prt_5 mi_asset_position  (cost=0.00..179.00 rows=1 width=0)
                                 Rows out:  (No row requested) 0 rows (seg0) with 0 ms to end.
                     ->  Result  (cost=0.00..179.00 rows=1 width=0)
                           One-Time Filter: false
                           Rows out:  0 rows (seg0) with 0.004 ms to end, start offset by 205 ms.
                           ->  Seq Scan on mi_asset_position_1_prt_7_2_prt_6 mi_asset_position  (cost=0.00..179.00 rows=1 width=0)
                                 Rows out:  (No row requested) 0 rows (seg0) with 0 ms to end.
                     ->  Result  (cost=0.00..179.00 rows=1 width=0)
                           One-Time Filter: false
                           Rows out:  0 rows (seg0) with 0.005 ms to end, start offset by 205 ms.
                           ->  Seq Scan on mi_asset_position_1_prt_7_2_prt_7 mi_asset_position  (cost=0.00..179.00 rows=1 width=0)
                                 Rows out:  (No row requested) 0 rows (seg0) with 0 ms to end.
                     ->  Result  (cost=0.00..179.00 rows=1 width=0)
                           One-Time Filter: false
                           Rows out:  0 rows (seg0) with 0.005 ms to end, start offset by 205 ms.
                           ->  Seq Scan on mi_asset_position_1_prt_7_2_prt_8 mi_asset_position  (cost=0.00..179.00 rows=1 width=0)
                                 Rows out:  (No row requested) 0 rows (seg0) with 0 ms to end.
                     ->  Result  (cost=0.00..179.00 rows=1 width=0)
                           One-Time Filter: false
                           Rows out:  0 rows (seg0) with 0.005 ms to end, start offset by 205 ms.
                           ->  Seq Scan on mi_asset_position_1_prt_7_2_prt_9 mi_asset_position  (cost=0.00..179.00 rows=1 width=0)
                                 Rows out:  (No row requested) 0 rows (seg0) with 0 ms to end.
                     ->  Result  (cost=0.00..179.00 rows=1 width=0)
                           One-Time Filter: false
                           Rows out:  0 rows (seg0) with 0.004 ms to end, start offset by 205 ms.
                           ->  Seq Scan on mi_asset_position_1_prt_7_2_prt_10 mi_asset_position  (cost=0.00..179.00 rows=1 width=0)
                                 Rows out:  (No row requested) 0 rows (seg0) with 0 ms to end.
                     ->  Result  (cost=0.00..179.00 rows=1 width=0)
                           One-Time Filter: false
                           Rows out:  0 rows (seg0) with 0.005 ms to end, start offset by 205 ms.
                           ->  Seq Scan on mi_asset_position_1_prt_7_2_prt_11 mi_asset_position  (cost=0.00..179.00 rows=1 width=0)
                                 Rows out:  (No row requested) 0 rows (seg0) with 0 ms to end.
                     ->  Result  (cost=0.00..179.00 rows=1 width=0)
                           One-Time Filter: false
                           Rows out:  0 rows (seg0) with 0.005 ms to end, start offset by 205 ms.
                           ->  Seq Scan on mi_asset_position_1_prt_7_2_prt_12 mi_asset_position  (cost=0.00..179.00 rows=1 width=0)
                                 Rows out:  (No row requested) 0 rows (seg0) with 0 ms to end.
                     ->  Result  (cost=0.00..179.00 rows=1 width=0)
                           One-Time Filter: false
                           Rows out:  0 rows (seg0) with 0.005 ms to end, start offset by 205 ms.
                           ->  Seq Scan on mi_asset_position_1_prt_7_2_prt_13 mi_asset_position  (cost=0.00..179.00 rows=1 width=0)
                                 Rows out:  (No row requested) 0 rows (seg0) with 0 ms to end.
                     ->  Result  (cost=0.00..179.00 rows=1 width=0)
                           One-Time Filter: false
                           Rows out:  0 rows (seg0) with 0.005 ms to end, start offset by 205 ms.
                           ->  Seq Scan on mi_asset_position_1_prt_8_2_prt_other_months mi_asset_position  (cost=0.00..179.00 rows=1 width=0)
                                 Rows out:  (No row requested) 0 rows (seg0) with 0 ms to end.
                     ->  Result  (cost=0.00..179.00 rows=1 width=0)
                           One-Time Filter: false
                           Rows out:  0 rows (seg0) with 0.004 ms to end, start offset by 205 ms.
                           ->  Seq Scan on mi_asset_position_1_prt_8_2_prt_2 mi_asset_position  (cost=0.00..179.00 rows=1 width=0)
                                 Rows out:  (No row requested) 0 rows (seg0) with 0 ms to end.
                     ->  Result  (cost=0.00..179.00 rows=1 width=0)
                           One-Time Filter: false
                           Rows out:  0 rows (seg0) with 0.005 ms to end, start offset by 205 ms.
                           ->  Seq Scan on mi_asset_position_1_prt_8_2_prt_3 mi_asset_position  (cost=0.00..179.00 rows=1 width=0)
                                 Rows out:  (No row requested) 0 rows (seg0) with 0 ms to end.
                     ->  Result  (cost=0.00..179.00 rows=1 width=0)
                           One-Time Filter: false
                           Rows out:  0 rows (seg0) with 0.005 ms to end, start offset by 205 ms.
                           ->  Seq Scan on mi_asset_position_1_prt_8_2_prt_4 mi_asset_position  (cost=0.00..179.00 rows=1 width=0)
                                 Rows out:  (No row requested) 0 rows (seg0) with 0 ms to end.
                     ->  Result  (cost=0.00..179.00 rows=1 width=0)
                           One-Time Filter: false
                           Rows out:  0 rows (seg0) with 0.004 ms to end, start offset by 205 ms.
                           ->  Seq Scan on mi_asset_position_1_prt_8_2_prt_5 mi_asset_position  (cost=0.00..179.00 rows=1 width=0)
                                 Rows out:  (No row requested) 0 rows (seg0) with 0 ms to end.
                     ->  Result  (cost=0.00..179.00 rows=1 width=0)
                           One-Time Filter: false
                           Rows out:  0 rows (seg0) with 0.010 ms to end, start offset by 177 ms.
                           ->  Seq Scan on mi_asset_position_1_prt_8_2_prt_6 mi_asset_position  (cost=0.00..179.00 rows=1 width=0)
                                 Rows out:  (No row requested) 0 rows (seg0) with 0 ms to end.
                     ->  Result  (cost=0.00..179.00 rows=1 width=0)
                           One-Time Filter: false
                           Rows out:  0 rows (seg0) with 0.005 ms to end, start offset by 205 ms.
                           ->  Seq Scan on mi_asset_position_1_prt_8_2_prt_7 mi_asset_position  (cost=0.00..179.00 rows=1 width=0)
                                 Rows out:  (No row requested) 0 rows (seg0) with 0 ms to end.
                     ->  Result  (cost=0.00..179.00 rows=1 width=0)
                           One-Time Filter: false
                           Rows out:  0 rows (seg0) with 0.005 ms to end, start offset by 205 ms.
                           ->  Seq Scan on mi_asset_position_1_prt_8_2_prt_8 mi_asset_position  (cost=0.00..179.00 rows=1 width=0)
                                 Rows out:  (No row requested) 0 rows (seg0) with 0 ms to end.
                     ->  Result  (cost=0.00..179.00 rows=1 width=0)
                           One-Time Filter: false
                           Rows out:  0 rows (seg0) with 0.005 ms to end, start offset by 205 ms.
                           ->  Seq Scan on mi_asset_position_1_prt_8_2_prt_9 mi_asset_position  (cost=0.00..179.00 rows=1 width=0)
                                 Rows out:  (No row requested) 0 rows (seg0) with 0 ms to end.
                     ->  Result  (cost=0.00..179.00 rows=1 width=0)
                           One-Time Filter: false
                           Rows out:  0 rows (seg0) with 0.004 ms to end, start offset by 205 ms.
                           ->  Seq Scan on mi_asset_position_1_prt_8_2_prt_10 mi_asset_position  (cost=0.00..179.00 rows=1 width=0)
                                 Rows out:  (No row requested) 0 rows (seg0) with 0 ms to end.
                     ->  Result  (cost=0.00..179.00 rows=1 width=0)
                           One-Time Filter: false
                           Rows out:  0 rows (seg0) with 0.004 ms to end, start offset by 205 ms.
                           ->  Seq Scan on mi_asset_position_1_prt_8_2_prt_11 mi_asset_position  (cost=0.00..179.00 rows=1 width=0)
                                 Rows out:  (No row requested) 0 rows (seg0) with 0 ms to end.
                     ->  Result  (cost=0.00..179.00 rows=1 width=0)
                           One-Time Filter: false
                           Rows out:  0 rows (seg0) with 0.005 ms to end, start offset by 205 ms.
                           ->  Seq Scan on mi_asset_position_1_prt_8_2_prt_12 mi_asset_position  (cost=0.00..179.00 rows=1 width=0)
                                 Rows out:  (No row requested) 0 rows (seg0) with 0 ms to end.
                     ->  Result  (cost=0.00..179.00 rows=1 width=0)
                           One-Time Filter: false
                           Rows out:  0 rows (seg0) with 0.005 ms to end, start offset by 205 ms.
                           ->  Seq Scan on mi_asset_position_1_prt_8_2_prt_13 mi_asset_position  (cost=0.00..179.00 rows=1 width=0)
                                 Rows out:  (No row requested) 0 rows (seg0) with 0 ms to end.
                     ->  Result  (cost=0.00..179.00 rows=1 width=0)
                           One-Time Filter: false
                           Rows out:  0 rows (seg0) with 0.005 ms to end, start offset by 205 ms.
                           ->  Seq Scan on mi_asset_position_1_prt_9_2_prt_other_months mi_asset_position  (cost=0.00..179.00 rows=1 width=0)
                                 Rows out:  (No row requested) 0 rows (seg0) with 0 ms to end.
                     ->  Result  (cost=0.00..179.00 rows=1 width=0)
                           One-Time Filter: false
                           Rows out:  0 rows (seg0) with 0.006 ms to end, start offset by 205 ms.
                           ->  Seq Scan on mi_asset_position_1_prt_9_2_prt_2 mi_asset_position  (cost=0.00..179.00 rows=1 width=0)
                                 Rows out:  (No row requested) 0 rows (seg0) with 0 ms to end.
                     ->  Result  (cost=0.00..179.00 rows=1 width=0)
                           One-Time Filter: false
                           Rows out:  0 rows (seg0) with 0.005 ms to end, start offset by 205 ms.
                           ->  Seq Scan on mi_asset_position_1_prt_9_2_prt_3 mi_asset_position  (cost=0.00..179.00 rows=1 width=0)
                                 Rows out:  (No row requested) 0 rows (seg0) with 0 ms to end.
                     ->  Result  (cost=0.00..179.00 rows=1 width=0)
                           One-Time Filter: false
                           Rows out:  0 rows (seg0) with 0.005 ms to end, start offset by 205 ms.
                           ->  Seq Scan on mi_asset_position_1_prt_9_2_prt_4 mi_asset_position  (cost=0.00..179.00 rows=1 width=0)
                                 Rows out:  (No row requested) 0 rows (seg0) with 0 ms to end.
                     ->  Result  (cost=0.00..179.00 rows=1 width=0)
                           One-Time Filter: false
                           Rows out:  0 rows (seg0) with 0.005 ms to end, start offset by 205 ms.
                           ->  Seq Scan on mi_asset_position_1_prt_9_2_prt_5 mi_asset_position  (cost=0.00..179.00 rows=1 width=0)
                                 Rows out:  (No row requested) 0 rows (seg0) with 0 ms to end.
                     ->  Result  (cost=0.00..179.00 rows=1 width=0)
                           One-Time Filter: false
                           Rows out:  0 rows (seg0) with 0.005 ms to end, start offset by 205 ms.
                           ->  Seq Scan on mi_asset_position_1_prt_9_2_prt_6 mi_asset_position  (cost=0.00..179.00 rows=1 width=0)
                                 Rows out:  (No row requested) 0 rows (seg0) with 0 ms to end.
                     ->  Result  (cost=0.00..179.00 rows=1 width=0)
                           One-Time Filter: false
                           Rows out:  0 rows (seg0) with 0.004 ms to end, start offset by 205 ms.
                           ->  Seq Scan on mi_asset_position_1_prt_9_2_prt_7 mi_asset_position  (cost=0.00..179.00 rows=1 width=0)
                                 Rows out:  (No row requested) 0 rows (seg0) with 0 ms to end.
                     ->  Result  (cost=0.00..179.00 rows=1 width=0)
                           One-Time Filter: false
                           Rows out:  0 rows (seg0) with 0.005 ms to end, start offset by 205 ms.
                           ->  Seq Scan on mi_asset_position_1_prt_9_2_prt_8 mi_asset_position  (cost=0.00..179.00 rows=1 width=0)
                                 Rows out:  (No row requested) 0 rows (seg0) with 0 ms to end.
                     ->  Result  (cost=0.00..179.00 rows=1 width=0)
                           One-Time Filter: false
                           Rows out:  0 rows (seg0) with 0.005 ms to end, start offset by 205 ms.
                           ->  Seq Scan on mi_asset_position_1_prt_9_2_prt_9 mi_asset_position  (cost=0.00..179.00 rows=1 width=0)
                                 Rows out:  (No row requested) 0 rows (seg0) with 0 ms to end.
                     ->  Result  (cost=0.00..179.00 rows=1 width=0)
                           One-Time Filter: false
                           Rows out:  0 rows (seg0) with 0.004 ms to end, start offset by 205 ms.
                           ->  Seq Scan on mi_asset_position_1_prt_9_2_prt_10 mi_asset_position  (cost=0.00..179.00 rows=1 width=0)
                                 Rows out:  (No row requested) 0 rows (seg0) with 0 ms to end.
                     ->  Result  (cost=0.00..179.00 rows=1 width=0)
                           One-Time Filter: false
                           Rows out:  0 rows (seg0) with 0.004 ms to end, start offset by 205 ms.
                           ->  Seq Scan on mi_asset_position_1_prt_9_2_prt_11 mi_asset_position  (cost=0.00..179.00 rows=1 width=0)
                                 Rows out:  (No row requested) 0 rows (seg0) with 0 ms to end.
                     ->  Result  (cost=0.00..179.00 rows=1 width=0)
                           One-Time Filter: false
                           Rows out:  0 rows (seg0) with 0.005 ms to end, start offset by 205 ms.
                           ->  Seq Scan on mi_asset_position_1_prt_9_2_prt_12 mi_asset_position  (cost=0.00..179.00 rows=1 width=0)
                                 Rows out:  (No row requested) 0 rows (seg0) with 0 ms to end.
                     ->  Result  (cost=0.00..179.00 rows=1 width=0)
                           One-Time Filter: false
                           Rows out:  0 rows (seg0) with 0.005 ms to end, start offset by 205 ms.
                           ->  Seq Scan on mi_asset_position_1_prt_9_2_prt_13 mi_asset_position  (cost=0.00..179.00 rows=1 width=0)
                                 Rows out:  (No row requested) 0 rows (seg0) with 0 ms to end.
                     ->  Result  (cost=0.00..179.00 rows=1 width=0)
                           One-Time Filter: false
                           Rows out:  0 rows (seg0) with 0.004 ms to end, start offset by 205 ms.
                           ->  Seq Scan on mi_asset_position_1_prt_10_2_prt_other_months mi_asset_position  (cost=0.00..179.00 rows=1 width=0)
                                 Rows out:  (No row requested) 0 rows (seg0) with 0 ms to end.
                     ->  Result  (cost=0.00..179.00 rows=1 width=0)
                           One-Time Filter: false
                           Rows out:  0 rows (seg0) with 0.005 ms to end, start offset by 205 ms.
                           ->  Seq Scan on mi_asset_position_1_prt_10_2_prt_2 mi_asset_position  (cost=0.00..179.00 rows=1 width=0)
                                 Rows out:  (No row requested) 0 rows (seg0) with 0 ms to end.
                     ->  Result  (cost=0.00..179.00 rows=1 width=0)
                           One-Time Filter: false
                           Rows out:  0 rows (seg0) with 0.005 ms to end, start offset by 205 ms.
                           ->  Seq Scan on mi_asset_position_1_prt_10_2_prt_3 mi_asset_position  (cost=0.00..179.00 rows=1 width=0)
                                 Rows out:  (No row requested) 0 rows (seg0) with 0 ms to end.
                     ->  Result  (cost=0.00..179.00 rows=1 width=0)
                           One-Time Filter: false
                           Rows out:  0 rows (seg0) with 0.004 ms to end, start offset by 205 ms.
                           ->  Seq Scan on mi_asset_position_1_prt_10_2_prt_4 mi_asset_position  (cost=0.00..179.00 rows=1 width=0)
                                 Rows out:  (No row requested) 0 rows (seg0) with 0 ms to end.
                     ->  Result  (cost=0.00..179.00 rows=1 width=0)
                           One-Time Filter: false
                           Rows out:  0 rows (seg0) with 0.005 ms to end, start offset by 205 ms.
                           ->  Seq Scan on mi_asset_position_1_prt_10_2_prt_5 mi_asset_position  (cost=0.00..179.00 rows=1 width=0)
                                 Rows out:  (No row requested) 0 rows (seg0) with 0 ms to end.
                     ->  Result  (cost=0.00..179.00 rows=1 width=0)
                           One-Time Filter: false
                           Rows out:  0 rows (seg0) with 0.005 ms to end, start offset by 205 ms.
                           ->  Seq Scan on mi_asset_position_1_prt_10_2_prt_6 mi_asset_position  (cost=0.00..179.00 rows=1 width=0)
                                 Rows out:  (No row requested) 0 rows (seg0) with 0 ms to end.
                     ->  Result  (cost=0.00..179.00 rows=1 width=0)
                           One-Time Filter: false
                           Rows out:  0 rows (seg0) with 0.004 ms to end, start offset by 205 ms.
                           ->  Seq Scan on mi_asset_position_1_prt_10_2_prt_7 mi_asset_position  (cost=0.00..179.00 rows=1 width=0)
                                 Rows out:  (No row requested) 0 rows (seg0) with 0 ms to end.
                     ->  Result  (cost=0.00..179.00 rows=1 width=0)
                           One-Time Filter: false
                           Rows out:  0 rows (seg0) with 0.005 ms to end, start offset by 205 ms.
                           ->  Seq Scan on mi_asset_position_1_prt_10_2_prt_8 mi_asset_position  (cost=0.00..179.00 rows=1 width=0)
                                 Rows out:  (No row requested) 0 rows (seg0) with 0 ms to end.
                     ->  Result  (cost=0.00..179.00 rows=1 width=0)
                           One-Time Filter: false
                           Rows out:  0 rows (seg0) with 0.005 ms to end, start offset by 205 ms.
                           ->  Seq Scan on mi_asset_position_1_prt_10_2_prt_9 mi_asset_position  (cost=0.00..179.00 rows=1 width=0)
                                 Rows out:  (No row requested) 0 rows (seg0) with 0 ms to end.
                     ->  Result  (cost=0.00..179.00 rows=1 width=0)
                           One-Time Filter: false
                           Rows out:  0 rows (seg0) with 0.005 ms to end, start offset by 205 ms.
                           ->  Seq Scan on mi_asset_position_1_prt_10_2_prt_10 mi_asset_position  (cost=0.00..179.00 rows=1 width=0)
                                 Rows out:  (No row requested) 0 rows (seg0) with 0 ms to end.
                     ->  Result  (cost=0.00..179.00 rows=1 width=0)
                           One-Time Filter: false
                           Rows out:  0 rows (seg0) with 0.005 ms to end, start offset by 205 ms.
                           ->  Seq Scan on mi_asset_position_1_prt_10_2_prt_11 mi_asset_position  (cost=0.00..179.00 rows=1 width=0)
                                 Rows out:  (No row requested) 0 rows (seg0) with 0 ms to end.
                     ->  Result  (cost=0.00..179.00 rows=1 width=0)
                           One-Time Filter: false
                           Rows out:  0 rows (seg0) with 0.005 ms to end, start offset by 205 ms.
                           ->  Seq Scan on mi_asset_position_1_prt_10_2_prt_12 mi_asset_position  (cost=0.00..179.00 rows=1 width=0)
                                 Rows out:  (No row requested) 0 rows (seg0) with 0 ms to end.
                     ->  Result  (cost=0.00..179.00 rows=1 width=0)
                           One-Time Filter: false
                           Rows out:  0 rows (seg0) with 0.005 ms to end, start offset by 205 ms.
                           ->  Seq Scan on mi_asset_position_1_prt_10_2_prt_13 mi_asset_position  (cost=0.00..179.00 rows=1 width=0)
                                 Rows out:  (No row requested) 0 rows (seg0) with 0 ms to end.
                     ->  Result  (cost=0.00..179.00 rows=1 width=0)
                           One-Time Filter: false
                           Rows out:  0 rows (seg0) with 0.005 ms to end, start offset by 205 ms.
                           ->  Seq Scan on mi_asset_position_1_prt_11_2_prt_other_months mi_asset_position  (cost=0.00..179.00 rows=1 width=0)
                                 Rows out:  (No row requested) 0 rows (seg0) with 0 ms to end.
                     ->  Result  (cost=0.00..179.00 rows=1 width=0)
                           One-Time Filter: false
                           Rows out:  0 rows (seg0) with 0.004 ms to end, start offset by 205 ms.
                           ->  Seq Scan on mi_asset_position_1_prt_11_2_prt_2 mi_asset_position  (cost=0.00..179.00 rows=1 width=0)
                                 Rows out:  (No row requested) 0 rows (seg0) with 0 ms to end.
                     ->  Result  (cost=0.00..179.00 rows=1 width=0)
                           One-Time Filter: false
                           Rows out:  0 rows (seg0) with 0.005 ms to end, start offset by 205 ms.
                           ->  Seq Scan on mi_asset_position_1_prt_11_2_prt_3 mi_asset_position  (cost=0.00..179.00 rows=1 width=0)
                                 Rows out:  (No row requested) 0 rows (seg0) with 0 ms to end.
                     ->  Result  (cost=0.00..179.00 rows=1 width=0)
                           One-Time Filter: false
                           Rows out:  0 rows (seg0) with 0.005 ms to end, start offset by 205 ms.
                           ->  Seq Scan on mi_asset_position_1_prt_11_2_prt_4 mi_asset_position  (cost=0.00..179.00 rows=1 width=0)
                                 Rows out:  (No row requested) 0 rows (seg0) with 0 ms to end.
                     ->  Result  (cost=0.00..179.00 rows=1 width=0)
                           One-Time Filter: false
                           Rows out:  0 rows (seg0) with 0.005 ms to end, start offset by 205 ms.
                           ->  Seq Scan on mi_asset_position_1_prt_11_2_prt_5 mi_asset_position  (cost=0.00..179.00 rows=1 width=0)
                                 Rows out:  (No row requested) 0 rows (seg0) with 0 ms to end.
                     ->  Result  (cost=0.00..179.00 rows=1 width=0)
                           One-Time Filter: false
                           Rows out:  0 rows (seg0) with 0.005 ms to end, start offset by 205 ms.
                           ->  Seq Scan on mi_asset_position_1_prt_11_2_prt_6 mi_asset_position  (cost=0.00..179.00 rows=1 width=0)
                                 Rows out:  (No row requested) 0 rows (seg0) with 0 ms to end.
                     ->  Result  (cost=0.00..179.00 rows=1 width=0)
                           One-Time Filter: false
                           Rows out:  0 rows (seg0) with 0.004 ms to end, start offset by 205 ms.
                           ->  Seq Scan on mi_asset_position_1_prt_11_2_prt_7 mi_asset_position  (cost=0.00..179.00 rows=1 width=0)
                                 Rows out:  (No row requested) 0 rows (seg0) with 0 ms to end.
                     ->  Result  (cost=0.00..179.00 rows=1 width=0)
                           One-Time Filter: false
                           Rows out:  0 rows (seg0) with 0.005 ms to end, start offset by 205 ms.
                           ->  Seq Scan on mi_asset_position_1_prt_11_2_prt_8 mi_asset_position  (cost=0.00..179.00 rows=1 width=0)
                                 Rows out:  (No row requested) 0 rows (seg0) with 0 ms to end.
                     ->  Result  (cost=0.00..179.00 rows=1 width=0)
                           One-Time Filter: false
                           Rows out:  0 rows (seg0) with 0.005 ms to end, start offset by 205 ms.
                           ->  Seq Scan on mi_asset_position_1_prt_11_2_prt_9 mi_asset_position  (cost=0.00..179.00 rows=1 width=0)
                                 Rows out:  (No row requested) 0 rows (seg0) with 0 ms to end.
                     ->  Result  (cost=0.00..179.00 rows=1 width=0)
                           One-Time Filter: false
                           Rows out:  0 rows (seg0) with 0.005 ms to end, start offset by 205 ms.
                           ->  Seq Scan on mi_asset_position_1_prt_11_2_prt_10 mi_asset_position  (cost=0.00..179.00 rows=1 width=0)
                                 Rows out:  (No row requested) 0 rows (seg0) with 0 ms to end.
                     ->  Result  (cost=0.00..179.00 rows=1 width=0)
                           One-Time Filter: false
                           Rows out:  0 rows (seg0) with 0.004 ms to end, start offset by 205 ms.
                           ->  Seq Scan on mi_asset_position_1_prt_11_2_prt_11 mi_asset_position  (cost=0.00..179.00 rows=1 width=0)
                                 Rows out:  (No row requested) 0 rows (seg0) with 0 ms to end.
                     ->  Result  (cost=0.00..179.00 rows=1 width=0)
                           One-Time Filter: false
                           Rows out:  0 rows (seg0) with 0.005 ms to end, start offset by 205 ms.
                           ->  Seq Scan on mi_asset_position_1_prt_11_2_prt_12 mi_asset_position  (cost=0.00..179.00 rows=1 width=0)
                                 Rows out:  (No row requested) 0 rows (seg0) with 0 ms to end.
                     ->  Result  (cost=0.00..179.00 rows=1 width=0)
                           One-Time Filter: false
                           Rows out:  0 rows (seg0) with 0.004 ms to end, start offset by 205 ms.
                           ->  Seq Scan on mi_asset_position_1_prt_11_2_prt_13 mi_asset_position  (cost=0.00..179.00 rows=1 width=0)
                                 Rows out:  (No row requested) 0 rows (seg0) with 0 ms to end.
                     ->  Result  (cost=0.00..179.00 rows=1 width=0)
                           One-Time Filter: false
                           Rows out:  0 rows (seg0) with 0.005 ms to end, start offset by 205 ms.
                           ->  Seq Scan on mi_asset_position_1_prt_12_2_prt_other_months mi_asset_position  (cost=0.00..179.00 rows=1 width=0)
                                 Rows out:  (No row requested) 0 rows (seg0) with 0 ms to end.
                     ->  Result  (cost=0.00..179.00 rows=1 width=0)
                           One-Time Filter: false
                           Rows out:  0 rows (seg0) with 0.005 ms to end, start offset by 205 ms.
                           ->  Seq Scan on mi_asset_position_1_prt_12_2_prt_2 mi_asset_position  (cost=0.00..179.00 rows=1 width=0)
                                 Rows out:  (No row requested) 0 rows (seg0) with 0 ms to end.
                     ->  Result  (cost=0.00..179.00 rows=1 width=0)
                           One-Time Filter: false
                           Rows out:  0 rows (seg0) with 0.005 ms to end, start offset by 205 ms.
                           ->  Seq Scan on mi_asset_position_1_prt_12_2_prt_3 mi_asset_position  (cost=0.00..179.00 rows=1 width=0)
                                 Rows out:  (No row requested) 0 rows (seg0) with 0 ms to end.
                     ->  Result  (cost=0.00..179.00 rows=1 width=0)
                           One-Time Filter: false
                           Rows out:  0 rows (seg0) with 0.005 ms to end, start offset by 205 ms.
                           ->  Seq Scan on mi_asset_position_1_prt_12_2_prt_4 mi_asset_position  (cost=0.00..179.00 rows=1 width=0)
                                 Rows out:  (No row requested) 0 rows (seg0) with 0 ms to end.
                     ->  Result  (cost=0.00..179.00 rows=1 width=0)
                           One-Time Filter: false
                           Rows out:  0 rows (seg0) with 0.005 ms to end, start offset by 205 ms.
                           ->  Seq Scan on mi_asset_position_1_prt_12_2_prt_5 mi_asset_position  (cost=0.00..179.00 rows=1 width=0)
                                 Rows out:  (No row requested) 0 rows (seg0) with 0 ms to end.
                     ->  Result  (cost=0.00..179.00 rows=1 width=0)
                           One-Time Filter: false
                           Rows out:  0 rows (seg0) with 0.005 ms to end, start offset by 205 ms.
                           ->  Seq Scan on mi_asset_position_1_prt_12_2_prt_6 mi_asset_position  (cost=0.00..179.00 rows=1 width=0)
                                 Rows out:  (No row requested) 0 rows (seg0) with 0 ms to end.
                     ->  Result  (cost=0.00..179.00 rows=1 width=0)
                           One-Time Filter: false
                           Rows out:  0 rows (seg0) with 0.005 ms to end, start offset by 205 ms.
                           ->  Seq Scan on mi_asset_position_1_prt_12_2_prt_7 mi_asset_position  (cost=0.00..179.00 rows=1 width=0)
                                 Rows out:  (No row requested) 0 rows (seg0) with 0 ms to end.
                     ->  Result  (cost=0.00..179.00 rows=1 width=0)
                           One-Time Filter: false
                           Rows out:  0 rows (seg0) with 0.004 ms to end, start offset by 205 ms.
                           ->  Seq Scan on mi_asset_position_1_prt_12_2_prt_8 mi_asset_position  (cost=0.00..179.00 rows=1 width=0)
                                 Rows out:  (No row requested) 0 rows (seg0) with 0 ms to end.
                     ->  Result  (cost=0.00..179.00 rows=1 width=0)
                           One-Time Filter: false
                           Rows out:  0 rows (seg0) with 0.005 ms to end, start offset by 205 ms.
                           ->  Seq Scan on mi_asset_position_1_prt_12_2_prt_9 mi_asset_position  (cost=0.00..179.00 rows=1 width=0)
                                 Rows out:  (No row requested) 0 rows (seg0) with 0 ms to end.
                     ->  Result  (cost=0.00..179.00 rows=1 width=0)
                           One-Time Filter: false
                           Rows out:  0 rows (seg0) with 0.005 ms to end, start offset by 205 ms.
                           ->  Seq Scan on mi_asset_position_1_prt_12_2_prt_10 mi_asset_position  (cost=0.00..179.00 rows=1 width=0)
                                 Rows out:  (No row requested) 0 rows (seg0) with 0 ms to end.
                     ->  Result  (cost=0.00..179.00 rows=1 width=0)
                           One-Time Filter: false
                           Rows out:  0 rows (seg0) with 0.004 ms to end, start offset by 205 ms.
                           ->  Seq Scan on mi_asset_position_1_prt_12_2_prt_11 mi_asset_position  (cost=0.00..179.00 rows=1 width=0)
                                 Rows out:  (No row requested) 0 rows (seg0) with 0 ms to end.
                     ->  Result  (cost=0.00..179.00 rows=1 width=0)
                           One-Time Filter: false
                           Rows out:  0 rows (seg0) with 0.005 ms to end, start offset by 205 ms.
                           ->  Seq Scan on mi_asset_position_1_prt_12_2_prt_12 mi_asset_position  (cost=0.00..179.00 rows=1 width=0)
                                 Rows out:  (No row requested) 0 rows (seg0) with 0 ms to end.
                     ->  Result  (cost=0.00..179.00 rows=1 width=0)
                           One-Time Filter: false
                           Rows out:  0 rows (seg0) with 0.004 ms to end, start offset by 205 ms.
                           ->  Seq Scan on mi_asset_position_1_prt_12_2_prt_13 mi_asset_position  (cost=0.00..179.00 rows=1 width=0)
                                 Rows out:  (No row requested) 0 rows (seg0) with 0 ms to end.
                     ->  Result  (cost=0.00..179.00 rows=1 width=0)
                           One-Time Filter: false
                           Rows out:  0 rows (seg0) with 0.005 ms to end, start offset by 205 ms.
                           ->  Seq Scan on mi_asset_position_1_prt_13_2_prt_other_months mi_asset_position  (cost=0.00..179.00 rows=1 width=0)
                                 Rows out:  (No row requested) 0 rows (seg0) with 0 ms to end.
                     ->  Result  (cost=0.00..179.00 rows=1 width=0)
                           One-Time Filter: false
                           Rows out:  0 rows (seg0) with 0.005 ms to end, start offset by 205 ms.
                           ->  Seq Scan on mi_asset_position_1_prt_13_2_prt_2 mi_asset_position  (cost=0.00..179.00 rows=1 width=0)
                                 Rows out:  (No row requested) 0 rows (seg0) with 0 ms to end.
                     ->  Result  (cost=0.00..179.00 rows=1 width=0)
                           One-Time Filter: false
                           Rows out:  0 rows (seg0) with 0.005 ms to end, start offset by 205 ms.
                           ->  Seq Scan on mi_asset_position_1_prt_13_2_prt_3 mi_asset_position  (cost=0.00..179.00 rows=1 width=0)
                                 Rows out:  (No row requested) 0 rows (seg0) with 0 ms to end.
                     ->  Result  (cost=0.00..179.00 rows=1 width=0)
                           One-Time Filter: false
                           Rows out:  0 rows (seg0) with 0.005 ms to end, start offset by 205 ms.
                           ->  Seq Scan on mi_asset_position_1_prt_13_2_prt_4 mi_asset_position  (cost=0.00..179.00 rows=1 width=0)
                                 Rows out:  (No row requested) 0 rows (seg0) with 0 ms to end.
                     ->  Result  (cost=0.00..179.00 rows=1 width=0)
                           One-Time Filter: false
                           Rows out:  0 rows (seg0) with 0.007 ms to end, start offset by 177 ms.
                           ->  Seq Scan on mi_asset_position_1_prt_13_2_prt_5 mi_asset_position  (cost=0.00..179.00 rows=1 width=0)
                                 Rows out:  (No row requested) 0 rows (seg0) with 0 ms to end.
                     ->  Result  (cost=0.00..179.00 rows=1 width=0)
                           One-Time Filter: false
                           Rows out:  0 rows (seg0) with 0.005 ms to end, start offset by 205 ms.
                           ->  Seq Scan on mi_asset_position_1_prt_13_2_prt_6 mi_asset_position  (cost=0.00..179.00 rows=1 width=0)
                                 Rows out:  (No row requested) 0 rows (seg0) with 0 ms to end.
                     ->  Result  (cost=0.00..179.00 rows=1 width=0)
                           One-Time Filter: false
                           Rows out:  0 rows (seg0) with 0.005 ms to end, start offset by 205 ms.
                           ->  Seq Scan on mi_asset_position_1_prt_13_2_prt_7 mi_asset_position  (cost=0.00..179.00 rows=1 width=0)
                                 Rows out:  (No row requested) 0 rows (seg0) with 0 ms to end.
                     ->  Result  (cost=0.00..179.00 rows=1 width=0)
                           One-Time Filter: false
                           Rows out:  0 rows (seg0) with 0.004 ms to end, start offset by 205 ms.
                           ->  Seq Scan on mi_asset_position_1_prt_13_2_prt_8 mi_asset_position  (cost=0.00..179.00 rows=1 width=0)
                                 Rows out:  (No row requested) 0 rows (seg0) with 0 ms to end.
                     ->  Result  (cost=0.00..179.00 rows=1 width=0)
                           One-Time Filter: false
                           Rows out:  0 rows (seg0) with 0.005 ms to end, start offset by 205 ms.
                           ->  Seq Scan on mi_asset_position_1_prt_13_2_prt_9 mi_asset_position  (cost=0.00..179.00 rows=1 width=0)
                                 Rows out:  (No row requested) 0 rows (seg0) with 0 ms to end.
                     ->  Result  (cost=0.00..179.00 rows=1 width=0)
                           One-Time Filter: false
                           Rows out:  0 rows (seg0) with 0.005 ms to end, start offset by 205 ms.
                           ->  Seq Scan on mi_asset_position_1_prt_13_2_prt_10 mi_asset_position  (cost=0.00..179.00 rows=1 width=0)
                                 Rows out:  (No row requested) 0 rows (seg0) with 0 ms to end.
                     ->  Result  (cost=0.00..179.00 rows=1 width=0)
                           One-Time Filter: false
                           Rows out:  0 rows (seg0) with 0.005 ms to end, start offset by 205 ms.
                           ->  Seq Scan on mi_asset_position_1_prt_13_2_prt_11 mi_asset_position  (cost=0.00..179.00 rows=1 width=0)
                                 Rows out:  (No row requested) 0 rows (seg0) with 0 ms to end.
                     ->  Result  (cost=0.00..179.00 rows=1 width=0)
                           One-Time Filter: false
                           Rows out:  0 rows (seg0) with 0.005 ms to end, start offset by 205 ms.
                           ->  Seq Scan on mi_asset_position_1_prt_13_2_prt_12 mi_asset_position  (cost=0.00..179.00 rows=1 width=0)
                                 Rows out:  (No row requested) 0 rows (seg0) with 0 ms to end.
                     ->  Result  (cost=0.00..179.00 rows=1 width=0)
                           One-Time Filter: false
                           Rows out:  0 rows (seg0) with 0.005 ms to end, start offset by 205 ms.
                           ->  Seq Scan on mi_asset_position_1_prt_13_2_prt_13 mi_asset_position  (cost=0.00..179.00 rows=1 width=0)
                                 Rows out:  (No row requested) 0 rows (seg0) with 0 ms to end.
                     ->  Result  (cost=0.00..179.00 rows=1 width=0)
                           One-Time Filter: false
                           Rows out:  0 rows (seg0) with 0.005 ms to end, start offset by 205 ms.
                           ->  Seq Scan on mi_asset_position_1_prt_14_2_prt_other_months mi_asset_position  (cost=0.00..179.00 rows=1 width=0)
                                 Rows out:  (No row requested) 0 rows (seg0) with 0 ms to end.
                     ->  Result  (cost=0.00..179.00 rows=1 width=0)
                           One-Time Filter: false
                           Rows out:  0 rows (seg0) with 0.004 ms to end, start offset by 205 ms.
                           ->  Seq Scan on mi_asset_position_1_prt_14_2_prt_2 mi_asset_position  (cost=0.00..179.00 rows=1 width=0)
                                 Rows out:  (No row requested) 0 rows (seg0) with 0 ms to end.
                     ->  Result  (cost=0.00..179.00 rows=1 width=0)
                           One-Time Filter: false
                           Rows out:  0 rows (seg0) with 0.009 ms to end, start offset by 205 ms.
                           ->  Seq Scan on mi_asset_position_1_prt_14_2_prt_3 mi_asset_position  (cost=0.00..179.00 rows=1 width=0)
                                 Rows out:  (No row requested) 0 rows (seg0) with 0 ms to end.
                     ->  Result  (cost=0.00..179.00 rows=1 width=0)
                           One-Time Filter: false
                           Rows out:  0 rows (seg0) with 0.005 ms to end, start offset by 205 ms.
                           ->  Seq Scan on mi_asset_position_1_prt_14_2_prt_4 mi_asset_position  (cost=0.00..179.00 rows=1 width=0)
                                 Rows out:  (No row requested) 0 rows (seg0) with 0 ms to end.
                     ->  Result  (cost=0.00..179.00 rows=1 width=0)
                           One-Time Filter: false
                           Rows out:  0 rows (seg0) with 0.005 ms to end, start offset by 205 ms.
                           ->  Seq Scan on mi_asset_position_1_prt_14_2_prt_5 mi_asset_position  (cost=0.00..179.00 rows=1 width=0)
                                 Rows out:  (No row requested) 0 rows (seg0) with 0 ms to end.
                     ->  Result  (cost=0.00..179.00 rows=1 width=0)
                           One-Time Filter: false
                           Rows out:  0 rows (seg0) with 0.004 ms to end, start offset by 205 ms.
                           ->  Seq Scan on mi_asset_position_1_prt_14_2_prt_6 mi_asset_position  (cost=0.00..179.00 rows=1 width=0)
                                 Rows out:  (No row requested) 0 rows (seg0) with 0 ms to end.
                     ->  Result  (cost=0.00..179.00 rows=1 width=0)
                           One-Time Filter: false
                           Rows out:  0 rows (seg0) with 0.005 ms to end, start offset by 205 ms.
                           ->  Seq Scan on mi_asset_position_1_prt_14_2_prt_7 mi_asset_position  (cost=0.00..179.00 rows=1 width=0)
                                 Rows out:  (No row requested) 0 rows (seg0) with 0 ms to end.
                     ->  Result  (cost=0.00..179.00 rows=1 width=0)
                           One-Time Filter: false
                           Rows out:  0 rows (seg0) with 0.005 ms to end, start offset by 205 ms.
                           ->  Seq Scan on mi_asset_position_1_prt_14_2_prt_8 mi_asset_position  (cost=0.00..179.00 rows=1 width=0)
                                 Rows out:  (No row requested) 0 rows (seg0) with 0 ms to end.
                     ->  Result  (cost=0.00..179.00 rows=1 width=0)
                           One-Time Filter: false
                           Rows out:  0 rows (seg0) with 0.005 ms to end, start offset by 205 ms.
                           ->  Seq Scan on mi_asset_position_1_prt_14_2_prt_9 mi_asset_position  (cost=0.00..179.00 rows=1 width=0)
                                 Rows out:  (No row requested) 0 rows (seg0) with 0 ms to end.
                     ->  Result  (cost=0.00..179.00 rows=1 width=0)
                           One-Time Filter: false
                           Rows out:  0 rows (seg0) with 0.004 ms to end, start offset by 205 ms.
                           ->  Seq Scan on mi_asset_position_1_prt_14_2_prt_10 mi_asset_position  (cost=0.00..179.00 rows=1 width=0)
                                 Rows out:  (No row requested) 0 rows (seg0) with 0 ms to end.
                     ->  Result  (cost=0.00..179.00 rows=1 width=0)
                           One-Time Filter: false
                           Rows out:  0 rows (seg0) with 0.005 ms to end, start offset by 205 ms.
                           ->  Seq Scan on mi_asset_position_1_prt_14_2_prt_11 mi_asset_position  (cost=0.00..179.00 rows=1 width=0)
                                 Rows out:  (No row requested) 0 rows (seg0) with 0 ms to end.
                     ->  Result  (cost=0.00..179.00 rows=1 width=0)
                           One-Time Filter: false
                           Rows out:  0 rows (seg0) with 0.005 ms to end, start offset by 205 ms.
                           ->  Seq Scan on mi_asset_position_1_prt_14_2_prt_12 mi_asset_position  (cost=0.00..179.00 rows=1 width=0)
                                 Rows out:  (No row requested) 0 rows (seg0) with 0 ms to end.
                     ->  Result  (cost=0.00..179.00 rows=1 width=0)
                           One-Time Filter: false
                           Rows out:  0 rows (seg0) with 0.005 ms to end, start offset by 205 ms.
                           ->  Seq Scan on mi_asset_position_1_prt_14_2_prt_13 mi_asset_position  (cost=0.00..179.00 rows=1 width=0)
                                 Rows out:  (No row requested) 0 rows (seg0) with 0 ms to end.
                     ->  Result  (cost=0.00..179.00 rows=1 width=0)
                           One-Time Filter: false
                           Rows out:  0 rows (seg0) with 0.005 ms to end, start offset by 205 ms.
                           ->  Seq Scan on mi_asset_position_1_prt_15_2_prt_other_months mi_asset_position  (cost=0.00..179.00 rows=1 width=0)
                                 Rows out:  (No row requested) 0 rows (seg0) with 0 ms to end.
                     ->  Result  (cost=0.00..179.00 rows=1 width=0)
                           One-Time Filter: false
                           Rows out:  0 rows (seg0) with 0.005 ms to end, start offset by 205 ms.
                           ->  Seq Scan on mi_asset_position_1_prt_15_2_prt_2 mi_asset_position  (cost=0.00..179.00 rows=1 width=0)
                                 Rows out:  (No row requested) 0 rows (seg0) with 0 ms to end.
                     ->  Result  (cost=0.00..179.00 rows=1 width=0)
                           One-Time Filter: false
                           Rows out:  0 rows (seg0) with 0.005 ms to end, start offset by 205 ms.
                           ->  Seq Scan on mi_asset_position_1_prt_15_2_prt_3 mi_asset_position  (cost=0.00..179.00 rows=1 width=0)
                                 Rows out:  (No row requested) 0 rows (seg0) with 0 ms to end.
                     ->  Result  (cost=0.00..179.00 rows=1 width=0)
                           One-Time Filter: false
                           Rows out:  0 rows (seg0) with 0.016 ms to end, start offset by 177 ms.
                           ->  Seq Scan on mi_asset_position_1_prt_15_2_prt_4 mi_asset_position  (cost=0.00..179.00 rows=1 width=0)
                                 Rows out:  (No row requested) 0 rows (seg0) with 0 ms to end.
                     ->  Result  (cost=0.00..179.00 rows=1 width=0)
                           One-Time Filter: false
                           Rows out:  0 rows (seg0) with 0.006 ms to end, start offset by 177 ms.
                           ->  Seq Scan on mi_asset_position_1_prt_15_2_prt_5 mi_asset_position  (cost=0.00..179.00 rows=1 width=0)
                                 Rows out:  (No row requested) 0 rows (seg0) with 0 ms to end.
                     ->  Result  (cost=0.00..179.00 rows=1 width=0)
                           One-Time Filter: false
                           Rows out:  0 rows (seg0) with 0.006 ms to end, start offset by 177 ms.
                           ->  Seq Scan on mi_asset_position_1_prt_15_2_prt_6 mi_asset_position  (cost=0.00..179.00 rows=1 width=0)
                                 Rows out:  (No row requested) 0 rows (seg0) with 0 ms to end.
                     ->  Result  (cost=0.00..179.00 rows=1 width=0)
                           One-Time Filter: false
                           Rows out:  0 rows (seg0) with 0.005 ms to end, start offset by 205 ms.
                           ->  Seq Scan on mi_asset_position_1_prt_15_2_prt_7 mi_asset_position  (cost=0.00..179.00 rows=1 width=0)
                                 Rows out:  (No row requested) 0 rows (seg0) with 0 ms to end.
                     ->  Result  (cost=0.00..179.00 rows=1 width=0)
                           One-Time Filter: false
                           Rows out:  0 rows (seg0) with 0.005 ms to end, start offset by 177 ms.
                           ->  Seq Scan on mi_asset_position_1_prt_15_2_prt_8 mi_asset_position  (cost=0.00..179.00 rows=1 width=0)
                                 Rows out:  (No row requested) 0 rows (seg0) with 0 ms to end.
                     ->  Result  (cost=0.00..179.00 rows=1 width=0)
                           One-Time Filter: false
                           Rows out:  0 rows (seg0) with 0.005 ms to end, start offset by 205 ms.
                           ->  Seq Scan on mi_asset_position_1_prt_15_2_prt_9 mi_asset_position  (cost=0.00..179.00 rows=1 width=0)
                                 Rows out:  (No row requested) 0 rows (seg0) with 0 ms to end.
                     ->  Result  (cost=0.00..179.00 rows=1 width=0)
                           One-Time Filter: false
                           Rows out:  0 rows (seg0) with 0.016 ms to end, start offset by 205 ms.
                           ->  Seq Scan on mi_asset_position_1_prt_15_2_prt_10 mi_asset_position  (cost=0.00..179.00 rows=1 width=0)
                                 Rows out:  (No row requested) 0 rows (seg0) with 0 ms to end.
                     ->  Result  (cost=0.00..179.00 rows=1 width=0)
                           One-Time Filter: false
                           Rows out:  0 rows (seg0) with 0.005 ms to end, start offset by 205 ms.
                           ->  Seq Scan on mi_asset_position_1_prt_15_2_prt_11 mi_asset_position  (cost=0.00..179.00 rows=1 width=0)
                                 Rows out:  (No row requested) 0 rows (seg0) with 0 ms to end.
                     ->  Result  (cost=0.00..179.00 rows=1 width=0)
                           One-Time Filter: false
                           Rows out:  0 rows (seg0) with 0.005 ms to end, start offset by 205 ms.
                           ->  Seq Scan on mi_asset_position_1_prt_15_2_prt_12 mi_asset_position  (cost=0.00..179.00 rows=1 width=0)
                                 Rows out:  (No row requested) 0 rows (seg0) with 0 ms to end.
                     ->  Result  (cost=0.00..179.00 rows=1 width=0)
                           One-Time Filter: false
                           Rows out:  0 rows (seg0) with 0.005 ms to end, start offset by 205 ms.
                           ->  Seq Scan on mi_asset_position_1_prt_15_2_prt_13 mi_asset_position  (cost=0.00..179.00 rows=1 width=0)
                                 Rows out:  (No row requested) 0 rows (seg0) with 0 ms to end.
                     ->  Result  (cost=0.00..179.00 rows=1 width=0)
                           One-Time Filter: false
                           Rows out:  0 rows (seg0) with 0.005 ms to end, start offset by 205 ms.
                           ->  Seq Scan on mi_asset_position_1_prt_16_2_prt_other_months mi_asset_position  (cost=0.00..179.00 rows=1 width=0)
                                 Rows out:  (No row requested) 0 rows (seg0) with 0 ms to end.
                     ->  Result  (cost=0.00..179.00 rows=1 width=0)
                           One-Time Filter: false
                           Rows out:  0 rows (seg0) with 0.005 ms to end, start offset by 205 ms.
                           ->  Seq Scan on mi_asset_position_1_prt_16_2_prt_2 mi_asset_position  (cost=0.00..179.00 rows=1 width=0)
                                 Rows out:  (No row requested) 0 rows (seg0) with 0 ms to end.
                     ->  Result  (cost=0.00..179.00 rows=1 width=0)
                           One-Time Filter: false
                           Rows out:  0 rows (seg0) with 0.005 ms to end, start offset by 205 ms.
                           ->  Seq Scan on mi_asset_position_1_prt_16_2_prt_3 mi_asset_position  (cost=0.00..179.00 rows=1 width=0)
                                 Rows out:  (No row requested) 0 rows (seg0) with 0 ms to end.
                     ->  Result  (cost=0.00..179.00 rows=1 width=0)
                           One-Time Filter: false
                           Rows out:  0 rows (seg0) with 0.006 ms to end, start offset by 177 ms.
                           ->  Seq Scan on mi_asset_position_1_prt_16_2_prt_4 mi_asset_position  (cost=0.00..179.00 rows=1 width=0)
                                 Rows out:  (No row requested) 0 rows (seg0) with 0 ms to end.
                     ->  Result  (cost=0.00..179.00 rows=1 width=0)
                           One-Time Filter: false
                           Rows out:  0 rows (seg0) with 0.005 ms to end, start offset by 205 ms.
                           ->  Seq Scan on mi_asset_position_1_prt_16_2_prt_5 mi_asset_position  (cost=0.00..179.00 rows=1 width=0)
                                 Rows out:  (No row requested) 0 rows (seg0) with 0 ms to end.
                     ->  Result  (cost=0.00..179.00 rows=1 width=0)
                           One-Time Filter: false
                           Rows out:  0 rows (seg0) with 0.005 ms to end, start offset by 206 ms.
                           ->  Seq Scan on mi_asset_position_1_prt_16_2_prt_6 mi_asset_position  (cost=0.00..179.00 rows=1 width=0)
                                 Rows out:  (No row requested) 0 rows (seg0) with 0 ms to end.
                     ->  Result  (cost=0.00..179.00 rows=1 width=0)
                           One-Time Filter: false
                           Rows out:  0 rows (seg0) with 0.005 ms to end, start offset by 206 ms.
                           ->  Seq Scan on mi_asset_position_1_prt_16_2_prt_7 mi_asset_position  (cost=0.00..179.00 rows=1 width=0)
                                 Rows out:  (No row requested) 0 rows (seg0) with 0 ms to end.
                     ->  Result  (cost=0.00..179.00 rows=1 width=0)
                           One-Time Filter: false
                           Rows out:  0 rows (seg0) with 0.005 ms to end, start offset by 206 ms.
                           ->  Seq Scan on mi_asset_position_1_prt_16_2_prt_8 mi_asset_position  (cost=0.00..179.00 rows=1 width=0)
                                 Rows out:  (No row requested) 0 rows (seg0) with 0 ms to end.
                     ->  Result  (cost=0.00..179.00 rows=1 width=0)
                           One-Time Filter: false
                           Rows out:  0 rows (seg0) with 0.005 ms to end, start offset by 206 ms.
                           ->  Seq Scan on mi_asset_position_1_prt_16_2_prt_9 mi_asset_position  (cost=0.00..179.00 rows=1 width=0)
                                 Rows out:  (No row requested) 0 rows (seg0) with 0 ms to end.
                     ->  Result  (cost=0.00..179.00 rows=1 width=0)
                           One-Time Filter: false
                           Rows out:  0 rows (seg0) with 0.005 ms to end, start offset by 206 ms.
                           ->  Seq Scan on mi_asset_position_1_prt_16_2_prt_10 mi_asset_position  (cost=0.00..179.00 rows=1 width=0)
                                 Rows out:  (No row requested) 0 rows (seg0) with 0 ms to end.
                     ->  Result  (cost=0.00..179.00 rows=1 width=0)
                           One-Time Filter: false
                           Rows out:  0 rows (seg0) with 0.005 ms to end, start offset by 206 ms.
                           ->  Seq Scan on mi_asset_position_1_prt_16_2_prt_11 mi_asset_position  (cost=0.00..179.00 rows=1 width=0)
                                 Rows out:  (No row requested) 0 rows (seg0) with 0 ms to end.
                     ->  Result  (cost=0.00..179.00 rows=1 width=0)
                           One-Time Filter: false
                           Rows out:  0 rows (seg0) with 0.399 ms to end, start offset by 178 ms.
                           ->  Seq Scan on mi_asset_position_1_prt_16_2_prt_12 mi_asset_position  (cost=0.00..179.00 rows=1 width=0)
                                 Rows out:  (No row requested) 0 rows (seg0) with 0 ms to end.
                     ->  Result  (cost=0.00..179.00 rows=1 width=0)
                           One-Time Filter: false
                           Rows out:  0 rows (seg0) with 0.005 ms to end, start offset by 206 ms.
                           ->  Seq Scan on mi_asset_position_1_prt_16_2_prt_13 mi_asset_position  (cost=0.00..179.00 rows=1 width=0)
                                 Rows out:  (No row requested) 0 rows (seg0) with 0 ms to end.
                     ->  Result  (cost=0.00..179.00 rows=1 width=0)
                           One-Time Filter: false
                           Rows out:  0 rows (seg0) with 0.005 ms to end, start offset by 206 ms.
                           ->  Seq Scan on mi_asset_position_1_prt_17_2_prt_other_months mi_asset_position  (cost=0.00..179.00 rows=1 width=0)
                                 Rows out:  (No row requested) 0 rows (seg0) with 0 ms to end.
                     ->  Result  (cost=0.00..179.00 rows=1 width=0)
                           One-Time Filter: false
                           Rows out:  0 rows (seg0) with 0.005 ms to end, start offset by 206 ms.
                           ->  Seq Scan on mi_asset_position_1_prt_17_2_prt_2 mi_asset_position  (cost=0.00..179.00 rows=1 width=0)
                                 Rows out:  (No row requested) 0 rows (seg0) with 0 ms to end.
                     ->  Result  (cost=0.00..179.00 rows=1 width=0)
                           One-Time Filter: false
                           Rows out:  0 rows (seg0) with 0.005 ms to end, start offset by 206 ms.
                           ->  Seq Scan on mi_asset_position_1_prt_17_2_prt_3 mi_asset_position  (cost=0.00..179.00 rows=1 width=0)
                                 Rows out:  (No row requested) 0 rows (seg0) with 0 ms to end.
                     ->  Result  (cost=0.00..179.00 rows=1 width=0)
                           One-Time Filter: false
                           Rows out:  0 rows (seg0) with 0.005 ms to end, start offset by 206 ms.
                           ->  Seq Scan on mi_asset_position_1_prt_17_2_prt_4 mi_asset_position  (cost=0.00..179.00 rows=1 width=0)
                                 Rows out:  (No row requested) 0 rows (seg0) with 0 ms to end.
                     ->  Result  (cost=0.00..179.00 rows=1 width=0)
                           One-Time Filter: false
                           Rows out:  0 rows (seg0) with 0.005 ms to end, start offset by 206 ms.
                           ->  Seq Scan on mi_asset_position_1_prt_17_2_prt_5 mi_asset_position  (cost=0.00..179.00 rows=1 width=0)
                                 Rows out:  (No row requested) 0 rows (seg0) with 0 ms to end.
                     ->  Result  (cost=0.00..179.00 rows=1 width=0)
                           One-Time Filter: false
                           Rows out:  0 rows (seg0) with 0.005 ms to end, start offset by 206 ms.
                           ->  Seq Scan on mi_asset_position_1_prt_17_2_prt_6 mi_asset_position  (cost=0.00..179.00 rows=1 width=0)
                                 Rows out:  (No row requested) 0 rows (seg0) with 0 ms to end.
                     ->  Result  (cost=0.00..179.00 rows=1 width=0)
                           One-Time Filter: false
                           Rows out:  0 rows (seg0) with 0.005 ms to end, start offset by 206 ms.
                           ->  Seq Scan on mi_asset_position_1_prt_17_2_prt_7 mi_asset_position  (cost=0.00..179.00 rows=1 width=0)
                                 Rows out:  (No row requested) 0 rows (seg0) with 0 ms to end.
                     ->  Result  (cost=0.00..179.00 rows=1 width=0)
                           One-Time Filter: false
                           Rows out:  0 rows (seg0) with 0.005 ms to end, start offset by 206 ms.
                           ->  Seq Scan on mi_asset_position_1_prt_17_2_prt_8 mi_asset_position  (cost=0.00..179.00 rows=1 width=0)
                                 Rows out:  (No row requested) 0 rows (seg0) with 0 ms to end.
                     ->  Result  (cost=0.00..179.00 rows=1 width=0)
                           One-Time Filter: false
                           Rows out:  0 rows (seg0) with 0.005 ms to end, start offset by 206 ms.
                           ->  Seq Scan on mi_asset_position_1_prt_17_2_prt_9 mi_asset_position  (cost=0.00..179.00 rows=1 width=0)
                                 Rows out:  (No row requested) 0 rows (seg0) with 0 ms to end.
                     ->  Result  (cost=0.00..179.00 rows=1 width=0)
                           One-Time Filter: false
                           Rows out:  0 rows (seg0) with 0.006 ms to end, start offset by 206 ms.
                           ->  Seq Scan on mi_asset_position_1_prt_17_2_prt_10 mi_asset_position  (cost=0.00..179.00 rows=1 width=0)
                                 Rows out:  (No row requested) 0 rows (seg0) with 0 ms to end.
                     ->  Result  (cost=0.00..179.00 rows=1 width=0)
                           One-Time Filter: false
                           Rows out:  0 rows (seg0) with 0.005 ms to end, start offset by 206 ms.
                           ->  Seq Scan on mi_asset_position_1_prt_17_2_prt_11 mi_asset_position  (cost=0.00..179.00 rows=1 width=0)
                                 Rows out:  (No row requested) 0 rows (seg0) with 0 ms to end.
                     ->  Result  (cost=0.00..179.00 rows=1 width=0)
                           One-Time Filter: false
                           Rows out:  0 rows (seg0) with 0.005 ms to end, start offset by 206 ms.
                           ->  Seq Scan on mi_asset_position_1_prt_17_2_prt_12 mi_asset_position  (cost=0.00..179.00 rows=1 width=0)
                                 Rows out:  (No row requested) 0 rows (seg0) with 0 ms to end.
                     ->  Result  (cost=0.00..179.00 rows=1 width=0)
                           One-Time Filter: false
                           Rows out:  0 rows (seg0) with 0.005 ms to end, start offset by 206 ms.
                           ->  Seq Scan on mi_asset_position_1_prt_17_2_prt_13 mi_asset_position  (cost=0.00..179.00 rows=1 width=0)
                                 Rows out:  (No row requested) 0 rows (seg0) with 0 ms to end.
                     ->  Result  (cost=0.00..179.00 rows=1 width=0)
                           One-Time Filter: false
                           Rows out:  0 rows (seg0) with 0.005 ms to end, start offset by 206 ms.
                           ->  Seq Scan on mi_asset_position_1_prt_18_2_prt_other_months mi_asset_position  (cost=0.00..179.00 rows=1 width=0)
                                 Rows out:  (No row requested) 0 rows (seg0) with 0 ms to end.
                     ->  Result  (cost=0.00..179.00 rows=1 width=0)
                           One-Time Filter: false
                           Rows out:  0 rows (seg0) with 0.005 ms to end, start offset by 206 ms.
                           ->  Seq Scan on mi_asset_position_1_prt_18_2_prt_2 mi_asset_position  (cost=0.00..179.00 rows=1 width=0)
                                 Rows out:  (No row requested) 0 rows (seg0) with 0 ms to end.
                     ->  Result  (cost=0.00..179.00 rows=1 width=0)
                           One-Time Filter: false
                           Rows out:  0 rows (seg0) with 0.005 ms to end, start offset by 206 ms.
                           ->  Seq Scan on mi_asset_position_1_prt_18_2_prt_3 mi_asset_position  (cost=0.00..179.00 rows=1 width=0)
                                 Rows out:  (No row requested) 0 rows (seg0) with 0 ms to end.
                     ->  Result  (cost=0.00..179.00 rows=1 width=0)
                           One-Time Filter: false
                           Rows out:  0 rows (seg0) with 0.005 ms to end, start offset by 206 ms.
                           ->  Seq Scan on mi_asset_position_1_prt_18_2_prt_4 mi_asset_position  (cost=0.00..179.00 rows=1 width=0)
                                 Rows out:  (No row requested) 0 rows (seg0) with 0 ms to end.
                     ->  Result  (cost=0.00..179.00 rows=1 width=0)
                           One-Time Filter: false
                           Rows out:  0 rows (seg0) with 0.005 ms to end, start offset by 206 ms.
                           ->  Seq Scan on mi_asset_position_1_prt_18_2_prt_5 mi_asset_position  (cost=0.00..179.00 rows=1 width=0)
                                 Rows out:  (No row requested) 0 rows (seg0) with 0 ms to end.
                     ->  Result  (cost=0.00..179.00 rows=1 width=0)
                           One-Time Filter: false
                           Rows out:  0 rows (seg0) with 0.005 ms to end, start offset by 206 ms.
                           ->  Seq Scan on mi_asset_position_1_prt_18_2_prt_6 mi_asset_position  (cost=0.00..179.00 rows=1 width=0)
                                 Rows out:  (No row requested) 0 rows (seg0) with 0 ms to end.
                     ->  Result  (cost=0.00..179.00 rows=1 width=0)
                           One-Time Filter: false
                           Rows out:  0 rows (seg0) with 0.005 ms to end, start offset by 206 ms.
                           ->  Seq Scan on mi_asset_position_1_prt_18_2_prt_7 mi_asset_position  (cost=0.00..179.00 rows=1 width=0)
                                 Rows out:  (No row requested) 0 rows (seg0) with 0 ms to end.
                     ->  Result  (cost=0.00..179.00 rows=1 width=0)
                           One-Time Filter: false
                           Rows out:  0 rows (seg0) with 0.005 ms to end, start offset by 206 ms.
                           ->  Seq Scan on mi_asset_position_1_prt_18_2_prt_8 mi_asset_position  (cost=0.00..179.00 rows=1 width=0)
                                 Rows out:  (No row requested) 0 rows (seg0) with 0 ms to end.
                     ->  Result  (cost=0.00..179.00 rows=1 width=0)
                           One-Time Filter: false
                           Rows out:  0 rows (seg0) with 0.005 ms to end, start offset by 206 ms.
                           ->  Seq Scan on mi_asset_position_1_prt_18_2_prt_9 mi_asset_position  (cost=0.00..179.00 rows=1 width=0)
                                 Rows out:  (No row requested) 0 rows (seg0) with 0 ms to end.
                     ->  Result  (cost=0.00..179.00 rows=1 width=0)
                           One-Time Filter: false
                           Rows out:  0 rows (seg0) with 0.005 ms to end, start offset by 206 ms.
                           ->  Seq Scan on mi_asset_position_1_prt_18_2_prt_10 mi_asset_position  (cost=0.00..179.00 rows=1 width=0)
                                 Rows out:  (No row requested) 0 rows (seg0) with 0 ms to end.
                     ->  Result  (cost=0.00..179.00 rows=1 width=0)
                           One-Time Filter: false
                           Rows out:  0 rows (seg0) with 0.005 ms to end, start offset by 206 ms.
                           ->  Seq Scan on mi_asset_position_1_prt_18_2_prt_11 mi_asset_position  (cost=0.00..179.00 rows=1 width=0)
                                 Rows out:  (No row requested) 0 rows (seg0) with 0 ms to end.
                     ->  Result  (cost=0.00..179.00 rows=1 width=0)
                           One-Time Filter: false
                           Rows out:  0 rows (seg0) with 0.005 ms to end, start offset by 206 ms.
                           ->  Seq Scan on mi_asset_position_1_prt_18_2_prt_12 mi_asset_position  (cost=0.00..179.00 rows=1 width=0)
                                 Rows out:  (No row requested) 0 rows (seg0) with 0 ms to end.
                     ->  Result  (cost=0.00..179.00 rows=1 width=0)
                           One-Time Filter: false
                           Rows out:  0 rows (seg0) with 0.005 ms to end, start offset by 206 ms.
                           ->  Seq Scan on mi_asset_position_1_prt_18_2_prt_13 mi_asset_position  (cost=0.00..179.00 rows=1 width=0)
                                 Rows out:  (No row requested) 0 rows (seg0) with 0 ms to end.
                     ->  Result  (cost=0.00..179.00 rows=1 width=0)
                           One-Time Filter: false
                           Rows out:  0 rows (seg0) with 0.014 ms to end, start offset by 206 ms.
                           ->  Seq Scan on mi_asset_position_1_prt_19_2_prt_other_months mi_asset_position  (cost=0.00..179.00 rows=1 width=0)
                                 Rows out:  (No row requested) 0 rows (seg0) with 0 ms to end.
                     ->  Result  (cost=0.00..179.00 rows=1 width=0)
                           One-Time Filter: false
                           Rows out:  0 rows (seg0) with 0.005 ms to end, start offset by 206 ms.
                           ->  Seq Scan on mi_asset_position_1_prt_19_2_prt_2 mi_asset_position  (cost=0.00..179.00 rows=1 width=0)
                                 Rows out:  (No row requested) 0 rows (seg0) with 0 ms to end.
                     ->  Result  (cost=0.00..179.00 rows=1 width=0)
                           One-Time Filter: false
                           Rows out:  0 rows (seg0) with 0.005 ms to end, start offset by 206 ms.
                           ->  Seq Scan on mi_asset_position_1_prt_19_2_prt_3 mi_asset_position  (cost=0.00..179.00 rows=1 width=0)
                                 Rows out:  (No row requested) 0 rows (seg0) with 0 ms to end.
                     ->  Result  (cost=0.00..179.00 rows=1 width=0)
                           One-Time Filter: false
                           Rows out:  0 rows (seg0) with 0.005 ms to end, start offset by 206 ms.
                           ->  Seq Scan on mi_asset_position_1_prt_19_2_prt_4 mi_asset_position  (cost=0.00..179.00 rows=1 width=0)
                                 Rows out:  (No row requested) 0 rows (seg0) with 0 ms to end.
                     ->  Result  (cost=0.00..179.00 rows=1 width=0)
                           One-Time Filter: false
                           Rows out:  0 rows (seg0) with 0.005 ms to end, start offset by 206 ms.
                           ->  Seq Scan on mi_asset_position_1_prt_19_2_prt_5 mi_asset_position  (cost=0.00..179.00 rows=1 width=0)
                                 Rows out:  (No row requested) 0 rows (seg0) with 0 ms to end.
                     ->  Result  (cost=0.00..179.00 rows=1 width=0)
                           One-Time Filter: false
                           Rows out:  0 rows (seg0) with 0.005 ms to end, start offset by 206 ms.
                           ->  Seq Scan on mi_asset_position_1_prt_19_2_prt_6 mi_asset_position  (cost=0.00..179.00 rows=1 width=0)
                                 Rows out:  (No row requested) 0 rows (seg0) with 0 ms to end.
                     ->  Result  (cost=0.00..179.00 rows=1 width=0)
                           One-Time Filter: false
                           Rows out:  0 rows (seg0) with 0.005 ms to end, start offset by 206 ms.
                           ->  Seq Scan on mi_asset_position_1_prt_19_2_prt_7 mi_asset_position  (cost=0.00..179.00 rows=1 width=0)
                                 Rows out:  (No row requested) 0 rows (seg0) with 0 ms to end.
                     ->  Result  (cost=0.00..179.00 rows=1 width=0)
                           One-Time Filter: false
                           Rows out:  0 rows (seg0) with 0.005 ms to end, start offset by 206 ms.
                           ->  Seq Scan on mi_asset_position_1_prt_19_2_prt_8 mi_asset_position  (cost=0.00..179.00 rows=1 width=0)
                                 Rows out:  (No row requested) 0 rows (seg0) with 0 ms to end.
                     ->  Result  (cost=0.00..179.00 rows=1 width=0)
                           One-Time Filter: false
                           Rows out:  0 rows (seg0) with 0.005 ms to end, start offset by 206 ms.
                           ->  Seq Scan on mi_asset_position_1_prt_19_2_prt_9 mi_asset_position  (cost=0.00..179.00 rows=1 width=0)
                                 Rows out:  (No row requested) 0 rows (seg0) with 0 ms to end.
                     ->  Result  (cost=0.00..179.00 rows=1 width=0)
                           One-Time Filter: false
                           Rows out:  0 rows (seg0) with 0.004 ms to end, start offset by 206 ms.
                           ->  Seq Scan on mi_asset_position_1_prt_19_2_prt_10 mi_asset_position  (cost=0.00..179.00 rows=1 width=0)
                                 Rows out:  (No row requested) 0 rows (seg0) with 0 ms to end.
                     ->  Result  (cost=0.00..179.00 rows=1 width=0)
                           One-Time Filter: false
                           Rows out:  0 rows (seg0) with 0.005 ms to end, start offset by 206 ms.
                           ->  Seq Scan on mi_asset_position_1_prt_19_2_prt_11 mi_asset_position  (cost=0.00..179.00 rows=1 width=0)
                                 Rows out:  (No row requested) 0 rows (seg0) with 0 ms to end.
                     ->  Result  (cost=0.00..179.00 rows=1 width=0)
                           One-Time Filter: false
                           Rows out:  0 rows (seg0) with 0.005 ms to end, start offset by 206 ms.
                           ->  Seq Scan on mi_asset_position_1_prt_19_2_prt_12 mi_asset_position  (cost=0.00..179.00 rows=1 width=0)
                                 Rows out:  (No row requested) 0 rows (seg0) with 0 ms to end.
                     ->  Result  (cost=0.00..179.00 rows=1 width=0)
                           One-Time Filter: false
                           Rows out:  0 rows (seg0) with 0.004 ms to end, start offset by 206 ms.
                           ->  Seq Scan on mi_asset_position_1_prt_19_2_prt_13 mi_asset_position  (cost=0.00..179.00 rows=1 width=0)
                                 Rows out:  (No row requested) 0 rows (seg0) with 0 ms to end.
                     ->  Result  (cost=0.00..179.00 rows=1 width=0)
                           One-Time Filter: false
                           Rows out:  0 rows (seg0) with 0.005 ms to end, start offset by 206 ms.
                           ->  Seq Scan on mi_asset_position_1_prt_20_2_prt_other_months mi_asset_position  (cost=0.00..179.00 rows=1 width=0)
                                 Rows out:  (No row requested) 0 rows (seg0) with 0 ms to end.
                     ->  Result  (cost=0.00..179.00 rows=1 width=0)
                           One-Time Filter: false
                           Rows out:  0 rows (seg0) with 0.004 ms to end, start offset by 206 ms.
                           ->  Seq Scan on mi_asset_position_1_prt_20_2_prt_2 mi_asset_position  (cost=0.00..179.00 rows=1 width=0)
                                 Rows out:  (No row requested) 0 rows (seg0) with 0 ms to end.
                     ->  Result  (cost=0.00..179.00 rows=1 width=0)
                           One-Time Filter: false
                           Rows out:  0 rows (seg0) with 0.005 ms to end, start offset by 206 ms.
                           ->  Seq Scan on mi_asset_position_1_prt_20_2_prt_3 mi_asset_position  (cost=0.00..179.00 rows=1 width=0)
                                 Rows out:  (No row requested) 0 rows (seg0) with 0 ms to end.
                     ->  Result  (cost=0.00..179.00 rows=1 width=0)
                           One-Time Filter: false
                           Rows out:  0 rows (seg0) with 0.005 ms to end, start offset by 206 ms.
                           ->  Seq Scan on mi_asset_position_1_prt_20_2_prt_4 mi_asset_position  (cost=0.00..179.00 rows=1 width=0)
                                 Rows out:  (No row requested) 0 rows (seg0) with 0 ms to end.
                     ->  Result  (cost=0.00..179.00 rows=1 width=0)
                           One-Time Filter: false
                           Rows out:  0 rows (seg0) with 0.005 ms to end, start offset by 206 ms.
                           ->  Seq Scan on mi_asset_position_1_prt_20_2_prt_5 mi_asset_position  (cost=0.00..179.00 rows=1 width=0)
                                 Rows out:  (No row requested) 0 rows (seg0) with 0 ms to end.
                     ->  Result  (cost=0.00..179.00 rows=1 width=0)
                           One-Time Filter: false
                           Rows out:  0 rows (seg0) with 0.005 ms to end, start offset by 206 ms.
                           ->  Seq Scan on mi_asset_position_1_prt_20_2_prt_6 mi_asset_position  (cost=0.00..179.00 rows=1 width=0)
                                 Rows out:  (No row requested) 0 rows (seg0) with 0 ms to end.
                     ->  Result  (cost=0.00..179.00 rows=1 width=0)
                           One-Time Filter: false
                           Rows out:  0 rows (seg0) with 0.004 ms to end, start offset by 206 ms.
                           ->  Seq Scan on mi_asset_position_1_prt_20_2_prt_7 mi_asset_position  (cost=0.00..179.00 rows=1 width=0)
                                 Rows out:  (No row requested) 0 rows (seg0) with 0 ms to end.
                     ->  Result  (cost=0.00..179.00 rows=1 width=0)
                           One-Time Filter: false
                           Rows out:  0 rows (seg0) with 0.005 ms to end, start offset by 206 ms.
                           ->  Seq Scan on mi_asset_position_1_prt_20_2_prt_8 mi_asset_position  (cost=0.00..179.00 rows=1 width=0)
                                 Rows out:  (No row requested) 0 rows (seg0) with 0 ms to end.
                     ->  Result  (cost=0.00..179.00 rows=1 width=0)
                           One-Time Filter: false
                           Rows out:  0 rows (seg0) with 0.005 ms to end, start offset by 206 ms.
                           ->  Seq Scan on mi_asset_position_1_prt_20_2_prt_9 mi_asset_position  (cost=0.00..179.00 rows=1 width=0)
                                 Rows out:  (No row requested) 0 rows (seg0) with 0 ms to end.
                     ->  Result  (cost=0.00..179.00 rows=1 width=0)
                           One-Time Filter: false
                           Rows out:  0 rows (seg0) with 0.005 ms to end, start offset by 206 ms.
                           ->  Seq Scan on mi_asset_position_1_prt_20_2_prt_10 mi_asset_position  (cost=0.00..179.00 rows=1 width=0)
                                 Rows out:  (No row requested) 0 rows (seg0) with 0 ms to end.
                     ->  Result  (cost=0.00..179.00 rows=1 width=0)
                           One-Time Filter: false
                           Rows out:  0 rows (seg0) with 0.005 ms to end, start offset by 206 ms.
                           ->  Seq Scan on mi_asset_position_1_prt_20_2_prt_11 mi_asset_position  (cost=0.00..179.00 rows=1 width=0)
                                 Rows out:  (No row requested) 0 rows (seg0) with 0 ms to end.
                     ->  Result  (cost=0.00..179.00 rows=1 width=0)
                           One-Time Filter: false
                           Rows out:  0 rows (seg0) with 0.005 ms to end, start offset by 206 ms.
                           ->  Seq Scan on mi_asset_position_1_prt_20_2_prt_12 mi_asset_position  (cost=0.00..179.00 rows=1 width=0)
                                 Rows out:  (No row requested) 0 rows (seg0) with 0 ms to end.
                     ->  Result  (cost=0.00..179.00 rows=1 width=0)
                           One-Time Filter: false
                           Rows out:  0 rows (seg0) with 0.005 ms to end, start offset by 206 ms.
                           ->  Seq Scan on mi_asset_position_1_prt_20_2_prt_13 mi_asset_position  (cost=0.00..179.00 rows=1 width=0)
                                 Rows out:  (No row requested) 0 rows (seg0) with 0 ms to end.
                     ->  Result  (cost=0.00..179.00 rows=1 width=0)
                           One-Time Filter: false
                           Rows out:  0 rows (seg0) with 0.005 ms to end, start offset by 206 ms.
                           ->  Seq Scan on mi_asset_position_1_prt_21_2_prt_other_months mi_asset_position  (cost=0.00..179.00 rows=1 width=0)
                                 Rows out:  (No row requested) 0 rows (seg0) with 0 ms to end.
                     ->  Result  (cost=0.00..179.00 rows=1 width=0)
                           One-Time Filter: false
                           Rows out:  0 rows (seg0) with 0.005 ms to end, start offset by 206 ms.
                           ->  Seq Scan on mi_asset_position_1_prt_21_2_prt_2 mi_asset_position  (cost=0.00..179.00 rows=1 width=0)
                                 Rows out:  (No row requested) 0 rows (seg0) with 0 ms to end.
                     ->  Result  (cost=0.00..179.00 rows=1 width=0)
                           One-Time Filter: false
                           Rows out:  0 rows (seg0) with 0.005 ms to end, start offset by 206 ms.
                           ->  Seq Scan on mi_asset_position_1_prt_21_2_prt_3 mi_asset_position  (cost=0.00..179.00 rows=1 width=0)
                                 Rows out:  (No row requested) 0 rows (seg0) with 0 ms to end.
                     ->  Result  (cost=0.00..179.00 rows=1 width=0)
                           One-Time Filter: false
                           Rows out:  0 rows (seg0) with 0.005 ms to end, start offset by 206 ms.
                           ->  Seq Scan on mi_asset_position_1_prt_21_2_prt_4 mi_asset_position  (cost=0.00..179.00 rows=1 width=0)
                                 Rows out:  (No row requested) 0 rows (seg0) with 0 ms to end.
                     ->  Result  (cost=0.00..179.00 rows=1 width=0)
                           One-Time Filter: false
                           Rows out:  0 rows (seg0) with 0.005 ms to end, start offset by 206 ms.
                           ->  Seq Scan on mi_asset_position_1_prt_21_2_prt_5 mi_asset_position  (cost=0.00..179.00 rows=1 width=0)
                                 Rows out:  (No row requested) 0 rows (seg0) with 0 ms to end.
                     ->  Result  (cost=0.00..179.00 rows=1 width=0)
                           One-Time Filter: false
                           Rows out:  0 rows (seg0) with 0.005 ms to end, start offset by 206 ms.
                           ->  Seq Scan on mi_asset_position_1_prt_21_2_prt_6 mi_asset_position  (cost=0.00..179.00 rows=1 width=0)
                                 Rows out:  (No row requested) 0 rows (seg0) with 0 ms to end.
                     ->  Result  (cost=0.00..179.00 rows=1 width=0)
                           One-Time Filter: false
                           Rows out:  0 rows (seg0) with 0.004 ms to end, start offset by 206 ms.
                           ->  Seq Scan on mi_asset_position_1_prt_21_2_prt_7 mi_asset_position  (cost=0.00..179.00 rows=1 width=0)
                                 Rows out:  (No row requested) 0 rows (seg0) with 0 ms to end.
                     ->  Result  (cost=0.00..179.00 rows=1 width=0)
                           One-Time Filter: false
                           Rows out:  0 rows (seg0) with 0.005 ms to end, start offset by 206 ms.
                           ->  Seq Scan on mi_asset_position_1_prt_21_2_prt_8 mi_asset_position  (cost=0.00..179.00 rows=1 width=0)
                                 Rows out:  (No row requested) 0 rows (seg0) with 0 ms to end.
                     ->  Result  (cost=0.00..179.00 rows=1 width=0)
                           One-Time Filter: false
                           Rows out:  0 rows (seg0) with 0.006 ms to end, start offset by 206 ms.
                           ->  Seq Scan on mi_asset_position_1_prt_21_2_prt_9 mi_asset_position  (cost=0.00..179.00 rows=1 width=0)
                                 Rows out:  (No row requested) 0 rows (seg0) with 0 ms to end.
                     ->  Result  (cost=0.00..179.00 rows=1 width=0)
                           One-Time Filter: false
                           Rows out:  0 rows (seg0) with 0.005 ms to end, start offset by 206 ms.
                           ->  Seq Scan on mi_asset_position_1_prt_21_2_prt_10 mi_asset_position  (cost=0.00..179.00 rows=1 width=0)
                                 Rows out:  (No row requested) 0 rows (seg0) with 0 ms to end.
                     ->  Result  (cost=0.00..179.00 rows=1 width=0)
                           One-Time Filter: false
                           Rows out:  0 rows (seg0) with 0.005 ms to end, start offset by 206 ms.
                           ->  Seq Scan on mi_asset_position_1_prt_21_2_prt_11 mi_asset_position  (cost=0.00..179.00 rows=1 width=0)
                                 Rows out:  (No row requested) 0 rows (seg0) with 0 ms to end.
                     ->  Result  (cost=0.00..179.00 rows=1 width=0)
                           One-Time Filter: false
                           Rows out:  0 rows (seg0) with 0.005 ms to end, start offset by 206 ms.
                           ->  Seq Scan on mi_asset_position_1_prt_21_2_prt_12 mi_asset_position  (cost=0.00..179.00 rows=1 width=0)
                                 Rows out:  (No row requested) 0 rows (seg0) with 0 ms to end.
                     ->  Result  (cost=0.00..179.00 rows=1 width=0)
                           One-Time Filter: false
                           Rows out:  0 rows (seg0) with 0.005 ms to end, start offset by 206 ms.
                           ->  Seq Scan on mi_asset_position_1_prt_21_2_prt_13 mi_asset_position  (cost=0.00..179.00 rows=1 width=0)
                                 Rows out:  (No row requested) 0 rows (seg0) with 0 ms to end.
                     ->  Result  (cost=0.00..179.00 rows=1 width=0)
                           One-Time Filter: false
                           Rows out:  0 rows (seg0) with 0.005 ms to end, start offset by 206 ms.
                           ->  Seq Scan on mi_asset_position_1_prt_22_2_prt_other_months mi_asset_position  (cost=0.00..179.00 rows=1 width=0)
                                 Rows out:  (No row requested) 0 rows (seg0) with 0 ms to end.
                     ->  Result  (cost=0.00..179.00 rows=1 width=0)
                           One-Time Filter: false
                           Rows out:  0 rows (seg0) with 0.004 ms to end, start offset by 206 ms.
                           ->  Seq Scan on mi_asset_position_1_prt_22_2_prt_2 mi_asset_position  (cost=0.00..179.00 rows=1 width=0)
                                 Rows out:  (No row requested) 0 rows (seg0) with 0 ms to end.
                     ->  Result  (cost=0.00..179.00 rows=1 width=0)
                           One-Time Filter: false
                           Rows out:  0 rows (seg0) with 0.005 ms to end, start offset by 206 ms.
                           ->  Seq Scan on mi_asset_position_1_prt_22_2_prt_3 mi_asset_position  (cost=0.00..179.00 rows=1 width=0)
                                 Rows out:  (No row requested) 0 rows (seg0) with 0 ms to end.
                     ->  Result  (cost=0.00..179.00 rows=1 width=0)
                           One-Time Filter: false
                           Rows out:  0 rows (seg0) with 0.005 ms to end, start offset by 206 ms.
                           ->  Seq Scan on mi_asset_position_1_prt_22_2_prt_4 mi_asset_position  (cost=0.00..179.00 rows=1 width=0)
                                 Rows out:  (No row requested) 0 rows (seg0) with 0 ms to end.
                     ->  Result  (cost=0.00..179.00 rows=1 width=0)
                           One-Time Filter: false
                           Rows out:  0 rows (seg0) with 0.005 ms to end, start offset by 206 ms.
                           ->  Seq Scan on mi_asset_position_1_prt_22_2_prt_5 mi_asset_position  (cost=0.00..179.00 rows=1 width=0)
                                 Rows out:  (No row requested) 0 rows (seg0) with 0 ms to end.
                     ->  Result  (cost=0.00..179.00 rows=1 width=0)
                           One-Time Filter: false
                           Rows out:  0 rows (seg0) with 0.005 ms to end, start offset by 206 ms.
                           ->  Seq Scan on mi_asset_position_1_prt_22_2_prt_6 mi_asset_position  (cost=0.00..179.00 rows=1 width=0)
                                 Rows out:  (No row requested) 0 rows (seg0) with 0 ms to end.
                     ->  Result  (cost=0.00..179.00 rows=1 width=0)
                           One-Time Filter: false
                           Rows out:  0 rows (seg0) with 0.005 ms to end, start offset by 206 ms.
                           ->  Seq Scan on mi_asset_position_1_prt_22_2_prt_7 mi_asset_position  (cost=0.00..179.00 rows=1 width=0)
                                 Rows out:  (No row requested) 0 rows (seg0) with 0 ms to end.
                     ->  Result  (cost=0.00..179.00 rows=1 width=0)
                           One-Time Filter: false
                           Rows out:  0 rows (seg0) with 0.005 ms to end, start offset by 206 ms.
                           ->  Seq Scan on mi_asset_position_1_prt_22_2_prt_8 mi_asset_position  (cost=0.00..179.00 rows=1 width=0)
                                 Rows out:  (No row requested) 0 rows (seg0) with 0 ms to end.
                     ->  Result  (cost=0.00..179.00 rows=1 width=0)
                           One-Time Filter: false
                           Rows out:  0 rows (seg0) with 0.005 ms to end, start offset by 206 ms.
                           ->  Seq Scan on mi_asset_position_1_prt_22_2_prt_9 mi_asset_position  (cost=0.00..179.00 rows=1 width=0)
                                 Rows out:  (No row requested) 0 rows (seg0) with 0 ms to end.
                     ->  Result  (cost=0.00..179.00 rows=1 width=0)
                           One-Time Filter: false
                           Rows out:  0 rows (seg0) with 0.004 ms to end, start offset by 206 ms.
                           ->  Seq Scan on mi_asset_position_1_prt_22_2_prt_10 mi_asset_position  (cost=0.00..179.00 rows=1 width=0)
                                 Rows out:  (No row requested) 0 rows (seg0) with 0 ms to end.
                     ->  Result  (cost=0.00..179.00 rows=1 width=0)
                           One-Time Filter: false
                           Rows out:  0 rows (seg0) with 0.005 ms to end, start offset by 206 ms.
                           ->  Seq Scan on mi_asset_position_1_prt_22_2_prt_11 mi_asset_position  (cost=0.00..179.00 rows=1 width=0)
                                 Rows out:  (No row requested) 0 rows (seg0) with 0 ms to end.
                     ->  Result  (cost=0.00..179.00 rows=1 width=0)
                           One-Time Filter: false
                           Rows out:  0 rows (seg0) with 0.005 ms to end, start offset by 206 ms.
                           ->  Seq Scan on mi_asset_position_1_prt_22_2_prt_12 mi_asset_position  (cost=0.00..179.00 rows=1 width=0)
                                 Rows out:  (No row requested) 0 rows (seg0) with 0 ms to end.
                     ->  Result  (cost=0.00..179.00 rows=1 width=0)
                           One-Time Filter: false
                           Rows out:  0 rows (seg0) with 0.004 ms to end, start offset by 206 ms.
                           ->  Seq Scan on mi_asset_position_1_prt_22_2_prt_13 mi_asset_position  (cost=0.00..179.00 rows=1 width=0)
                                 Rows out:  (No row requested) 0 rows (seg0) with 0 ms to end.
                     ->  Result  (cost=0.00..179.00 rows=1 width=0)
                           One-Time Filter: false
                           Rows out:  0 rows (seg0) with 0.005 ms to end, start offset by 206 ms.
                           ->  Seq Scan on mi_asset_position_1_prt_23_2_prt_other_months mi_asset_position  (cost=0.00..179.00 rows=1 width=0)
                                 Rows out:  (No row requested) 0 rows (seg0) with 0 ms to end.
                     ->  Result  (cost=0.00..179.00 rows=1 width=0)
                           One-Time Filter: false
                           Rows out:  0 rows (seg0) with 0.004 ms to end, start offset by 206 ms.
                           ->  Seq Scan on mi_asset_position_1_prt_23_2_prt_2 mi_asset_position  (cost=0.00..179.00 rows=1 width=0)
                                 Rows out:  (No row requested) 0 rows (seg0) with 0 ms to end.
                     ->  Result  (cost=0.00..179.00 rows=1 width=0)
                           One-Time Filter: false
                           Rows out:  0 rows (seg0) with 0.005 ms to end, start offset by 206 ms.
                           ->  Seq Scan on mi_asset_position_1_prt_23_2_prt_3 mi_asset_position  (cost=0.00..179.00 rows=1 width=0)
                                 Rows out:  (No row requested) 0 rows (seg0) with 0 ms to end.
                     ->  Result  (cost=0.00..179.00 rows=1 width=0)
                           One-Time Filter: false
                           Rows out:  0 rows (seg0) with 0.005 ms to end, start offset by 206 ms.
                           ->  Seq Scan on mi_asset_position_1_prt_23_2_prt_4 mi_asset_position  (cost=0.00..179.00 rows=1 width=0)
                                 Rows out:  (No row requested) 0 rows (seg0) with 0 ms to end.
                     ->  Result  (cost=0.00..179.00 rows=1 width=0)
                           One-Time Filter: false
                           Rows out:  0 rows (seg0) with 0.005 ms to end, start offset by 206 ms.
                           ->  Seq Scan on mi_asset_position_1_prt_23_2_prt_5 mi_asset_position  (cost=0.00..179.00 rows=1 width=0)
                                 Rows out:  (No row requested) 0 rows (seg0) with 0 ms to end.
                     ->  Result  (cost=0.00..179.00 rows=1 width=0)
                           One-Time Filter: false
                           Rows out:  0 rows (seg0) with 0.005 ms to end, start offset by 206 ms.
                           ->  Seq Scan on mi_asset_position_1_prt_23_2_prt_6 mi_asset_position  (cost=0.00..179.00 rows=1 width=0)
                                 Rows out:  (No row requested) 0 rows (seg0) with 0 ms to end.
                     ->  Result  (cost=0.00..179.00 rows=1 width=0)
                           One-Time Filter: false
                           Rows out:  0 rows (seg0) with 0.005 ms to end, start offset by 206 ms.
                           ->  Seq Scan on mi_asset_position_1_prt_23_2_prt_7 mi_asset_position  (cost=0.00..179.00 rows=1 width=0)
                                 Rows out:  (No row requested) 0 rows (seg0) with 0 ms to end.
                     ->  Result  (cost=0.00..179.00 rows=1 width=0)
                           One-Time Filter: false
                           Rows out:  0 rows (seg0) with 0.004 ms to end, start offset by 206 ms.
                           ->  Seq Scan on mi_asset_position_1_prt_23_2_prt_8 mi_asset_position  (cost=0.00..179.00 rows=1 width=0)
                                 Rows out:  (No row requested) 0 rows (seg0) with 0 ms to end.
                     ->  Result  (cost=0.00..179.00 rows=1 width=0)
                           One-Time Filter: false
                           Rows out:  0 rows (seg0) with 0.005 ms to end, start offset by 206 ms.
                           ->  Seq Scan on mi_asset_position_1_prt_23_2_prt_9 mi_asset_position  (cost=0.00..179.00 rows=1 width=0)
                                 Rows out:  (No row requested) 0 rows (seg0) with 0 ms to end.
                     ->  Result  (cost=0.00..179.00 rows=1 width=0)
                           One-Time Filter: false
                           Rows out:  0 rows (seg0) with 0.004 ms to end, start offset by 206 ms.
                           ->  Seq Scan on mi_asset_position_1_prt_23_2_prt_10 mi_asset_position  (cost=0.00..179.00 rows=1 width=0)
                                 Rows out:  (No row requested) 0 rows (seg0) with 0 ms to end.
                     ->  Result  (cost=0.00..179.00 rows=1 width=0)
                           One-Time Filter: false
                           Rows out:  0 rows (seg0) with 0.005 ms to end, start offset by 206 ms.
                           ->  Seq Scan on mi_asset_position_1_prt_23_2_prt_11 mi_asset_position  (cost=0.00..179.00 rows=1 width=0)
                                 Rows out:  (No row requested) 0 rows (seg0) with 0 ms to end.
                     ->  Result  (cost=0.00..179.00 rows=1 width=0)
                           One-Time Filter: false
                           Rows out:  0 rows (seg0) with 0.005 ms to end, start offset by 206 ms.
                           ->  Seq Scan on mi_asset_position_1_prt_23_2_prt_12 mi_asset_position  (cost=0.00..179.00 rows=1 width=0)
                                 Rows out:  (No row requested) 0 rows (seg0) with 0 ms to end.
                     ->  Result  (cost=0.00..179.00 rows=1 width=0)
                           One-Time Filter: false
                           Rows out:  0 rows (seg0) with 0.005 ms to end, start offset by 206 ms.
                           ->  Seq Scan on mi_asset_position_1_prt_23_2_prt_13 mi_asset_position  (cost=0.00..179.00 rows=1 width=0)
                                 Rows out:  (No row requested) 0 rows (seg0) with 0 ms to end.
                     ->  Result  (cost=0.00..179.00 rows=1 width=0)
                           One-Time Filter: false
                           Rows out:  0 rows (seg0) with 0.005 ms to end, start offset by 206 ms.
                           ->  Seq Scan on mi_asset_position_1_prt_24_2_prt_other_months mi_asset_position  (cost=0.00..179.00 rows=1 width=0)
                                 Rows out:  (No row requested) 0 rows (seg0) with 0 ms to end.
                     ->  Result  (cost=0.00..179.00 rows=1 width=0)
                           One-Time Filter: false
                           Rows out:  0 rows (seg0) with 0.004 ms to end, start offset by 206 ms.
                           ->  Seq Scan on mi_asset_position_1_prt_24_2_prt_2 mi_asset_position  (cost=0.00..179.00 rows=1 width=0)
                                 Rows out:  (No row requested) 0 rows (seg0) with 0 ms to end.
                     ->  Result  (cost=0.00..179.00 rows=1 width=0)
                           One-Time Filter: false
                           Rows out:  0 rows (seg0) with 0.005 ms to end, start offset by 206 ms.
                           ->  Seq Scan on mi_asset_position_1_prt_24_2_prt_3 mi_asset_position  (cost=0.00..179.00 rows=1 width=0)
                                 Rows out:  (No row requested) 0 rows (seg0) with 0 ms to end.
                     ->  Result  (cost=0.00..179.00 rows=1 width=0)
                           One-Time Filter: false
                           Rows out:  0 rows (seg0) with 0.004 ms to end, start offset by 206 ms.
                           ->  Seq Scan on mi_asset_position_1_prt_24_2_prt_4 mi_asset_position  (cost=0.00..179.00 rows=1 width=0)
                                 Rows out:  (No row requested) 0 rows (seg0) with 0 ms to end.
                     ->  Result  (cost=0.00..179.00 rows=1 width=0)
                           One-Time Filter: false
                           Rows out:  0 rows (seg0) with 0.005 ms to end, start offset by 206 ms.
                           ->  Seq Scan on mi_asset_position_1_prt_24_2_prt_5 mi_asset_position  (cost=0.00..179.00 rows=1 width=0)
                                 Rows out:  (No row requested) 0 rows (seg0) with 0 ms to end.
                     ->  Result  (cost=0.00..179.00 rows=1 width=0)
                           One-Time Filter: false
                           Rows out:  0 rows (seg0) with 0.005 ms to end, start offset by 206 ms.
                           ->  Seq Scan on mi_asset_position_1_prt_24_2_prt_6 mi_asset_position  (cost=0.00..179.00 rows=1 width=0)
                                 Rows out:  (No row requested) 0 rows (seg0) with 0 ms to end.
                     ->  Result  (cost=0.00..179.00 rows=1 width=0)
                           One-Time Filter: false
                           Rows out:  0 rows (seg0) with 0.005 ms to end, start offset by 206 ms.
                           ->  Seq Scan on mi_asset_position_1_prt_24_2_prt_7 mi_asset_position  (cost=0.00..179.00 rows=1 width=0)
                                 Rows out:  (No row requested) 0 rows (seg0) with 0 ms to end.
                     ->  Result  (cost=0.00..179.00 rows=1 width=0)
                           One-Time Filter: false
                           Rows out:  0 rows (seg0) with 0.005 ms to end, start offset by 206 ms.
                           ->  Seq Scan on mi_asset_position_1_prt_24_2_prt_8 mi_asset_position  (cost=0.00..179.00 rows=1 width=0)
                                 Rows out:  (No row requested) 0 rows (seg0) with 0 ms to end.
                     ->  Result  (cost=0.00..179.00 rows=1 width=0)
                           One-Time Filter: false
                           Rows out:  0 rows (seg0) with 0.005 ms to end, start offset by 206 ms.
                           ->  Seq Scan on mi_asset_position_1_prt_24_2_prt_9 mi_asset_position  (cost=0.00..179.00 rows=1 width=0)
                                 Rows out:  (No row requested) 0 rows (seg0) with 0 ms to end.
                     ->  Result  (cost=0.00..179.00 rows=1 width=0)
                           One-Time Filter: false
                           Rows out:  0 rows (seg0) with 0.005 ms to end, start offset by 206 ms.
                           ->  Seq Scan on mi_asset_position_1_prt_24_2_prt_10 mi_asset_position  (cost=0.00..179.00 rows=1 width=0)
                                 Rows out:  (No row requested) 0 rows (seg0) with 0 ms to end.
                     ->  Result  (cost=0.00..179.00 rows=1 width=0)
                           One-Time Filter: false
                           Rows out:  0 rows (seg0) with 0.005 ms to end, start offset by 206 ms.
                           ->  Seq Scan on mi_asset_position_1_prt_24_2_prt_11 mi_asset_position  (cost=0.00..179.00 rows=1 width=0)
                                 Rows out:  (No row requested) 0 rows (seg0) with 0 ms to end.
                     ->  Result  (cost=0.00..179.00 rows=1 width=0)
                           One-Time Filter: false
                           Rows out:  0 rows (seg0) with 0.005 ms to end, start offset by 206 ms.
                           ->  Seq Scan on mi_asset_position_1_prt_24_2_prt_12 mi_asset_position  (cost=0.00..179.00 rows=1 width=0)
                                 Rows out:  (No row requested) 0 rows (seg0) with 0 ms to end.
                     ->  Result  (cost=0.00..179.00 rows=1 width=0)
                           One-Time Filter: false
                           Rows out:  0 rows (seg0) with 0.005 ms to end, start offset by 206 ms.
                           ->  Seq Scan on mi_asset_position_1_prt_24_2_prt_13 mi_asset_position  (cost=0.00..179.00 rows=1 width=0)
                                 Rows out:  (No row requested) 0 rows (seg0) with 0 ms to end.
                     ->  Result  (cost=0.00..179.00 rows=1 width=0)
                           One-Time Filter: false
                           Rows out:  0 rows (seg0) with 0.004 ms to end, start offset by 206 ms.
                           ->  Seq Scan on mi_asset_position_1_prt_25_2_prt_other_months mi_asset_position  (cost=0.00..179.00 rows=1 width=0)
                                 Rows out:  (No row requested) 0 rows (seg0) with 0 ms to end.
                     ->  Result  (cost=0.00..179.00 rows=1 width=0)
                           One-Time Filter: false
                           Rows out:  0 rows (seg0) with 0.005 ms to end, start offset by 206 ms.
                           ->  Seq Scan on mi_asset_position_1_prt_25_2_prt_2 mi_asset_position  (cost=0.00..179.00 rows=1 width=0)
                                 Rows out:  (No row requested) 0 rows (seg0) with 0 ms to end.
                     ->  Result  (cost=0.00..179.00 rows=1 width=0)
                           One-Time Filter: false
                           Rows out:  0 rows (seg0) with 0.005 ms to end, start offset by 206 ms.
                           ->  Seq Scan on mi_asset_position_1_prt_25_2_prt_3 mi_asset_position  (cost=0.00..179.00 rows=1 width=0)
                                 Rows out:  (No row requested) 0 rows (seg0) with 0 ms to end.
                     ->  Result  (cost=0.00..179.00 rows=1 width=0)
                           One-Time Filter: false
                           Rows out:  0 rows (seg0) with 0.004 ms to end, start offset by 206 ms.
                           ->  Seq Scan on mi_asset_position_1_prt_25_2_prt_4 mi_asset_position  (cost=0.00..179.00 rows=1 width=0)
                                 Rows out:  (No row requested) 0 rows (seg0) with 0 ms to end.
                     ->  Result  (cost=0.00..179.00 rows=1 width=0)
                           One-Time Filter: false
                           Rows out:  0 rows (seg0) with 0.005 ms to end, start offset by 206 ms.
                           ->  Seq Scan on mi_asset_position_1_prt_25_2_prt_5 mi_asset_position  (cost=0.00..179.00 rows=1 width=0)
                                 Rows out:  (No row requested) 0 rows (seg0) with 0 ms to end.
                     ->  Result  (cost=0.00..179.00 rows=1 width=0)
                           One-Time Filter: false
                           Rows out:  0 rows (seg0) with 0.005 ms to end, start offset by 206 ms.
                           ->  Seq Scan on mi_asset_position_1_prt_25_2_prt_6 mi_asset_position  (cost=0.00..179.00 rows=1 width=0)
                                 Rows out:  (No row requested) 0 rows (seg0) with 0 ms to end.
                     ->  Result  (cost=0.00..179.00 rows=1 width=0)
                           One-Time Filter: false
                           Rows out:  0 rows (seg0) with 0.004 ms to end, start offset by 206 ms.
                           ->  Seq Scan on mi_asset_position_1_prt_25_2_prt_7 mi_asset_position  (cost=0.00..179.00 rows=1 width=0)
                                 Rows out:  (No row requested) 0 rows (seg0) with 0 ms to end.
                     ->  Result  (cost=0.00..179.00 rows=1 width=0)
                           One-Time Filter: false
                           Rows out:  0 rows (seg0) with 0.005 ms to end, start offset by 206 ms.
                           ->  Seq Scan on mi_asset_position_1_prt_25_2_prt_8 mi_asset_position  (cost=0.00..179.00 rows=1 width=0)
                                 Rows out:  (No row requested) 0 rows (seg0) with 0 ms to end.
                     ->  Result  (cost=0.00..179.00 rows=1 width=0)
                           One-Time Filter: false
                           Rows out:  0 rows (seg0) with 0.005 ms to end, start offset by 206 ms.
                           ->  Seq Scan on mi_asset_position_1_prt_25_2_prt_9 mi_asset_position  (cost=0.00..179.00 rows=1 width=0)
                                 Rows out:  (No row requested) 0 rows (seg0) with 0 ms to end.
                     ->  Result  (cost=0.00..179.00 rows=1 width=0)
                           One-Time Filter: false
                           Rows out:  0 rows (seg0) with 0.004 ms to end, start offset by 206 ms.
                           ->  Seq Scan on mi_asset_position_1_prt_25_2_prt_10 mi_asset_position  (cost=0.00..179.00 rows=1 width=0)
                                 Rows out:  (No row requested) 0 rows (seg0) with 0 ms to end.
                     ->  Result  (cost=0.00..179.00 rows=1 width=0)
                           One-Time Filter: false
                           Rows out:  0 rows (seg0) with 0.005 ms to end, start offset by 206 ms.
                           ->  Seq Scan on mi_asset_position_1_prt_25_2_prt_11 mi_asset_position  (cost=0.00..179.00 rows=1 width=0)
                                 Rows out:  (No row requested) 0 rows (seg0) with 0 ms to end.
                     ->  Result  (cost=0.00..179.00 rows=1 width=0)
                           One-Time Filter: false
                           Rows out:  0 rows (seg0) with 0.006 ms to end, start offset by 206 ms.
                           ->  Seq Scan on mi_asset_position_1_prt_25_2_prt_12 mi_asset_position  (cost=0.00..179.00 rows=1 width=0)
                                 Rows out:  (No row requested) 0 rows (seg0) with 0 ms to end.
                     ->  Result  (cost=0.00..179.00 rows=1 width=0)
                           One-Time Filter: false
                           Rows out:  0 rows (seg0) with 0.005 ms to end, start offset by 206 ms.
                           ->  Seq Scan on mi_asset_position_1_prt_25_2_prt_13 mi_asset_position  (cost=0.00..179.00 rows=1 width=0)
                                 Rows out:  (No row requested) 0 rows (seg0) with 0 ms to end.
                     ->  Result  (cost=0.00..179.00 rows=1 width=0)
                           One-Time Filter: false
                           Rows out:  0 rows (seg0) with 0.004 ms to end, start offset by 206 ms.
                           ->  Seq Scan on mi_asset_position_1_prt_26_2_prt_other_months mi_asset_position  (cost=0.00..179.00 rows=1 width=0)
                                 Rows out:  (No row requested) 0 rows (seg0) with 0 ms to end.
                     ->  Result  (cost=0.00..179.00 rows=1 width=0)
                           One-Time Filter: false
                           Rows out:  0 rows (seg0) with 0.005 ms to end, start offset by 206 ms.
                           ->  Seq Scan on mi_asset_position_1_prt_26_2_prt_2 mi_asset_position  (cost=0.00..179.00 rows=1 width=0)
                                 Rows out:  (No row requested) 0 rows (seg0) with 0 ms to end.
                     ->  Result  (cost=0.00..179.00 rows=1 width=0)
                           One-Time Filter: false
                           Rows out:  0 rows (seg0) with 0.004 ms to end, start offset by 206 ms.
                           ->  Seq Scan on mi_asset_position_1_prt_26_2_prt_3 mi_asset_position  (cost=0.00..179.00 rows=1 width=0)
                                 Rows out:  (No row requested) 0 rows (seg0) with 0 ms to end.
                     ->  Result  (cost=0.00..179.00 rows=1 width=0)
                           One-Time Filter: false
                           Rows out:  0 rows (seg0) with 0.005 ms to end, start offset by 206 ms.
                           ->  Seq Scan on mi_asset_position_1_prt_26_2_prt_4 mi_asset_position  (cost=0.00..179.00 rows=1 width=0)
                                 Rows out:  (No row requested) 0 rows (seg0) with 0 ms to end.
                     ->  Result  (cost=0.00..179.00 rows=1 width=0)
                           One-Time Filter: false
                           Rows out:  0 rows (seg0) with 0.005 ms to end, start offset by 206 ms.
                           ->  Seq Scan on mi_asset_position_1_prt_26_2_prt_5 mi_asset_position  (cost=0.00..179.00 rows=1 width=0)
                                 Rows out:  (No row requested) 0 rows (seg0) with 0 ms to end.
                     ->  Result  (cost=0.00..179.00 rows=1 width=0)
                           One-Time Filter: false
                           Rows out:  0 rows (seg0) with 0.005 ms to end, start offset by 206 ms.
                           ->  Seq Scan on mi_asset_position_1_prt_26_2_prt_6 mi_asset_position  (cost=0.00..179.00 rows=1 width=0)
                                 Rows out:  (No row requested) 0 rows (seg0) with 0 ms to end.
                     ->  Result  (cost=0.00..179.00 rows=1 width=0)
                           One-Time Filter: false
                           Rows out:  0 rows (seg0) with 0.004 ms to end, start offset by 206 ms.
                           ->  Seq Scan on mi_asset_position_1_prt_26_2_prt_7 mi_asset_position  (cost=0.00..179.00 rows=1 width=0)
                                 Rows out:  (No row requested) 0 rows (seg0) with 0 ms to end.
                     ->  Result  (cost=0.00..179.00 rows=1 width=0)
                           One-Time Filter: false
                           Rows out:  0 rows (seg0) with 0.005 ms to end, start offset by 206 ms.
                           ->  Seq Scan on mi_asset_position_1_prt_26_2_prt_8 mi_asset_position  (cost=0.00..179.00 rows=1 width=0)
                                 Rows out:  (No row requested) 0 rows (seg0) with 0 ms to end.
                     ->  Result  (cost=0.00..179.00 rows=1 width=0)
                           One-Time Filter: false
                           Rows out:  0 rows (seg0) with 0.004 ms to end, start offset by 206 ms.
                           ->  Seq Scan on mi_asset_position_1_prt_26_2_prt_9 mi_asset_position  (cost=0.00..179.00 rows=1 width=0)
                                 Rows out:  (No row requested) 0 rows (seg0) with 0 ms to end.
                     ->  Result  (cost=0.00..179.00 rows=1 width=0)
                           One-Time Filter: false
                           Rows out:  0 rows (seg0) with 0.005 ms to end, start offset by 206 ms.
                           ->  Seq Scan on mi_asset_position_1_prt_26_2_prt_10 mi_asset_position  (cost=0.00..179.00 rows=1 width=0)
                                 Rows out:  (No row requested) 0 rows (seg0) with 0 ms to end.
                     ->  Result  (cost=0.00..179.00 rows=1 width=0)
                           One-Time Filter: false
                           Rows out:  0 rows (seg0) with 0.005 ms to end, start offset by 206 ms.
                           ->  Seq Scan on mi_asset_position_1_prt_26_2_prt_11 mi_asset_position  (cost=0.00..179.00 rows=1 width=0)
                                 Rows out:  (No row requested) 0 rows (seg0) with 0 ms to end.
                     ->  Result  (cost=0.00..179.00 rows=1 width=0)
                           One-Time Filter: false
                           Rows out:  0 rows (seg0) with 0.005 ms to end, start offset by 206 ms.
                           ->  Seq Scan on mi_asset_position_1_prt_26_2_prt_12 mi_asset_position  (cost=0.00..179.00 rows=1 width=0)
                                 Rows out:  (No row requested) 0 rows (seg0) with 0 ms to end.
                     ->  Result  (cost=0.00..179.00 rows=1 width=0)
                           One-Time Filter: false
                           Rows out:  0 rows (seg0) with 0.005 ms to end, start offset by 206 ms.
                           ->  Seq Scan on mi_asset_position_1_prt_26_2_prt_13 mi_asset_position  (cost=0.00..179.00 rows=1 width=0)
                                 Rows out:  (No row requested) 0 rows (seg0) with 0 ms to end.
                     ->  Result  (cost=0.00..179.00 rows=1 width=0)
                           One-Time Filter: false
                           Rows out:  0 rows (seg0) with 0.004 ms to end, start offset by 206 ms.
                           ->  Seq Scan on mi_asset_position_1_prt_27_2_prt_other_months mi_asset_position  (cost=0.00..179.00 rows=1 width=0)
                                 Rows out:  (No row requested) 0 rows (seg0) with 0 ms to end.
                     ->  Result  (cost=0.00..179.00 rows=1 width=0)
                           One-Time Filter: false
                           Rows out:  0 rows (seg0) with 0.005 ms to end, start offset by 206 ms.
                           ->  Seq Scan on mi_asset_position_1_prt_27_2_prt_2 mi_asset_position  (cost=0.00..179.00 rows=1 width=0)
                                 Rows out:  (No row requested) 0 rows (seg0) with 0 ms to end.
                     ->  Result  (cost=0.00..179.00 rows=1 width=0)
                           One-Time Filter: false
                           Rows out:  0 rows (seg0) with 0.005 ms to end, start offset by 206 ms.
                           ->  Seq Scan on mi_asset_position_1_prt_27_2_prt_3 mi_asset_position  (cost=0.00..179.00 rows=1 width=0)
                                 Rows out:  (No row requested) 0 rows (seg0) with 0 ms to end.
                     ->  Result  (cost=0.00..179.00 rows=1 width=0)
                           One-Time Filter: false
                           Rows out:  0 rows (seg0) with 0.005 ms to end, start offset by 206 ms.
                           ->  Seq Scan on mi_asset_position_1_prt_27_2_prt_4 mi_asset_position  (cost=0.00..179.00 rows=1 width=0)
                                 Rows out:  (No row requested) 0 rows (seg0) with 0 ms to end.
                     ->  Result  (cost=0.00..179.00 rows=1 width=0)
                           One-Time Filter: false
                           Rows out:  0 rows (seg0) with 0.005 ms to end, start offset by 206 ms.
                           ->  Seq Scan on mi_asset_position_1_prt_27_2_prt_5 mi_asset_position  (cost=0.00..179.00 rows=1 width=0)
                                 Rows out:  (No row requested) 0 rows (seg0) with 0 ms to end.
                     ->  Result  (cost=0.00..179.00 rows=1 width=0)
                           One-Time Filter: false
                           Rows out:  0 rows (seg0) with 0.004 ms to end, start offset by 206 ms.
                           ->  Seq Scan on mi_asset_position_1_prt_27_2_prt_6 mi_asset_position  (cost=0.00..179.00 rows=1 width=0)
                                 Rows out:  (No row requested) 0 rows (seg0) with 0 ms to end.
                     ->  Result  (cost=0.00..179.00 rows=1 width=0)
                           One-Time Filter: false
                           Rows out:  0 rows (seg0) with 0.005 ms to end, start offset by 206 ms.
                           ->  Seq Scan on mi_asset_position_1_prt_27_2_prt_7 mi_asset_position  (cost=0.00..179.00 rows=1 width=0)
                                 Rows out:  (No row requested) 0 rows (seg0) with 0 ms to end.
                     ->  Result  (cost=0.00..179.00 rows=1 width=0)
                           One-Time Filter: false
                           Rows out:  0 rows (seg0) with 0.005 ms to end, start offset by 206 ms.
                           ->  Seq Scan on mi_asset_position_1_prt_27_2_prt_8 mi_asset_position  (cost=0.00..179.00 rows=1 width=0)
                                 Rows out:  (No row requested) 0 rows (seg0) with 0 ms to end.
                     ->  Result  (cost=0.00..179.00 rows=1 width=0)
                           One-Time Filter: false
                           Rows out:  0 rows (seg0) with 0.004 ms to end, start offset by 206 ms.
                           ->  Seq Scan on mi_asset_position_1_prt_27_2_prt_9 mi_asset_position  (cost=0.00..179.00 rows=1 width=0)
                                 Rows out:  (No row requested) 0 rows (seg0) with 0 ms to end.
                     ->  Result  (cost=0.00..179.00 rows=1 width=0)
                           One-Time Filter: false
                           Rows out:  0 rows (seg0) with 0.005 ms to end, start offset by 206 ms.
                           ->  Seq Scan on mi_asset_position_1_prt_27_2_prt_10 mi_asset_position  (cost=0.00..179.00 rows=1 width=0)
                                 Rows out:  (No row requested) 0 rows (seg0) with 0 ms to end.
                     ->  Result  (cost=0.00..179.00 rows=1 width=0)
                           One-Time Filter: false
                           Rows out:  0 rows (seg0) with 0.005 ms to end, start offset by 206 ms.
                           ->  Seq Scan on mi_asset_position_1_prt_27_2_prt_11 mi_asset_position  (cost=0.00..179.00 rows=1 width=0)
                                 Rows out:  (No row requested) 0 rows (seg0) with 0 ms to end.
                     ->  Result  (cost=0.00..179.00 rows=1 width=0)
                           One-Time Filter: false
                           Rows out:  0 rows (seg0) with 0.005 ms to end, start offset by 206 ms.
                           ->  Seq Scan on mi_asset_position_1_prt_27_2_prt_12 mi_asset_position  (cost=0.00..179.00 rows=1 width=0)
                                 Rows out:  (No row requested) 0 rows (seg0) with 0 ms to end.
                     ->  Result  (cost=0.00..179.00 rows=1 width=0)
                           One-Time Filter: false
                           Rows out:  0 rows (seg0) with 0.009 ms to end, start offset by 206 ms.
                           ->  Seq Scan on mi_asset_position_1_prt_27_2_prt_13 mi_asset_position  (cost=0.00..179.00 rows=1 width=0)
                                 Rows out:  (No row requested) 0 rows (seg0) with 0 ms to end.
                     ->  Result  (cost=0.00..179.00 rows=1 width=0)
                           One-Time Filter: false
                           Rows out:  0 rows (seg0) with 0.005 ms to end, start offset by 206 ms.
                           ->  Seq Scan on mi_asset_position_1_prt_28_2_prt_other_months mi_asset_position  (cost=0.00..179.00 rows=1 width=0)
                                 Rows out:  (No row requested) 0 rows (seg0) with 0 ms to end.
                     ->  Result  (cost=0.00..179.00 rows=1 width=0)
                           One-Time Filter: false
                           Rows out:  0 rows (seg0) with 0.005 ms to end, start offset by 206 ms.
                           ->  Seq Scan on mi_asset_position_1_prt_28_2_prt_2 mi_asset_position  (cost=0.00..179.00 rows=1 width=0)
                                 Rows out:  (No row requested) 0 rows (seg0) with 0 ms to end.
                     ->  Result  (cost=0.00..179.00 rows=1 width=0)
                           One-Time Filter: false
                           Rows out:  0 rows (seg0) with 0.016 ms to end, start offset by 206 ms.
                           ->  Seq Scan on mi_asset_position_1_prt_28_2_prt_3 mi_asset_position  (cost=0.00..179.00 rows=1 width=0)
                                 Rows out:  (No row requested) 0 rows (seg0) with 0 ms to end.
                     ->  Result  (cost=0.00..179.00 rows=1 width=0)
                           One-Time Filter: false
                           Rows out:  0 rows (seg0) with 0.005 ms to end, start offset by 206 ms.
                           ->  Seq Scan on mi_asset_position_1_prt_28_2_prt_4 mi_asset_position  (cost=0.00..179.00 rows=1 width=0)
                                 Rows out:  (No row requested) 0 rows (seg0) with 0 ms to end.
                     ->  Result  (cost=0.00..179.00 rows=1 width=0)
                           One-Time Filter: false
                           Rows out:  0 rows (seg0) with 0.005 ms to end, start offset by 206 ms.
                           ->  Seq Scan on mi_asset_position_1_prt_28_2_prt_5 mi_asset_position  (cost=0.00..179.00 rows=1 width=0)
                                 Rows out:  (No row requested) 0 rows (seg0) with 0 ms to end.
                     ->  Result  (cost=0.00..179.00 rows=1 width=0)
                           One-Time Filter: false
                           Rows out:  0 rows (seg0) with 0.004 ms to end, start offset by 206 ms.
                           ->  Seq Scan on mi_asset_position_1_prt_28_2_prt_6 mi_asset_position  (cost=0.00..179.00 rows=1 width=0)
                                 Rows out:  (No row requested) 0 rows (seg0) with 0 ms to end.
                     ->  Result  (cost=0.00..179.00 rows=1 width=0)
                           One-Time Filter: false
                           Rows out:  0 rows (seg0) with 0.005 ms to end, start offset by 206 ms.
                           ->  Seq Scan on mi_asset_position_1_prt_28_2_prt_7 mi_asset_position  (cost=0.00..179.00 rows=1 width=0)
                                 Rows out:  (No row requested) 0 rows (seg0) with 0 ms to end.
                     ->  Result  (cost=0.00..179.00 rows=1 width=0)
                           One-Time Filter: false
                           Rows out:  0 rows (seg0) with 0.005 ms to end, start offset by 206 ms.
                           ->  Seq Scan on mi_asset_position_1_prt_28_2_prt_8 mi_asset_position  (cost=0.00..179.00 rows=1 width=0)
                                 Rows out:  (No row requested) 0 rows (seg0) with 0 ms to end.
                     ->  Result  (cost=0.00..179.00 rows=1 width=0)
                           One-Time Filter: false
                           Rows out:  0 rows (seg0) with 0.005 ms to end, start offset by 206 ms.
                           ->  Seq Scan on mi_asset_position_1_prt_28_2_prt_9 mi_asset_position  (cost=0.00..179.00 rows=1 width=0)
                                 Rows out:  (No row requested) 0 rows (seg0) with 0 ms to end.
                     ->  Result  (cost=0.00..179.00 rows=1 width=0)
                           One-Time Filter: false
                           Rows out:  0 rows (seg0) with 0.005 ms to end, start offset by 206 ms.
                           ->  Seq Scan on mi_asset_position_1_prt_28_2_prt_10 mi_asset_position  (cost=0.00..179.00 rows=1 width=0)
                                 Rows out:  (No row requested) 0 rows (seg0) with 0 ms to end.
                     ->  Result  (cost=0.00..179.00 rows=1 width=0)
                           One-Time Filter: false
                           Rows out:  0 rows (seg0) with 0.005 ms to end, start offset by 206 ms.
                           ->  Seq Scan on mi_asset_position_1_prt_28_2_prt_11 mi_asset_position  (cost=0.00..179.00 rows=1 width=0)
                                 Rows out:  (No row requested) 0 rows (seg0) with 0 ms to end.
                     ->  Result  (cost=0.00..179.00 rows=1 width=0)
                           One-Time Filter: false
                           Rows out:  0 rows (seg0) with 0.005 ms to end, start offset by 206 ms.
                           ->  Seq Scan on mi_asset_position_1_prt_28_2_prt_12 mi_asset_position  (cost=0.00..179.00 rows=1 width=0)
                                 Rows out:  (No row requested) 0 rows (seg0) with 0 ms to end.
                     ->  Result  (cost=0.00..179.00 rows=1 width=0)
                           One-Time Filter: false
                           Rows out:  0 rows (seg0) with 0.005 ms to end, start offset by 206 ms.
                           ->  Seq Scan on mi_asset_position_1_prt_28_2_prt_13 mi_asset_position  (cost=0.00..179.00 rows=1 width=0)
                                 Rows out:  (No row requested) 0 rows (seg0) with 0 ms to end.
                     ->  Result  (cost=0.00..179.00 rows=1 width=0)
                           One-Time Filter: false
                           Rows out:  0 rows (seg0) with 0.005 ms to end, start offset by 206 ms.
                           ->  Seq Scan on mi_asset_position_1_prt_29_2_prt_other_months mi_asset_position  (cost=0.00..179.00 rows=1 width=0)
                                 Rows out:  (No row requested) 0 rows (seg0) with 0 ms to end.
                     ->  Result  (cost=0.00..179.00 rows=1 width=0)
                           One-Time Filter: false
                           Rows out:  0 rows (seg0) with 0.005 ms to end, start offset by 206 ms.
                           ->  Seq Scan on mi_asset_position_1_prt_29_2_prt_2 mi_asset_position  (cost=0.00..179.00 rows=1 width=0)
                                 Rows out:  (No row requested) 0 rows (seg0) with 0 ms to end.
                     ->  Result  (cost=0.00..179.00 rows=1 width=0)
                           One-Time Filter: false
                           Rows out:  0 rows (seg0) with 0.005 ms to end, start offset by 206 ms.
                           ->  Seq Scan on mi_asset_position_1_prt_29_2_prt_3 mi_asset_position  (cost=0.00..179.00 rows=1 width=0)
                                 Rows out:  (No row requested) 0 rows (seg0) with 0 ms to end.
                     ->  Result  (cost=0.00..179.00 rows=1 width=0)
                           One-Time Filter: false
                           Rows out:  0 rows (seg0) with 0.008 ms to end, start offset by 178 ms.
                           ->  Seq Scan on mi_asset_position_1_prt_29_2_prt_4 mi_asset_position  (cost=0.00..179.00 rows=1 width=0)
                                 Rows out:  (No row requested) 0 rows (seg0) with 0 ms to end.
                     ->  Result  (cost=0.00..179.00 rows=1 width=0)
                           One-Time Filter: false
                           Rows out:  0 rows (seg0) with 0.004 ms to end, start offset by 206 ms.
                           ->  Seq Scan on mi_asset_position_1_prt_29_2_prt_5 mi_asset_position  (cost=0.00..179.00 rows=1 width=0)
                                 Rows out:  (No row requested) 0 rows (seg0) with 0 ms to end.
                     ->  Result  (cost=0.00..179.00 rows=1 width=0)
                           One-Time Filter: false
                           Rows out:  0 rows (seg0) with 0.005 ms to end, start offset by 206 ms.
                           ->  Seq Scan on mi_asset_position_1_prt_29_2_prt_6 mi_asset_position  (cost=0.00..179.00 rows=1 width=0)
                                 Rows out:  (No row requested) 0 rows (seg0) with 0 ms to end.
                     ->  Result  (cost=0.00..179.00 rows=1 width=0)
                           One-Time Filter: false
                           Rows out:  0 rows (seg0) with 0.005 ms to end, start offset by 206 ms.
                           ->  Seq Scan on mi_asset_position_1_prt_29_2_prt_7 mi_asset_position  (cost=0.00..179.00 rows=1 width=0)
                                 Rows out:  (No row requested) 0 rows (seg0) with 0 ms to end.
                     ->  Result  (cost=0.00..179.00 rows=1 width=0)
                           One-Time Filter: false
                           Rows out:  0 rows (seg0) with 0.005 ms to end, start offset by 206 ms.
                           ->  Seq Scan on mi_asset_position_1_prt_29_2_prt_8 mi_asset_position  (cost=0.00..179.00 rows=1 width=0)
                                 Rows out:  (No row requested) 0 rows (seg0) with 0 ms to end.
                     ->  Result  (cost=0.00..179.00 rows=1 width=0)
                           One-Time Filter: false
                           Rows out:  0 rows (seg0) with 0.005 ms to end, start offset by 206 ms.
                           ->  Seq Scan on mi_asset_position_1_prt_29_2_prt_9 mi_asset_position  (cost=0.00..179.00 rows=1 width=0)
                                 Rows out:  (No row requested) 0 rows (seg0) with 0 ms to end.
                     ->  Result  (cost=0.00..179.00 rows=1 width=0)
                           One-Time Filter: false
                           Rows out:  0 rows (seg0) with 0.005 ms to end, start offset by 206 ms.
                           ->  Seq Scan on mi_asset_position_1_prt_29_2_prt_10 mi_asset_position  (cost=0.00..179.00 rows=1 width=0)
                                 Rows out:  (No row requested) 0 rows (seg0) with 0 ms to end.
                     ->  Result  (cost=0.00..179.00 rows=1 width=0)
                           One-Time Filter: false
                           Rows out:  0 rows (seg0) with 0.004 ms to end, start offset by 206 ms.
                           ->  Seq Scan on mi_asset_position_1_prt_29_2_prt_11 mi_asset_position  (cost=0.00..179.00 rows=1 width=0)
                                 Rows out:  (No row requested) 0 rows (seg0) with 0 ms to end.
                     ->  Result  (cost=0.00..179.00 rows=1 width=0)
                           One-Time Filter: false
                           Rows out:  0 rows (seg0) with 0.005 ms to end, start offset by 206 ms.
                           ->  Seq Scan on mi_asset_position_1_prt_29_2_prt_12 mi_asset_position  (cost=0.00..179.00 rows=1 width=0)
                                 Rows out:  (No row requested) 0 rows (seg0) with 0 ms to end.
                     ->  Result  (cost=0.00..179.00 rows=1 width=0)
                           One-Time Filter: false
                           Rows out:  0 rows (seg0) with 0.005 ms to end, start offset by 206 ms.
                           ->  Seq Scan on mi_asset_position_1_prt_29_2_prt_13 mi_asset_position  (cost=0.00..179.00 rows=1 width=0)
                                 Rows out:  (No row requested) 0 rows (seg0) with 0 ms to end.
                     ->  Result  (cost=0.00..179.00 rows=1 width=0)
                           One-Time Filter: false
                           Rows out:  0 rows (seg0) with 0.005 ms to end, start offset by 206 ms.
                           ->  Seq Scan on mi_asset_position_1_prt_30_2_prt_other_months mi_asset_position  (cost=0.00..179.00 rows=1 width=0)
                                 Rows out:  (No row requested) 0 rows (seg0) with 0 ms to end.
                     ->  Result  (cost=0.00..179.00 rows=1 width=0)
                           One-Time Filter: false
                           Rows out:  0 rows (seg0) with 0.004 ms to end, start offset by 206 ms.
                           ->  Seq Scan on mi_asset_position_1_prt_30_2_prt_2 mi_asset_position  (cost=0.00..179.00 rows=1 width=0)
                                 Rows out:  (No row requested) 0 rows (seg0) with 0 ms to end.
                     ->  Result  (cost=0.00..179.00 rows=1 width=0)
                           One-Time Filter: false
                           Rows out:  0 rows (seg0) with 0.005 ms to end, start offset by 207 ms.
                           ->  Seq Scan on mi_asset_position_1_prt_30_2_prt_3 mi_asset_position  (cost=0.00..179.00 rows=1 width=0)
                                 Rows out:  (No row requested) 0 rows (seg0) with 0 ms to end.
                     ->  Result  (cost=0.00..179.00 rows=1 width=0)
                           One-Time Filter: false
                           Rows out:  0 rows (seg0) with 0.004 ms to end, start offset by 207 ms.
                           ->  Seq Scan on mi_asset_position_1_prt_30_2_prt_4 mi_asset_position  (cost=0.00..179.00 rows=1 width=0)
                                 Rows out:  (No row requested) 0 rows (seg0) with 0 ms to end.
                     ->  Result  (cost=0.00..179.00 rows=1 width=0)
                           One-Time Filter: false
                           Rows out:  0 rows (seg0) with 0.005 ms to end, start offset by 207 ms.
                           ->  Seq Scan on mi_asset_position_1_prt_30_2_prt_5 mi_asset_position  (cost=0.00..179.00 rows=1 width=0)
                                 Rows out:  (No row requested) 0 rows (seg0) with 0 ms to end.
                     ->  Result  (cost=0.00..179.00 rows=1 width=0)
                           One-Time Filter: false
                           Rows out:  0 rows (seg0) with 0.005 ms to end, start offset by 207 ms.
                           ->  Seq Scan on mi_asset_position_1_prt_30_2_prt_6 mi_asset_position  (cost=0.00..179.00 rows=1 width=0)
                                 Rows out:  (No row requested) 0 rows (seg0) with 0 ms to end.
                     ->  Result  (cost=0.00..179.00 rows=1 width=0)
                           One-Time Filter: false
                           Rows out:  0 rows (seg0) with 0.005 ms to end, start offset by 207 ms.
                           ->  Seq Scan on mi_asset_position_1_prt_30_2_prt_7 mi_asset_position  (cost=0.00..179.00 rows=1 width=0)
                                 Rows out:  (No row requested) 0 rows (seg0) with 0 ms to end.
                     ->  Result  (cost=0.00..179.00 rows=1 width=0)
                           One-Time Filter: false
                           Rows out:  0 rows (seg0) with 0.006 ms to end, start offset by 207 ms.
                           ->  Seq Scan on mi_asset_position_1_prt_30_2_prt_8 mi_asset_position  (cost=0.00..179.00 rows=1 width=0)
                                 Rows out:  (No row requested) 0 rows (seg0) with 0 ms to end.
                     ->  Result  (cost=0.00..179.00 rows=1 width=0)
                           One-Time Filter: false
                           Rows out:  0 rows (seg0) with 0.005 ms to end, start offset by 207 ms.
                           ->  Seq Scan on mi_asset_position_1_prt_30_2_prt_9 mi_asset_position  (cost=0.00..179.00 rows=1 width=0)
                                 Rows out:  (No row requested) 0 rows (seg0) with 0 ms to end.
                     ->  Result  (cost=0.00..179.00 rows=1 width=0)
                           One-Time Filter: false
                           Rows out:  0 rows (seg0) with 0.005 ms to end, start offset by 207 ms.
                           ->  Seq Scan on mi_asset_position_1_prt_30_2_prt_10 mi_asset_position  (cost=0.00..179.00 rows=1 width=0)
                                 Rows out:  (No row requested) 0 rows (seg0) with 0 ms to end.
                     ->  Result  (cost=0.00..179.00 rows=1 width=0)
                           One-Time Filter: false
                           Rows out:  0 rows (seg0) with 0.005 ms to end, start offset by 207 ms.
                           ->  Seq Scan on mi_asset_position_1_prt_30_2_prt_11 mi_asset_position  (cost=0.00..179.00 rows=1 width=0)
                                 Rows out:  (No row requested) 0 rows (seg0) with 0 ms to end.
                     ->  Result  (cost=0.00..179.00 rows=1 width=0)
                           One-Time Filter: false
                           Rows out:  0 rows (seg0) with 0.005 ms to end, start offset by 207 ms.
                           ->  Seq Scan on mi_asset_position_1_prt_30_2_prt_12 mi_asset_position  (cost=0.00..179.00 rows=1 width=0)
                                 Rows out:  (No row requested) 0 rows (seg0) with 0 ms to end.
                     ->  Result  (cost=0.00..179.00 rows=1 width=0)
                           One-Time Filter: false
                           Rows out:  0 rows (seg0) with 0.005 ms to end, start offset by 207 ms.
                           ->  Seq Scan on mi_asset_position_1_prt_30_2_prt_13 mi_asset_position  (cost=0.00..179.00 rows=1 width=0)
                                 Rows out:  (No row requested) 0 rows (seg0) with 0 ms to end.
                     ->  Result  (cost=0.00..179.00 rows=1 width=0)
                           One-Time Filter: false
                           Rows out:  0 rows (seg0) with 0.005 ms to end, start offset by 207 ms.
                           ->  Seq Scan on mi_asset_position_1_prt_31_2_prt_other_months mi_asset_position  (cost=0.00..179.00 rows=1 width=0)
                                 Rows out:  (No row requested) 0 rows (seg0) with 0 ms to end.
                     ->  Result  (cost=0.00..179.00 rows=1 width=0)
                           One-Time Filter: false
                           Rows out:  0 rows (seg0) with 0.005 ms to end, start offset by 207 ms.
                           ->  Seq Scan on mi_asset_position_1_prt_31_2_prt_2 mi_asset_position  (cost=0.00..179.00 rows=1 width=0)
                                 Rows out:  (No row requested) 0 rows (seg0) with 0 ms to end.
                     ->  Result  (cost=0.00..179.00 rows=1 width=0)
                           One-Time Filter: false
                           Rows out:  0 rows (seg0) with 0.005 ms to end, start offset by 207 ms.
                           ->  Seq Scan on mi_asset_position_1_prt_31_2_prt_3 mi_asset_position  (cost=0.00..179.00 rows=1 width=0)
                                 Rows out:  (No row requested) 0 rows (seg0) with 0 ms to end.
                     ->  Result  (cost=0.00..179.00 rows=1 width=0)
                           One-Time Filter: false
                           Rows out:  0 rows (seg0) with 0.005 ms to end, start offset by 207 ms.
                           ->  Seq Scan on mi_asset_position_1_prt_31_2_prt_4 mi_asset_position  (cost=0.00..179.00 rows=1 width=0)
                                 Rows out:  (No row requested) 0 rows (seg0) with 0 ms to end.
                     ->  Result  (cost=0.00..179.00 rows=1 width=0)
                           One-Time Filter: false
                           Rows out:  0 rows (seg0) with 0.005 ms to end, start offset by 207 ms.
                           ->  Seq Scan on mi_asset_position_1_prt_31_2_prt_5 mi_asset_position  (cost=0.00..179.00 rows=1 width=0)
                                 Rows out:  (No row requested) 0 rows (seg0) with 0 ms to end.
                     ->  Result  (cost=0.00..179.00 rows=1 width=0)
                           One-Time Filter: false
                           Rows out:  0 rows (seg0) with 0.005 ms to end, start offset by 207 ms.
                           ->  Seq Scan on mi_asset_position_1_prt_31_2_prt_6 mi_asset_position  (cost=0.00..179.00 rows=1 width=0)
                                 Rows out:  (No row requested) 0 rows (seg0) with 0 ms to end.
                     ->  Result  (cost=0.00..179.00 rows=1 width=0)
                           One-Time Filter: false
                           Rows out:  0 rows (seg0) with 0.005 ms to end, start offset by 207 ms.
                           ->  Seq Scan on mi_asset_position_1_prt_31_2_prt_7 mi_asset_position  (cost=0.00..179.00 rows=1 width=0)
                                 Rows out:  (No row requested) 0 rows (seg0) with 0 ms to end.
                     ->  Result  (cost=0.00..179.00 rows=1 width=0)
                           One-Time Filter: false
                           Rows out:  0 rows (seg0) with 0.005 ms to end, start offset by 207 ms.
                           ->  Seq Scan on mi_asset_position_1_prt_31_2_prt_8 mi_asset_position  (cost=0.00..179.00 rows=1 width=0)
                                 Rows out:  (No row requested) 0 rows (seg0) with 0 ms to end.
                     ->  Result  (cost=0.00..179.00 rows=1 width=0)
                           One-Time Filter: false
                           Rows out:  0 rows (seg0) with 0.005 ms to end, start offset by 207 ms.
                           ->  Seq Scan on mi_asset_position_1_prt_31_2_prt_9 mi_asset_position  (cost=0.00..179.00 rows=1 width=0)
                                 Rows out:  (No row requested) 0 rows (seg0) with 0 ms to end.
                     ->  Result  (cost=0.00..179.00 rows=1 width=0)
                           One-Time Filter: false
                           Rows out:  0 rows (seg0) with 0.005 ms to end, start offset by 207 ms.
                           ->  Seq Scan on mi_asset_position_1_prt_31_2_prt_10 mi_asset_position  (cost=0.00..179.00 rows=1 width=0)
                                 Rows out:  (No row requested) 0 rows (seg0) with 0 ms to end.
                     ->  Result  (cost=0.00..179.00 rows=1 width=0)
                           One-Time Filter: false
                           Rows out:  0 rows (seg0) with 0.005 ms to end, start offset by 207 ms.
                           ->  Seq Scan on mi_asset_position_1_prt_31_2_prt_11 mi_asset_position  (cost=0.00..179.00 rows=1 width=0)
                                 Rows out:  (No row requested) 0 rows (seg0) with 0 ms to end.
                     ->  Result  (cost=0.00..179.00 rows=1 width=0)
                           One-Time Filter: false
                           Rows out:  0 rows (seg0) with 0.005 ms to end, start offset by 207 ms.
                           ->  Seq Scan on mi_asset_position_1_prt_31_2_prt_12 mi_asset_position  (cost=0.00..179.00 rows=1 width=0)
                                 Rows out:  (No row requested) 0 rows (seg0) with 0 ms to end.
                     ->  Result  (cost=0.00..179.00 rows=1 width=0)
                           One-Time Filter: false
                           Rows out:  0 rows (seg0) with 0.004 ms to end, start offset by 207 ms.
                           ->  Seq Scan on mi_asset_position_1_prt_31_2_prt_13 mi_asset_position  (cost=0.00..179.00 rows=1 width=0)
                                 Rows out:  (No row requested) 0 rows (seg0) with 0 ms to end.
                     ->  Result  (cost=0.00..179.00 rows=1 width=0)
                           One-Time Filter: false
                           Rows out:  0 rows (seg0) with 0.005 ms to end, start offset by 207 ms.
                           ->  Seq Scan on mi_asset_position_1_prt_32_2_prt_other_months mi_asset_position  (cost=0.00..179.00 rows=1 width=0)
                                 Rows out:  (No row requested) 0 rows (seg0) with 0 ms to end.
                     ->  Result  (cost=0.00..179.00 rows=1 width=0)
                           One-Time Filter: false
                           Rows out:  0 rows (seg0) with 0.005 ms to end, start offset by 207 ms.
                           ->  Seq Scan on mi_asset_position_1_prt_32_2_prt_2 mi_asset_position  (cost=0.00..179.00 rows=1 width=0)
                                 Rows out:  (No row requested) 0 rows (seg0) with 0 ms to end.
                     ->  Result  (cost=0.00..179.00 rows=1 width=0)
                           One-Time Filter: false
                           Rows out:  0 rows (seg0) with 0.005 ms to end, start offset by 207 ms.
                           ->  Seq Scan on mi_asset_position_1_prt_32_2_prt_3 mi_asset_position  (cost=0.00..179.00 rows=1 width=0)
                                 Rows out:  (No row requested) 0 rows (seg0) with 0 ms to end.
                     ->  Result  (cost=0.00..179.00 rows=1 width=0)
                           One-Time Filter: false
                           Rows out:  0 rows (seg0) with 0.005 ms to end, start offset by 207 ms.
                           ->  Seq Scan on mi_asset_position_1_prt_32_2_prt_4 mi_asset_position  (cost=0.00..179.00 rows=1 width=0)
                                 Rows out:  (No row requested) 0 rows (seg0) with 0 ms to end.
                     ->  Result  (cost=0.00..179.00 rows=1 width=0)
                           One-Time Filter: false
                           Rows out:  0 rows (seg0) with 0.005 ms to end, start offset by 207 ms.
                           ->  Seq Scan on mi_asset_position_1_prt_32_2_prt_5 mi_asset_position  (cost=0.00..179.00 rows=1 width=0)
                                 Rows out:  (No row requested) 0 rows (seg0) with 0 ms to end.
                     ->  Result  (cost=0.00..179.00 rows=1 width=0)
                           One-Time Filter: false
                           Rows out:  0 rows (seg0) with 0.005 ms to end, start offset by 207 ms.
                           ->  Seq Scan on mi_asset_position_1_prt_32_2_prt_6 mi_asset_position  (cost=0.00..179.00 rows=1 width=0)
                                 Rows out:  (No row requested) 0 rows (seg0) with 0 ms to end.
                     ->  Result  (cost=0.00..179.00 rows=1 width=0)
                           One-Time Filter: false
                           Rows out:  0 rows (seg0) with 0.005 ms to end, start offset by 207 ms.
                           ->  Seq Scan on mi_asset_position_1_prt_32_2_prt_7 mi_asset_position  (cost=0.00..179.00 rows=1 width=0)
                                 Rows out:  (No row requested) 0 rows (seg0) with 0 ms to end.
                     ->  Result  (cost=0.00..179.00 rows=1 width=0)
                           One-Time Filter: false
                           Rows out:  0 rows (seg0) with 0.005 ms to end, start offset by 207 ms.
                           ->  Seq Scan on mi_asset_position_1_prt_32_2_prt_8 mi_asset_position  (cost=0.00..179.00 rows=1 width=0)
                                 Rows out:  (No row requested) 0 rows (seg0) with 0 ms to end.
                     ->  Result  (cost=0.00..179.00 rows=1 width=0)
                           One-Time Filter: false
                           Rows out:  0 rows (seg0) with 0.004 ms to end, start offset by 207 ms.
                           ->  Seq Scan on mi_asset_position_1_prt_32_2_prt_9 mi_asset_position  (cost=0.00..179.00 rows=1 width=0)
                                 Rows out:  (No row requested) 0 rows (seg0) with 0 ms to end.
                     ->  Result  (cost=0.00..179.00 rows=1 width=0)
                           One-Time Filter: false
                           Rows out:  0 rows (seg0) with 0.005 ms to end, start offset by 207 ms.
                           ->  Seq Scan on mi_asset_position_1_prt_32_2_prt_10 mi_asset_position  (cost=0.00..179.00 rows=1 width=0)
                                 Rows out:  (No row requested) 0 rows (seg0) with 0 ms to end.
                     ->  Result  (cost=0.00..179.00 rows=1 width=0)
                           One-Time Filter: false
                           Rows out:  0 rows (seg0) with 0.005 ms to end, start offset by 207 ms.
                           ->  Seq Scan on mi_asset_position_1_prt_32_2_prt_11 mi_asset_position  (cost=0.00..179.00 rows=1 width=0)
                                 Rows out:  (No row requested) 0 rows (seg0) with 0 ms to end.
                     ->  Result  (cost=0.00..179.00 rows=1 width=0)
                           One-Time Filter: false
                           Rows out:  0 rows (seg0) with 0.005 ms to end, start offset by 207 ms.
                           ->  Seq Scan on mi_asset_position_1_prt_32_2_prt_12 mi_asset_position  (cost=0.00..179.00 rows=1 width=0)
                                 Rows out:  (No row requested) 0 rows (seg0) with 0 ms to end.
                     ->  Result  (cost=0.00..179.00 rows=1 width=0)
                           One-Time Filter: false
                           Rows out:  0 rows (seg0) with 0.005 ms to end, start offset by 207 ms.
                           ->  Seq Scan on mi_asset_position_1_prt_32_2_prt_13 mi_asset_position  (cost=0.00..179.00 rows=1 width=0)
                                 Rows out:  (No row requested) 0 rows (seg0) with 0 ms to end.
                     ->  Result  (cost=0.00..179.00 rows=1 width=0)
                           One-Time Filter: false
                           Rows out:  0 rows (seg0) with 0.005 ms to end, start offset by 207 ms.
                           ->  Seq Scan on mi_asset_position_1_prt_33_2_prt_other_months mi_asset_position  (cost=0.00..179.00 rows=1 width=0)
                                 Rows out:  (No row requested) 0 rows (seg0) with 0 ms to end.
                     ->  Result  (cost=0.00..179.00 rows=1 width=0)
                           One-Time Filter: false
                           Rows out:  0 rows (seg0) with 0.005 ms to end, start offset by 207 ms.
                           ->  Seq Scan on mi_asset_position_1_prt_33_2_prt_2 mi_asset_position  (cost=0.00..179.00 rows=1 width=0)
                                 Rows out:  (No row requested) 0 rows (seg0) with 0 ms to end.
                     ->  Result  (cost=0.00..179.00 rows=1 width=0)
                           One-Time Filter: false
                           Rows out:  0 rows (seg0) with 0.005 ms to end, start offset by 207 ms.
                           ->  Seq Scan on mi_asset_position_1_prt_33_2_prt_3 mi_asset_position  (cost=0.00..179.00 rows=1 width=0)
                                 Rows out:  (No row requested) 0 rows (seg0) with 0 ms to end.
                     ->  Result  (cost=0.00..179.00 rows=1 width=0)
                           One-Time Filter: false
                           Rows out:  0 rows (seg0) with 0.004 ms to end, start offset by 207 ms.
                           ->  Seq Scan on mi_asset_position_1_prt_33_2_prt_4 mi_asset_position  (cost=0.00..179.00 rows=1 width=0)
                                 Rows out:  (No row requested) 0 rows (seg0) with 0 ms to end.
                     ->  Result  (cost=0.00..179.00 rows=1 width=0)
                           One-Time Filter: false
                           Rows out:  0 rows (seg0) with 0.005 ms to end, start offset by 207 ms.
                           ->  Seq Scan on mi_asset_position_1_prt_33_2_prt_5 mi_asset_position  (cost=0.00..179.00 rows=1 width=0)
                                 Rows out:  (No row requested) 0 rows (seg0) with 0 ms to end.
                     ->  Result  (cost=0.00..179.00 rows=1 width=0)
                           One-Time Filter: false
                           Rows out:  0 rows (seg0) with 0.005 ms to end, start offset by 207 ms.
                           ->  Seq Scan on mi_asset_position_1_prt_33_2_prt_6 mi_asset_position  (cost=0.00..179.00 rows=1 width=0)
                                 Rows out:  (No row requested) 0 rows (seg0) with 0 ms to end.
                     ->  Result  (cost=0.00..179.00 rows=1 width=0)
                           One-Time Filter: false
                           Rows out:  0 rows (seg0) with 0.005 ms to end, start offset by 207 ms.
                           ->  Seq Scan on mi_asset_position_1_prt_33_2_prt_7 mi_asset_position  (cost=0.00..179.00 rows=1 width=0)
                                 Rows out:  (No row requested) 0 rows (seg0) with 0 ms to end.
                     ->  Result  (cost=0.00..179.00 rows=1 width=0)
                           One-Time Filter: false
                           Rows out:  0 rows (seg0) with 0.005 ms to end, start offset by 207 ms.
                           ->  Seq Scan on mi_asset_position_1_prt_33_2_prt_8 mi_asset_position  (cost=0.00..179.00 rows=1 width=0)
                                 Rows out:  (No row requested) 0 rows (seg0) with 0 ms to end.
                     ->  Result  (cost=0.00..179.00 rows=1 width=0)
                           One-Time Filter: false
                           Rows out:  0 rows (seg0) with 0.004 ms to end, start offset by 207 ms.
                           ->  Seq Scan on mi_asset_position_1_prt_33_2_prt_9 mi_asset_position  (cost=0.00..179.00 rows=1 width=0)
                                 Rows out:  (No row requested) 0 rows (seg0) with 0 ms to end.
                     ->  Result  (cost=0.00..179.00 rows=1 width=0)
                           One-Time Filter: false
                           Rows out:  0 rows (seg0) with 0.005 ms to end, start offset by 207 ms.
                           ->  Seq Scan on mi_asset_position_1_prt_33_2_prt_10 mi_asset_position  (cost=0.00..179.00 rows=1 width=0)
                                 Rows out:  (No row requested) 0 rows (seg0) with 0 ms to end.
                     ->  Result  (cost=0.00..179.00 rows=1 width=0)
                           One-Time Filter: false
                           Rows out:  0 rows (seg0) with 0.005 ms to end, start offset by 207 ms.
                           ->  Seq Scan on mi_asset_position_1_prt_33_2_prt_11 mi_asset_position  (cost=0.00..179.00 rows=1 width=0)
                                 Rows out:  (No row requested) 0 rows (seg0) with 0 ms to end.
                     ->  Result  (cost=0.00..179.00 rows=1 width=0)
                           One-Time Filter: false
                           Rows out:  0 rows (seg0) with 0.005 ms to end, start offset by 207 ms.
                           ->  Seq Scan on mi_asset_position_1_prt_33_2_prt_12 mi_asset_position  (cost=0.00..179.00 rows=1 width=0)
                                 Rows out:  (No row requested) 0 rows (seg0) with 0 ms to end.
                     ->  Result  (cost=0.00..179.00 rows=1 width=0)
                           One-Time Filter: false
                           Rows out:  0 rows (seg0) with 0.005 ms to end, start offset by 207 ms.
                           ->  Seq Scan on mi_asset_position_1_prt_33_2_prt_13 mi_asset_position  (cost=0.00..179.00 rows=1 width=0)
                                 Rows out:  (No row requested) 0 rows (seg0) with 0 ms to end.
                     ->  Result  (cost=0.00..179.00 rows=1 width=0)
                           One-Time Filter: false
                           Rows out:  0 rows (seg0) with 0.005 ms to end, start offset by 207 ms.
                           ->  Seq Scan on mi_asset_position_1_prt_34_2_prt_other_months mi_asset_position  (cost=0.00..179.00 rows=1 width=0)
                                 Rows out:  (No row requested) 0 rows (seg0) with 0 ms to end.
                     ->  Result  (cost=0.00..179.00 rows=1 width=0)
                           One-Time Filter: false
                           Rows out:  0 rows (seg0) with 0.014 ms to end, start offset by 207 ms.
                           ->  Seq Scan on mi_asset_position_1_prt_34_2_prt_2 mi_asset_position  (cost=0.00..179.00 rows=1 width=0)
                                 Rows out:  (No row requested) 0 rows (seg0) with 0 ms to end.
                     ->  Result  (cost=0.00..179.00 rows=1 width=0)
                           One-Time Filter: false
                           Rows out:  0 rows (seg0) with 0.005 ms to end, start offset by 207 ms.
                           ->  Seq Scan on mi_asset_position_1_prt_34_2_prt_3 mi_asset_position  (cost=0.00..179.00 rows=1 width=0)
                                 Rows out:  (No row requested) 0 rows (seg0) with 0 ms to end.
                     ->  Result  (cost=0.00..179.00 rows=1 width=0)
                           One-Time Filter: false
                           Rows out:  0 rows (seg0) with 0.005 ms to end, start offset by 207 ms.
                           ->  Seq Scan on mi_asset_position_1_prt_34_2_prt_4 mi_asset_position  (cost=0.00..179.00 rows=1 width=0)
                                 Rows out:  (No row requested) 0 rows (seg0) with 0 ms to end.
                     ->  Result  (cost=0.00..179.00 rows=1 width=0)
                           One-Time Filter: false
                           Rows out:  0 rows (seg0) with 0.004 ms to end, start offset by 207 ms.
                           ->  Seq Scan on mi_asset_position_1_prt_34_2_prt_5 mi_asset_position  (cost=0.00..179.00 rows=1 width=0)
                                 Rows out:  (No row requested) 0 rows (seg0) with 0 ms to end.
                     ->  Result  (cost=0.00..179.00 rows=1 width=0)
                           One-Time Filter: false
                           Rows out:  0 rows (seg0) with 0.005 ms to end, start offset by 207 ms.
                           ->  Seq Scan on mi_asset_position_1_prt_34_2_prt_6 mi_asset_position  (cost=0.00..179.00 rows=1 width=0)
                                 Rows out:  (No row requested) 0 rows (seg0) with 0 ms to end.
                     ->  Result  (cost=0.00..179.00 rows=1 width=0)
                           One-Time Filter: false
                           Rows out:  0 rows (seg0) with 0.005 ms to end, start offset by 207 ms.
                           ->  Seq Scan on mi_asset_position_1_prt_34_2_prt_7 mi_asset_position  (cost=0.00..179.00 rows=1 width=0)
                                 Rows out:  (No row requested) 0 rows (seg0) with 0 ms to end.
                     ->  Result  (cost=0.00..179.00 rows=1 width=0)
                           One-Time Filter: false
                           Rows out:  0 rows (seg0) with 0.004 ms to end, start offset by 207 ms.
                           ->  Seq Scan on mi_asset_position_1_prt_34_2_prt_8 mi_asset_position  (cost=0.00..179.00 rows=1 width=0)
                                 Rows out:  (No row requested) 0 rows (seg0) with 0 ms to end.
                     ->  Result  (cost=0.00..179.00 rows=1 width=0)
                           One-Time Filter: false
                           Rows out:  0 rows (seg0) with 0.005 ms to end, start offset by 207 ms.
                           ->  Seq Scan on mi_asset_position_1_prt_34_2_prt_9 mi_asset_position  (cost=0.00..179.00 rows=1 width=0)
                                 Rows out:  (No row requested) 0 rows (seg0) with 0 ms to end.
                     ->  Result  (cost=0.00..179.00 rows=1 width=0)
                           One-Time Filter: false
                           Rows out:  0 rows (seg0) with 0.005 ms to end, start offset by 207 ms.
                           ->  Seq Scan on mi_asset_position_1_prt_34_2_prt_10 mi_asset_position  (cost=0.00..179.00 rows=1 width=0)
                                 Rows out:  (No row requested) 0 rows (seg0) with 0 ms to end.
                     ->  Result  (cost=0.00..179.00 rows=1 width=0)
                           One-Time Filter: false
                           Rows out:  0 rows (seg0) with 0.005 ms to end, start offset by 207 ms.
                           ->  Seq Scan on mi_asset_position_1_prt_34_2_prt_11 mi_asset_position  (cost=0.00..179.00 rows=1 width=0)
                                 Rows out:  (No row requested) 0 rows (seg0) with 0 ms to end.
                     ->  Result  (cost=0.00..179.00 rows=1 width=0)
                           One-Time Filter: false
                           Rows out:  0 rows (seg0) with 0.005 ms to end, start offset by 207 ms.
                           ->  Seq Scan on mi_asset_position_1_prt_34_2_prt_12 mi_asset_position  (cost=0.00..179.00 rows=1 width=0)
                                 Rows out:  (No row requested) 0 rows (seg0) with 0 ms to end.
                     ->  Result  (cost=0.00..179.00 rows=1 width=0)
                           One-Time Filter: false
                           Rows out:  0 rows (seg0) with 0.004 ms to end, start offset by 207 ms.
                           ->  Seq Scan on mi_asset_position_1_prt_34_2_prt_13 mi_asset_position  (cost=0.00..179.00 rows=1 width=0)
                                 Rows out:  (No row requested) 0 rows (seg0) with 0 ms to end.
                     ->  Result  (cost=0.00..179.00 rows=1 width=0)
                           One-Time Filter: false
                           Rows out:  0 rows (seg0) with 0.005 ms to end, start offset by 207 ms.
                           ->  Seq Scan on mi_asset_position_1_prt_35_2_prt_other_months mi_asset_position  (cost=0.00..179.00 rows=1 width=0)
                                 Rows out:  (No row requested) 0 rows (seg0) with 0 ms to end.
                     ->  Result  (cost=0.00..179.00 rows=1 width=0)
                           One-Time Filter: false
                           Rows out:  0 rows (seg0) with 0.005 ms to end, start offset by 207 ms.
                           ->  Seq Scan on mi_asset_position_1_prt_35_2_prt_2 mi_asset_position  (cost=0.00..179.00 rows=1 width=0)
                                 Rows out:  (No row requested) 0 rows (seg0) with 0 ms to end.
                     ->  Result  (cost=0.00..179.00 rows=1 width=0)
                           One-Time Filter: false
                           Rows out:  0 rows (seg0) with 0.005 ms to end, start offset by 207 ms.
                           ->  Seq Scan on mi_asset_position_1_prt_35_2_prt_3 mi_asset_position  (cost=0.00..179.00 rows=1 width=0)
                                 Rows out:  (No row requested) 0 rows (seg0) with 0 ms to end.
                     ->  Result  (cost=0.00..179.00 rows=1 width=0)
                           One-Time Filter: false
                           Rows out:  0 rows (seg0) with 0.005 ms to end, start offset by 207 ms.
                           ->  Seq Scan on mi_asset_position_1_prt_35_2_prt_4 mi_asset_position  (cost=0.00..179.00 rows=1 width=0)
                                 Rows out:  (No row requested) 0 rows (seg0) with 0 ms to end.
                     ->  Result  (cost=0.00..179.00 rows=1 width=0)
                           One-Time Filter: false
                           Rows out:  0 rows (seg0) with 0.004 ms to end, start offset by 207 ms.
                           ->  Seq Scan on mi_asset_position_1_prt_35_2_prt_5 mi_asset_position  (cost=0.00..179.00 rows=1 width=0)
                                 Rows out:  (No row requested) 0 rows (seg0) with 0 ms to end.
                     ->  Result  (cost=0.00..179.00 rows=1 width=0)
                           One-Time Filter: false
                           Rows out:  0 rows (seg0) with 0.005 ms to end, start offset by 207 ms.
                           ->  Seq Scan on mi_asset_position_1_prt_35_2_prt_6 mi_asset_position  (cost=0.00..179.00 rows=1 width=0)
                                 Rows out:  (No row requested) 0 rows (seg0) with 0 ms to end.
                     ->  Result  (cost=0.00..179.00 rows=1 width=0)
                           One-Time Filter: false
                           Rows out:  0 rows (seg0) with 0.005 ms to end, start offset by 207 ms.
                           ->  Seq Scan on mi_asset_position_1_prt_35_2_prt_7 mi_asset_position  (cost=0.00..179.00 rows=1 width=0)
                                 Rows out:  (No row requested) 0 rows (seg0) with 0 ms to end.
                     ->  Result  (cost=0.00..179.00 rows=1 width=0)
                           One-Time Filter: false
                           Rows out:  0 rows (seg0) with 0.005 ms to end, start offset by 207 ms.
                           ->  Seq Scan on mi_asset_position_1_prt_35_2_prt_8 mi_asset_position  (cost=0.00..179.00 rows=1 width=0)
                                 Rows out:  (No row requested) 0 rows (seg0) with 0 ms to end.
                     ->  Result  (cost=0.00..179.00 rows=1 width=0)
                           One-Time Filter: false
                           Rows out:  0 rows (seg0) with 0.005 ms to end, start offset by 207 ms.
                           ->  Seq Scan on mi_asset_position_1_prt_35_2_prt_9 mi_asset_position  (cost=0.00..179.00 rows=1 width=0)
                                 Rows out:  (No row requested) 0 rows (seg0) with 0 ms to end.
                     ->  Result  (cost=0.00..179.00 rows=1 width=0)
                           One-Time Filter: false
                           Rows out:  0 rows (seg0) with 0.004 ms to end, start offset by 207 ms.
                           ->  Seq Scan on mi_asset_position_1_prt_35_2_prt_10 mi_asset_position  (cost=0.00..179.00 rows=1 width=0)
                                 Rows out:  (No row requested) 0 rows (seg0) with 0 ms to end.
                     ->  Result  (cost=0.00..179.00 rows=1 width=0)
                           One-Time Filter: false
                           Rows out:  0 rows (seg0) with 0.005 ms to end, start offset by 207 ms.
                           ->  Seq Scan on mi_asset_position_1_prt_35_2_prt_11 mi_asset_position  (cost=0.00..179.00 rows=1 width=0)
                                 Rows out:  (No row requested) 0 rows (seg0) with 0 ms to end.
                     ->  Result  (cost=0.00..179.00 rows=1 width=0)
                           One-Time Filter: false
                           Rows out:  0 rows (seg0) with 0.005 ms to end, start offset by 207 ms.
                           ->  Seq Scan on mi_asset_position_1_prt_35_2_prt_12 mi_asset_position  (cost=0.00..179.00 rows=1 width=0)
                                 Rows out:  (No row requested) 0 rows (seg0) with 0 ms to end.
                     ->  Result  (cost=0.00..179.00 rows=1 width=0)
                           One-Time Filter: false
                           Rows out:  0 rows (seg0) with 0.004 ms to end, start offset by 207 ms.
                           ->  Seq Scan on mi_asset_position_1_prt_35_2_prt_13 mi_asset_position  (cost=0.00..179.00 rows=1 width=0)
                                 Rows out:  (No row requested) 0 rows (seg0) with 0 ms to end.
                     ->  Result  (cost=0.00..179.00 rows=1 width=0)
                           One-Time Filter: false
                           Rows out:  0 rows (seg0) with 0.005 ms to end, start offset by 207 ms.
                           ->  Seq Scan on mi_asset_position_1_prt_36_2_prt_other_months mi_asset_position  (cost=0.00..179.00 rows=1 width=0)
                                 Rows out:  (No row requested) 0 rows (seg0) with 0 ms to end.
                     ->  Result  (cost=0.00..179.00 rows=1 width=0)
                           One-Time Filter: false
                           Rows out:  0 rows (seg0) with 0.005 ms to end, start offset by 207 ms.
                           ->  Seq Scan on mi_asset_position_1_prt_36_2_prt_2 mi_asset_position  (cost=0.00..179.00 rows=1 width=0)
                                 Rows out:  (No row requested) 0 rows (seg0) with 0 ms to end.
                     ->  Result  (cost=0.00..179.00 rows=1 width=0)
                           One-Time Filter: false
                           Rows out:  0 rows (seg0) with 0.005 ms to end, start offset by 207 ms.
                           ->  Seq Scan on mi_asset_position_1_prt_36_2_prt_3 mi_asset_position  (cost=0.00..179.00 rows=1 width=0)
                                 Rows out:  (No row requested) 0 rows (seg0) with 0 ms to end.
                     ->  Result  (cost=0.00..179.00 rows=1 width=0)
                           One-Time Filter: false
                           Rows out:  0 rows (seg0) with 0.005 ms to end, start offset by 207 ms.
                           ->  Seq Scan on mi_asset_position_1_prt_36_2_prt_4 mi_asset_position  (cost=0.00..179.00 rows=1 width=0)
                                 Rows out:  (No row requested) 0 rows (seg0) with 0 ms to end.
                     ->  Result  (cost=0.00..179.00 rows=1 width=0)
                           One-Time Filter: false
                           Rows out:  0 rows (seg0) with 0.004 ms to end, start offset by 207 ms.
                           ->  Seq Scan on mi_asset_position_1_prt_36_2_prt_5 mi_asset_position  (cost=0.00..179.00 rows=1 width=0)
                                 Rows out:  (No row requested) 0 rows (seg0) with 0 ms to end.
                     ->  Result  (cost=0.00..179.00 rows=1 width=0)
                           One-Time Filter: false
                           Rows out:  0 rows (seg0) with 0.005 ms to end, start offset by 207 ms.
                           ->  Seq Scan on mi_asset_position_1_prt_36_2_prt_6 mi_asset_position  (cost=0.00..179.00 rows=1 width=0)
                                 Rows out:  (No row requested) 0 rows (seg0) with 0 ms to end.
                     ->  Result  (cost=0.00..179.00 rows=1 width=0)
                           One-Time Filter: false
                           Rows out:  0 rows (seg0) with 0.004 ms to end, start offset by 207 ms.
                           ->  Seq Scan on mi_asset_position_1_prt_36_2_prt_7 mi_asset_position  (cost=0.00..179.00 rows=1 width=0)
                                 Rows out:  (No row requested) 0 rows (seg0) with 0 ms to end.
                     ->  Result  (cost=0.00..179.00 rows=1 width=0)
                           One-Time Filter: false
                           Rows out:  0 rows (seg0) with 0.005 ms to end, start offset by 207 ms.
                           ->  Seq Scan on mi_asset_position_1_prt_36_2_prt_8 mi_asset_position  (cost=0.00..179.00 rows=1 width=0)
                                 Rows out:  (No row requested) 0 rows (seg0) with 0 ms to end.
                     ->  Result  (cost=0.00..179.00 rows=1 width=0)
                           One-Time Filter: false
                           Rows out:  0 rows (seg0) with 0.005 ms to end, start offset by 207 ms.
                           ->  Seq Scan on mi_asset_position_1_prt_36_2_prt_9 mi_asset_position  (cost=0.00..179.00 rows=1 width=0)
                                 Rows out:  (No row requested) 0 rows (seg0) with 0 ms to end.
                     ->  Result  (cost=0.00..179.00 rows=1 width=0)
                           One-Time Filter: false
                           Rows out:  0 rows (seg0) with 0.004 ms to end, start offset by 207 ms.
                           ->  Seq Scan on mi_asset_position_1_prt_36_2_prt_10 mi_asset_position  (cost=0.00..179.00 rows=1 width=0)
                                 Rows out:  (No row requested) 0 rows (seg0) with 0 ms to end.
                     ->  Result  (cost=0.00..179.00 rows=1 width=0)
                           One-Time Filter: false
                           Rows out:  0 rows (seg0) with 0.005 ms to end, start offset by 207 ms.
                           ->  Seq Scan on mi_asset_position_1_prt_36_2_prt_11 mi_asset_position  (cost=0.00..179.00 rows=1 width=0)
                                 Rows out:  (No row requested) 0 rows (seg0) with 0 ms to end.
                     ->  Result  (cost=0.00..179.00 rows=1 width=0)
                           One-Time Filter: false
                           Rows out:  0 rows (seg0) with 0.005 ms to end, start offset by 207 ms.
                           ->  Seq Scan on mi_asset_position_1_prt_36_2_prt_12 mi_asset_position  (cost=0.00..179.00 rows=1 width=0)
                                 Rows out:  (No row requested) 0 rows (seg0) with 0 ms to end.
                     ->  Result  (cost=0.00..179.00 rows=1 width=0)
                           One-Time Filter: false
                           Rows out:  0 rows (seg0) with 0.004 ms to end, start offset by 207 ms.
                           ->  Seq Scan on mi_asset_position_1_prt_36_2_prt_13 mi_asset_position  (cost=0.00..179.00 rows=1 width=0)
                                 Rows out:  (No row requested) 0 rows (seg0) with 0 ms to end.
                     ->  Result  (cost=0.00..179.00 rows=1 width=0)
                           One-Time Filter: false
                           Rows out:  0 rows (seg0) with 0.005 ms to end, start offset by 207 ms.
                           ->  Seq Scan on mi_asset_position_1_prt_37_2_prt_other_months mi_asset_position  (cost=0.00..179.00 rows=1 width=0)
                                 Rows out:  (No row requested) 0 rows (seg0) with 0 ms to end.
                     ->  Result  (cost=0.00..179.00 rows=1 width=0)
                           One-Time Filter: false
                           Rows out:  0 rows (seg0) with 0.005 ms to end, start offset by 207 ms.
                           ->  Seq Scan on mi_asset_position_1_prt_37_2_prt_2 mi_asset_position  (cost=0.00..179.00 rows=1 width=0)
                                 Rows out:  (No row requested) 0 rows (seg0) with 0 ms to end.
                     ->  Result  (cost=0.00..179.00 rows=1 width=0)
                           One-Time Filter: false
                           Rows out:  0 rows (seg0) with 0.005 ms to end, start offset by 207 ms.
                           ->  Seq Scan on mi_asset_position_1_prt_37_2_prt_3 mi_asset_position  (cost=0.00..179.00 rows=1 width=0)
                                 Rows out:  (No row requested) 0 rows (seg0) with 0 ms to end.
                     ->  Result  (cost=0.00..179.00 rows=1 width=0)
                           One-Time Filter: false
                           Rows out:  0 rows (seg0) with 0.005 ms to end, start offset by 207 ms.
                           ->  Seq Scan on mi_asset_position_1_prt_37_2_prt_4 mi_asset_position  (cost=0.00..179.00 rows=1 width=0)
                                 Rows out:  (No row requested) 0 rows (seg0) with 0 ms to end.
                     ->  Result  (cost=0.00..179.00 rows=1 width=0)
                           One-Time Filter: false
                           Rows out:  0 rows (seg0) with 0.005 ms to end, start offset by 207 ms.
                           ->  Seq Scan on mi_asset_position_1_prt_37_2_prt_5 mi_asset_position  (cost=0.00..179.00 rows=1 width=0)
                                 Rows out:  (No row requested) 0 rows (seg0) with 0 ms to end.
                     ->  Result  (cost=0.00..179.00 rows=1 width=0)
                           One-Time Filter: false
                           Rows out:  0 rows (seg0) with 0.005 ms to end, start offset by 207 ms.
                           ->  Seq Scan on mi_asset_position_1_prt_37_2_prt_6 mi_asset_position  (cost=0.00..179.00 rows=1 width=0)
                                 Rows out:  (No row requested) 0 rows (seg0) with 0 ms to end.
                     ->  Result  (cost=0.00..179.00 rows=1 width=0)
                           One-Time Filter: false
                           Rows out:  0 rows (seg0) with 0.004 ms to end, start offset by 207 ms.
                           ->  Seq Scan on mi_asset_position_1_prt_37_2_prt_7 mi_asset_position  (cost=0.00..179.00 rows=1 width=0)
                                 Rows out:  (No row requested) 0 rows (seg0) with 0 ms to end.
                     ->  Result  (cost=0.00..179.00 rows=1 width=0)
                           One-Time Filter: false
                           Rows out:  0 rows (seg0) with 0.005 ms to end, start offset by 207 ms.
                           ->  Seq Scan on mi_asset_position_1_prt_37_2_prt_8 mi_asset_position  (cost=0.00..179.00 rows=1 width=0)
                                 Rows out:  (No row requested) 0 rows (seg0) with 0 ms to end.
                     ->  Result  (cost=0.00..179.00 rows=1 width=0)
                           One-Time Filter: false
                           Rows out:  0 rows (seg0) with 0.005 ms to end, start offset by 207 ms.
                           ->  Seq Scan on mi_asset_position_1_prt_37_2_prt_9 mi_asset_position  (cost=0.00..179.00 rows=1 width=0)
                                 Rows out:  (No row requested) 0 rows (seg0) with 0 ms to end.
                     ->  Result  (cost=0.00..179.00 rows=1 width=0)
                           One-Time Filter: false
                           Rows out:  0 rows (seg0) with 0.004 ms to end, start offset by 207 ms.
                           ->  Seq Scan on mi_asset_position_1_prt_37_2_prt_10 mi_asset_position  (cost=0.00..179.00 rows=1 width=0)
                                 Rows out:  (No row requested) 0 rows (seg0) with 0 ms to end.
                     ->  Result  (cost=0.00..179.00 rows=1 width=0)
                           One-Time Filter: false
                           Rows out:  0 rows (seg0) with 0.005 ms to end, start offset by 207 ms.
                           ->  Seq Scan on mi_asset_position_1_prt_37_2_prt_11 mi_asset_position  (cost=0.00..179.00 rows=1 width=0)
                                 Rows out:  (No row requested) 0 rows (seg0) with 0 ms to end.
                     ->  Result  (cost=0.00..179.00 rows=1 width=0)
                           One-Time Filter: false
                           Rows out:  0 rows (seg0) with 0.005 ms to end, start offset by 207 ms.
                           ->  Seq Scan on mi_asset_position_1_prt_37_2_prt_12 mi_asset_position  (cost=0.00..179.00 rows=1 width=0)
                                 Rows out:  (No row requested) 0 rows (seg0) with 0 ms to end.
                     ->  Result  (cost=0.00..179.00 rows=1 width=0)
                           One-Time Filter: false
                           Rows out:  0 rows (seg0) with 0.004 ms to end, start offset by 207 ms.
                           ->  Seq Scan on mi_asset_position_1_prt_37_2_prt_13 mi_asset_position  (cost=0.00..179.00 rows=1 width=0)
                                 Rows out:  (No row requested) 0 rows (seg0) with 0 ms to end.
                     ->  Result  (cost=0.00..179.00 rows=1 width=0)
                           One-Time Filter: false
                           Rows out:  0 rows (seg0) with 0.005 ms to end, start offset by 207 ms.
                           ->  Seq Scan on mi_asset_position_1_prt_38_2_prt_other_months mi_asset_position  (cost=0.00..179.00 rows=1 width=0)
                                 Rows out:  (No row requested) 0 rows (seg0) with 0 ms to end.
                     ->  Result  (cost=0.00..179.00 rows=1 width=0)
                           One-Time Filter: false
                           Rows out:  0 rows (seg0) with 0.005 ms to end, start offset by 207 ms.
                           ->  Seq Scan on mi_asset_position_1_prt_38_2_prt_2 mi_asset_position  (cost=0.00..179.00 rows=1 width=0)
                                 Rows out:  (No row requested) 0 rows (seg0) with 0 ms to end.
                     ->  Result  (cost=0.00..179.00 rows=1 width=0)
                           One-Time Filter: false
                           Rows out:  0 rows (seg0) with 0.005 ms to end, start offset by 207 ms.
                           ->  Seq Scan on mi_asset_position_1_prt_38_2_prt_3 mi_asset_position  (cost=0.00..179.00 rows=1 width=0)
                                 Rows out:  (No row requested) 0 rows (seg0) with 0 ms to end.
                     ->  Result  (cost=0.00..179.00 rows=1 width=0)
                           One-Time Filter: false
                           Rows out:  0 rows (seg0) with 0.005 ms to end, start offset by 207 ms.
                           ->  Seq Scan on mi_asset_position_1_prt_38_2_prt_4 mi_asset_position  (cost=0.00..179.00 rows=1 width=0)
                                 Rows out:  (No row requested) 0 rows (seg0) with 0 ms to end.
                     ->  Result  (cost=0.00..179.00 rows=1 width=0)
                           One-Time Filter: false
                           Rows out:  0 rows (seg0) with 0.005 ms to end, start offset by 207 ms.
                           ->  Seq Scan on mi_asset_position_1_prt_38_2_prt_5 mi_asset_position  (cost=0.00..179.00 rows=1 width=0)
                                 Rows out:  (No row requested) 0 rows (seg0) with 0 ms to end.
                     ->  Result  (cost=0.00..179.00 rows=1 width=0)
                           One-Time Filter: false
                           Rows out:  0 rows (seg0) with 0.004 ms to end, start offset by 207 ms.
                           ->  Seq Scan on mi_asset_position_1_prt_38_2_prt_6 mi_asset_position  (cost=0.00..179.00 rows=1 width=0)
                                 Rows out:  (No row requested) 0 rows (seg0) with 0 ms to end.
                     ->  Result  (cost=0.00..179.00 rows=1 width=0)
                           One-Time Filter: false
                           Rows out:  0 rows (seg0) with 0.005 ms to end, start offset by 207 ms.
                           ->  Seq Scan on mi_asset_position_1_prt_38_2_prt_7 mi_asset_position  (cost=0.00..179.00 rows=1 width=0)
                                 Rows out:  (No row requested) 0 rows (seg0) with 0 ms to end.
                     ->  Result  (cost=0.00..179.00 rows=1 width=0)
                           One-Time Filter: false
                           Rows out:  0 rows (seg0) with 0.005 ms to end, start offset by 207 ms.
                           ->  Seq Scan on mi_asset_position_1_prt_38_2_prt_8 mi_asset_position  (cost=0.00..179.00 rows=1 width=0)
                                 Rows out:  (No row requested) 0 rows (seg0) with 0 ms to end.
                     ->  Result  (cost=0.00..179.00 rows=1 width=0)
                           One-Time Filter: false
                           Rows out:  0 rows (seg0) with 0.005 ms to end, start offset by 207 ms.
                           ->  Seq Scan on mi_asset_position_1_prt_38_2_prt_9 mi_asset_position  (cost=0.00..179.00 rows=1 width=0)
                                 Rows out:  (No row requested) 0 rows (seg0) with 0 ms to end.
                     ->  Result  (cost=0.00..179.00 rows=1 width=0)
                           One-Time Filter: false
                           Rows out:  0 rows (seg0) with 0.005 ms to end, start offset by 207 ms.
                           ->  Seq Scan on mi_asset_position_1_prt_38_2_prt_10 mi_asset_position  (cost=0.00..179.00 rows=1 width=0)
                                 Rows out:  (No row requested) 0 rows (seg0) with 0 ms to end.
                     ->  Result  (cost=0.00..179.00 rows=1 width=0)
                           One-Time Filter: false
                           Rows out:  0 rows (seg0) with 0.005 ms to end, start offset by 207 ms.
                           ->  Seq Scan on mi_asset_position_1_prt_38_2_prt_11 mi_asset_position  (cost=0.00..179.00 rows=1 width=0)
                                 Rows out:  (No row requested) 0 rows (seg0) with 0 ms to end.
                     ->  Result  (cost=0.00..179.00 rows=1 width=0)
                           One-Time Filter: false
                           Rows out:  0 rows (seg0) with 0.005 ms to end, start offset by 207 ms.
                           ->  Seq Scan on mi_asset_position_1_prt_38_2_prt_12 mi_asset_position  (cost=0.00..179.00 rows=1 width=0)
                                 Rows out:  (No row requested) 0 rows (seg0) with 0 ms to end.
                     ->  Result  (cost=0.00..179.00 rows=1 width=0)
                           One-Time Filter: false
                           Rows out:  0 rows (seg0) with 0.005 ms to end, start offset by 207 ms.
                           ->  Seq Scan on mi_asset_position_1_prt_38_2_prt_13 mi_asset_position  (cost=0.00..179.00 rows=1 width=0)
                                 Rows out:  (No row requested) 0 rows (seg0) with 0 ms to end.
                     ->  Result  (cost=0.00..179.00 rows=1 width=0)
                           One-Time Filter: false
                           Rows out:  0 rows (seg0) with 0.005 ms to end, start offset by 207 ms.
                           ->  Seq Scan on mi_asset_position_1_prt_39_2_prt_other_months mi_asset_position  (cost=0.00..179.00 rows=1 width=0)
                                 Rows out:  (No row requested) 0 rows (seg0) with 0 ms to end.
                     ->  Result  (cost=0.00..179.00 rows=1 width=0)
                           One-Time Filter: false
                           Rows out:  0 rows (seg0) with 0.005 ms to end, start offset by 207 ms.
                           ->  Seq Scan on mi_asset_position_1_prt_39_2_prt_2 mi_asset_position  (cost=0.00..179.00 rows=1 width=0)
                                 Rows out:  (No row requested) 0 rows (seg0) with 0 ms to end.
                     ->  Result  (cost=0.00..179.00 rows=1 width=0)
                           One-Time Filter: false
                           Rows out:  0 rows (seg0) with 0.005 ms to end, start offset by 207 ms.
                           ->  Seq Scan on mi_asset_position_1_prt_39_2_prt_3 mi_asset_position  (cost=0.00..179.00 rows=1 width=0)
                                 Rows out:  (No row requested) 0 rows (seg0) with 0 ms to end.
                     ->  Result  (cost=0.00..179.00 rows=1 width=0)
                           One-Time Filter: false
                           Rows out:  0 rows (seg0) with 0.005 ms to end, start offset by 207 ms.
                           ->  Seq Scan on mi_asset_position_1_prt_39_2_prt_4 mi_asset_position  (cost=0.00..179.00 rows=1 width=0)
                                 Rows out:  (No row requested) 0 rows (seg0) with 0 ms to end.
                     ->  Result  (cost=0.00..179.00 rows=1 width=0)
                           One-Time Filter: false
                           Rows out:  0 rows (seg0) with 0.004 ms to end, start offset by 207 ms.
                           ->  Seq Scan on mi_asset_position_1_prt_39_2_prt_5 mi_asset_position  (cost=0.00..179.00 rows=1 width=0)
                                 Rows out:  (No row requested) 0 rows (seg0) with 0 ms to end.
                     ->  Result  (cost=0.00..179.00 rows=1 width=0)
                           One-Time Filter: false
                           Rows out:  0 rows (seg0) with 0.005 ms to end, start offset by 207 ms.
                           ->  Seq Scan on mi_asset_position_1_prt_39_2_prt_6 mi_asset_position  (cost=0.00..179.00 rows=1 width=0)
                                 Rows out:  (No row requested) 0 rows (seg0) with 0 ms to end.
                     ->  Result  (cost=0.00..179.00 rows=1 width=0)
                           One-Time Filter: false
                           Rows out:  0 rows (seg0) with 0.005 ms to end, start offset by 207 ms.
                           ->  Seq Scan on mi_asset_position_1_prt_39_2_prt_7 mi_asset_position  (cost=0.00..179.00 rows=1 width=0)
                                 Rows out:  (No row requested) 0 rows (seg0) with 0 ms to end.
                     ->  Result  (cost=0.00..179.00 rows=1 width=0)
                           One-Time Filter: false
                           Rows out:  0 rows (seg0) with 0.005 ms to end, start offset by 207 ms.
                           ->  Seq Scan on mi_asset_position_1_prt_39_2_prt_8 mi_asset_position  (cost=0.00..179.00 rows=1 width=0)
                                 Rows out:  (No row requested) 0 rows (seg0) with 0 ms to end.
                     ->  Result  (cost=0.00..179.00 rows=1 width=0)
                           One-Time Filter: false
                           Rows out:  0 rows (seg0) with 0.005 ms to end, start offset by 207 ms.
                           ->  Seq Scan on mi_asset_position_1_prt_39_2_prt_9 mi_asset_position  (cost=0.00..179.00 rows=1 width=0)
                                 Rows out:  (No row requested) 0 rows (seg0) with 0 ms to end.
                     ->  Result  (cost=0.00..179.00 rows=1 width=0)
                           One-Time Filter: false
                           Rows out:  0 rows (seg0) with 0.005 ms to end, start offset by 207 ms.
                           ->  Seq Scan on mi_asset_position_1_prt_39_2_prt_10 mi_asset_position  (cost=0.00..179.00 rows=1 width=0)
                                 Rows out:  (No row requested) 0 rows (seg0) with 0 ms to end.
                     ->  Result  (cost=0.00..179.00 rows=1 width=0)
                           One-Time Filter: false
                           Rows out:  0 rows (seg0) with 0.005 ms to end, start offset by 207 ms.
                           ->  Seq Scan on mi_asset_position_1_prt_39_2_prt_11 mi_asset_position  (cost=0.00..179.00 rows=1 width=0)
                                 Rows out:  (No row requested) 0 rows (seg0) with 0 ms to end.
                     ->  Result  (cost=0.00..179.00 rows=1 width=0)
                           One-Time Filter: false
                           Rows out:  0 rows (seg0) with 0.005 ms to end, start offset by 207 ms.
                           ->  Seq Scan on mi_asset_position_1_prt_39_2_prt_12 mi_asset_position  (cost=0.00..179.00 rows=1 width=0)
                                 Rows out:  (No row requested) 0 rows (seg0) with 0 ms to end.
                     ->  Result  (cost=0.00..179.00 rows=1 width=0)
                           One-Time Filter: false
                           Rows out:  0 rows (seg0) with 0.005 ms to end, start offset by 207 ms.
                           ->  Seq Scan on mi_asset_position_1_prt_39_2_prt_13 mi_asset_position  (cost=0.00..179.00 rows=1 width=0)
                                 Rows out:  (No row requested) 0 rows (seg0) with 0 ms to end.
                     ->  Result  (cost=0.00..179.00 rows=1 width=0)
                           One-Time Filter: false
                           Rows out:  0 rows (seg0) with 0.005 ms to end, start offset by 207 ms.
                           ->  Seq Scan on mi_asset_position_1_prt_40_2_prt_other_months mi_asset_position  (cost=0.00..179.00 rows=1 width=0)
                                 Rows out:  (No row requested) 0 rows (seg0) with 0 ms to end.
                     ->  Result  (cost=0.00..179.00 rows=1 width=0)
                           One-Time Filter: false
                           Rows out:  0 rows (seg0) with 0.005 ms to end, start offset by 207 ms.
                           ->  Seq Scan on mi_asset_position_1_prt_40_2_prt_2 mi_asset_position  (cost=0.00..179.00 rows=1 width=0)
                                 Rows out:  (No row requested) 0 rows (seg0) with 0 ms to end.
                     ->  Result  (cost=0.00..179.00 rows=1 width=0)
                           One-Time Filter: false
                           Rows out:  0 rows (seg0) with 0.005 ms to end, start offset by 207 ms.
                           ->  Seq Scan on mi_asset_position_1_prt_40_2_prt_3 mi_asset_position  (cost=0.00..179.00 rows=1 width=0)
                                 Rows out:  (No row requested) 0 rows (seg0) with 0 ms to end.
                     ->  Result  (cost=0.00..179.00 rows=1 width=0)
                           One-Time Filter: false
                           Rows out:  0 rows (seg0) with 0.005 ms to end, start offset by 207 ms.
                           ->  Seq Scan on mi_asset_position_1_prt_40_2_prt_4 mi_asset_position  (cost=0.00..179.00 rows=1 width=0)
                                 Rows out:  (No row requested) 0 rows (seg0) with 0 ms to end.
                     ->  Result  (cost=0.00..179.00 rows=1 width=0)
                           One-Time Filter: false
                           Rows out:  0 rows (seg0) with 0.004 ms to end, start offset by 207 ms.
                           ->  Seq Scan on mi_asset_position_1_prt_40_2_prt_5 mi_asset_position  (cost=0.00..179.00 rows=1 width=0)
                                 Rows out:  (No row requested) 0 rows (seg0) with 0 ms to end.
                     ->  Result  (cost=0.00..179.00 rows=1 width=0)
                           One-Time Filter: false
                           Rows out:  0 rows (seg0) with 0.005 ms to end, start offset by 207 ms.
                           ->  Seq Scan on mi_asset_position_1_prt_40_2_prt_6 mi_asset_position  (cost=0.00..179.00 rows=1 width=0)
                                 Rows out:  (No row requested) 0 rows (seg0) with 0 ms to end.
                     ->  Result  (cost=0.00..179.00 rows=1 width=0)
                           One-Time Filter: false
                           Rows out:  0 rows (seg0) with 0.005 ms to end, start offset by 207 ms.
                           ->  Seq Scan on mi_asset_position_1_prt_40_2_prt_7 mi_asset_position  (cost=0.00..179.00 rows=1 width=0)
                                 Rows out:  (No row requested) 0 rows (seg0) with 0 ms to end.
                     ->  Result  (cost=0.00..179.00 rows=1 width=0)
                           One-Time Filter: false
                           Rows out:  0 rows (seg0) with 0.004 ms to end, start offset by 207 ms.
                           ->  Seq Scan on mi_asset_position_1_prt_40_2_prt_8 mi_asset_position  (cost=0.00..179.00 rows=1 width=0)
                                 Rows out:  (No row requested) 0 rows (seg0) with 0 ms to end.
                     ->  Result  (cost=0.00..179.00 rows=1 width=0)
                           One-Time Filter: false
                           Rows out:  0 rows (seg0) with 0.005 ms to end, start offset by 207 ms.
                           ->  Seq Scan on mi_asset_position_1_prt_40_2_prt_9 mi_asset_position  (cost=0.00..179.00 rows=1 width=0)
                                 Rows out:  (No row requested) 0 rows (seg0) with 0 ms to end.
                     ->  Result  (cost=0.00..179.00 rows=1 width=0)
                           One-Time Filter: false
                           Rows out:  0 rows (seg0) with 0.005 ms to end, start offset by 207 ms.
                           ->  Seq Scan on mi_asset_position_1_prt_40_2_prt_10 mi_asset_position  (cost=0.00..179.00 rows=1 width=0)
                                 Rows out:  (No row requested) 0 rows (seg0) with 0 ms to end.
                     ->  Result  (cost=0.00..179.00 rows=1 width=0)
                           One-Time Filter: false
                           Rows out:  0 rows (seg0) with 0.004 ms to end, start offset by 207 ms.
                           ->  Seq Scan on mi_asset_position_1_prt_40_2_prt_11 mi_asset_position  (cost=0.00..179.00 rows=1 width=0)
                                 Rows out:  (No row requested) 0 rows (seg0) with 0 ms to end.
                     ->  Result  (cost=0.00..179.00 rows=1 width=0)
                           One-Time Filter: false
                           Rows out:  0 rows (seg0) with 0.005 ms to end, start offset by 207 ms.
                           ->  Seq Scan on mi_asset_position_1_prt_40_2_prt_12 mi_asset_position  (cost=0.00..179.00 rows=1 width=0)
                                 Rows out:  (No row requested) 0 rows (seg0) with 0 ms to end.
                     ->  Result  (cost=0.00..179.00 rows=1 width=0)
                           One-Time Filter: false
                           Rows out:  0 rows (seg0) with 0.005 ms to end, start offset by 207 ms.
                           ->  Seq Scan on mi_asset_position_1_prt_40_2_prt_13 mi_asset_position  (cost=0.00..179.00 rows=1 width=0)
                                 Rows out:  (No row requested) 0 rows (seg0) with 0 ms to end.
                     ->  Result  (cost=0.00..179.00 rows=1 width=0)
                           One-Time Filter: false
                           Rows out:  0 rows (seg0) with 0.005 ms to end, start offset by 207 ms.
                           ->  Seq Scan on mi_asset_position_1_prt_41_2_prt_other_months mi_asset_position  (cost=0.00..179.00 rows=1 width=0)
                                 Rows out:  (No row requested) 0 rows (seg0) with 0 ms to end.
                     ->  Result  (cost=0.00..179.00 rows=1 width=0)
                           One-Time Filter: false
                           Rows out:  0 rows (seg0) with 0.005 ms to end, start offset by 207 ms.
                           ->  Seq Scan on mi_asset_position_1_prt_41_2_prt_2 mi_asset_position  (cost=0.00..179.00 rows=1 width=0)
                                 Rows out:  (No row requested) 0 rows (seg0) with 0 ms to end.
                     ->  Result  (cost=0.00..179.00 rows=1 width=0)
                           One-Time Filter: false
                           Rows out:  0 rows (seg0) with 0.005 ms to end, start offset by 207 ms.
                           ->  Seq Scan on mi_asset_position_1_prt_41_2_prt_3 mi_asset_position  (cost=0.00..179.00 rows=1 width=0)
                                 Rows out:  (No row requested) 0 rows (seg0) with 0 ms to end.
                     ->  Result  (cost=0.00..179.00 rows=1 width=0)
                           One-Time Filter: false
                           Rows out:  0 rows (seg0) with 0.005 ms to end, start offset by 207 ms.
                           ->  Seq Scan on mi_asset_position_1_prt_41_2_prt_4 mi_asset_position  (cost=0.00..179.00 rows=1 width=0)
                                 Rows out:  (No row requested) 0 rows (seg0) with 0 ms to end.
                     ->  Result  (cost=0.00..179.00 rows=1 width=0)
                           One-Time Filter: false
                           Rows out:  0 rows (seg0) with 0.004 ms to end, start offset by 207 ms.
                           ->  Seq Scan on mi_asset_position_1_prt_41_2_prt_5 mi_asset_position  (cost=0.00..179.00 rows=1 width=0)
                                 Rows out:  (No row requested) 0 rows (seg0) with 0 ms to end.
                     ->  Result  (cost=0.00..179.00 rows=1 width=0)
                           One-Time Filter: false
                           Rows out:  0 rows (seg0) with 0.005 ms to end, start offset by 207 ms.
                           ->  Seq Scan on mi_asset_position_1_prt_41_2_prt_6 mi_asset_position  (cost=0.00..179.00 rows=1 width=0)
                                 Rows out:  (No row requested) 0 rows (seg0) with 0 ms to end.
                     ->  Result  (cost=0.00..179.00 rows=1 width=0)
                           One-Time Filter: false
                           Rows out:  0 rows (seg0) with 0.005 ms to end, start offset by 207 ms.
                           ->  Seq Scan on mi_asset_position_1_prt_41_2_prt_7 mi_asset_position  (cost=0.00..179.00 rows=1 width=0)
                                 Rows out:  (No row requested) 0 rows (seg0) with 0 ms to end.
                     ->  Result  (cost=0.00..179.00 rows=1 width=0)
                           One-Time Filter: false
                           Rows out:  0 rows (seg0) with 0.004 ms to end, start offset by 207 ms.
                           ->  Seq Scan on mi_asset_position_1_prt_41_2_prt_8 mi_asset_position  (cost=0.00..179.00 rows=1 width=0)
                                 Rows out:  (No row requested) 0 rows (seg0) with 0 ms to end.
                     ->  Result  (cost=0.00..179.00 rows=1 width=0)
                           One-Time Filter: false
                           Rows out:  0 rows (seg0) with 0.005 ms to end, start offset by 207 ms.
                           ->  Seq Scan on mi_asset_position_1_prt_41_2_prt_9 mi_asset_position  (cost=0.00..179.00 rows=1 width=0)
                                 Rows out:  (No row requested) 0 rows (seg0) with 0 ms to end.
                     ->  Result  (cost=0.00..179.00 rows=1 width=0)
                           One-Time Filter: false
                           Rows out:  0 rows (seg0) with 0.009 ms to end, start offset by 207 ms.
                           ->  Seq Scan on mi_asset_position_1_prt_41_2_prt_10 mi_asset_position  (cost=0.00..179.00 rows=1 width=0)
                                 Rows out:  (No row requested) 0 rows (seg0) with 0 ms to end.
                     ->  Result  (cost=0.00..179.00 rows=1 width=0)
                           One-Time Filter: false
                           Rows out:  0 rows (seg0) with 0.005 ms to end, start offset by 207 ms.
                           ->  Seq Scan on mi_asset_position_1_prt_41_2_prt_11 mi_asset_position  (cost=0.00..179.00 rows=1 width=0)
                                 Rows out:  (No row requested) 0 rows (seg0) with 0 ms to end.
                     ->  Result  (cost=0.00..179.00 rows=1 width=0)
                           One-Time Filter: false
                           Rows out:  0 rows (seg0) with 0.005 ms to end, start offset by 207 ms.
                           ->  Seq Scan on mi_asset_position_1_prt_41_2_prt_12 mi_asset_position  (cost=0.00..179.00 rows=1 width=0)
                                 Rows out:  (No row requested) 0 rows (seg0) with 0 ms to end.
                     ->  Result  (cost=0.00..179.00 rows=1 width=0)
                           One-Time Filter: false
                           Rows out:  0 rows (seg0) with 0.005 ms to end, start offset by 207 ms.
                           ->  Seq Scan on mi_asset_position_1_prt_41_2_prt_13 mi_asset_position  (cost=0.00..179.00 rows=1 width=0)
                                 Rows out:  (No row requested) 0 rows (seg0) with 0 ms to end.
                     ->  Result  (cost=0.00..179.00 rows=1 width=0)
                           One-Time Filter: false
                           Rows out:  0 rows (seg0) with 0.005 ms to end, start offset by 207 ms.
                           ->  Seq Scan on mi_asset_position_1_prt_42_2_prt_other_months mi_asset_position  (cost=0.00..179.00 rows=1 width=0)
                                 Rows out:  (No row requested) 0 rows (seg0) with 0 ms to end.
                     ->  Result  (cost=0.00..179.00 rows=1 width=0)
                           One-Time Filter: false
                           Rows out:  0 rows (seg0) with 0.005 ms to end, start offset by 207 ms.
                           ->  Seq Scan on mi_asset_position_1_prt_42_2_prt_2 mi_asset_position  (cost=0.00..179.00 rows=1 width=0)
                                 Rows out:  (No row requested) 0 rows (seg0) with 0 ms to end.
                     ->  Result  (cost=0.00..179.00 rows=1 width=0)
                           One-Time Filter: false
                           Rows out:  0 rows (seg0) with 0.005 ms to end, start offset by 207 ms.
                           ->  Seq Scan on mi_asset_position_1_prt_42_2_prt_3 mi_asset_position  (cost=0.00..179.00 rows=1 width=0)
                                 Rows out:  (No row requested) 0 rows (seg0) with 0 ms to end.
                     ->  Result  (cost=0.00..179.00 rows=1 width=0)
                           One-Time Filter: false
                           Rows out:  0 rows (seg0) with 0.005 ms to end, start offset by 207 ms.
                           ->  Seq Scan on mi_asset_position_1_prt_42_2_prt_4 mi_asset_position  (cost=0.00..179.00 rows=1 width=0)
                                 Rows out:  (No row requested) 0 rows (seg0) with 0 ms to end.
                     ->  Result  (cost=0.00..179.00 rows=1 width=0)
                           One-Time Filter: false
                           Rows out:  0 rows (seg0) with 0.005 ms to end, start offset by 207 ms.
                           ->  Seq Scan on mi_asset_position_1_prt_42_2_prt_5 mi_asset_position  (cost=0.00..179.00 rows=1 width=0)
                                 Rows out:  (No row requested) 0 rows (seg0) with 0 ms to end.
                     ->  Result  (cost=0.00..179.00 rows=1 width=0)
                           One-Time Filter: false
                           Rows out:  0 rows (seg0) with 0.005 ms to end, start offset by 207 ms.
                           ->  Seq Scan on mi_asset_position_1_prt_42_2_prt_6 mi_asset_position  (cost=0.00..179.00 rows=1 width=0)
                                 Rows out:  (No row requested) 0 rows (seg0) with 0 ms to end.
                     ->  Result  (cost=0.00..179.00 rows=1 width=0)
                           One-Time Filter: false
                           Rows out:  0 rows (seg0) with 0.005 ms to end, start offset by 207 ms.
                           ->  Seq Scan on mi_asset_position_1_prt_42_2_prt_7 mi_asset_position  (cost=0.00..179.00 rows=1 width=0)
                                 Rows out:  (No row requested) 0 rows (seg0) with 0 ms to end.
                     ->  Result  (cost=0.00..179.00 rows=1 width=0)
                           One-Time Filter: false
                           Rows out:  0 rows (seg0) with 0.004 ms to end, start offset by 207 ms.
                           ->  Seq Scan on mi_asset_position_1_prt_42_2_prt_8 mi_asset_position  (cost=0.00..179.00 rows=1 width=0)
                                 Rows out:  (No row requested) 0 rows (seg0) with 0 ms to end.
                     ->  Result  (cost=0.00..179.00 rows=1 width=0)
                           One-Time Filter: false
                           Rows out:  0 rows (seg0) with 0.005 ms to end, start offset by 207 ms.
                           ->  Seq Scan on mi_asset_position_1_prt_42_2_prt_9 mi_asset_position  (cost=0.00..179.00 rows=1 width=0)
                                 Rows out:  (No row requested) 0 rows (seg0) with 0 ms to end.
                     ->  Result  (cost=0.00..179.00 rows=1 width=0)
                           One-Time Filter: false
                           Rows out:  0 rows (seg0) with 0.005 ms to end, start offset by 207 ms.
                           ->  Seq Scan on mi_asset_position_1_prt_42_2_prt_10 mi_asset_position  (cost=0.00..179.00 rows=1 width=0)
                                 Rows out:  (No row requested) 0 rows (seg0) with 0 ms to end.
                     ->  Result  (cost=0.00..179.00 rows=1 width=0)
                           One-Time Filter: false
                           Rows out:  0 rows (seg0) with 0.015 ms to end, start offset by 207 ms.
                           ->  Seq Scan on mi_asset_position_1_prt_42_2_prt_11 mi_asset_position  (cost=0.00..179.00 rows=1 width=0)
                                 Rows out:  (No row requested) 0 rows (seg0) with 0 ms to end.
                     ->  Result  (cost=0.00..179.00 rows=1 width=0)
                           One-Time Filter: false
                           Rows out:  0 rows (seg0) with 0.005 ms to end, start offset by 207 ms.
                           ->  Seq Scan on mi_asset_position_1_prt_42_2_prt_12 mi_asset_position  (cost=0.00..179.00 rows=1 width=0)
                                 Rows out:  (No row requested) 0 rows (seg0) with 0 ms to end.
                     ->  Result  (cost=0.00..179.00 rows=1 width=0)
                           One-Time Filter: false
                           Rows out:  0 rows (seg0) with 0.004 ms to end, start offset by 207 ms.
                           ->  Seq Scan on mi_asset_position_1_prt_42_2_prt_13 mi_asset_position  (cost=0.00..179.00 rows=1 width=0)
                                 Rows out:  (No row requested) 0 rows (seg0) with 0 ms to end.
                     ->  Result  (cost=0.00..179.00 rows=1 width=0)
                           One-Time Filter: false
                           Rows out:  0 rows (seg0) with 0.005 ms to end, start offset by 207 ms.
                           ->  Seq Scan on mi_asset_position_1_prt_43_2_prt_other_months mi_asset_position  (cost=0.00..179.00 rows=1 width=0)
                                 Rows out:  (No row requested) 0 rows (seg0) with 0 ms to end.
                     ->  Result  (cost=0.00..179.00 rows=1 width=0)
                           One-Time Filter: false
                           Rows out:  0 rows (seg0) with 0.004 ms to end, start offset by 207 ms.
                           ->  Seq Scan on mi_asset_position_1_prt_43_2_prt_2 mi_asset_position  (cost=0.00..179.00 rows=1 width=0)
                                 Rows out:  (No row requested) 0 rows (seg0) with 0 ms to end.
                     ->  Result  (cost=0.00..179.00 rows=1 width=0)
                           One-Time Filter: false
                           Rows out:  0 rows (seg0) with 0.005 ms to end, start offset by 207 ms.
                           ->  Seq Scan on mi_asset_position_1_prt_43_2_prt_3 mi_asset_position  (cost=0.00..179.00 rows=1 width=0)
                                 Rows out:  (No row requested) 0 rows (seg0) with 0 ms to end.
                     ->  Result  (cost=0.00..179.00 rows=1 width=0)
                           One-Time Filter: false
                           Rows out:  0 rows (seg0) with 0.005 ms to end, start offset by 207 ms.
                           ->  Seq Scan on mi_asset_position_1_prt_43_2_prt_4 mi_asset_position  (cost=0.00..179.00 rows=1 width=0)
                                 Rows out:  (No row requested) 0 rows (seg0) with 0 ms to end.
                     ->  Result  (cost=0.00..179.00 rows=1 width=0)
                           One-Time Filter: false
                           Rows out:  0 rows (seg0) with 0.014 ms to end, start offset by 207 ms.
                           ->  Seq Scan on mi_asset_position_1_prt_43_2_prt_5 mi_asset_position  (cost=0.00..179.00 rows=1 width=0)
                                 Rows out:  (No row requested) 0 rows (seg0) with 0 ms to end.
                     ->  Result  (cost=0.00..179.00 rows=1 width=0)
                           One-Time Filter: false
                           Rows out:  0 rows (seg0) with 0.005 ms to end, start offset by 207 ms.
                           ->  Seq Scan on mi_asset_position_1_prt_43_2_prt_6 mi_asset_position  (cost=0.00..179.00 rows=1 width=0)
                                 Rows out:  (No row requested) 0 rows (seg0) with 0 ms to end.
                     ->  Result  (cost=0.00..179.00 rows=1 width=0)
                           One-Time Filter: false
                           Rows out:  0 rows (seg0) with 0.005 ms to end, start offset by 207 ms.
                           ->  Seq Scan on mi_asset_position_1_prt_43_2_prt_7 mi_asset_position  (cost=0.00..179.00 rows=1 width=0)
                                 Rows out:  (No row requested) 0 rows (seg0) with 0 ms to end.
                     ->  Result  (cost=0.00..179.00 rows=1 width=0)
                           One-Time Filter: false
                           Rows out:  0 rows (seg0) with 0.005 ms to end, start offset by 207 ms.
                           ->  Seq Scan on mi_asset_position_1_prt_43_2_prt_8 mi_asset_position  (cost=0.00..179.00 rows=1 width=0)
                                 Rows out:  (No row requested) 0 rows (seg0) with 0 ms to end.
                     ->  Result  (cost=0.00..179.00 rows=1 width=0)
                           One-Time Filter: false
                           Rows out:  0 rows (seg0) with 0.005 ms to end, start offset by 207 ms.
                           ->  Seq Scan on mi_asset_position_1_prt_43_2_prt_9 mi_asset_position  (cost=0.00..179.00 rows=1 width=0)
                                 Rows out:  (No row requested) 0 rows (seg0) with 0 ms to end.
                     ->  Result  (cost=0.00..179.00 rows=1 width=0)
                           One-Time Filter: false
                           Rows out:  0 rows (seg0) with 0.005 ms to end, start offset by 207 ms.
                           ->  Seq Scan on mi_asset_position_1_prt_43_2_prt_10 mi_asset_position  (cost=0.00..179.00 rows=1 width=0)
                                 Rows out:  (No row requested) 0 rows (seg0) with 0 ms to end.
                     ->  Result  (cost=0.00..179.00 rows=1 width=0)
                           One-Time Filter: false
                           Rows out:  0 rows (seg0) with 0.005 ms to end, start offset by 208 ms.
                           ->  Seq Scan on mi_asset_position_1_prt_43_2_prt_11 mi_asset_position  (cost=0.00..179.00 rows=1 width=0)
                                 Rows out:  (No row requested) 0 rows (seg0) with 0 ms to end.
                     ->  Result  (cost=0.00..179.00 rows=1 width=0)
                           One-Time Filter: false
                           Rows out:  0 rows (seg0) with 0.004 ms to end, start offset by 208 ms.
                           ->  Seq Scan on mi_asset_position_1_prt_43_2_prt_12 mi_asset_position  (cost=0.00..179.00 rows=1 width=0)
                                 Rows out:  (No row requested) 0 rows (seg0) with 0 ms to end.
                     ->  Result  (cost=0.00..179.00 rows=1 width=0)
                           One-Time Filter: false
                           Rows out:  0 rows (seg0) with 0.005 ms to end, start offset by 208 ms.
                           ->  Seq Scan on mi_asset_position_1_prt_43_2_prt_13 mi_asset_position  (cost=0.00..179.00 rows=1 width=0)
                                 Rows out:  (No row requested) 0 rows (seg0) with 0 ms to end.
                     ->  Result  (cost=0.00..179.00 rows=1 width=0)
                           One-Time Filter: false
                           Rows out:  0 rows (seg0) with 0.005 ms to end, start offset by 208 ms.
                           ->  Seq Scan on mi_asset_position_1_prt_44_2_prt_other_months mi_asset_position  (cost=0.00..179.00 rows=1 width=0)
                                 Rows out:  (No row requested) 0 rows (seg0) with 0 ms to end.
                     ->  Result  (cost=0.00..179.00 rows=1 width=0)
                           One-Time Filter: false
                           Rows out:  0 rows (seg0) with 0.005 ms to end, start offset by 208 ms.
                           ->  Seq Scan on mi_asset_position_1_prt_44_2_prt_2 mi_asset_position  (cost=0.00..179.00 rows=1 width=0)
                                 Rows out:  (No row requested) 0 rows (seg0) with 0 ms to end.
                     ->  Result  (cost=0.00..179.00 rows=1 width=0)
                           One-Time Filter: false
                           Rows out:  0 rows (seg0) with 0.005 ms to end, start offset by 208 ms.
                           ->  Seq Scan on mi_asset_position_1_prt_44_2_prt_3 mi_asset_position  (cost=0.00..179.00 rows=1 width=0)
                                 Rows out:  (No row requested) 0 rows (seg0) with 0 ms to end.
                     ->  Result  (cost=0.00..179.00 rows=1 width=0)
                           One-Time Filter: false
                           Rows out:  0 rows (seg0) with 0.005 ms to end, start offset by 208 ms.
                           ->  Seq Scan on mi_asset_position_1_prt_44_2_prt_4 mi_asset_position  (cost=0.00..179.00 rows=1 width=0)
                                 Rows out:  (No row requested) 0 rows (seg0) with 0 ms to end.
                     ->  Result  (cost=0.00..179.00 rows=1 width=0)
                           One-Time Filter: false
                           Rows out:  0 rows (seg0) with 0.005 ms to end, start offset by 208 ms.
                           ->  Seq Scan on mi_asset_position_1_prt_44_2_prt_5 mi_asset_position  (cost=0.00..179.00 rows=1 width=0)
                                 Rows out:  (No row requested) 0 rows (seg0) with 0 ms to end.
                     ->  Result  (cost=0.00..179.00 rows=1 width=0)
                           One-Time Filter: false
                           Rows out:  0 rows (seg0) with 0.005 ms to end, start offset by 208 ms.
                           ->  Seq Scan on mi_asset_position_1_prt_44_2_prt_6 mi_asset_position  (cost=0.00..179.00 rows=1 width=0)
                                 Rows out:  (No row requested) 0 rows (seg0) with 0 ms to end.
                     ->  Result  (cost=0.00..179.00 rows=1 width=0)
                           One-Time Filter: false
                           Rows out:  0 rows (seg0) with 0.004 ms to end, start offset by 208 ms.
                           ->  Seq Scan on mi_asset_position_1_prt_44_2_prt_7 mi_asset_position  (cost=0.00..179.00 rows=1 width=0)
                                 Rows out:  (No row requested) 0 rows (seg0) with 0 ms to end.
                     ->  Result  (cost=0.00..179.00 rows=1 width=0)
                           One-Time Filter: false
                           Rows out:  0 rows (seg0) with 0.005 ms to end, start offset by 208 ms.
                           ->  Seq Scan on mi_asset_position_1_prt_44_2_prt_8 mi_asset_position  (cost=0.00..179.00 rows=1 width=0)
                                 Rows out:  (No row requested) 0 rows (seg0) with 0 ms to end.
                     ->  Result  (cost=0.00..179.00 rows=1 width=0)
                           One-Time Filter: false
                           Rows out:  0 rows (seg0) with 0.005 ms to end, start offset by 208 ms.
                           ->  Seq Scan on mi_asset_position_1_prt_44_2_prt_9 mi_asset_position  (cost=0.00..179.00 rows=1 width=0)
                                 Rows out:  (No row requested) 0 rows (seg0) with 0 ms to end.
                     ->  Result  (cost=0.00..179.00 rows=1 width=0)
                           One-Time Filter: false
                           Rows out:  0 rows (seg0) with 0.005 ms to end, start offset by 208 ms.
                           ->  Seq Scan on mi_asset_position_1_prt_44_2_prt_10 mi_asset_position  (cost=0.00..179.00 rows=1 width=0)
                                 Rows out:  (No row requested) 0 rows (seg0) with 0 ms to end.
                     ->  Result  (cost=0.00..179.00 rows=1 width=0)
                           One-Time Filter: false
                           Rows out:  0 rows (seg0) with 0.004 ms to end, start offset by 208 ms.
                           ->  Seq Scan on mi_asset_position_1_prt_44_2_prt_11 mi_asset_position  (cost=0.00..179.00 rows=1 width=0)
                                 Rows out:  (No row requested) 0 rows (seg0) with 0 ms to end.
                     ->  Result  (cost=0.00..179.00 rows=1 width=0)
                           One-Time Filter: false
                           Rows out:  0 rows (seg0) with 0.005 ms to end, start offset by 208 ms.
                           ->  Seq Scan on mi_asset_position_1_prt_44_2_prt_12 mi_asset_position  (cost=0.00..179.00 rows=1 width=0)
                                 Rows out:  (No row requested) 0 rows (seg0) with 0 ms to end.
                     ->  Result  (cost=0.00..179.00 rows=1 width=0)
                           One-Time Filter: false
                           Rows out:  0 rows (seg0) with 0.005 ms to end, start offset by 208 ms.
                           ->  Seq Scan on mi_asset_position_1_prt_44_2_prt_13 mi_asset_position  (cost=0.00..179.00 rows=1 width=0)
                                 Rows out:  (No row requested) 0 rows (seg0) with 0 ms to end.
                     ->  Result  (cost=0.00..179.00 rows=1 width=0)
                           One-Time Filter: false
                           Rows out:  0 rows (seg0) with 0.005 ms to end, start offset by 208 ms.
                           ->  Seq Scan on mi_asset_position_1_prt_45_2_prt_other_months mi_asset_position  (cost=0.00..179.00 rows=1 width=0)
                                 Rows out:  (No row requested) 0 rows (seg0) with 0 ms to end.
                     ->  Result  (cost=0.00..179.00 rows=1 width=0)
                           One-Time Filter: false
                           Rows out:  0 rows (seg0) with 0.004 ms to end, start offset by 208 ms.
                           ->  Seq Scan on mi_asset_position_1_prt_45_2_prt_2 mi_asset_position  (cost=0.00..179.00 rows=1 width=0)
                                 Rows out:  (No row requested) 0 rows (seg0) with 0 ms to end.
                     ->  Result  (cost=0.00..179.00 rows=1 width=0)
                           One-Time Filter: false
                           Rows out:  0 rows (seg0) with 0.004 ms to end, start offset by 208 ms.
                           ->  Seq Scan on mi_asset_position_1_prt_45_2_prt_3 mi_asset_position  (cost=0.00..179.00 rows=1 width=0)
                                 Rows out:  (No row requested) 0 rows (seg0) with 0 ms to end.
                     ->  Result  (cost=0.00..179.00 rows=1 width=0)
                           One-Time Filter: false
                           Rows out:  0 rows (seg0) with 0.005 ms to end, start offset by 208 ms.
                           ->  Seq Scan on mi_asset_position_1_prt_45_2_prt_4 mi_asset_position  (cost=0.00..179.00 rows=1 width=0)
                                 Rows out:  (No row requested) 0 rows (seg0) with 0 ms to end.
                     ->  Result  (cost=0.00..179.00 rows=1 width=0)
                           One-Time Filter: false
                           Rows out:  0 rows (seg0) with 0.005 ms to end, start offset by 208 ms.
                           ->  Seq Scan on mi_asset_position_1_prt_45_2_prt_5 mi_asset_position  (cost=0.00..179.00 rows=1 width=0)
                                 Rows out:  (No row requested) 0 rows (seg0) with 0 ms to end.
                     ->  Result  (cost=0.00..179.00 rows=1 width=0)
                           One-Time Filter: false
                           Rows out:  0 rows (seg0) with 0.004 ms to end, start offset by 208 ms.
                           ->  Seq Scan on mi_asset_position_1_prt_45_2_prt_6 mi_asset_position  (cost=0.00..179.00 rows=1 width=0)
                                 Rows out:  (No row requested) 0 rows (seg0) with 0 ms to end.
                     ->  Result  (cost=0.00..179.00 rows=1 width=0)
                           One-Time Filter: false
                           Rows out:  0 rows (seg0) with 0.004 ms to end, start offset by 208 ms.
                           ->  Seq Scan on mi_asset_position_1_prt_45_2_prt_7 mi_asset_position  (cost=0.00..179.00 rows=1 width=0)
                                 Rows out:  (No row requested) 0 rows (seg0) with 0 ms to end.
                     ->  Result  (cost=0.00..179.00 rows=1 width=0)
                           One-Time Filter: false
                           Rows out:  0 rows (seg0) with 0.005 ms to end, start offset by 208 ms.
                           ->  Seq Scan on mi_asset_position_1_prt_45_2_prt_8 mi_asset_position  (cost=0.00..179.00 rows=1 width=0)
                                 Rows out:  (No row requested) 0 rows (seg0) with 0 ms to end.
                     ->  Result  (cost=0.00..179.00 rows=1 width=0)
                           One-Time Filter: false
                           Rows out:  0 rows (seg0) with 0.005 ms to end, start offset by 208 ms.
                           ->  Seq Scan on mi_asset_position_1_prt_45_2_prt_9 mi_asset_position  (cost=0.00..179.00 rows=1 width=0)
                                 Rows out:  (No row requested) 0 rows (seg0) with 0 ms to end.
                     ->  Result  (cost=0.00..179.00 rows=1 width=0)
                           One-Time Filter: false
                           Rows out:  0 rows (seg0) with 0.005 ms to end, start offset by 208 ms.
                           ->  Seq Scan on mi_asset_position_1_prt_45_2_prt_10 mi_asset_position  (cost=0.00..179.00 rows=1 width=0)
                                 Rows out:  (No row requested) 0 rows (seg0) with 0 ms to end.
                     ->  Result  (cost=0.00..179.00 rows=1 width=0)
                           One-Time Filter: false
                           Rows out:  0 rows (seg0) with 0.005 ms to end, start offset by 208 ms.
                           ->  Seq Scan on mi_asset_position_1_prt_45_2_prt_11 mi_asset_position  (cost=0.00..179.00 rows=1 width=0)
                                 Rows out:  (No row requested) 0 rows (seg0) with 0 ms to end.
                     ->  Result  (cost=0.00..179.00 rows=1 width=0)
                           One-Time Filter: false
                           Rows out:  0 rows (seg0) with 0.004 ms to end, start offset by 208 ms.
                           ->  Seq Scan on mi_asset_position_1_prt_45_2_prt_12 mi_asset_position  (cost=0.00..179.00 rows=1 width=0)
                                 Rows out:  (No row requested) 0 rows (seg0) with 0 ms to end.
                     ->  Result  (cost=0.00..179.00 rows=1 width=0)
                           One-Time Filter: false
                           Rows out:  0 rows (seg0) with 0.005 ms to end, start offset by 208 ms.
                           ->  Seq Scan on mi_asset_position_1_prt_45_2_prt_13 mi_asset_position  (cost=0.00..179.00 rows=1 width=0)
                                 Rows out:  (No row requested) 0 rows (seg0) with 0 ms to end.
                     ->  Result  (cost=0.00..179.00 rows=1 width=0)
                           One-Time Filter: false
                           Rows out:  0 rows (seg0) with 0.005 ms to end, start offset by 208 ms.
                           ->  Seq Scan on mi_asset_position_1_prt_46_2_prt_other_months mi_asset_position  (cost=0.00..179.00 rows=1 width=0)
                                 Rows out:  (No row requested) 0 rows (seg0) with 0 ms to end.
                     ->  Result  (cost=0.00..179.00 rows=1 width=0)
                           One-Time Filter: false
                           Rows out:  0 rows (seg0) with 0.005 ms to end, start offset by 208 ms.
                           ->  Seq Scan on mi_asset_position_1_prt_46_2_prt_2 mi_asset_position  (cost=0.00..179.00 rows=1 width=0)
                                 Rows out:  (No row requested) 0 rows (seg0) with 0 ms to end.
                     ->  Result  (cost=0.00..179.00 rows=1 width=0)
                           One-Time Filter: false
                           Rows out:  0 rows (seg0) with 0.004 ms to end, start offset by 208 ms.
                           ->  Seq Scan on mi_asset_position_1_prt_46_2_prt_3 mi_asset_position  (cost=0.00..179.00 rows=1 width=0)
                                 Rows out:  (No row requested) 0 rows (seg0) with 0 ms to end.
                     ->  Result  (cost=0.00..179.00 rows=1 width=0)
                           One-Time Filter: false
                           Rows out:  0 rows (seg0) with 0.005 ms to end, start offset by 208 ms.
                           ->  Seq Scan on mi_asset_position_1_prt_46_2_prt_4 mi_asset_position  (cost=0.00..179.00 rows=1 width=0)
                                 Rows out:  (No row requested) 0 rows (seg0) with 0 ms to end.
                     ->  Result  (cost=0.00..179.00 rows=1 width=0)
                           One-Time Filter: false
                           Rows out:  0 rows (seg0) with 0.005 ms to end, start offset by 208 ms.
                           ->  Seq Scan on mi_asset_position_1_prt_46_2_prt_5 mi_asset_position  (cost=0.00..179.00 rows=1 width=0)
                                 Rows out:  (No row requested) 0 rows (seg0) with 0 ms to end.
                     ->  Result  (cost=0.00..179.00 rows=1 width=0)
                           One-Time Filter: false
                           Rows out:  0 rows (seg0) with 0.005 ms to end, start offset by 208 ms.
                           ->  Seq Scan on mi_asset_position_1_prt_46_2_prt_6 mi_asset_position  (cost=0.00..179.00 rows=1 width=0)
                                 Rows out:  (No row requested) 0 rows (seg0) with 0 ms to end.
                     ->  Result  (cost=0.00..179.00 rows=1 width=0)
                           One-Time Filter: false
                           Rows out:  0 rows (seg0) with 0.004 ms to end, start offset by 208 ms.
                           ->  Seq Scan on mi_asset_position_1_prt_46_2_prt_7 mi_asset_position  (cost=0.00..179.00 rows=1 width=0)
                                 Rows out:  (No row requested) 0 rows (seg0) with 0 ms to end.
                     ->  Result  (cost=0.00..179.00 rows=1 width=0)
                           One-Time Filter: false
                           Rows out:  0 rows (seg0) with 0.004 ms to end, start offset by 208 ms.
                           ->  Seq Scan on mi_asset_position_1_prt_46_2_prt_8 mi_asset_position  (cost=0.00..179.00 rows=1 width=0)
                                 Rows out:  (No row requested) 0 rows (seg0) with 0 ms to end.
                     ->  Result  (cost=0.00..179.00 rows=1 width=0)
                           One-Time Filter: false
                           Rows out:  0 rows (seg0) with 0.005 ms to end, start offset by 208 ms.
                           ->  Seq Scan on mi_asset_position_1_prt_46_2_prt_9 mi_asset_position  (cost=0.00..179.00 rows=1 width=0)
                                 Rows out:  (No row requested) 0 rows (seg0) with 0 ms to end.
                     ->  Result  (cost=0.00..179.00 rows=1 width=0)
                           One-Time Filter: false
                           Rows out:  0 rows (seg0) with 0.005 ms to end, start offset by 208 ms.
                           ->  Seq Scan on mi_asset_position_1_prt_46_2_prt_10 mi_asset_position  (cost=0.00..179.00 rows=1 width=0)
                                 Rows out:  (No row requested) 0 rows (seg0) with 0 ms to end.
                     ->  Result  (cost=0.00..179.00 rows=1 width=0)
                           One-Time Filter: false
                           Rows out:  0 rows (seg0) with 0.005 ms to end, start offset by 208 ms.
                           ->  Seq Scan on mi_asset_position_1_prt_46_2_prt_11 mi_asset_position  (cost=0.00..179.00 rows=1 width=0)
                                 Rows out:  (No row requested) 0 rows (seg0) with 0 ms to end.
                     ->  Result  (cost=0.00..179.00 rows=1 width=0)
                           One-Time Filter: false
                           Rows out:  0 rows (seg0) with 0.004 ms to end, start offset by 208 ms.
                           ->  Seq Scan on mi_asset_position_1_prt_46_2_prt_12 mi_asset_position  (cost=0.00..179.00 rows=1 width=0)
                                 Rows out:  (No row requested) 0 rows (seg0) with 0 ms to end.
                     ->  Result  (cost=0.00..179.00 rows=1 width=0)
                           One-Time Filter: false
                           Rows out:  0 rows (seg0) with 0.004 ms to end, start offset by 208 ms.
                           ->  Seq Scan on mi_asset_position_1_prt_46_2_prt_13 mi_asset_position  (cost=0.00..179.00 rows=1 width=0)
                                 Rows out:  (No row requested) 0 rows (seg0) with 0 ms to end.
                     ->  Result  (cost=0.00..179.00 rows=1 width=0)
                           One-Time Filter: false
                           Rows out:  0 rows (seg0) with 0.004 ms to end, start offset by 208 ms.
                           ->  Seq Scan on mi_asset_position_1_prt_47_2_prt_other_months mi_asset_position  (cost=0.00..179.00 rows=1 width=0)
                                 Rows out:  (No row requested) 0 rows (seg0) with 0 ms to end.
                     ->  Result  (cost=0.00..179.00 rows=1 width=0)
                           One-Time Filter: false
                           Rows out:  0 rows (seg0) with 0.005 ms to end, start offset by 208 ms.
                           ->  Seq Scan on mi_asset_position_1_prt_47_2_prt_2 mi_asset_position  (cost=0.00..179.00 rows=1 width=0)
                                 Rows out:  (No row requested) 0 rows (seg0) with 0 ms to end.
                     ->  Result  (cost=0.00..179.00 rows=1 width=0)
                           One-Time Filter: false
                           Rows out:  0 rows (seg0) with 0.005 ms to end, start offset by 208 ms.
                           ->  Seq Scan on mi_asset_position_1_prt_47_2_prt_3 mi_asset_position  (cost=0.00..179.00 rows=1 width=0)
                                 Rows out:  (No row requested) 0 rows (seg0) with 0 ms to end.
                     ->  Result  (cost=0.00..179.00 rows=1 width=0)
                           One-Time Filter: false
                           Rows out:  0 rows (seg0) with 0.005 ms to end, start offset by 208 ms.
                           ->  Seq Scan on mi_asset_position_1_prt_47_2_prt_4 mi_asset_position  (cost=0.00..179.00 rows=1 width=0)
                                 Rows out:  (No row requested) 0 rows (seg0) with 0 ms to end.
                     ->  Result  (cost=0.00..179.00 rows=1 width=0)
                           One-Time Filter: false
                           Rows out:  0 rows (seg0) with 0.005 ms to end, start offset by 208 ms.
                           ->  Seq Scan on mi_asset_position_1_prt_47_2_prt_5 mi_asset_position  (cost=0.00..179.00 rows=1 width=0)
                                 Rows out:  (No row requested) 0 rows (seg0) with 0 ms to end.
                     ->  Result  (cost=0.00..179.00 rows=1 width=0)
                           One-Time Filter: false
                           Rows out:  0 rows (seg0) with 0.005 ms to end, start offset by 208 ms.
                           ->  Seq Scan on mi_asset_position_1_prt_47_2_prt_6 mi_asset_position  (cost=0.00..179.00 rows=1 width=0)
                                 Rows out:  (No row requested) 0 rows (seg0) with 0 ms to end.
                     ->  Result  (cost=0.00..179.00 rows=1 width=0)
                           One-Time Filter: false
                           Rows out:  0 rows (seg0) with 0.005 ms to end, start offset by 208 ms.
                           ->  Seq Scan on mi_asset_position_1_prt_47_2_prt_7 mi_asset_position  (cost=0.00..179.00 rows=1 width=0)
                                 Rows out:  (No row requested) 0 rows (seg0) with 0 ms to end.
                     ->  Result  (cost=0.00..179.00 rows=1 width=0)
                           One-Time Filter: false
                           Rows out:  0 rows (seg0) with 0.004 ms to end, start offset by 208 ms.
                           ->  Seq Scan on mi_asset_position_1_prt_47_2_prt_8 mi_asset_position  (cost=0.00..179.00 rows=1 width=0)
                                 Rows out:  (No row requested) 0 rows (seg0) with 0 ms to end.
                     ->  Result  (cost=0.00..179.00 rows=1 width=0)
                           One-Time Filter: false
                           Rows out:  0 rows (seg0) with 0.004 ms to end, start offset by 208 ms.
                           ->  Seq Scan on mi_asset_position_1_prt_47_2_prt_9 mi_asset_position  (cost=0.00..179.00 rows=1 width=0)
                                 Rows out:  (No row requested) 0 rows (seg0) with 0 ms to end.
                     ->  Result  (cost=0.00..179.00 rows=1 width=0)
                           One-Time Filter: false
                           Rows out:  0 rows (seg0) with 0.005 ms to end, start offset by 208 ms.
                           ->  Seq Scan on mi_asset_position_1_prt_47_2_prt_10 mi_asset_position  (cost=0.00..179.00 rows=1 width=0)
                                 Rows out:  (No row requested) 0 rows (seg0) with 0 ms to end.
                     ->  Result  (cost=0.00..179.00 rows=1 width=0)
                           One-Time Filter: false
                           Rows out:  0 rows (seg0) with 0.005 ms to end, start offset by 208 ms.
                           ->  Seq Scan on mi_asset_position_1_prt_47_2_prt_11 mi_asset_position  (cost=0.00..179.00 rows=1 width=0)
                                 Rows out:  (No row requested) 0 rows (seg0) with 0 ms to end.
                     ->  Result  (cost=0.00..179.00 rows=1 width=0)
                           One-Time Filter: false
                           Rows out:  0 rows (seg0) with 0.005 ms to end, start offset by 208 ms.
                           ->  Seq Scan on mi_asset_position_1_prt_47_2_prt_12 mi_asset_position  (cost=0.00..179.00 rows=1 width=0)
                                 Rows out:  (No row requested) 0 rows (seg0) with 0 ms to end.
                     ->  Result  (cost=0.00..179.00 rows=1 width=0)
                           One-Time Filter: false
                           Rows out:  0 rows (seg0) with 0.005 ms to end, start offset by 208 ms.
                           ->  Seq Scan on mi_asset_position_1_prt_47_2_prt_13 mi_asset_position  (cost=0.00..179.00 rows=1 width=0)
                                 Rows out:  (No row requested) 0 rows (seg0) with 0 ms to end.
                     ->  Result  (cost=0.00..179.00 rows=1 width=0)
                           One-Time Filter: false
                           Rows out:  0 rows (seg0) with 0.004 ms to end, start offset by 208 ms.
                           ->  Seq Scan on mi_asset_position_1_prt_48_2_prt_other_months mi_asset_position  (cost=0.00..179.00 rows=1 width=0)
                                 Rows out:  (No row requested) 0 rows (seg0) with 0 ms to end.
                     ->  Result  (cost=0.00..179.00 rows=1 width=0)
                           One-Time Filter: false
                           Rows out:  0 rows (seg0) with 0.005 ms to end, start offset by 208 ms.
                           ->  Seq Scan on mi_asset_position_1_prt_48_2_prt_2 mi_asset_position  (cost=0.00..179.00 rows=1 width=0)
                                 Rows out:  (No row requested) 0 rows (seg0) with 0 ms to end.
                     ->  Result  (cost=0.00..179.00 rows=1 width=0)
                           One-Time Filter: false
                           Rows out:  0 rows (seg0) with 0.005 ms to end, start offset by 208 ms.
                           ->  Seq Scan on mi_asset_position_1_prt_48_2_prt_3 mi_asset_position  (cost=0.00..179.00 rows=1 width=0)
                                 Rows out:  (No row requested) 0 rows (seg0) with 0 ms to end.
                     ->  Result  (cost=0.00..179.00 rows=1 width=0)
                           One-Time Filter: false
                           Rows out:  0 rows (seg0) with 0.005 ms to end, start offset by 208 ms.
                           ->  Seq Scan on mi_asset_position_1_prt_48_2_prt_4 mi_asset_position  (cost=0.00..179.00 rows=1 width=0)
                                 Rows out:  (No row requested) 0 rows (seg0) with 0 ms to end.
                     ->  Result  (cost=0.00..179.00 rows=1 width=0)
                           One-Time Filter: false
                           Rows out:  0 rows (seg0) with 0.004 ms to end, start offset by 208 ms.
                           ->  Seq Scan on mi_asset_position_1_prt_48_2_prt_5 mi_asset_position  (cost=0.00..179.00 rows=1 width=0)
                                 Rows out:  (No row requested) 0 rows (seg0) with 0 ms to end.
                     ->  Result  (cost=0.00..179.00 rows=1 width=0)
                           One-Time Filter: false
                           Rows out:  0 rows (seg0) with 0.005 ms to end, start offset by 208 ms.
                           ->  Seq Scan on mi_asset_position_1_prt_48_2_prt_6 mi_asset_position  (cost=0.00..179.00 rows=1 width=0)
                                 Rows out:  (No row requested) 0 rows (seg0) with 0 ms to end.
                     ->  Result  (cost=0.00..179.00 rows=1 width=0)
                           One-Time Filter: false
                           Rows out:  0 rows (seg0) with 0.005 ms to end, start offset by 208 ms.
                           ->  Seq Scan on mi_asset_position_1_prt_48_2_prt_7 mi_asset_position  (cost=0.00..179.00 rows=1 width=0)
                                 Rows out:  (No row requested) 0 rows (seg0) with 0 ms to end.
                     ->  Result  (cost=0.00..179.00 rows=1 width=0)
                           One-Time Filter: false
                           Rows out:  0 rows (seg0) with 0.005 ms to end, start offset by 208 ms.
                           ->  Seq Scan on mi_asset_position_1_prt_48_2_prt_8 mi_asset_position  (cost=0.00..179.00 rows=1 width=0)
                                 Rows out:  (No row requested) 0 rows (seg0) with 0 ms to end.
                     ->  Result  (cost=0.00..179.00 rows=1 width=0)
                           One-Time Filter: false
                           Rows out:  0 rows (seg0) with 0.005 ms to end, start offset by 208 ms.
                           ->  Seq Scan on mi_asset_position_1_prt_48_2_prt_9 mi_asset_position  (cost=0.00..179.00 rows=1 width=0)
                                 Rows out:  (No row requested) 0 rows (seg0) with 0 ms to end.
                     ->  Result  (cost=0.00..179.00 rows=1 width=0)
                           One-Time Filter: false
                           Rows out:  0 rows (seg0) with 0.004 ms to end, start offset by 208 ms.
                           ->  Seq Scan on mi_asset_position_1_prt_48_2_prt_10 mi_asset_position  (cost=0.00..179.00 rows=1 width=0)
                                 Rows out:  (No row requested) 0 rows (seg0) with 0 ms to end.
                     ->  Result  (cost=0.00..179.00 rows=1 width=0)
                           One-Time Filter: false
                           Rows out:  0 rows (seg0) with 0.005 ms to end, start offset by 208 ms.
                           ->  Seq Scan on mi_asset_position_1_prt_48_2_prt_11 mi_asset_position  (cost=0.00..179.00 rows=1 width=0)
                                 Rows out:  (No row requested) 0 rows (seg0) with 0 ms to end.
                     ->  Result  (cost=0.00..179.00 rows=1 width=0)
                           One-Time Filter: false
                           Rows out:  0 rows (seg0) with 0.005 ms to end, start offset by 208 ms.
                           ->  Seq Scan on mi_asset_position_1_prt_48_2_prt_12 mi_asset_position  (cost=0.00..179.00 rows=1 width=0)
                                 Rows out:  (No row requested) 0 rows (seg0) with 0 ms to end.
                     ->  Result  (cost=0.00..179.00 rows=1 width=0)
                           One-Time Filter: false
                           Rows out:  0 rows (seg0) with 0.004 ms to end, start offset by 208 ms.
                           ->  Seq Scan on mi_asset_position_1_prt_48_2_prt_13 mi_asset_position  (cost=0.00..179.00 rows=1 width=0)
                                 Rows out:  (No row requested) 0 rows (seg0) with 0 ms to end.
                     ->  Result  (cost=0.00..179.00 rows=1 width=0)
                           One-Time Filter: false
                           Rows out:  0 rows (seg0) with 0.005 ms to end, start offset by 208 ms.
                           ->  Seq Scan on mi_asset_position_1_prt_49_2_prt_other_months mi_asset_position  (cost=0.00..179.00 rows=1 width=0)
                                 Rows out:  (No row requested) 0 rows (seg0) with 0 ms to end.
                     ->  Result  (cost=0.00..179.00 rows=1 width=0)
                           One-Time Filter: false
                           Rows out:  0 rows (seg0) with 0.005 ms to end, start offset by 208 ms.
                           ->  Seq Scan on mi_asset_position_1_prt_49_2_prt_2 mi_asset_position  (cost=0.00..179.00 rows=1 width=0)
                                 Rows out:  (No row requested) 0 rows (seg0) with 0 ms to end.
                     ->  Result  (cost=0.00..179.00 rows=1 width=0)
                           One-Time Filter: false
                           Rows out:  0 rows (seg0) with 0.005 ms to end, start offset by 208 ms.
                           ->  Seq Scan on mi_asset_position_1_prt_49_2_prt_3 mi_asset_position  (cost=0.00..179.00 rows=1 width=0)
                                 Rows out:  (No row requested) 0 rows (seg0) with 0 ms to end.
                     ->  Result  (cost=0.00..179.00 rows=1 width=0)
                           One-Time Filter: false
                           Rows out:  0 rows (seg0) with 0.005 ms to end, start offset by 208 ms.
                           ->  Seq Scan on mi_asset_position_1_prt_49_2_prt_4 mi_asset_position  (cost=0.00..179.00 rows=1 width=0)
                                 Rows out:  (No row requested) 0 rows (seg0) with 0 ms to end.
                     ->  Result  (cost=0.00..179.00 rows=1 width=0)
                           One-Time Filter: false
                           Rows out:  0 rows (seg0) with 0.004 ms to end, start offset by 208 ms.
                           ->  Seq Scan on mi_asset_position_1_prt_49_2_prt_5 mi_asset_position  (cost=0.00..179.00 rows=1 width=0)
                                 Rows out:  (No row requested) 0 rows (seg0) with 0 ms to end.
                     ->  Result  (cost=0.00..179.00 rows=1 width=0)
                           One-Time Filter: false
                           Rows out:  0 rows (seg0) with 0.005 ms to end, start offset by 208 ms.
                           ->  Seq Scan on mi_asset_position_1_prt_49_2_prt_6 mi_asset_position  (cost=0.00..179.00 rows=1 width=0)
                                 Rows out:  (No row requested) 0 rows (seg0) with 0 ms to end.
                     ->  Result  (cost=0.00..179.00 rows=1 width=0)
                           One-Time Filter: false
                           Rows out:  0 rows (seg0) with 0.005 ms to end, start offset by 208 ms.
                           ->  Seq Scan on mi_asset_position_1_prt_49_2_prt_7 mi_asset_position  (cost=0.00..179.00 rows=1 width=0)
                                 Rows out:  (No row requested) 0 rows (seg0) with 0 ms to end.
                     ->  Result  (cost=0.00..179.00 rows=1 width=0)
                           One-Time Filter: false
                           Rows out:  0 rows (seg0) with 0.005 ms to end, start offset by 208 ms.
                           ->  Seq Scan on mi_asset_position_1_prt_49_2_prt_8 mi_asset_position  (cost=0.00..179.00 rows=1 width=0)
                                 Rows out:  (No row requested) 0 rows (seg0) with 0 ms to end.
                     ->  Result  (cost=0.00..179.00 rows=1 width=0)
                           One-Time Filter: false
                           Rows out:  0 rows (seg0) with 0.005 ms to end, start offset by 208 ms.
                           ->  Seq Scan on mi_asset_position_1_prt_49_2_prt_9 mi_asset_position  (cost=0.00..179.00 rows=1 width=0)
                                 Rows out:  (No row requested) 0 rows (seg0) with 0 ms to end.
                     ->  Result  (cost=0.00..179.00 rows=1 width=0)
                           One-Time Filter: false
                           Rows out:  0 rows (seg0) with 0.004 ms to end, start offset by 208 ms.
                           ->  Seq Scan on mi_asset_position_1_prt_49_2_prt_10 mi_asset_position  (cost=0.00..179.00 rows=1 width=0)
                                 Rows out:  (No row requested) 0 rows (seg0) with 0 ms to end.
                     ->  Result  (cost=0.00..179.00 rows=1 width=0)
                           One-Time Filter: false
                           Rows out:  0 rows (seg0) with 0.005 ms to end, start offset by 208 ms.
                           ->  Seq Scan on mi_asset_position_1_prt_49_2_prt_11 mi_asset_position  (cost=0.00..179.00 rows=1 width=0)
                                 Rows out:  (No row requested) 0 rows (seg0) with 0 ms to end.
                     ->  Result  (cost=0.00..179.00 rows=1 width=0)
                           One-Time Filter: false
                           Rows out:  0 rows (seg0) with 0.005 ms to end, start offset by 208 ms.
                           ->  Seq Scan on mi_asset_position_1_prt_49_2_prt_12 mi_asset_position  (cost=0.00..179.00 rows=1 width=0)
                                 Rows out:  (No row requested) 0 rows (seg0) with 0 ms to end.
                     ->  Result  (cost=0.00..179.00 rows=1 width=0)
                           One-Time Filter: false
                           Rows out:  0 rows (seg0) with 0.005 ms to end, start offset by 208 ms.
                           ->  Seq Scan on mi_asset_position_1_prt_49_2_prt_13 mi_asset_position  (cost=0.00..179.00 rows=1 width=0)
                                 Rows out:  (No row requested) 0 rows (seg0) with 0 ms to end.
                     ->  Result  (cost=0.00..179.00 rows=1 width=0)
                           One-Time Filter: false
                           Rows out:  0 rows (seg0) with 0.004 ms to end, start offset by 208 ms.
                           ->  Seq Scan on mi_asset_position_1_prt_50_2_prt_other_months mi_asset_position  (cost=0.00..179.00 rows=1 width=0)
                                 Rows out:  (No row requested) 0 rows (seg0) with 0 ms to end.
                     ->  Result  (cost=0.00..179.00 rows=1 width=0)
                           One-Time Filter: false
                           Rows out:  0 rows (seg0) with 0.004 ms to end, start offset by 208 ms.
                           ->  Seq Scan on mi_asset_position_1_prt_50_2_prt_2 mi_asset_position  (cost=0.00..179.00 rows=1 width=0)
                                 Rows out:  (No row requested) 0 rows (seg0) with 0 ms to end.
                     ->  Result  (cost=0.00..179.00 rows=1 width=0)
                           One-Time Filter: false
                           Rows out:  0 rows (seg0) with 0.005 ms to end, start offset by 208 ms.
                           ->  Seq Scan on mi_asset_position_1_prt_50_2_prt_3 mi_asset_position  (cost=0.00..179.00 rows=1 width=0)
                                 Rows out:  (No row requested) 0 rows (seg0) with 0 ms to end.
                     ->  Result  (cost=0.00..179.00 rows=1 width=0)
                           One-Time Filter: false
                           Rows out:  0 rows (seg0) with 0.005 ms to end, start offset by 208 ms.
                           ->  Seq Scan on mi_asset_position_1_prt_50_2_prt_4 mi_asset_position  (cost=0.00..179.00 rows=1 width=0)
                                 Rows out:  (No row requested) 0 rows (seg0) with 0 ms to end.
                     ->  Result  (cost=0.00..179.00 rows=1 width=0)
                           One-Time Filter: false
                           Rows out:  0 rows (seg0) with 0.005 ms to end, start offset by 208 ms.
                           ->  Seq Scan on mi_asset_position_1_prt_50_2_prt_5 mi_asset_position  (cost=0.00..179.00 rows=1 width=0)
                                 Rows out:  (No row requested) 0 rows (seg0) with 0 ms to end.
                     ->  Result  (cost=0.00..179.00 rows=1 width=0)
                           One-Time Filter: false
                           Rows out:  0 rows (seg0) with 0.005 ms to end, start offset by 208 ms.
                           ->  Seq Scan on mi_asset_position_1_prt_50_2_prt_6 mi_asset_position  (cost=0.00..179.00 rows=1 width=0)
                                 Rows out:  (No row requested) 0 rows (seg0) with 0 ms to end.
                     ->  Result  (cost=0.00..179.00 rows=1 width=0)
                           One-Time Filter: false
                           Rows out:  0 rows (seg0) with 0.005 ms to end, start offset by 208 ms.
                           ->  Seq Scan on mi_asset_position_1_prt_50_2_prt_7 mi_asset_position  (cost=0.00..179.00 rows=1 width=0)
                                 Rows out:  (No row requested) 0 rows (seg0) with 0 ms to end.
                     ->  Result  (cost=0.00..179.00 rows=1 width=0)
                           One-Time Filter: false
                           Rows out:  0 rows (seg0) with 0.004 ms to end, start offset by 208 ms.
                           ->  Seq Scan on mi_asset_position_1_prt_50_2_prt_8 mi_asset_position  (cost=0.00..179.00 rows=1 width=0)
                                 Rows out:  (No row requested) 0 rows (seg0) with 0 ms to end.
                     ->  Result  (cost=0.00..179.00 rows=1 width=0)
                           One-Time Filter: false
                           Rows out:  0 rows (seg0) with 0.005 ms to end, start offset by 208 ms.
                           ->  Seq Scan on mi_asset_position_1_prt_50_2_prt_9 mi_asset_position  (cost=0.00..179.00 rows=1 width=0)
                                 Rows out:  (No row requested) 0 rows (seg0) with 0 ms to end.
                     ->  Result  (cost=0.00..179.00 rows=1 width=0)
                           One-Time Filter: false
                           Rows out:  0 rows (seg0) with 0.005 ms to end, start offset by 208 ms.
                           ->  Seq Scan on mi_asset_position_1_prt_50_2_prt_10 mi_asset_position  (cost=0.00..179.00 rows=1 width=0)
                                 Rows out:  (No row requested) 0 rows (seg0) with 0 ms to end.
                     ->  Result  (cost=0.00..179.00 rows=1 width=0)
                           One-Time Filter: false
                           Rows out:  0 rows (seg0) with 0.005 ms to end, start offset by 208 ms.
                           ->  Seq Scan on mi_asset_position_1_prt_50_2_prt_11 mi_asset_position  (cost=0.00..179.00 rows=1 width=0)
                                 Rows out:  (No row requested) 0 rows (seg0) with 0 ms to end.
                     ->  Result  (cost=0.00..179.00 rows=1 width=0)
                           One-Time Filter: false
                           Rows out:  0 rows (seg0) with 0.004 ms to end, start offset by 208 ms.
                           ->  Seq Scan on mi_asset_position_1_prt_50_2_prt_12 mi_asset_position  (cost=0.00..179.00 rows=1 width=0)
                                 Rows out:  (No row requested) 0 rows (seg0) with 0 ms to end.
                     ->  Result  (cost=0.00..179.00 rows=1 width=0)
                           One-Time Filter: false
                           Rows out:  0 rows (seg0) with 0.005 ms to end, start offset by 208 ms.
                           ->  Seq Scan on mi_asset_position_1_prt_50_2_prt_13 mi_asset_position  (cost=0.00..179.00 rows=1 width=0)
                                 Rows out:  (No row requested) 0 rows (seg0) with 0 ms to end.
                     ->  Result  (cost=0.00..179.00 rows=1 width=0)
                           One-Time Filter: false
                           Rows out:  0 rows (seg0) with 0.005 ms to end, start offset by 208 ms.
                           ->  Seq Scan on mi_asset_position_1_prt_51_2_prt_other_months mi_asset_position  (cost=0.00..179.00 rows=1 width=0)
                                 Rows out:  (No row requested) 0 rows (seg0) with 0 ms to end.
                     ->  Result  (cost=0.00..179.00 rows=1 width=0)
                           One-Time Filter: false
                           Rows out:  0 rows (seg0) with 0.005 ms to end, start offset by 208 ms.
                           ->  Seq Scan on mi_asset_position_1_prt_51_2_prt_2 mi_asset_position  (cost=0.00..179.00 rows=1 width=0)
                                 Rows out:  (No row requested) 0 rows (seg0) with 0 ms to end.
                     ->  Result  (cost=0.00..179.00 rows=1 width=0)
                           One-Time Filter: false
                           Rows out:  0 rows (seg0) with 0.005 ms to end, start offset by 208 ms.
                           ->  Seq Scan on mi_asset_position_1_prt_51_2_prt_3 mi_asset_position  (cost=0.00..179.00 rows=1 width=0)
                                 Rows out:  (No row requested) 0 rows (seg0) with 0 ms to end.
                     ->  Result  (cost=0.00..179.00 rows=1 width=0)
                           One-Time Filter: false
                           Rows out:  0 rows (seg0) with 0.005 ms to end, start offset by 208 ms.
                           ->  Seq Scan on mi_asset_position_1_prt_51_2_prt_4 mi_asset_position  (cost=0.00..179.00 rows=1 width=0)
                                 Rows out:  (No row requested) 0 rows (seg0) with 0 ms to end.
                     ->  Result  (cost=0.00..179.00 rows=1 width=0)
                           One-Time Filter: false
                           Rows out:  0 rows (seg0) with 0.005 ms to end, start offset by 208 ms.
                           ->  Seq Scan on mi_asset_position_1_prt_51_2_prt_5 mi_asset_position  (cost=0.00..179.00 rows=1 width=0)
                                 Rows out:  (No row requested) 0 rows (seg0) with 0 ms to end.
                     ->  Result  (cost=0.00..179.00 rows=1 width=0)
                           One-Time Filter: false
                           Rows out:  0 rows (seg0) with 0.005 ms to end, start offset by 208 ms.
                           ->  Seq Scan on mi_asset_position_1_prt_51_2_prt_6 mi_asset_position  (cost=0.00..179.00 rows=1 width=0)
                                 Rows out:  (No row requested) 0 rows (seg0) with 0 ms to end.
                     ->  Result  (cost=0.00..179.00 rows=1 width=0)
                           One-Time Filter: false
                           Rows out:  0 rows (seg0) with 0.005 ms to end, start offset by 208 ms.
                           ->  Seq Scan on mi_asset_position_1_prt_51_2_prt_7 mi_asset_position  (cost=0.00..179.00 rows=1 width=0)
                                 Rows out:  (No row requested) 0 rows (seg0) with 0 ms to end.
                     ->  Result  (cost=0.00..179.00 rows=1 width=0)
                           One-Time Filter: false
                           Rows out:  0 rows (seg0) with 0.004 ms to end, start offset by 208 ms.
                           ->  Seq Scan on mi_asset_position_1_prt_51_2_prt_8 mi_asset_position  (cost=0.00..179.00 rows=1 width=0)
                                 Rows out:  (No row requested) 0 rows (seg0) with 0 ms to end.
                     ->  Result  (cost=0.00..179.00 rows=1 width=0)
                           One-Time Filter: false
                           Rows out:  0 rows (seg0) with 0.004 ms to end, start offset by 208 ms.
                           ->  Seq Scan on mi_asset_position_1_prt_51_2_prt_9 mi_asset_position  (cost=0.00..179.00 rows=1 width=0)
                                 Rows out:  (No row requested) 0 rows (seg0) with 0 ms to end.
                     ->  Result  (cost=0.00..179.00 rows=1 width=0)
                           One-Time Filter: false
                           Rows out:  0 rows (seg0) with 0.005 ms to end, start offset by 208 ms.
                           ->  Seq Scan on mi_asset_position_1_prt_51_2_prt_10 mi_asset_position  (cost=0.00..179.00 rows=1 width=0)
                                 Rows out:  (No row requested) 0 rows (seg0) with 0 ms to end.
                     ->  Result  (cost=0.00..179.00 rows=1 width=0)
                           One-Time Filter: false
                           Rows out:  0 rows (seg0) with 0.006 ms to end, start offset by 208 ms.
                           ->  Seq Scan on mi_asset_position_1_prt_51_2_prt_11 mi_asset_position  (cost=0.00..179.00 rows=1 width=0)
                                 Rows out:  (No row requested) 0 rows (seg0) with 0 ms to end.
                     ->  Result  (cost=0.00..179.00 rows=1 width=0)
                           One-Time Filter: false
                           Rows out:  0 rows (seg0) with 0.005 ms to end, start offset by 208 ms.
                           ->  Seq Scan on mi_asset_position_1_prt_51_2_prt_12 mi_asset_position  (cost=0.00..179.00 rows=1 width=0)
                                 Rows out:  (No row requested) 0 rows (seg0) with 0 ms to end.
                     ->  Result  (cost=0.00..179.00 rows=1 width=0)
                           One-Time Filter: false
                           Rows out:  0 rows (seg0) with 0.005 ms to end, start offset by 208 ms.
                           ->  Seq Scan on mi_asset_position_1_prt_51_2_prt_13 mi_asset_position  (cost=0.00..179.00 rows=1 width=0)
                                 Rows out:  (No row requested) 0 rows (seg0) with 0 ms to end.
                     ->  Result  (cost=0.00..179.00 rows=1 width=0)
                           One-Time Filter: false
                           Rows out:  0 rows (seg0) with 0.005 ms to end, start offset by 208 ms.
                           ->  Seq Scan on mi_asset_position_1_prt_52_2_prt_other_months mi_asset_position  (cost=0.00..179.00 rows=1 width=0)
                                 Rows out:  (No row requested) 0 rows (seg0) with 0 ms to end.
                     ->  Result  (cost=0.00..179.00 rows=1 width=0)
                           One-Time Filter: false
                           Rows out:  0 rows (seg0) with 0.004 ms to end, start offset by 208 ms.
                           ->  Seq Scan on mi_asset_position_1_prt_52_2_prt_2 mi_asset_position  (cost=0.00..179.00 rows=1 width=0)
                                 Rows out:  (No row requested) 0 rows (seg0) with 0 ms to end.
                     ->  Result  (cost=0.00..179.00 rows=1 width=0)
                           One-Time Filter: false
                           Rows out:  0 rows (seg0) with 0.005 ms to end, start offset by 208 ms.
                           ->  Seq Scan on mi_asset_position_1_prt_52_2_prt_3 mi_asset_position  (cost=0.00..179.00 rows=1 width=0)
                                 Rows out:  (No row requested) 0 rows (seg0) with 0 ms to end.
                     ->  Result  (cost=0.00..179.00 rows=1 width=0)
                           One-Time Filter: false
                           Rows out:  0 rows (seg0) with 0.005 ms to end, start offset by 208 ms.
                           ->  Seq Scan on mi_asset_position_1_prt_52_2_prt_4 mi_asset_position  (cost=0.00..179.00 rows=1 width=0)
                                 Rows out:  (No row requested) 0 rows (seg0) with 0 ms to end.
                     ->  Result  (cost=0.00..179.00 rows=1 width=0)
                           One-Time Filter: false
                           Rows out:  0 rows (seg0) with 0.004 ms to end, start offset by 208 ms.
                           ->  Seq Scan on mi_asset_position_1_prt_52_2_prt_5 mi_asset_position  (cost=0.00..179.00 rows=1 width=0)
                                 Rows out:  (No row requested) 0 rows (seg0) with 0 ms to end.
                     ->  Result  (cost=0.00..179.00 rows=1 width=0)
                           One-Time Filter: false
                           Rows out:  0 rows (seg0) with 0.005 ms to end, start offset by 208 ms.
                           ->  Seq Scan on mi_asset_position_1_prt_52_2_prt_6 mi_asset_position  (cost=0.00..179.00 rows=1 width=0)
                                 Rows out:  (No row requested) 0 rows (seg0) with 0 ms to end.
                     ->  Result  (cost=0.00..179.00 rows=1 width=0)
                           One-Time Filter: false
                           Rows out:  0 rows (seg0) with 0.005 ms to end, start offset by 208 ms.
                           ->  Seq Scan on mi_asset_position_1_prt_52_2_prt_7 mi_asset_position  (cost=0.00..179.00 rows=1 width=0)
                                 Rows out:  (No row requested) 0 rows (seg0) with 0 ms to end.
                     ->  Result  (cost=0.00..179.00 rows=1 width=0)
                           One-Time Filter: false
                           Rows out:  0 rows (seg0) with 0.005 ms to end, start offset by 208 ms.
                           ->  Seq Scan on mi_asset_position_1_prt_52_2_prt_8 mi_asset_position  (cost=0.00..179.00 rows=1 width=0)
                                 Rows out:  (No row requested) 0 rows (seg0) with 0 ms to end.
                     ->  Result  (cost=0.00..179.00 rows=1 width=0)
                           One-Time Filter: false
                           Rows out:  0 rows (seg0) with 0.005 ms to end, start offset by 208 ms.
                           ->  Seq Scan on mi_asset_position_1_prt_52_2_prt_9 mi_asset_position  (cost=0.00..179.00 rows=1 width=0)
                                 Rows out:  (No row requested) 0 rows (seg0) with 0 ms to end.
                     ->  Result  (cost=0.00..179.00 rows=1 width=0)
                           One-Time Filter: false
                           Rows out:  0 rows (seg0) with 0.004 ms to end, start offset by 208 ms.
                           ->  Seq Scan on mi_asset_position_1_prt_52_2_prt_10 mi_asset_position  (cost=0.00..179.00 rows=1 width=0)
                                 Rows out:  (No row requested) 0 rows (seg0) with 0 ms to end.
                     ->  Result  (cost=0.00..179.00 rows=1 width=0)
                           One-Time Filter: false
                           Rows out:  0 rows (seg0) with 0.005 ms to end, start offset by 208 ms.
                           ->  Seq Scan on mi_asset_position_1_prt_52_2_prt_11 mi_asset_position  (cost=0.00..179.00 rows=1 width=0)
                                 Rows out:  (No row requested) 0 rows (seg0) with 0 ms to end.
                     ->  Result  (cost=0.00..179.00 rows=1 width=0)
                           One-Time Filter: false
                           Rows out:  0 rows (seg0) with 0.005 ms to end, start offset by 208 ms.
                           ->  Seq Scan on mi_asset_position_1_prt_52_2_prt_12 mi_asset_position  (cost=0.00..179.00 rows=1 width=0)
                                 Rows out:  (No row requested) 0 rows (seg0) with 0 ms to end.
                     ->  Result  (cost=0.00..179.00 rows=1 width=0)
                           One-Time Filter: false
                           Rows out:  0 rows (seg0) with 0.005 ms to end, start offset by 208 ms.
                           ->  Seq Scan on mi_asset_position_1_prt_52_2_prt_13 mi_asset_position  (cost=0.00..179.00 rows=1 width=0)
                                 Rows out:  (No row requested) 0 rows (seg0) with 0 ms to end.
                     ->  Result  (cost=0.00..179.00 rows=1 width=0)
                           One-Time Filter: false
                           Rows out:  0 rows (seg0) with 0.005 ms to end, start offset by 208 ms.
                           ->  Seq Scan on mi_asset_position_1_prt_53_2_prt_other_months mi_asset_position  (cost=0.00..179.00 rows=1 width=0)
                                 Rows out:  (No row requested) 0 rows (seg0) with 0 ms to end.
                     ->  Result  (cost=0.00..179.00 rows=1 width=0)
                           One-Time Filter: false
                           Rows out:  0 rows (seg0) with 0.004 ms to end, start offset by 208 ms.
                           ->  Seq Scan on mi_asset_position_1_prt_53_2_prt_2 mi_asset_position  (cost=0.00..179.00 rows=1 width=0)
                                 Rows out:  (No row requested) 0 rows (seg0) with 0 ms to end.
                     ->  Result  (cost=0.00..179.00 rows=1 width=0)
                           One-Time Filter: false
                           Rows out:  0 rows (seg0) with 0.005 ms to end, start offset by 208 ms.
                           ->  Seq Scan on mi_asset_position_1_prt_53_2_prt_3 mi_asset_position  (cost=0.00..179.00 rows=1 width=0)
                                 Rows out:  (No row requested) 0 rows (seg0) with 0 ms to end.
                     ->  Result  (cost=0.00..179.00 rows=1 width=0)
                           One-Time Filter: false
                           Rows out:  0 rows (seg0) with 0.005 ms to end, start offset by 208 ms.
                           ->  Seq Scan on mi_asset_position_1_prt_53_2_prt_4 mi_asset_position  (cost=0.00..179.00 rows=1 width=0)
                                 Rows out:  (No row requested) 0 rows (seg0) with 0 ms to end.
                     ->  Result  (cost=0.00..179.00 rows=1 width=0)
                           One-Time Filter: false
                           Rows out:  0 rows (seg0) with 0.004 ms to end, start offset by 208 ms.
                           ->  Seq Scan on mi_asset_position_1_prt_53_2_prt_5 mi_asset_position  (cost=0.00..179.00 rows=1 width=0)
                                 Rows out:  (No row requested) 0 rows (seg0) with 0 ms to end.
                     ->  Result  (cost=0.00..179.00 rows=1 width=0)
                           One-Time Filter: false
                           Rows out:  0 rows (seg0) with 0.005 ms to end, start offset by 208 ms.
                           ->  Seq Scan on mi_asset_position_1_prt_53_2_prt_6 mi_asset_position  (cost=0.00..179.00 rows=1 width=0)
                                 Rows out:  (No row requested) 0 rows (seg0) with 0 ms to end.
                     ->  Result  (cost=0.00..179.00 rows=1 width=0)
                           One-Time Filter: false
                           Rows out:  0 rows (seg0) with 0.005 ms to end, start offset by 208 ms.
                           ->  Seq Scan on mi_asset_position_1_prt_53_2_prt_7 mi_asset_position  (cost=0.00..179.00 rows=1 width=0)
                                 Rows out:  (No row requested) 0 rows (seg0) with 0 ms to end.
                     ->  Result  (cost=0.00..179.00 rows=1 width=0)
                           One-Time Filter: false
                           Rows out:  0 rows (seg0) with 0.004 ms to end, start offset by 208 ms.
                           ->  Seq Scan on mi_asset_position_1_prt_53_2_prt_8 mi_asset_position  (cost=0.00..179.00 rows=1 width=0)
                                 Rows out:  (No row requested) 0 rows (seg0) with 0 ms to end.
                     ->  Result  (cost=0.00..179.00 rows=1 width=0)
                           One-Time Filter: false
                           Rows out:  0 rows (seg0) with 0.004 ms to end, start offset by 208 ms.
                           ->  Seq Scan on mi_asset_position_1_prt_53_2_prt_9 mi_asset_position  (cost=0.00..179.00 rows=1 width=0)
                                 Rows out:  (No row requested) 0 rows (seg0) with 0 ms to end.
                     ->  Result  (cost=0.00..179.00 rows=1 width=0)
                           One-Time Filter: false
                           Rows out:  0 rows (seg0) with 0.005 ms to end, start offset by 208 ms.
                           ->  Seq Scan on mi_asset_position_1_prt_53_2_prt_10 mi_asset_position  (cost=0.00..179.00 rows=1 width=0)
                                 Rows out:  (No row requested) 0 rows (seg0) with 0 ms to end.
                     ->  Result  (cost=0.00..179.00 rows=1 width=0)
                           One-Time Filter: false
                           Rows out:  0 rows (seg0) with 0.005 ms to end, start offset by 208 ms.
                           ->  Seq Scan on mi_asset_position_1_prt_53_2_prt_11 mi_asset_position  (cost=0.00..179.00 rows=1 width=0)
                                 Rows out:  (No row requested) 0 rows (seg0) with 0 ms to end.
                     ->  Result  (cost=0.00..179.00 rows=1 width=0)
                           One-Time Filter: false
                           Rows out:  0 rows (seg0) with 0.005 ms to end, start offset by 208 ms.
                           ->  Seq Scan on mi_asset_position_1_prt_53_2_prt_12 mi_asset_position  (cost=0.00..179.00 rows=1 width=0)
                                 Rows out:  (No row requested) 0 rows (seg0) with 0 ms to end.
                     ->  Result  (cost=0.00..179.00 rows=1 width=0)
                           One-Time Filter: false
                           Rows out:  0 rows (seg0) with 0.005 ms to end, start offset by 208 ms.
                           ->  Seq Scan on mi_asset_position_1_prt_53_2_prt_13 mi_asset_position  (cost=0.00..179.00 rows=1 width=0)
                                 Rows out:  (No row requested) 0 rows (seg0) with 0 ms to end.
                     ->  Result  (cost=0.00..179.00 rows=1 width=0)
                           One-Time Filter: false
                           Rows out:  0 rows (seg0) with 0.005 ms to end, start offset by 208 ms.
                           ->  Seq Scan on mi_asset_position_1_prt_54_2_prt_other_months mi_asset_position  (cost=0.00..179.00 rows=1 width=0)
                                 Rows out:  (No row requested) 0 rows (seg0) with 0 ms to end.
                     ->  Result  (cost=0.00..179.00 rows=1 width=0)
                           One-Time Filter: false
                           Rows out:  0 rows (seg0) with 0.005 ms to end, start offset by 208 ms.
                           ->  Seq Scan on mi_asset_position_1_prt_54_2_prt_2 mi_asset_position  (cost=0.00..179.00 rows=1 width=0)
                                 Rows out:  (No row requested) 0 rows (seg0) with 0 ms to end.
                     ->  Result  (cost=0.00..179.00 rows=1 width=0)
                           One-Time Filter: false
                           Rows out:  0 rows (seg0) with 0.005 ms to end, start offset by 208 ms.
                           ->  Seq Scan on mi_asset_position_1_prt_54_2_prt_3 mi_asset_position  (cost=0.00..179.00 rows=1 width=0)
                                 Rows out:  (No row requested) 0 rows (seg0) with 0 ms to end.
                     ->  Result  (cost=0.00..179.00 rows=1 width=0)
                           One-Time Filter: false
                           Rows out:  0 rows (seg0) with 0.004 ms to end, start offset by 208 ms.
                           ->  Seq Scan on mi_asset_position_1_prt_54_2_prt_4 mi_asset_position  (cost=0.00..179.00 rows=1 width=0)
                                 Rows out:  (No row requested) 0 rows (seg0) with 0 ms to end.
                     ->  Result  (cost=0.00..179.00 rows=1 width=0)
                           One-Time Filter: false
                           Rows out:  0 rows (seg0) with 0.005 ms to end, start offset by 208 ms.
                           ->  Seq Scan on mi_asset_position_1_prt_54_2_prt_5 mi_asset_position  (cost=0.00..179.00 rows=1 width=0)
                                 Rows out:  (No row requested) 0 rows (seg0) with 0 ms to end.
                     ->  Result  (cost=0.00..179.00 rows=1 width=0)
                           One-Time Filter: false
                           Rows out:  0 rows (seg0) with 0.005 ms to end, start offset by 208 ms.
                           ->  Seq Scan on mi_asset_position_1_prt_54_2_prt_6 mi_asset_position  (cost=0.00..179.00 rows=1 width=0)
                                 Rows out:  (No row requested) 0 rows (seg0) with 0 ms to end.
                     ->  Result  (cost=0.00..179.00 rows=1 width=0)
                           One-Time Filter: false
                           Rows out:  0 rows (seg0) with 0.005 ms to end, start offset by 208 ms.
                           ->  Seq Scan on mi_asset_position_1_prt_54_2_prt_7 mi_asset_position  (cost=0.00..179.00 rows=1 width=0)
                                 Rows out:  (No row requested) 0 rows (seg0) with 0 ms to end.
                     ->  Result  (cost=0.00..179.00 rows=1 width=0)
                           One-Time Filter: false
                           Rows out:  0 rows (seg0) with 0.005 ms to end, start offset by 208 ms.
                           ->  Seq Scan on mi_asset_position_1_prt_54_2_prt_8 mi_asset_position  (cost=0.00..179.00 rows=1 width=0)
                                 Rows out:  (No row requested) 0 rows (seg0) with 0 ms to end.
                     ->  Result  (cost=0.00..179.00 rows=1 width=0)
                           One-Time Filter: false
                           Rows out:  0 rows (seg0) with 0.004 ms to end, start offset by 208 ms.
                           ->  Seq Scan on mi_asset_position_1_prt_54_2_prt_9 mi_asset_position  (cost=0.00..179.00 rows=1 width=0)
                                 Rows out:  (No row requested) 0 rows (seg0) with 0 ms to end.
                     ->  Result  (cost=0.00..179.00 rows=1 width=0)
                           One-Time Filter: false
                           Rows out:  0 rows (seg0) with 0.005 ms to end, start offset by 208 ms.
                           ->  Seq Scan on mi_asset_position_1_prt_54_2_prt_10 mi_asset_position  (cost=0.00..179.00 rows=1 width=0)
                                 Rows out:  (No row requested) 0 rows (seg0) with 0 ms to end.
                     ->  Result  (cost=0.00..179.00 rows=1 width=0)
                           One-Time Filter: false
                           Rows out:  0 rows (seg0) with 0.005 ms to end, start offset by 208 ms.
                           ->  Seq Scan on mi_asset_position_1_prt_54_2_prt_11 mi_asset_position  (cost=0.00..179.00 rows=1 width=0)
                                 Rows out:  (No row requested) 0 rows (seg0) with 0 ms to end.
                     ->  Result  (cost=0.00..179.00 rows=1 width=0)
                           One-Time Filter: false
                           Rows out:  0 rows (seg0) with 0.005 ms to end, start offset by 208 ms.
                           ->  Seq Scan on mi_asset_position_1_prt_54_2_prt_12 mi_asset_position  (cost=0.00..179.00 rows=1 width=0)
                                 Rows out:  (No row requested) 0 rows (seg0) with 0 ms to end.
                     ->  Result  (cost=0.00..179.00 rows=1 width=0)
                           One-Time Filter: false
                           Rows out:  0 rows (seg0) with 0.005 ms to end, start offset by 208 ms.
                           ->  Seq Scan on mi_asset_position_1_prt_54_2_prt_13 mi_asset_position  (cost=0.00..179.00 rows=1 width=0)
                                 Rows out:  (No row requested) 0 rows (seg0) with 0 ms to end.
                     ->  Result  (cost=0.00..179.00 rows=1 width=0)
                           One-Time Filter: false
                           Rows out:  0 rows (seg0) with 0.004 ms to end, start offset by 208 ms.
                           ->  Seq Scan on mi_asset_position_1_prt_55_2_prt_other_months mi_asset_position  (cost=0.00..179.00 rows=1 width=0)
                                 Rows out:  (No row requested) 0 rows (seg0) with 0 ms to end.
                     ->  Result  (cost=0.00..179.00 rows=1 width=0)
                           One-Time Filter: false
                           Rows out:  0 rows (seg0) with 0.004 ms to end, start offset by 208 ms.
                           ->  Seq Scan on mi_asset_position_1_prt_55_2_prt_2 mi_asset_position  (cost=0.00..179.00 rows=1 width=0)
                                 Rows out:  (No row requested) 0 rows (seg0) with 0 ms to end.
                     ->  Result  (cost=0.00..179.00 rows=1 width=0)
                           One-Time Filter: false
                           Rows out:  0 rows (seg0) with 0.005 ms to end, start offset by 208 ms.
                           ->  Seq Scan on mi_asset_position_1_prt_55_2_prt_3 mi_asset_position  (cost=0.00..179.00 rows=1 width=0)
                                 Rows out:  (No row requested) 0 rows (seg0) with 0 ms to end.
                     ->  Result  (cost=0.00..179.00 rows=1 width=0)
                           One-Time Filter: false
                           Rows out:  0 rows (seg0) with 0.005 ms to end, start offset by 208 ms.
                           ->  Seq Scan on mi_asset_position_1_prt_55_2_prt_4 mi_asset_position  (cost=0.00..179.00 rows=1 width=0)
                                 Rows out:  (No row requested) 0 rows (seg0) with 0 ms to end.
                     ->  Result  (cost=0.00..179.00 rows=1 width=0)
                           One-Time Filter: false
                           Rows out:  0 rows (seg0) with 0.005 ms to end, start offset by 208 ms.
                           ->  Seq Scan on mi_asset_position_1_prt_55_2_prt_5 mi_asset_position  (cost=0.00..179.00 rows=1 width=0)
                                 Rows out:  (No row requested) 0 rows (seg0) with 0 ms to end.
                     ->  Result  (cost=0.00..179.00 rows=1 width=0)
                           One-Time Filter: false
                           Rows out:  0 rows (seg0) with 0.004 ms to end, start offset by 208 ms.
                           ->  Seq Scan on mi_asset_position_1_prt_55_2_prt_6 mi_asset_position  (cost=0.00..179.00 rows=1 width=0)
                                 Rows out:  (No row requested) 0 rows (seg0) with 0 ms to end.
                     ->  Result  (cost=0.00..179.00 rows=1 width=0)
                           One-Time Filter: false
                           Rows out:  0 rows (seg0) with 0.005 ms to end, start offset by 208 ms.
                           ->  Seq Scan on mi_asset_position_1_prt_55_2_prt_7 mi_asset_position  (cost=0.00..179.00 rows=1 width=0)
                                 Rows out:  (No row requested) 0 rows (seg0) with 0 ms to end.
                     ->  Result  (cost=0.00..179.00 rows=1 width=0)
                           One-Time Filter: false
                           Rows out:  0 rows (seg0) with 0.005 ms to end, start offset by 208 ms.
                           ->  Seq Scan on mi_asset_position_1_prt_55_2_prt_8 mi_asset_position  (cost=0.00..179.00 rows=1 width=0)
                                 Rows out:  (No row requested) 0 rows (seg0) with 0 ms to end.
                     ->  Result  (cost=0.00..179.00 rows=1 width=0)
                           One-Time Filter: false
                           Rows out:  0 rows (seg0) with 0.005 ms to end, start offset by 208 ms.
                           ->  Seq Scan on mi_asset_position_1_prt_55_2_prt_9 mi_asset_position  (cost=0.00..179.00 rows=1 width=0)
                                 Rows out:  (No row requested) 0 rows (seg0) with 0 ms to end.
                     ->  Result  (cost=0.00..179.00 rows=1 width=0)
                           One-Time Filter: false
                           Rows out:  0 rows (seg0) with 0.005 ms to end, start offset by 208 ms.
                           ->  Seq Scan on mi_asset_position_1_prt_55_2_prt_10 mi_asset_position  (cost=0.00..179.00 rows=1 width=0)
                                 Rows out:  (No row requested) 0 rows (seg0) with 0 ms to end.
                     ->  Result  (cost=0.00..179.00 rows=1 width=0)
                           One-Time Filter: false
                           Rows out:  0 rows (seg0) with 0.005 ms to end, start offset by 208 ms.
                           ->  Seq Scan on mi_asset_position_1_prt_55_2_prt_11 mi_asset_position  (cost=0.00..179.00 rows=1 width=0)
                                 Rows out:  (No row requested) 0 rows (seg0) with 0 ms to end.
                     ->  Result  (cost=0.00..179.00 rows=1 width=0)
                           One-Time Filter: false
                           Rows out:  0 rows (seg0) with 0.005 ms to end, start offset by 208 ms.
                           ->  Seq Scan on mi_asset_position_1_prt_55_2_prt_12 mi_asset_position  (cost=0.00..179.00 rows=1 width=0)
                                 Rows out:  (No row requested) 0 rows (seg0) with 0 ms to end.
                     ->  Result  (cost=0.00..179.00 rows=1 width=0)
                           One-Time Filter: false
                           Rows out:  0 rows (seg0) with 0.009 ms to end, start offset by 208 ms.
                           ->  Seq Scan on mi_asset_position_1_prt_55_2_prt_13 mi_asset_position  (cost=0.00..179.00 rows=1 width=0)
                                 Rows out:  (No row requested) 0 rows (seg0) with 0 ms to end.
                     ->  Result  (cost=0.00..179.00 rows=1 width=0)
                           One-Time Filter: false
                           Rows out:  0 rows (seg0) with 0.005 ms to end, start offset by 208 ms.
                           ->  Seq Scan on mi_asset_position_1_prt_56_2_prt_other_months mi_asset_position  (cost=0.00..179.00 rows=1 width=0)
                                 Rows out:  (No row requested) 0 rows (seg0) with 0 ms to end.
                     ->  Result  (cost=0.00..179.00 rows=1 width=0)
                           One-Time Filter: false
                           Rows out:  0 rows (seg0) with 0.005 ms to end, start offset by 208 ms.
                           ->  Seq Scan on mi_asset_position_1_prt_56_2_prt_2 mi_asset_position  (cost=0.00..179.00 rows=1 width=0)
                                 Rows out:  (No row requested) 0 rows (seg0) with 0 ms to end.
                     ->  Result  (cost=0.00..179.00 rows=1 width=0)
                           One-Time Filter: false
                           Rows out:  0 rows (seg0) with 0.005 ms to end, start offset by 208 ms.
                           ->  Seq Scan on mi_asset_position_1_prt_56_2_prt_3 mi_asset_position  (cost=0.00..179.00 rows=1 width=0)
                                 Rows out:  (No row requested) 0 rows (seg0) with 0 ms to end.
                     ->  Result  (cost=0.00..179.00 rows=1 width=0)
                           One-Time Filter: false
                           Rows out:  0 rows (seg0) with 0.004 ms to end, start offset by 208 ms.
                           ->  Seq Scan on mi_asset_position_1_prt_56_2_prt_4 mi_asset_position  (cost=0.00..179.00 rows=1 width=0)
                                 Rows out:  (No row requested) 0 rows (seg0) with 0 ms to end.
                     ->  Result  (cost=0.00..179.00 rows=1 width=0)
                           One-Time Filter: false
                           Rows out:  0 rows (seg0) with 0.005 ms to end, start offset by 208 ms.
                           ->  Seq Scan on mi_asset_position_1_prt_56_2_prt_5 mi_asset_position  (cost=0.00..179.00 rows=1 width=0)
                                 Rows out:  (No row requested) 0 rows (seg0) with 0 ms to end.
                     ->  Result  (cost=0.00..179.00 rows=1 width=0)
                           One-Time Filter: false
                           Rows out:  0 rows (seg0) with 0.005 ms to end, start offset by 208 ms.
                           ->  Seq Scan on mi_asset_position_1_prt_56_2_prt_6 mi_asset_position  (cost=0.00..179.00 rows=1 width=0)
                                 Rows out:  (No row requested) 0 rows (seg0) with 0 ms to end.
                     ->  Result  (cost=0.00..179.00 rows=1 width=0)
                           One-Time Filter: false
                           Rows out:  0 rows (seg0) with 0.005 ms to end, start offset by 208 ms.
                           ->  Seq Scan on mi_asset_position_1_prt_56_2_prt_7 mi_asset_position  (cost=0.00..179.00 rows=1 width=0)
                                 Rows out:  (No row requested) 0 rows (seg0) with 0 ms to end.
                     ->  Result  (cost=0.00..179.00 rows=1 width=0)
                           One-Time Filter: false
                           Rows out:  0 rows (seg0) with 0.005 ms to end, start offset by 208 ms.
                           ->  Seq Scan on mi_asset_position_1_prt_56_2_prt_8 mi_asset_position  (cost=0.00..179.00 rows=1 width=0)
                                 Rows out:  (No row requested) 0 rows (seg0) with 0 ms to end.
                     ->  Result  (cost=0.00..179.00 rows=1 width=0)
                           One-Time Filter: false
                           Rows out:  0 rows (seg0) with 0.004 ms to end, start offset by 208 ms.
                           ->  Seq Scan on mi_asset_position_1_prt_56_2_prt_9 mi_asset_position  (cost=0.00..179.00 rows=1 width=0)
                                 Rows out:  (No row requested) 0 rows (seg0) with 0 ms to end.
                     ->  Result  (cost=0.00..179.00 rows=1 width=0)
                           One-Time Filter: false
                           Rows out:  0 rows (seg0) with 0.004 ms to end, start offset by 208 ms.
                           ->  Seq Scan on mi_asset_position_1_prt_56_2_prt_10 mi_asset_position  (cost=0.00..179.00 rows=1 width=0)
                                 Rows out:  (No row requested) 0 rows (seg0) with 0 ms to end.
                     ->  Result  (cost=0.00..179.00 rows=1 width=0)
                           One-Time Filter: false
                           Rows out:  0 rows (seg0) with 0.005 ms to end, start offset by 208 ms.
                           ->  Seq Scan on mi_asset_position_1_prt_56_2_prt_11 mi_asset_position  (cost=0.00..179.00 rows=1 width=0)
                                 Rows out:  (No row requested) 0 rows (seg0) with 0 ms to end.
                     ->  Result  (cost=0.00..179.00 rows=1 width=0)
                           One-Time Filter: false
                           Rows out:  0 rows (seg0) with 0.005 ms to end, start offset by 208 ms.
                           ->  Seq Scan on mi_asset_position_1_prt_56_2_prt_12 mi_asset_position  (cost=0.00..179.00 rows=1 width=0)
                                 Rows out:  (No row requested) 0 rows (seg0) with 0 ms to end.
                     ->  Result  (cost=0.00..179.00 rows=1 width=0)
                           One-Time Filter: false
                           Rows out:  0 rows (seg0) with 0.005 ms to end, start offset by 208 ms.
                           ->  Seq Scan on mi_asset_position_1_prt_56_2_prt_13 mi_asset_position  (cost=0.00..179.00 rows=1 width=0)
                                 Rows out:  (No row requested) 0 rows (seg0) with 0 ms to end.
                     ->  Result  (cost=0.00..179.00 rows=1 width=0)
                           One-Time Filter: false
                           Rows out:  0 rows (seg0) with 0.004 ms to end, start offset by 208 ms.
                           ->  Seq Scan on mi_asset_position_1_prt_57_2_prt_other_months mi_asset_position  (cost=0.00..179.00 rows=1 width=0)
                                 Rows out:  (No row requested) 0 rows (seg0) with 0 ms to end.
                     ->  Result  (cost=0.00..179.00 rows=1 width=0)
                           One-Time Filter: false
                           Rows out:  0 rows (seg0) with 0.005 ms to end, start offset by 208 ms.
                           ->  Seq Scan on mi_asset_position_1_prt_57_2_prt_2 mi_asset_position  (cost=0.00..179.00 rows=1 width=0)
                                 Rows out:  (No row requested) 0 rows (seg0) with 0 ms to end.
                     ->  Result  (cost=0.00..179.00 rows=1 width=0)
                           One-Time Filter: false
                           Rows out:  0 rows (seg0) with 0.005 ms to end, start offset by 208 ms.
                           ->  Seq Scan on mi_asset_position_1_prt_57_2_prt_3 mi_asset_position  (cost=0.00..179.00 rows=1 width=0)
                                 Rows out:  (No row requested) 0 rows (seg0) with 0 ms to end.
                     ->  Result  (cost=0.00..179.00 rows=1 width=0)
                           One-Time Filter: false
                           Rows out:  0 rows (seg0) with 0.005 ms to end, start offset by 208 ms.
                           ->  Seq Scan on mi_asset_position_1_prt_57_2_prt_4 mi_asset_position  (cost=0.00..179.00 rows=1 width=0)
                                 Rows out:  (No row requested) 0 rows (seg0) with 0 ms to end.
                     ->  Result  (cost=0.00..179.00 rows=1 width=0)
                           One-Time Filter: false
                           Rows out:  0 rows (seg0) with 0.004 ms to end, start offset by 208 ms.
                           ->  Seq Scan on mi_asset_position_1_prt_57_2_prt_5 mi_asset_position  (cost=0.00..179.00 rows=1 width=0)
                                 Rows out:  (No row requested) 0 rows (seg0) with 0 ms to end.
                     ->  Result  (cost=0.00..179.00 rows=1 width=0)
                           One-Time Filter: false
                           Rows out:  0 rows (seg0) with 0.005 ms to end, start offset by 208 ms.
                           ->  Seq Scan on mi_asset_position_1_prt_57_2_prt_6 mi_asset_position  (cost=0.00..179.00 rows=1 width=0)
                                 Rows out:  (No row requested) 0 rows (seg0) with 0 ms to end.
                     ->  Result  (cost=0.00..179.00 rows=1 width=0)
                           One-Time Filter: false
                           Rows out:  0 rows (seg0) with 0.005 ms to end, start offset by 208 ms.
                           ->  Seq Scan on mi_asset_position_1_prt_57_2_prt_7 mi_asset_position  (cost=0.00..179.00 rows=1 width=0)
                                 Rows out:  (No row requested) 0 rows (seg0) with 0 ms to end.
                     ->  Result  (cost=0.00..179.00 rows=1 width=0)
                           One-Time Filter: false
                           Rows out:  0 rows (seg0) with 0.005 ms to end, start offset by 208 ms.
                           ->  Seq Scan on mi_asset_position_1_prt_57_2_prt_8 mi_asset_position  (cost=0.00..179.00 rows=1 width=0)
                                 Rows out:  (No row requested) 0 rows (seg0) with 0 ms to end.
                     ->  Result  (cost=0.00..179.00 rows=1 width=0)
                           One-Time Filter: false
                           Rows out:  0 rows (seg0) with 0.015 ms to end, start offset by 208 ms.
                           ->  Seq Scan on mi_asset_position_1_prt_57_2_prt_9 mi_asset_position  (cost=0.00..179.00 rows=1 width=0)
                                 Rows out:  (No row requested) 0 rows (seg0) with 0 ms to end.
                     ->  Result  (cost=0.00..179.00 rows=1 width=0)
                           One-Time Filter: false
                           Rows out:  0 rows (seg0) with 0.005 ms to end, start offset by 208 ms.
                           ->  Seq Scan on mi_asset_position_1_prt_57_2_prt_10 mi_asset_position  (cost=0.00..179.00 rows=1 width=0)
                                 Rows out:  (No row requested) 0 rows (seg0) with 0 ms to end.
                     ->  Result  (cost=0.00..179.00 rows=1 width=0)
                           One-Time Filter: false
                           Rows out:  0 rows (seg0) with 0.005 ms to end, start offset by 208 ms.
                           ->  Seq Scan on mi_asset_position_1_prt_57_2_prt_11 mi_asset_position  (cost=0.00..179.00 rows=1 width=0)
                                 Rows out:  (No row requested) 0 rows (seg0) with 0 ms to end.
                     ->  Result  (cost=0.00..179.00 rows=1 width=0)
                           One-Time Filter: false
                           Rows out:  0 rows (seg0) with 0.005 ms to end, start offset by 208 ms.
                           ->  Seq Scan on mi_asset_position_1_prt_57_2_prt_12 mi_asset_position  (cost=0.00..179.00 rows=1 width=0)
                                 Rows out:  (No row requested) 0 rows (seg0) with 0 ms to end.
                     ->  Result  (cost=0.00..179.00 rows=1 width=0)
                           One-Time Filter: false
                           Rows out:  0 rows (seg0) with 0.005 ms to end, start offset by 208 ms.
                           ->  Seq Scan on mi_asset_position_1_prt_57_2_prt_13 mi_asset_position  (cost=0.00..179.00 rows=1 width=0)
                                 Rows out:  (No row requested) 0 rows (seg0) with 0 ms to end.
                     ->  Result  (cost=0.00..179.00 rows=1 width=0)
                           One-Time Filter: false
                           Rows out:  0 rows (seg0) with 0.004 ms to end, start offset by 208 ms.
                           ->  Seq Scan on mi_asset_position_1_prt_58_2_prt_other_months mi_asset_position  (cost=0.00..179.00 rows=1 width=0)
                                 Rows out:  (No row requested) 0 rows (seg0) with 0 ms to end.
                     ->  Result  (cost=0.00..179.00 rows=1 width=0)
                           One-Time Filter: false
                           Rows out:  0 rows (seg0) with 0.005 ms to end, start offset by 208 ms.
                           ->  Seq Scan on mi_asset_position_1_prt_58_2_prt_2 mi_asset_position  (cost=0.00..179.00 rows=1 width=0)
                                 Rows out:  (No row requested) 0 rows (seg0) with 0 ms to end.
                     ->  Result  (cost=0.00..179.00 rows=1 width=0)
                           One-Time Filter: false
                           Rows out:  0 rows (seg0) with 0.005 ms to end, start offset by 208 ms.
                           ->  Seq Scan on mi_asset_position_1_prt_58_2_prt_3 mi_asset_position  (cost=0.00..179.00 rows=1 width=0)
                                 Rows out:  (No row requested) 0 rows (seg0) with 0 ms to end.
                     ->  Result  (cost=0.00..179.00 rows=1 width=0)
                           One-Time Filter: false
                           Rows out:  0 rows (seg0) with 0.014 ms to end, start offset by 209 ms.
                           ->  Seq Scan on mi_asset_position_1_prt_58_2_prt_4 mi_asset_position  (cost=0.00..179.00 rows=1 width=0)
                                 Rows out:  (No row requested) 0 rows (seg0) with 0 ms to end.
                     ->  Result  (cost=0.00..179.00 rows=1 width=0)
                           One-Time Filter: false
                           Rows out:  0 rows (seg0) with 0.005 ms to end, start offset by 209 ms.
                           ->  Seq Scan on mi_asset_position_1_prt_58_2_prt_5 mi_asset_position  (cost=0.00..179.00 rows=1 width=0)
                                 Rows out:  (No row requested) 0 rows (seg0) with 0 ms to end.
                     ->  Result  (cost=0.00..179.00 rows=1 width=0)
                           One-Time Filter: false
                           Rows out:  0 rows (seg0) with 0.004 ms to end, start offset by 209 ms.
                           ->  Seq Scan on mi_asset_position_1_prt_58_2_prt_6 mi_asset_position  (cost=0.00..179.00 rows=1 width=0)
                                 Rows out:  (No row requested) 0 rows (seg0) with 0 ms to end.
                     ->  Result  (cost=0.00..179.00 rows=1 width=0)
                           One-Time Filter: false
                           Rows out:  0 rows (seg0) with 0.005 ms to end, start offset by 209 ms.
                           ->  Seq Scan on mi_asset_position_1_prt_58_2_prt_7 mi_asset_position  (cost=0.00..179.00 rows=1 width=0)
                                 Rows out:  (No row requested) 0 rows (seg0) with 0 ms to end.
                     ->  Result  (cost=0.00..179.00 rows=1 width=0)
                           One-Time Filter: false
                           Rows out:  0 rows (seg0) with 0.004 ms to end, start offset by 209 ms.
                           ->  Seq Scan on mi_asset_position_1_prt_58_2_prt_8 mi_asset_position  (cost=0.00..179.00 rows=1 width=0)
                                 Rows out:  (No row requested) 0 rows (seg0) with 0 ms to end.
                     ->  Result  (cost=0.00..179.00 rows=1 width=0)
                           One-Time Filter: false
                           Rows out:  0 rows (seg0) with 0.005 ms to end, start offset by 209 ms.
                           ->  Seq Scan on mi_asset_position_1_prt_58_2_prt_9 mi_asset_position  (cost=0.00..179.00 rows=1 width=0)
                                 Rows out:  (No row requested) 0 rows (seg0) with 0 ms to end.
                     ->  Result  (cost=0.00..179.00 rows=1 width=0)
                           One-Time Filter: false
                           Rows out:  0 rows (seg0) with 0.005 ms to end, start offset by 209 ms.
                           ->  Seq Scan on mi_asset_position_1_prt_58_2_prt_10 mi_asset_position  (cost=0.00..179.00 rows=1 width=0)
                                 Rows out:  (No row requested) 0 rows (seg0) with 0 ms to end.
                     ->  Result  (cost=0.00..179.00 rows=1 width=0)
                           One-Time Filter: false
                           Rows out:  0 rows (seg0) with 0.004 ms to end, start offset by 209 ms.
                           ->  Seq Scan on mi_asset_position_1_prt_58_2_prt_11 mi_asset_position  (cost=0.00..179.00 rows=1 width=0)
                                 Rows out:  (No row requested) 0 rows (seg0) with 0 ms to end.
                     ->  Result  (cost=0.00..179.00 rows=1 width=0)
                           One-Time Filter: false
                           Rows out:  0 rows (seg0) with 0.005 ms to end, start offset by 209 ms.
                           ->  Seq Scan on mi_asset_position_1_prt_58_2_prt_12 mi_asset_position  (cost=0.00..179.00 rows=1 width=0)
                                 Rows out:  (No row requested) 0 rows (seg0) with 0 ms to end.
                     ->  Result  (cost=0.00..179.00 rows=1 width=0)
                           One-Time Filter: false
                           Rows out:  0 rows (seg0) with 0.005 ms to end, start offset by 209 ms.
                           ->  Seq Scan on mi_asset_position_1_prt_58_2_prt_13 mi_asset_position  (cost=0.00..179.00 rows=1 width=0)
                                 Rows out:  (No row requested) 0 rows (seg0) with 0 ms to end.
                     ->  Result  (cost=0.00..179.00 rows=1 width=0)
                           One-Time Filter: false
                           Rows out:  0 rows (seg0) with 0.004 ms to end, start offset by 209 ms.
                           ->  Seq Scan on mi_asset_position_1_prt_59_2_prt_other_months mi_asset_position  (cost=0.00..179.00 rows=1 width=0)
                                 Rows out:  (No row requested) 0 rows (seg0) with 0 ms to end.
                     ->  Result  (cost=0.00..179.00 rows=1 width=0)
                           One-Time Filter: false
                           Rows out:  0 rows (seg0) with 0.005 ms to end, start offset by 209 ms.
                           ->  Seq Scan on mi_asset_position_1_prt_59_2_prt_2 mi_asset_position  (cost=0.00..179.00 rows=1 width=0)
                                 Rows out:  (No row requested) 0 rows (seg0) with 0 ms to end.
                     ->  Result  (cost=0.00..179.00 rows=1 width=0)
                           One-Time Filter: false
                           Rows out:  0 rows (seg0) with 0.005 ms to end, start offset by 209 ms.
                           ->  Seq Scan on mi_asset_position_1_prt_59_2_prt_3 mi_asset_position  (cost=0.00..179.00 rows=1 width=0)
                                 Rows out:  (No row requested) 0 rows (seg0) with 0 ms to end.
                     ->  Result  (cost=0.00..179.00 rows=1 width=0)
                           One-Time Filter: false
                           Rows out:  0 rows (seg0) with 0.005 ms to end, start offset by 209 ms.
                           ->  Seq Scan on mi_asset_position_1_prt_59_2_prt_4 mi_asset_position  (cost=0.00..179.00 rows=1 width=0)
                                 Rows out:  (No row requested) 0 rows (seg0) with 0 ms to end.
                     ->  Result  (cost=0.00..179.00 rows=1 width=0)
                           One-Time Filter: false
                           Rows out:  0 rows (seg0) with 0.005 ms to end, start offset by 209 ms.
                           ->  Seq Scan on mi_asset_position_1_prt_59_2_prt_5 mi_asset_position  (cost=0.00..179.00 rows=1 width=0)
                                 Rows out:  (No row requested) 0 rows (seg0) with 0 ms to end.
                     ->  Result  (cost=0.00..179.00 rows=1 width=0)
                           One-Time Filter: false
                           Rows out:  0 rows (seg0) with 0.005 ms to end, start offset by 209 ms.
                           ->  Seq Scan on mi_asset_position_1_prt_59_2_prt_6 mi_asset_position  (cost=0.00..179.00 rows=1 width=0)
                                 Rows out:  (No row requested) 0 rows (seg0) with 0 ms to end.
                     ->  Result  (cost=0.00..179.00 rows=1 width=0)
                           One-Time Filter: false
                           Rows out:  0 rows (seg0) with 0.005 ms to end, start offset by 209 ms.
                           ->  Seq Scan on mi_asset_position_1_prt_59_2_prt_7 mi_asset_position  (cost=0.00..179.00 rows=1 width=0)
                                 Rows out:  (No row requested) 0 rows (seg0) with 0 ms to end.
                     ->  Result  (cost=0.00..179.00 rows=1 width=0)
                           One-Time Filter: false
                           Rows out:  0 rows (seg0) with 0.004 ms to end, start offset by 209 ms.
                           ->  Seq Scan on mi_asset_position_1_prt_59_2_prt_8 mi_asset_position  (cost=0.00..179.00 rows=1 width=0)
                                 Rows out:  (No row requested) 0 rows (seg0) with 0 ms to end.
                     ->  Result  (cost=0.00..179.00 rows=1 width=0)
                           One-Time Filter: false
                           Rows out:  0 rows (seg0) with 0.004 ms to end, start offset by 209 ms.
                           ->  Seq Scan on mi_asset_position_1_prt_59_2_prt_9 mi_asset_position  (cost=0.00..179.00 rows=1 width=0)
                                 Rows out:  (No row requested) 0 rows (seg0) with 0 ms to end.
                     ->  Result  (cost=0.00..179.00 rows=1 width=0)
                           One-Time Filter: false
                           Rows out:  0 rows (seg0) with 0.005 ms to end, start offset by 209 ms.
                           ->  Seq Scan on mi_asset_position_1_prt_59_2_prt_10 mi_asset_position  (cost=0.00..179.00 rows=1 width=0)
                                 Rows out:  (No row requested) 0 rows (seg0) with 0 ms to end.
                     ->  Result  (cost=0.00..179.00 rows=1 width=0)
                           One-Time Filter: false
                           Rows out:  0 rows (seg0) with 0.005 ms to end, start offset by 209 ms.
                           ->  Seq Scan on mi_asset_position_1_prt_59_2_prt_11 mi_asset_position  (cost=0.00..179.00 rows=1 width=0)
                                 Rows out:  (No row requested) 0 rows (seg0) with 0 ms to end.
                     ->  Result  (cost=0.00..179.00 rows=1 width=0)
                           One-Time Filter: false
                           Rows out:  0 rows (seg0) with 0.005 ms to end, start offset by 209 ms.
                           ->  Seq Scan on mi_asset_position_1_prt_59_2_prt_12 mi_asset_position  (cost=0.00..179.00 rows=1 width=0)
                                 Rows out:  (No row requested) 0 rows (seg0) with 0 ms to end.
                     ->  Result  (cost=0.00..179.00 rows=1 width=0)
                           One-Time Filter: false
                           Rows out:  0 rows (seg0) with 0.004 ms to end, start offset by 209 ms.
                           ->  Seq Scan on mi_asset_position_1_prt_59_2_prt_13 mi_asset_position  (cost=0.00..179.00 rows=1 width=0)
                                 Rows out:  (No row requested) 0 rows (seg0) with 0 ms to end.
                     ->  Result  (cost=0.00..179.00 rows=1 width=0)
                           One-Time Filter: false
                           Rows out:  0 rows (seg0) with 0.005 ms to end, start offset by 209 ms.
                           ->  Seq Scan on mi_asset_position_1_prt_60_2_prt_other_months mi_asset_position  (cost=0.00..179.00 rows=1 width=0)
                                 Rows out:  (No row requested) 0 rows (seg0) with 0 ms to end.
                     ->  Result  (cost=0.00..179.00 rows=1 width=0)
                           One-Time Filter: false
                           Rows out:  0 rows (seg0) with 0.006 ms to end, start offset by 179 ms.
                           ->  Seq Scan on mi_asset_position_1_prt_60_2_prt_2 mi_asset_position  (cost=0.00..179.00 rows=1 width=0)
                                 Rows out:  (No row requested) 0 rows (seg0) with 0 ms to end.
                     ->  Result  (cost=0.00..179.00 rows=1 width=0)
                           One-Time Filter: false
                           Rows out:  0 rows (seg0) with 0.005 ms to end, start offset by 209 ms.
                           ->  Seq Scan on mi_asset_position_1_prt_60_2_prt_3 mi_asset_position  (cost=0.00..179.00 rows=1 width=0)
                                 Rows out:  (No row requested) 0 rows (seg0) with 0 ms to end.
                     ->  Result  (cost=0.00..179.00 rows=1 width=0)
                           One-Time Filter: false
                           Rows out:  0 rows (seg0) with 0.004 ms to end, start offset by 209 ms.
                           ->  Seq Scan on mi_asset_position_1_prt_60_2_prt_4 mi_asset_position  (cost=0.00..179.00 rows=1 width=0)
                                 Rows out:  (No row requested) 0 rows (seg0) with 0 ms to end.
                     ->  Result  (cost=0.00..179.00 rows=1 width=0)
                           One-Time Filter: false
                           Rows out:  0 rows (seg0) with 0.005 ms to end, start offset by 209 ms.
                           ->  Seq Scan on mi_asset_position_1_prt_60_2_prt_5 mi_asset_position  (cost=0.00..179.00 rows=1 width=0)
                                 Rows out:  (No row requested) 0 rows (seg0) with 0 ms to end.
                     ->  Result  (cost=0.00..179.00 rows=1 width=0)
                           One-Time Filter: false
                           Rows out:  0 rows (seg0) with 0.005 ms to end, start offset by 209 ms.
                           ->  Seq Scan on mi_asset_position_1_prt_60_2_prt_6 mi_asset_position  (cost=0.00..179.00 rows=1 width=0)
                                 Rows out:  (No row requested) 0 rows (seg0) with 0 ms to end.
                     ->  Result  (cost=0.00..179.00 rows=1 width=0)
                           One-Time Filter: false
                           Rows out:  0 rows (seg0) with 0.004 ms to end, start offset by 209 ms.
                           ->  Seq Scan on mi_asset_position_1_prt_60_2_prt_7 mi_asset_position  (cost=0.00..179.00 rows=1 width=0)
                                 Rows out:  (No row requested) 0 rows (seg0) with 0 ms to end.
                     ->  Result  (cost=0.00..179.00 rows=1 width=0)
                           One-Time Filter: false
                           Rows out:  0 rows (seg0) with 0.005 ms to end, start offset by 209 ms.
                           ->  Seq Scan on mi_asset_position_1_prt_60_2_prt_8 mi_asset_position  (cost=0.00..179.00 rows=1 width=0)
                                 Rows out:  (No row requested) 0 rows (seg0) with 0 ms to end.
                     ->  Result  (cost=0.00..179.00 rows=1 width=0)
                           One-Time Filter: false
                           Rows out:  0 rows (seg0) with 0.005 ms to end, start offset by 209 ms.
                           ->  Seq Scan on mi_asset_position_1_prt_60_2_prt_9 mi_asset_position  (cost=0.00..179.00 rows=1 width=0)
                                 Rows out:  (No row requested) 0 rows (seg0) with 0 ms to end.
                     ->  Result  (cost=0.00..179.00 rows=1 width=0)
                           One-Time Filter: false
                           Rows out:  0 rows (seg0) with 0.005 ms to end, start offset by 209 ms.
                           ->  Seq Scan on mi_asset_position_1_prt_60_2_prt_10 mi_asset_position  (cost=0.00..179.00 rows=1 width=0)
                                 Rows out:  (No row requested) 0 rows (seg0) with 0 ms to end.
                     ->  Result  (cost=0.00..179.00 rows=1 width=0)
                           One-Time Filter: false
                           Rows out:  0 rows (seg0) with 0.005 ms to end, start offset by 209 ms.
                           ->  Seq Scan on mi_asset_position_1_prt_60_2_prt_11 mi_asset_position  (cost=0.00..179.00 rows=1 width=0)
                                 Rows out:  (No row requested) 0 rows (seg0) with 0 ms to end.
                     ->  Result  (cost=0.00..179.00 rows=1 width=0)
                           One-Time Filter: false
                           Rows out:  0 rows (seg0) with 0.005 ms to end, start offset by 209 ms.
                           ->  Seq Scan on mi_asset_position_1_prt_60_2_prt_12 mi_asset_position  (cost=0.00..179.00 rows=1 width=0)
                                 Rows out:  (No row requested) 0 rows (seg0) with 0 ms to end.
                     ->  Result  (cost=0.00..179.00 rows=1 width=0)
                           One-Time Filter: false
                           Rows out:  0 rows (seg0) with 0.005 ms to end, start offset by 209 ms.
                           ->  Seq Scan on mi_asset_position_1_prt_60_2_prt_13 mi_asset_position  (cost=0.00..179.00 rows=1 width=0)
                                 Rows out:  (No row requested) 0 rows (seg0) with 0 ms to end.
                     ->  Result  (cost=0.00..179.00 rows=1 width=0)
                           One-Time Filter: false
                           Rows out:  0 rows (seg0) with 0.005 ms to end, start offset by 209 ms.
                           ->  Seq Scan on mi_asset_position_1_prt_61_2_prt_other_months mi_asset_position  (cost=0.00..179.00 rows=1 width=0)
                                 Rows out:  (No row requested) 0 rows (seg0) with 0 ms to end.
                     ->  Result  (cost=0.00..179.00 rows=1 width=0)
                           One-Time Filter: false
                           Rows out:  0 rows (seg0) with 0.005 ms to end, start offset by 209 ms.
                           ->  Seq Scan on mi_asset_position_1_prt_61_2_prt_2 mi_asset_position  (cost=0.00..179.00 rows=1 width=0)
                                 Rows out:  (No row requested) 0 rows (seg0) with 0 ms to end.
                     ->  Result  (cost=0.00..179.00 rows=1 width=0)
                           One-Time Filter: false
                           Rows out:  0 rows (seg0) with 0.005 ms to end, start offset by 209 ms.
                           ->  Seq Scan on mi_asset_position_1_prt_61_2_prt_3 mi_asset_position  (cost=0.00..179.00 rows=1 width=0)
                                 Rows out:  (No row requested) 0 rows (seg0) with 0 ms to end.
                     ->  Result  (cost=0.00..179.00 rows=1 width=0)
                           One-Time Filter: false
                           Rows out:  0 rows (seg0) with 0.004 ms to end, start offset by 209 ms.
                           ->  Seq Scan on mi_asset_position_1_prt_61_2_prt_4 mi_asset_position  (cost=0.00..179.00 rows=1 width=0)
                                 Rows out:  (No row requested) 0 rows (seg0) with 0 ms to end.
                     ->  Result  (cost=0.00..179.00 rows=1 width=0)
                           One-Time Filter: false
                           Rows out:  0 rows (seg0) with 0.005 ms to end, start offset by 209 ms.
                           ->  Seq Scan on mi_asset_position_1_prt_61_2_prt_5 mi_asset_position  (cost=0.00..179.00 rows=1 width=0)
                                 Rows out:  (No row requested) 0 rows (seg0) with 0 ms to end.
                     ->  Result  (cost=0.00..179.00 rows=1 width=0)
                           One-Time Filter: false
                           Rows out:  0 rows (seg0) with 0.005 ms to end, start offset by 209 ms.
                           ->  Seq Scan on mi_asset_position_1_prt_61_2_prt_6 mi_asset_position  (cost=0.00..179.00 rows=1 width=0)
                                 Rows out:  (No row requested) 0 rows (seg0) with 0 ms to end.
                     ->  Result  (cost=0.00..179.00 rows=1 width=0)
                           One-Time Filter: false
                           Rows out:  0 rows (seg0) with 0.005 ms to end, start offset by 209 ms.
                           ->  Seq Scan on mi_asset_position_1_prt_61_2_prt_7 mi_asset_position  (cost=0.00..179.00 rows=1 width=0)
                                 Rows out:  (No row requested) 0 rows (seg0) with 0 ms to end.
                     ->  Result  (cost=0.00..179.00 rows=1 width=0)
                           One-Time Filter: false
                           Rows out:  0 rows (seg0) with 0.005 ms to end, start offset by 209 ms.
                           ->  Seq Scan on mi_asset_position_1_prt_61_2_prt_8 mi_asset_position  (cost=0.00..179.00 rows=1 width=0)
                                 Rows out:  (No row requested) 0 rows (seg0) with 0 ms to end.
                     ->  Result  (cost=0.00..179.00 rows=1 width=0)
                           One-Time Filter: false
                           Rows out:  0 rows (seg0) with 0.004 ms to end, start offset by 209 ms.
                           ->  Seq Scan on mi_asset_position_1_prt_61_2_prt_9 mi_asset_position  (cost=0.00..179.00 rows=1 width=0)
                                 Rows out:  (No row requested) 0 rows (seg0) with 0 ms to end.
                     ->  Result  (cost=0.00..179.00 rows=1 width=0)
                           One-Time Filter: false
                           Rows out:  0 rows (seg0) with 0.005 ms to end, start offset by 209 ms.
                           ->  Seq Scan on mi_asset_position_1_prt_61_2_prt_10 mi_asset_position  (cost=0.00..179.00 rows=1 width=0)
                                 Rows out:  (No row requested) 0 rows (seg0) with 0 ms to end.
                     ->  Result  (cost=0.00..179.00 rows=1 width=0)
                           One-Time Filter: false
                           Rows out:  0 rows (seg0) with 0.005 ms to end, start offset by 209 ms.
                           ->  Seq Scan on mi_asset_position_1_prt_61_2_prt_11 mi_asset_position  (cost=0.00..179.00 rows=1 width=0)
                                 Rows out:  (No row requested) 0 rows (seg0) with 0 ms to end.
                     ->  Result  (cost=0.00..179.00 rows=1 width=0)
                           One-Time Filter: false
                           Rows out:  0 rows (seg0) with 0.005 ms to end, start offset by 209 ms.
                           ->  Seq Scan on mi_asset_position_1_prt_61_2_prt_12 mi_asset_position  (cost=0.00..179.00 rows=1 width=0)
                                 Rows out:  (No row requested) 0 rows (seg0) with 0 ms to end.
                     ->  Result  (cost=0.00..179.00 rows=1 width=0)
                           One-Time Filter: false
                           Rows out:  0 rows (seg0) with 0.004 ms to end, start offset by 209 ms.
                           ->  Seq Scan on mi_asset_position_1_prt_61_2_prt_13 mi_asset_position  (cost=0.00..179.00 rows=1 width=0)
                                 Rows out:  (No row requested) 0 rows (seg0) with 0 ms to end.
                     ->  Result  (cost=0.00..179.00 rows=1 width=0)
                           One-Time Filter: false
                           Rows out:  0 rows (seg0) with 0.004 ms to end, start offset by 209 ms.
                           ->  Seq Scan on mi_asset_position_1_prt_62_2_prt_other_months mi_asset_position  (cost=0.00..179.00 rows=1 width=0)
                                 Rows out:  (No row requested) 0 rows (seg0) with 0 ms to end.
                     ->  Result  (cost=0.00..179.00 rows=1 width=0)
                           One-Time Filter: false
                           Rows out:  0 rows (seg0) with 0.005 ms to end, start offset by 209 ms.
                           ->  Seq Scan on mi_asset_position_1_prt_62_2_prt_2 mi_asset_position  (cost=0.00..179.00 rows=1 width=0)
                                 Rows out:  (No row requested) 0 rows (seg0) with 0 ms to end.
                     ->  Result  (cost=0.00..179.00 rows=1 width=0)
                           One-Time Filter: false
                           Rows out:  0 rows (seg0) with 0.005 ms to end, start offset by 209 ms.
                           ->  Seq Scan on mi_asset_position_1_prt_62_2_prt_3 mi_asset_position  (cost=0.00..179.00 rows=1 width=0)
                                 Rows out:  (No row requested) 0 rows (seg0) with 0 ms to end.
                     ->  Result  (cost=0.00..179.00 rows=1 width=0)
                           One-Time Filter: false
                           Rows out:  0 rows (seg0) with 0.004 ms to end, start offset by 209 ms.
                           ->  Seq Scan on mi_asset_position_1_prt_62_2_prt_4 mi_asset_position  (cost=0.00..179.00 rows=1 width=0)
                                 Rows out:  (No row requested) 0 rows (seg0) with 0 ms to end.
                     ->  Result  (cost=0.00..179.00 rows=1 width=0)
                           One-Time Filter: false
                           Rows out:  0 rows (seg0) with 0.005 ms to end, start offset by 209 ms.
                           ->  Seq Scan on mi_asset_position_1_prt_62_2_prt_5 mi_asset_position  (cost=0.00..179.00 rows=1 width=0)
                                 Rows out:  (No row requested) 0 rows (seg0) with 0 ms to end.
                     ->  Result  (cost=0.00..179.00 rows=1 width=0)
                           One-Time Filter: false
                           Rows out:  0 rows (seg0) with 0.005 ms to end, start offset by 209 ms.
                           ->  Seq Scan on mi_asset_position_1_prt_62_2_prt_6 mi_asset_position  (cost=0.00..179.00 rows=1 width=0)
                                 Rows out:  (No row requested) 0 rows (seg0) with 0 ms to end.
                     ->  Result  (cost=0.00..179.00 rows=1 width=0)
                           One-Time Filter: false
                           Rows out:  0 rows (seg0) with 0.005 ms to end, start offset by 209 ms.
                           ->  Seq Scan on mi_asset_position_1_prt_62_2_prt_7 mi_asset_position  (cost=0.00..179.00 rows=1 width=0)
                                 Rows out:  (No row requested) 0 rows (seg0) with 0 ms to end.
                     ->  Result  (cost=0.00..179.00 rows=1 width=0)
                           One-Time Filter: false
                           Rows out:  0 rows (seg0) with 0.005 ms to end, start offset by 209 ms.
                           ->  Seq Scan on mi_asset_position_1_prt_62_2_prt_8 mi_asset_position  (cost=0.00..179.00 rows=1 width=0)
                                 Rows out:  (No row requested) 0 rows (seg0) with 0 ms to end.
                     ->  Result  (cost=0.00..179.00 rows=1 width=0)
                           One-Time Filter: false
                           Rows out:  0 rows (seg0) with 0.004 ms to end, start offset by 209 ms.
                           ->  Seq Scan on mi_asset_position_1_prt_62_2_prt_9 mi_asset_position  (cost=0.00..179.00 rows=1 width=0)
                                 Rows out:  (No row requested) 0 rows (seg0) with 0 ms to end.
                     ->  Result  (cost=0.00..179.00 rows=1 width=0)
                           One-Time Filter: false
                           Rows out:  0 rows (seg0) with 0.005 ms to end, start offset by 209 ms.
                           ->  Seq Scan on mi_asset_position_1_prt_62_2_prt_10 mi_asset_position  (cost=0.00..179.00 rows=1 width=0)
                                 Rows out:  (No row requested) 0 rows (seg0) with 0 ms to end.
                     ->  Result  (cost=0.00..179.00 rows=1 width=0)
                           One-Time Filter: false
                           Rows out:  0 rows (seg0) with 0.005 ms to end, start offset by 209 ms.
                           ->  Seq Scan on mi_asset_position_1_prt_62_2_prt_11 mi_asset_position  (cost=0.00..179.00 rows=1 width=0)
                                 Rows out:  (No row requested) 0 rows (seg0) with 0 ms to end.
                     ->  Result  (cost=0.00..179.00 rows=1 width=0)
                           One-Time Filter: false
                           Rows out:  0 rows (seg0) with 0.005 ms to end, start offset by 209 ms.
                           ->  Seq Scan on mi_asset_position_1_prt_62_2_prt_12 mi_asset_position  (cost=0.00..179.00 rows=1 width=0)
                                 Rows out:  (No row requested) 0 rows (seg0) with 0 ms to end.
                     ->  Result  (cost=0.00..179.00 rows=1 width=0)
                           One-Time Filter: false
                           Rows out:  0 rows (seg0) with 0.005 ms to end, start offset by 209 ms.
                           ->  Seq Scan on mi_asset_position_1_prt_62_2_prt_13 mi_asset_position  (cost=0.00..179.00 rows=1 width=0)
                                 Rows out:  (No row requested) 0 rows (seg0) with 0 ms to end.
                     ->  Result  (cost=0.00..179.00 rows=1 width=0)
                           One-Time Filter: false
                           Rows out:  0 rows (seg0) with 0.005 ms to end, start offset by 209 ms.
                           ->  Seq Scan on mi_asset_position_1_prt_63_2_prt_other_months mi_asset_position  (cost=0.00..179.00 rows=1 width=0)
                                 Rows out:  (No row requested) 0 rows (seg0) with 0 ms to end.
                     ->  Result  (cost=0.00..179.00 rows=1 width=0)
                           One-Time Filter: false
                           Rows out:  0 rows (seg0) with 0.004 ms to end, start offset by 209 ms.
                           ->  Seq Scan on mi_asset_position_1_prt_63_2_prt_2 mi_asset_position  (cost=0.00..179.00 rows=1 width=0)
                                 Rows out:  (No row requested) 0 rows (seg0) with 0 ms to end.
                     ->  Result  (cost=0.00..179.00 rows=1 width=0)
                           One-Time Filter: false
                           Rows out:  0 rows (seg0) with 0.005 ms to end, start offset by 209 ms.
                           ->  Seq Scan on mi_asset_position_1_prt_63_2_prt_3 mi_asset_position  (cost=0.00..179.00 rows=1 width=0)
                                 Rows out:  (No row requested) 0 rows (seg0) with 0 ms to end.
                     ->  Result  (cost=0.00..179.00 rows=1 width=0)
                           One-Time Filter: false
                           Rows out:  0 rows (seg0) with 0.004 ms to end, start offset by 209 ms.
                           ->  Seq Scan on mi_asset_position_1_prt_63_2_prt_4 mi_asset_position  (cost=0.00..179.00 rows=1 width=0)
                                 Rows out:  (No row requested) 0 rows (seg0) with 0 ms to end.
                     ->  Result  (cost=0.00..179.00 rows=1 width=0)
                           One-Time Filter: false
                           Rows out:  0 rows (seg0) with 0.005 ms to end, start offset by 209 ms.
                           ->  Seq Scan on mi_asset_position_1_prt_63_2_prt_5 mi_asset_position  (cost=0.00..179.00 rows=1 width=0)
                                 Rows out:  (No row requested) 0 rows (seg0) with 0 ms to end.
                     ->  Result  (cost=0.00..179.00 rows=1 width=0)
                           One-Time Filter: false
                           Rows out:  0 rows (seg0) with 0.005 ms to end, start offset by 209 ms.
                           ->  Seq Scan on mi_asset_position_1_prt_63_2_prt_6 mi_asset_position  (cost=0.00..179.00 rows=1 width=0)
                                 Rows out:  (No row requested) 0 rows (seg0) with 0 ms to end.
                     ->  Result  (cost=0.00..179.00 rows=1 width=0)
                           One-Time Filter: false
                           Rows out:  0 rows (seg0) with 0.004 ms to end, start offset by 209 ms.
                           ->  Seq Scan on mi_asset_position_1_prt_63_2_prt_7 mi_asset_position  (cost=0.00..179.00 rows=1 width=0)
                                 Rows out:  (No row requested) 0 rows (seg0) with 0 ms to end.
                     ->  Result  (cost=0.00..179.00 rows=1 width=0)
                           One-Time Filter: false
                           Rows out:  0 rows (seg0) with 0.005 ms to end, start offset by 209 ms.
                           ->  Seq Scan on mi_asset_position_1_prt_63_2_prt_8 mi_asset_position  (cost=0.00..179.00 rows=1 width=0)
                                 Rows out:  (No row requested) 0 rows (seg0) with 0 ms to end.
                     ->  Result  (cost=0.00..179.00 rows=1 width=0)
                           One-Time Filter: false
                           Rows out:  0 rows (seg0) with 0.005 ms to end, start offset by 209 ms.
                           ->  Seq Scan on mi_asset_position_1_prt_63_2_prt_9 mi_asset_position  (cost=0.00..179.00 rows=1 width=0)
                                 Rows out:  (No row requested) 0 rows (seg0) with 0 ms to end.
                     ->  Result  (cost=0.00..179.00 rows=1 width=0)
                           One-Time Filter: false
                           Rows out:  0 rows (seg0) with 0.005 ms to end, start offset by 209 ms.
                           ->  Seq Scan on mi_asset_position_1_prt_63_2_prt_10 mi_asset_position  (cost=0.00..179.00 rows=1 width=0)
                                 Rows out:  (No row requested) 0 rows (seg0) with 0 ms to end.
                     ->  Result  (cost=0.00..179.00 rows=1 width=0)
                           One-Time Filter: false
                           Rows out:  0 rows (seg0) with 0.004 ms to end, start offset by 209 ms.
                           ->  Seq Scan on mi_asset_position_1_prt_63_2_prt_11 mi_asset_position  (cost=0.00..179.00 rows=1 width=0)
                                 Rows out:  (No row requested) 0 rows (seg0) with 0 ms to end.
                     ->  Result  (cost=0.00..179.00 rows=1 width=0)
                           One-Time Filter: false
                           Rows out:  0 rows (seg0) with 0.005 ms to end, start offset by 209 ms.
                           ->  Seq Scan on mi_asset_position_1_prt_63_2_prt_12 mi_asset_position  (cost=0.00..179.00 rows=1 width=0)
                                 Rows out:  (No row requested) 0 rows (seg0) with 0 ms to end.
                     ->  Result  (cost=0.00..179.00 rows=1 width=0)
                           One-Time Filter: false
                           Rows out:  0 rows (seg0) with 0.005 ms to end, start offset by 209 ms.
                           ->  Seq Scan on mi_asset_position_1_prt_63_2_prt_13 mi_asset_position  (cost=0.00..179.00 rows=1 width=0)
                                 Rows out:  (No row requested) 0 rows (seg0) with 0 ms to end.
                     ->  Result  (cost=0.00..179.00 rows=1 width=0)
                           One-Time Filter: false
                           Rows out:  0 rows (seg0) with 0.005 ms to end, start offset by 209 ms.
                           ->  Seq Scan on mi_asset_position_1_prt_64_2_prt_other_months mi_asset_position  (cost=0.00..179.00 rows=1 width=0)
                                 Rows out:  (No row requested) 0 rows (seg0) with 0 ms to end.
                     ->  Result  (cost=0.00..179.00 rows=1 width=0)
                           One-Time Filter: false
                           Rows out:  0 rows (seg0) with 0.005 ms to end, start offset by 209 ms.
                           ->  Seq Scan on mi_asset_position_1_prt_64_2_prt_2 mi_asset_position  (cost=0.00..179.00 rows=1 width=0)
                                 Rows out:  (No row requested) 0 rows (seg0) with 0 ms to end.
                     ->  Result  (cost=0.00..179.00 rows=1 width=0)
                           One-Time Filter: false
                           Rows out:  0 rows (seg0) with 0.005 ms to end, start offset by 209 ms.
                           ->  Seq Scan on mi_asset_position_1_prt_64_2_prt_3 mi_asset_position  (cost=0.00..179.00 rows=1 width=0)
                                 Rows out:  (No row requested) 0 rows (seg0) with 0 ms to end.
                     ->  Result  (cost=0.00..179.00 rows=1 width=0)
                           One-Time Filter: false
                           Rows out:  0 rows (seg0) with 0.005 ms to end, start offset by 209 ms.
                           ->  Seq Scan on mi_asset_position_1_prt_64_2_prt_4 mi_asset_position  (cost=0.00..179.00 rows=1 width=0)
                                 Rows out:  (No row requested) 0 rows (seg0) with 0 ms to end.
                     ->  Result  (cost=0.00..179.00 rows=1 width=0)
                           One-Time Filter: false
                           Rows out:  0 rows (seg0) with 0.005 ms to end, start offset by 209 ms.
                           ->  Seq Scan on mi_asset_position_1_prt_64_2_prt_5 mi_asset_position  (cost=0.00..179.00 rows=1 width=0)
                                 Rows out:  (No row requested) 0 rows (seg0) with 0 ms to end.
                     ->  Result  (cost=0.00..179.00 rows=1 width=0)
                           One-Time Filter: false
                           Rows out:  0 rows (seg0) with 0.004 ms to end, start offset by 209 ms.
                           ->  Seq Scan on mi_asset_position_1_prt_64_2_prt_6 mi_asset_position  (cost=0.00..179.00 rows=1 width=0)
                                 Rows out:  (No row requested) 0 rows (seg0) with 0 ms to end.
                     ->  Result  (cost=0.00..179.00 rows=1 width=0)
                           One-Time Filter: false
                           Rows out:  0 rows (seg0) with 0.005 ms to end, start offset by 209 ms.
                           ->  Seq Scan on mi_asset_position_1_prt_64_2_prt_7 mi_asset_position  (cost=0.00..179.00 rows=1 width=0)
                                 Rows out:  (No row requested) 0 rows (seg0) with 0 ms to end.
                     ->  Result  (cost=0.00..179.00 rows=1 width=0)
                           One-Time Filter: false
                           Rows out:  0 rows (seg0) with 0.005 ms to end, start offset by 209 ms.
                           ->  Seq Scan on mi_asset_position_1_prt_64_2_prt_8 mi_asset_position  (cost=0.00..179.00 rows=1 width=0)
                                 Rows out:  (No row requested) 0 rows (seg0) with 0 ms to end.
                     ->  Result  (cost=0.00..179.00 rows=1 width=0)
                           One-Time Filter: false
                           Rows out:  0 rows (seg0) with 0.004 ms to end, start offset by 209 ms.
                           ->  Seq Scan on mi_asset_position_1_prt_64_2_prt_9 mi_asset_position  (cost=0.00..179.00 rows=1 width=0)
                                 Rows out:  (No row requested) 0 rows (seg0) with 0 ms to end.
                     ->  Result  (cost=0.00..179.00 rows=1 width=0)
                           One-Time Filter: false
                           Rows out:  0 rows (seg0) with 0.005 ms to end, start offset by 209 ms.
                           ->  Seq Scan on mi_asset_position_1_prt_64_2_prt_10 mi_asset_position  (cost=0.00..179.00 rows=1 width=0)
                                 Rows out:  (No row requested) 0 rows (seg0) with 0 ms to end.
                     ->  Result  (cost=0.00..179.00 rows=1 width=0)
                           One-Time Filter: false
                           Rows out:  0 rows (seg0) with 0.005 ms to end, start offset by 209 ms.
                           ->  Seq Scan on mi_asset_position_1_prt_64_2_prt_11 mi_asset_position  (cost=0.00..179.00 rows=1 width=0)
                                 Rows out:  (No row requested) 0 rows (seg0) with 0 ms to end.
                     ->  Result  (cost=0.00..179.00 rows=1 width=0)
                           One-Time Filter: false
                           Rows out:  0 rows (seg0) with 0.005 ms to end, start offset by 209 ms.
                           ->  Seq Scan on mi_asset_position_1_prt_64_2_prt_12 mi_asset_position  (cost=0.00..179.00 rows=1 width=0)
                                 Rows out:  (No row requested) 0 rows (seg0) with 0 ms to end.
                     ->  Result  (cost=0.00..179.00 rows=1 width=0)
                           One-Time Filter: false
                           Rows out:  0 rows (seg0) with 0.005 ms to end, start offset by 209 ms.
                           ->  Seq Scan on mi_asset_position_1_prt_64_2_prt_13 mi_asset_position  (cost=0.00..179.00 rows=1 width=0)
                                 Rows out:  (No row requested) 0 rows (seg0) with 0 ms to end.
                     ->  Result  (cost=0.00..179.00 rows=1 width=0)
                           One-Time Filter: false
                           Rows out:  0 rows (seg0) with 0.004 ms to end, start offset by 209 ms.
                           ->  Seq Scan on mi_asset_position_1_prt_65_2_prt_other_months mi_asset_position  (cost=0.00..179.00 rows=1 width=0)
                                 Rows out:  (No row requested) 0 rows (seg0) with 0 ms to end.
                     ->  Result  (cost=0.00..179.00 rows=1 width=0)
                           One-Time Filter: false
                           Rows out:  0 rows (seg0) with 0.005 ms to end, start offset by 209 ms.
                           ->  Seq Scan on mi_asset_position_1_prt_65_2_prt_2 mi_asset_position  (cost=0.00..179.00 rows=1 width=0)
                                 Rows out:  (No row requested) 0 rows (seg0) with 0 ms to end.
                     ->  Result  (cost=0.00..179.00 rows=1 width=0)
                           One-Time Filter: false
                           Rows out:  0 rows (seg0) with 0.004 ms to end, start offset by 209 ms.
                           ->  Seq Scan on mi_asset_position_1_prt_65_2_prt_3 mi_asset_position  (cost=0.00..179.00 rows=1 width=0)
                                 Rows out:  (No row requested) 0 rows (seg0) with 0 ms to end.
                     ->  Result  (cost=0.00..179.00 rows=1 width=0)
                           One-Time Filter: false
                           Rows out:  0 rows (seg0) with 0.005 ms to end, start offset by 209 ms.
                           ->  Seq Scan on mi_asset_position_1_prt_65_2_prt_4 mi_asset_position  (cost=0.00..179.00 rows=1 width=0)
                                 Rows out:  (No row requested) 0 rows (seg0) with 0 ms to end.
                     ->  Result  (cost=0.00..179.00 rows=1 width=0)
                           One-Time Filter: false
                           Rows out:  0 rows (seg0) with 0.005 ms to end, start offset by 209 ms.
                           ->  Seq Scan on mi_asset_position_1_prt_65_2_prt_5 mi_asset_position  (cost=0.00..179.00 rows=1 width=0)
                                 Rows out:  (No row requested) 0 rows (seg0) with 0 ms to end.
                     ->  Result  (cost=0.00..179.00 rows=1 width=0)
                           One-Time Filter: false
                           Rows out:  0 rows (seg0) with 0.004 ms to end, start offset by 209 ms.
                           ->  Seq Scan on mi_asset_position_1_prt_65_2_prt_6 mi_asset_position  (cost=0.00..179.00 rows=1 width=0)
                                 Rows out:  (No row requested) 0 rows (seg0) with 0 ms to end.
                     ->  Result  (cost=0.00..179.00 rows=1 width=0)
                           One-Time Filter: false
                           Rows out:  0 rows (seg0) with 0.005 ms to end, start offset by 209 ms.
                           ->  Seq Scan on mi_asset_position_1_prt_65_2_prt_7 mi_asset_position  (cost=0.00..179.00 rows=1 width=0)
                                 Rows out:  (No row requested) 0 rows (seg0) with 0 ms to end.
                     ->  Result  (cost=0.00..179.00 rows=1 width=0)
                           One-Time Filter: false
                           Rows out:  0 rows (seg0) with 0.005 ms to end, start offset by 209 ms.
                           ->  Seq Scan on mi_asset_position_1_prt_65_2_prt_8 mi_asset_position  (cost=0.00..179.00 rows=1 width=0)
                                 Rows out:  (No row requested) 0 rows (seg0) with 0 ms to end.
                     ->  Result  (cost=0.00..179.00 rows=1 width=0)
                           One-Time Filter: false
                           Rows out:  0 rows (seg0) with 0.004 ms to end, start offset by 209 ms.
                           ->  Seq Scan on mi_asset_position_1_prt_65_2_prt_9 mi_asset_position  (cost=0.00..179.00 rows=1 width=0)
                                 Rows out:  (No row requested) 0 rows (seg0) with 0 ms to end.
                     ->  Result  (cost=0.00..179.00 rows=1 width=0)
                           One-Time Filter: false
                           Rows out:  0 rows (seg0) with 0.005 ms to end, start offset by 209 ms.
                           ->  Seq Scan on mi_asset_position_1_prt_65_2_prt_10 mi_asset_position  (cost=0.00..179.00 rows=1 width=0)
                                 Rows out:  (No row requested) 0 rows (seg0) with 0 ms to end.
                     ->  Result  (cost=0.00..179.00 rows=1 width=0)
                           One-Time Filter: false
                           Rows out:  0 rows (seg0) with 0.005 ms to end, start offset by 209 ms.
                           ->  Seq Scan on mi_asset_position_1_prt_65_2_prt_11 mi_asset_position  (cost=0.00..179.00 rows=1 width=0)
                                 Rows out:  (No row requested) 0 rows (seg0) with 0 ms to end.
                     ->  Result  (cost=0.00..179.00 rows=1 width=0)
                           One-Time Filter: false
                           Rows out:  0 rows (seg0) with 0.004 ms to end, start offset by 209 ms.
                           ->  Seq Scan on mi_asset_position_1_prt_65_2_prt_12 mi_asset_position  (cost=0.00..179.00 rows=1 width=0)
                                 Rows out:  (No row requested) 0 rows (seg0) with 0 ms to end.
                     ->  Result  (cost=0.00..179.00 rows=1 width=0)
                           One-Time Filter: false
                           Rows out:  0 rows (seg0) with 0.005 ms to end, start offset by 209 ms.
                           ->  Seq Scan on mi_asset_position_1_prt_65_2_prt_13 mi_asset_position  (cost=0.00..179.00 rows=1 width=0)
                                 Rows out:  (No row requested) 0 rows (seg0) with 0 ms to end.
                     ->  Result  (cost=0.00..179.00 rows=1 width=0)
                           One-Time Filter: false
                           Rows out:  0 rows (seg0) with 0.005 ms to end, start offset by 209 ms.
                           ->  Seq Scan on mi_asset_position_1_prt_66_2_prt_other_months mi_asset_position  (cost=0.00..179.00 rows=1 width=0)
                                 Rows out:  (No row requested) 0 rows (seg0) with 0 ms to end.
                     ->  Result  (cost=0.00..179.00 rows=1 width=0)
                           One-Time Filter: false
                           Rows out:  0 rows (seg0) with 0.004 ms to end, start offset by 209 ms.
                           ->  Seq Scan on mi_asset_position_1_prt_66_2_prt_2 mi_asset_position  (cost=0.00..179.00 rows=1 width=0)
                                 Rows out:  (No row requested) 0 rows (seg0) with 0 ms to end.
                     ->  Result  (cost=0.00..179.00 rows=1 width=0)
                           One-Time Filter: false
                           Rows out:  0 rows (seg0) with 0.005 ms to end, start offset by 209 ms.
                           ->  Seq Scan on mi_asset_position_1_prt_66_2_prt_3 mi_asset_position  (cost=0.00..179.00 rows=1 width=0)
                                 Rows out:  (No row requested) 0 rows (seg0) with 0 ms to end.
                     ->  Result  (cost=0.00..179.00 rows=1 width=0)
                           One-Time Filter: false
                           Rows out:  0 rows (seg0) with 0.004 ms to end, start offset by 209 ms.
                           ->  Seq Scan on mi_asset_position_1_prt_66_2_prt_4 mi_asset_position  (cost=0.00..179.00 rows=1 width=0)
                                 Rows out:  (No row requested) 0 rows (seg0) with 0 ms to end.
                     ->  Result  (cost=0.00..179.00 rows=1 width=0)
                           One-Time Filter: false
                           Rows out:  0 rows (seg0) with 0.005 ms to end, start offset by 209 ms.
                           ->  Seq Scan on mi_asset_position_1_prt_66_2_prt_5 mi_asset_position  (cost=0.00..179.00 rows=1 width=0)
                                 Rows out:  (No row requested) 0 rows (seg0) with 0 ms to end.
                     ->  Result  (cost=0.00..179.00 rows=1 width=0)
                           One-Time Filter: false
                           Rows out:  0 rows (seg0) with 0.004 ms to end, start offset by 209 ms.
                           ->  Seq Scan on mi_asset_position_1_prt_66_2_prt_6 mi_asset_position  (cost=0.00..179.00 rows=1 width=0)
                                 Rows out:  (No row requested) 0 rows (seg0) with 0 ms to end.
                     ->  Result  (cost=0.00..179.00 rows=1 width=0)
                           One-Time Filter: false
                           Rows out:  0 rows (seg0) with 0.005 ms to end, start offset by 209 ms.
                           ->  Seq Scan on mi_asset_position_1_prt_66_2_prt_7 mi_asset_position  (cost=0.00..179.00 rows=1 width=0)
                                 Rows out:  (No row requested) 0 rows (seg0) with 0 ms to end.
                     ->  Result  (cost=0.00..179.00 rows=1 width=0)
                           One-Time Filter: false
                           Rows out:  0 rows (seg0) with 0.005 ms to end, start offset by 209 ms.
                           ->  Seq Scan on mi_asset_position_1_prt_66_2_prt_8 mi_asset_position  (cost=0.00..179.00 rows=1 width=0)
                                 Rows out:  (No row requested) 0 rows (seg0) with 0 ms to end.
                     ->  Result  (cost=0.00..179.00 rows=1 width=0)
                           One-Time Filter: false
                           Rows out:  0 rows (seg0) with 0.004 ms to end, start offset by 209 ms.
                           ->  Seq Scan on mi_asset_position_1_prt_66_2_prt_9 mi_asset_position  (cost=0.00..179.00 rows=1 width=0)
                                 Rows out:  (No row requested) 0 rows (seg0) with 0 ms to end.
                     ->  Result  (cost=0.00..179.00 rows=1 width=0)
                           One-Time Filter: false
                           Rows out:  0 rows (seg0) with 0.004 ms to end, start offset by 209 ms.
                           ->  Seq Scan on mi_asset_position_1_prt_66_2_prt_10 mi_asset_position  (cost=0.00..179.00 rows=1 width=0)
                                 Rows out:  (No row requested) 0 rows (seg0) with 0 ms to end.
                     ->  Result  (cost=0.00..179.00 rows=1 width=0)
                           One-Time Filter: false
                           Rows out:  0 rows (seg0) with 0.005 ms to end, start offset by 209 ms.
                           ->  Seq Scan on mi_asset_position_1_prt_66_2_prt_11 mi_asset_position  (cost=0.00..179.00 rows=1 width=0)
                                 Rows out:  (No row requested) 0 rows (seg0) with 0 ms to end.
                     ->  Result  (cost=0.00..179.00 rows=1 width=0)
                           One-Time Filter: false
                           Rows out:  0 rows (seg0) with 0.005 ms to end, start offset by 209 ms.
                           ->  Seq Scan on mi_asset_position_1_prt_66_2_prt_12 mi_asset_position  (cost=0.00..179.00 rows=1 width=0)
                                 Rows out:  (No row requested) 0 rows (seg0) with 0 ms to end.
                     ->  Result  (cost=0.00..179.00 rows=1 width=0)
                           One-Time Filter: false
                           Rows out:  0 rows (seg0) with 0.004 ms to end, start offset by 209 ms.
                           ->  Seq Scan on mi_asset_position_1_prt_66_2_prt_13 mi_asset_position  (cost=0.00..179.00 rows=1 width=0)
                                 Rows out:  (No row requested) 0 rows (seg0) with 0 ms to end.
                     ->  Result  (cost=0.00..179.00 rows=1 width=0)
                           One-Time Filter: false
                           Rows out:  0 rows (seg0) with 0.005 ms to end, start offset by 209 ms.
                           ->  Seq Scan on mi_asset_position_1_prt_67_2_prt_other_months mi_asset_position  (cost=0.00..179.00 rows=1 width=0)
                                 Rows out:  (No row requested) 0 rows (seg0) with 0 ms to end.
                     ->  Result  (cost=0.00..179.00 rows=1 width=0)
                           One-Time Filter: false
                           Rows out:  0 rows (seg0) with 0.005 ms to end, start offset by 209 ms.
                           ->  Seq Scan on mi_asset_position_1_prt_67_2_prt_2 mi_asset_position  (cost=0.00..179.00 rows=1 width=0)
                                 Rows out:  (No row requested) 0 rows (seg0) with 0 ms to end.
                     ->  Result  (cost=0.00..179.00 rows=1 width=0)
                           One-Time Filter: false
                           Rows out:  0 rows (seg0) with 0.004 ms to end, start offset by 209 ms.
                           ->  Seq Scan on mi_asset_position_1_prt_67_2_prt_3 mi_asset_position  (cost=0.00..179.00 rows=1 width=0)
                                 Rows out:  (No row requested) 0 rows (seg0) with 0 ms to end.
                     ->  Result  (cost=0.00..179.00 rows=1 width=0)
                           One-Time Filter: false
                           Rows out:  0 rows (seg0) with 0.005 ms to end, start offset by 209 ms.
                           ->  Seq Scan on mi_asset_position_1_prt_67_2_prt_4 mi_asset_position  (cost=0.00..179.00 rows=1 width=0)
                                 Rows out:  (No row requested) 0 rows (seg0) with 0 ms to end.
                     ->  Result  (cost=0.00..179.00 rows=1 width=0)
                           One-Time Filter: false
                           Rows out:  0 rows (seg0) with 0.005 ms to end, start offset by 209 ms.
                           ->  Seq Scan on mi_asset_position_1_prt_67_2_prt_5 mi_asset_position  (cost=0.00..179.00 rows=1 width=0)
                                 Rows out:  (No row requested) 0 rows (seg0) with 0 ms to end.
                     ->  Result  (cost=0.00..179.00 rows=1 width=0)
                           One-Time Filter: false
                           Rows out:  0 rows (seg0) with 0.004 ms to end, start offset by 209 ms.
                           ->  Seq Scan on mi_asset_position_1_prt_67_2_prt_6 mi_asset_position  (cost=0.00..179.00 rows=1 width=0)
                                 Rows out:  (No row requested) 0 rows (seg0) with 0 ms to end.
                     ->  Result  (cost=0.00..179.00 rows=1 width=0)
                           One-Time Filter: false
                           Rows out:  0 rows (seg0) with 0.005 ms to end, start offset by 209 ms.
                           ->  Seq Scan on mi_asset_position_1_prt_67_2_prt_7 mi_asset_position  (cost=0.00..179.00 rows=1 width=0)
                                 Rows out:  (No row requested) 0 rows (seg0) with 0 ms to end.
                     ->  Result  (cost=0.00..179.00 rows=1 width=0)
                           One-Time Filter: false
                           Rows out:  0 rows (seg0) with 0.006 ms to end, start offset by 209 ms.
                           ->  Seq Scan on mi_asset_position_1_prt_67_2_prt_8 mi_asset_position  (cost=0.00..179.00 rows=1 width=0)
                                 Rows out:  (No row requested) 0 rows (seg0) with 0 ms to end.
                     ->  Result  (cost=0.00..179.00 rows=1 width=0)
                           One-Time Filter: false
                           Rows out:  0 rows (seg0) with 0.005 ms to end, start offset by 209 ms.
                           ->  Seq Scan on mi_asset_position_1_prt_67_2_prt_9 mi_asset_position  (cost=0.00..179.00 rows=1 width=0)
                                 Rows out:  (No row requested) 0 rows (seg0) with 0 ms to end.
                     ->  Result  (cost=0.00..179.00 rows=1 width=0)
                           One-Time Filter: false
                           Rows out:  0 rows (seg0) with 0.004 ms to end, start offset by 209 ms.
                           ->  Seq Scan on mi_asset_position_1_prt_67_2_prt_10 mi_asset_position  (cost=0.00..179.00 rows=1 width=0)
                                 Rows out:  (No row requested) 0 rows (seg0) with 0 ms to end.
                     ->  Result  (cost=0.00..179.00 rows=1 width=0)
                           One-Time Filter: false
                           Rows out:  0 rows (seg0) with 0.005 ms to end, start offset by 209 ms.
                           ->  Seq Scan on mi_asset_position_1_prt_67_2_prt_11 mi_asset_position  (cost=0.00..179.00 rows=1 width=0)
                                 Rows out:  (No row requested) 0 rows (seg0) with 0 ms to end.
                     ->  Result  (cost=0.00..179.00 rows=1 width=0)
                           One-Time Filter: false
                           Rows out:  0 rows (seg0) with 0.005 ms to end, start offset by 209 ms.
                           ->  Seq Scan on mi_asset_position_1_prt_67_2_prt_12 mi_asset_position  (cost=0.00..179.00 rows=1 width=0)
                                 Rows out:  (No row requested) 0 rows (seg0) with 0 ms to end.
                     ->  Result  (cost=0.00..179.00 rows=1 width=0)
                           One-Time Filter: false
                           Rows out:  0 rows (seg0) with 0.005 ms to end, start offset by 209 ms.
                           ->  Seq Scan on mi_asset_position_1_prt_67_2_prt_13 mi_asset_position  (cost=0.00..179.00 rows=1 width=0)
                                 Rows out:  (No row requested) 0 rows (seg0) with 0 ms to end.
                     ->  Result  (cost=0.00..179.00 rows=1 width=0)
                           One-Time Filter: false
                           Rows out:  0 rows (seg0) with 0.004 ms to end, start offset by 209 ms.
                           ->  Seq Scan on mi_asset_position_1_prt_68_2_prt_other_months mi_asset_position  (cost=0.00..179.00 rows=1 width=0)
                                 Rows out:  (No row requested) 0 rows (seg0) with 0 ms to end.
                     ->  Result  (cost=0.00..179.00 rows=1 width=0)
                           One-Time Filter: false
                           Rows out:  0 rows (seg0) with 0.005 ms to end, start offset by 209 ms.
                           ->  Seq Scan on mi_asset_position_1_prt_68_2_prt_2 mi_asset_position  (cost=0.00..179.00 rows=1 width=0)
                                 Rows out:  (No row requested) 0 rows (seg0) with 0 ms to end.
                     ->  Result  (cost=0.00..179.00 rows=1 width=0)
                           One-Time Filter: false
                           Rows out:  0 rows (seg0) with 0.005 ms to end, start offset by 209 ms.
                           ->  Seq Scan on mi_asset_position_1_prt_68_2_prt_3 mi_asset_position  (cost=0.00..179.00 rows=1 width=0)
                                 Rows out:  (No row requested) 0 rows (seg0) with 0 ms to end.
                     ->  Result  (cost=0.00..179.00 rows=1 width=0)
                           One-Time Filter: false
                           Rows out:  0 rows (seg0) with 0.004 ms to end, start offset by 209 ms.
                           ->  Seq Scan on mi_asset_position_1_prt_68_2_prt_4 mi_asset_position  (cost=0.00..179.00 rows=1 width=0)
                                 Rows out:  (No row requested) 0 rows (seg0) with 0 ms to end.
                     ->  Result  (cost=0.00..179.00 rows=1 width=0)
                           One-Time Filter: false
                           Rows out:  0 rows (seg0) with 0.005 ms to end, start offset by 209 ms.
                           ->  Seq Scan on mi_asset_position_1_prt_68_2_prt_5 mi_asset_position  (cost=0.00..179.00 rows=1 width=0)
                                 Rows out:  (No row requested) 0 rows (seg0) with 0 ms to end.
                     ->  Result  (cost=0.00..179.00 rows=1 width=0)
                           One-Time Filter: false
                           Rows out:  0 rows (seg0) with 0.005 ms to end, start offset by 209 ms.
                           ->  Seq Scan on mi_asset_position_1_prt_68_2_prt_6 mi_asset_position  (cost=0.00..179.00 rows=1 width=0)
                                 Rows out:  (No row requested) 0 rows (seg0) with 0 ms to end.
                     ->  Result  (cost=0.00..179.00 rows=1 width=0)
                           One-Time Filter: false
                           Rows out:  0 rows (seg0) with 0.004 ms to end, start offset by 209 ms.
                           ->  Seq Scan on mi_asset_position_1_prt_68_2_prt_7 mi_asset_position  (cost=0.00..179.00 rows=1 width=0)
                                 Rows out:  (No row requested) 0 rows (seg0) with 0 ms to end.
                     ->  Result  (cost=0.00..179.00 rows=1 width=0)
                           One-Time Filter: false
                           Rows out:  0 rows (seg0) with 0.005 ms to end, start offset by 209 ms.
                           ->  Seq Scan on mi_asset_position_1_prt_68_2_prt_8 mi_asset_position  (cost=0.00..179.00 rows=1 width=0)
                                 Rows out:  (No row requested) 0 rows (seg0) with 0 ms to end.
                     ->  Result  (cost=0.00..179.00 rows=1 width=0)
                           One-Time Filter: false
                           Rows out:  0 rows (seg0) with 0.004 ms to end, start offset by 209 ms.
                           ->  Seq Scan on mi_asset_position_1_prt_68_2_prt_9 mi_asset_position  (cost=0.00..179.00 rows=1 width=0)
                                 Rows out:  (No row requested) 0 rows (seg0) with 0 ms to end.
                     ->  Result  (cost=0.00..179.00 rows=1 width=0)
                           One-Time Filter: false
                           Rows out:  0 rows (seg0) with 0.005 ms to end, start offset by 209 ms.
                           ->  Seq Scan on mi_asset_position_1_prt_68_2_prt_10 mi_asset_position  (cost=0.00..179.00 rows=1 width=0)
                                 Rows out:  (No row requested) 0 rows (seg0) with 0 ms to end.
                     ->  Result  (cost=0.00..179.00 rows=1 width=0)
                           One-Time Filter: false
                           Rows out:  0 rows (seg0) with 0.005 ms to end, start offset by 209 ms.
                           ->  Seq Scan on mi_asset_position_1_prt_68_2_prt_11 mi_asset_position  (cost=0.00..179.00 rows=1 width=0)
                                 Rows out:  (No row requested) 0 rows (seg0) with 0 ms to end.
                     ->  Result  (cost=0.00..179.00 rows=1 width=0)
                           One-Time Filter: false
                           Rows out:  0 rows (seg0) with 0.005 ms to end, start offset by 209 ms.
                           ->  Seq Scan on mi_asset_position_1_prt_68_2_prt_12 mi_asset_position  (cost=0.00..179.00 rows=1 width=0)
                                 Rows out:  (No row requested) 0 rows (seg0) with 0 ms to end.
                     ->  Result  (cost=0.00..179.00 rows=1 width=0)
                           One-Time Filter: false
                           Rows out:  0 rows (seg0) with 0.005 ms to end, start offset by 209 ms.
                           ->  Seq Scan on mi_asset_position_1_prt_68_2_prt_13 mi_asset_position  (cost=0.00..179.00 rows=1 width=0)
                                 Rows out:  (No row requested) 0 rows (seg0) with 0 ms to end.
                     ->  Result  (cost=0.00..179.00 rows=1 width=0)
                           One-Time Filter: false
                           Rows out:  0 rows (seg0) with 0.005 ms to end, start offset by 209 ms.
                           ->  Seq Scan on mi_asset_position_1_prt_69_2_prt_other_months mi_asset_position  (cost=0.00..179.00 rows=1 width=0)
                                 Rows out:  (No row requested) 0 rows (seg0) with 0 ms to end.
                     ->  Result  (cost=0.00..179.00 rows=1 width=0)
                           One-Time Filter: false
                           Rows out:  0 rows (seg0) with 0.005 ms to end, start offset by 209 ms.
                           ->  Seq Scan on mi_asset_position_1_prt_69_2_prt_2 mi_asset_position  (cost=0.00..179.00 rows=1 width=0)
                                 Rows out:  (No row requested) 0 rows (seg0) with 0 ms to end.
                     ->  Result  (cost=0.00..179.00 rows=1 width=0)
                           One-Time Filter: false
                           Rows out:  0 rows (seg0) with 0.005 ms to end, start offset by 209 ms.
                           ->  Seq Scan on mi_asset_position_1_prt_69_2_prt_3 mi_asset_position  (cost=0.00..179.00 rows=1 width=0)
                                 Rows out:  (No row requested) 0 rows (seg0) with 0 ms to end.
                     ->  Result  (cost=0.00..179.00 rows=1 width=0)
                           One-Time Filter: false
                           Rows out:  0 rows (seg0) with 0.004 ms to end, start offset by 209 ms.
                           ->  Seq Scan on mi_asset_position_1_prt_69_2_prt_4 mi_asset_position  (cost=0.00..179.00 rows=1 width=0)
                                 Rows out:  (No row requested) 0 rows (seg0) with 0 ms to end.
                     ->  Result  (cost=0.00..179.00 rows=1 width=0)
                           One-Time Filter: false
                           Rows out:  0 rows (seg0) with 0.005 ms to end, start offset by 209 ms.
                           ->  Seq Scan on mi_asset_position_1_prt_69_2_prt_5 mi_asset_position  (cost=0.00..179.00 rows=1 width=0)
                                 Rows out:  (No row requested) 0 rows (seg0) with 0 ms to end.
                     ->  Result  (cost=0.00..179.00 rows=1 width=0)
                           One-Time Filter: false
                           Rows out:  0 rows (seg0) with 0.005 ms to end, start offset by 209 ms.
                           ->  Seq Scan on mi_asset_position_1_prt_69_2_prt_6 mi_asset_position  (cost=0.00..179.00 rows=1 width=0)
                                 Rows out:  (No row requested) 0 rows (seg0) with 0 ms to end.
                     ->  Result  (cost=0.00..179.00 rows=1 width=0)
                           One-Time Filter: false
                           Rows out:  0 rows (seg0) with 0.004 ms to end, start offset by 209 ms.
                           ->  Seq Scan on mi_asset_position_1_prt_69_2_prt_7 mi_asset_position  (cost=0.00..179.00 rows=1 width=0)
                                 Rows out:  (No row requested) 0 rows (seg0) with 0 ms to end.
                     ->  Result  (cost=0.00..179.00 rows=1 width=0)
                           One-Time Filter: false
                           Rows out:  0 rows (seg0) with 0.005 ms to end, start offset by 209 ms.
                           ->  Seq Scan on mi_asset_position_1_prt_69_2_prt_8 mi_asset_position  (cost=0.00..179.00 rows=1 width=0)
                                 Rows out:  (No row requested) 0 rows (seg0) with 0 ms to end.
                     ->  Result  (cost=0.00..179.00 rows=1 width=0)
                           One-Time Filter: false
                           Rows out:  0 rows (seg0) with 0.005 ms to end, start offset by 209 ms.
                           ->  Seq Scan on mi_asset_position_1_prt_69_2_prt_9 mi_asset_position  (cost=0.00..179.00 rows=1 width=0)
                                 Rows out:  (No row requested) 0 rows (seg0) with 0 ms to end.
                     ->  Result  (cost=0.00..179.00 rows=1 width=0)
                           One-Time Filter: false
                           Rows out:  0 rows (seg0) with 0.005 ms to end, start offset by 209 ms.
                           ->  Seq Scan on mi_asset_position_1_prt_69_2_prt_10 mi_asset_position  (cost=0.00..179.00 rows=1 width=0)
                                 Rows out:  (No row requested) 0 rows (seg0) with 0 ms to end.
                     ->  Result  (cost=0.00..179.00 rows=1 width=0)
                           One-Time Filter: false
                           Rows out:  0 rows (seg0) with 0.005 ms to end, start offset by 209 ms.
                           ->  Seq Scan on mi_asset_position_1_prt_69_2_prt_11 mi_asset_position  (cost=0.00..179.00 rows=1 width=0)
                                 Rows out:  (No row requested) 0 rows (seg0) with 0 ms to end.
                     ->  Result  (cost=0.00..179.00 rows=1 width=0)
                           One-Time Filter: false
                           Rows out:  0 rows (seg0) with 0.005 ms to end, start offset by 209 ms.
                           ->  Seq Scan on mi_asset_position_1_prt_69_2_prt_12 mi_asset_position  (cost=0.00..179.00 rows=1 width=0)
                                 Rows out:  (No row requested) 0 rows (seg0) with 0 ms to end.
                     ->  Result  (cost=0.00..179.00 rows=1 width=0)
                           One-Time Filter: false
                           Rows out:  0 rows (seg0) with 0.005 ms to end, start offset by 209 ms.
                           ->  Seq Scan on mi_asset_position_1_prt_69_2_prt_13 mi_asset_position  (cost=0.00..179.00 rows=1 width=0)
                                 Rows out:  (No row requested) 0 rows (seg0) with 0 ms to end.
                     ->  Result  (cost=0.00..179.00 rows=1 width=0)
                           One-Time Filter: false
                           Rows out:  0 rows (seg0) with 0.008 ms to end, start offset by 209 ms.
                           ->  Seq Scan on mi_asset_position_1_prt_70_2_prt_other_months mi_asset_position  (cost=0.00..179.00 rows=1 width=0)
                                 Rows out:  (No row requested) 0 rows (seg0) with 0 ms to end.
                     ->  Result  (cost=0.00..179.00 rows=1 width=0)
                           One-Time Filter: false
                           Rows out:  0 rows (seg0) with 0.006 ms to end, start offset by 209 ms.
                           ->  Seq Scan on mi_asset_position_1_prt_70_2_prt_2 mi_asset_position  (cost=0.00..179.00 rows=1 width=0)
                                 Rows out:  (No row requested) 0 rows (seg0) with 0 ms to end.
                     ->  Result  (cost=0.00..179.00 rows=1 width=0)
                           One-Time Filter: false
                           Rows out:  0 rows (seg0) with 0.005 ms to end, start offset by 209 ms.
                           ->  Seq Scan on mi_asset_position_1_prt_70_2_prt_3 mi_asset_position  (cost=0.00..179.00 rows=1 width=0)
                                 Rows out:  (No row requested) 0 rows (seg0) with 0 ms to end.
                     ->  Result  (cost=0.00..179.00 rows=1 width=0)
                           One-Time Filter: false
                           Rows out:  0 rows (seg0) with 0.005 ms to end, start offset by 209 ms.
                           ->  Seq Scan on mi_asset_position_1_prt_70_2_prt_4 mi_asset_position  (cost=0.00..179.00 rows=1 width=0)
                                 Rows out:  (No row requested) 0 rows (seg0) with 0 ms to end.
                     ->  Result  (cost=0.00..179.00 rows=1 width=0)
                           One-Time Filter: false
                           Rows out:  0 rows (seg0) with 0.005 ms to end, start offset by 209 ms.
                           ->  Seq Scan on mi_asset_position_1_prt_70_2_prt_5 mi_asset_position  (cost=0.00..179.00 rows=1 width=0)
                                 Rows out:  (No row requested) 0 rows (seg0) with 0 ms to end.
                     ->  Result  (cost=0.00..179.00 rows=1 width=0)
                           One-Time Filter: false
                           Rows out:  0 rows (seg0) with 0.005 ms to end, start offset by 209 ms.
                           ->  Seq Scan on mi_asset_position_1_prt_70_2_prt_6 mi_asset_position  (cost=0.00..179.00 rows=1 width=0)
                                 Rows out:  (No row requested) 0 rows (seg0) with 0 ms to end.
                     ->  Result  (cost=0.00..179.00 rows=1 width=0)
                           One-Time Filter: false
                           Rows out:  0 rows (seg0) with 0.005 ms to end, start offset by 209 ms.
                           ->  Seq Scan on mi_asset_position_1_prt_70_2_prt_7 mi_asset_position  (cost=0.00..179.00 rows=1 width=0)
                                 Rows out:  (No row requested) 0 rows (seg0) with 0 ms to end.
                     ->  Result  (cost=0.00..179.00 rows=1 width=0)
                           One-Time Filter: false
                           Rows out:  0 rows (seg0) with 0.005 ms to end, start offset by 209 ms.
                           ->  Seq Scan on mi_asset_position_1_prt_70_2_prt_8 mi_asset_position  (cost=0.00..179.00 rows=1 width=0)
                                 Rows out:  (No row requested) 0 rows (seg0) with 0 ms to end.
                     ->  Result  (cost=0.00..179.00 rows=1 width=0)
                           One-Time Filter: false
                           Rows out:  0 rows (seg0) with 0.004 ms to end, start offset by 209 ms.
                           ->  Seq Scan on mi_asset_position_1_prt_70_2_prt_9 mi_asset_position  (cost=0.00..179.00 rows=1 width=0)
                                 Rows out:  (No row requested) 0 rows (seg0) with 0 ms to end.
                     ->  Result  (cost=0.00..179.00 rows=1 width=0)
                           One-Time Filter: false
                           Rows out:  0 rows (seg0) with 0.005 ms to end, start offset by 209 ms.
                           ->  Seq Scan on mi_asset_position_1_prt_70_2_prt_10 mi_asset_position  (cost=0.00..179.00 rows=1 width=0)
                                 Rows out:  (No row requested) 0 rows (seg0) with 0 ms to end.
                     ->  Result  (cost=0.00..179.00 rows=1 width=0)
                           One-Time Filter: false
                           Rows out:  0 rows (seg0) with 0.005 ms to end, start offset by 209 ms.
                           ->  Seq Scan on mi_asset_position_1_prt_70_2_prt_11 mi_asset_position  (cost=0.00..179.00 rows=1 width=0)
                                 Rows out:  (No row requested) 0 rows (seg0) with 0 ms to end.
                     ->  Result  (cost=0.00..179.00 rows=1 width=0)
                           One-Time Filter: false
                           Rows out:  0 rows (seg0) with 0.005 ms to end, start offset by 209 ms.
                           ->  Seq Scan on mi_asset_position_1_prt_70_2_prt_12 mi_asset_position  (cost=0.00..179.00 rows=1 width=0)
                                 Rows out:  (No row requested) 0 rows (seg0) with 0 ms to end.
                     ->  Result  (cost=0.00..179.00 rows=1 width=0)
                           One-Time Filter: false
                           Rows out:  0 rows (seg0) with 0.005 ms to end, start offset by 209 ms.
                           ->  Seq Scan on mi_asset_position_1_prt_70_2_prt_13 mi_asset_position  (cost=0.00..179.00 rows=1 width=0)
                                 Rows out:  (No row requested) 0 rows (seg0) with 0 ms to end.
                     ->  Result  (cost=0.00..179.00 rows=1 width=0)
                           One-Time Filter: false
                           Rows out:  0 rows (seg0) with 0.004 ms to end, start offset by 209 ms.
                           ->  Seq Scan on mi_asset_position_1_prt_71_2_prt_other_months mi_asset_position  (cost=0.00..179.00 rows=1 width=0)
                                 Rows out:  (No row requested) 0 rows (seg0) with 0 ms to end.
                     ->  Result  (cost=0.00..179.00 rows=1 width=0)
                           One-Time Filter: false
                           Rows out:  0 rows (seg0) with 0.005 ms to end, start offset by 209 ms.
                           ->  Seq Scan on mi_asset_position_1_prt_71_2_prt_2 mi_asset_position  (cost=0.00..179.00 rows=1 width=0)
                                 Rows out:  (No row requested) 0 rows (seg0) with 0 ms to end.
                     ->  Result  (cost=0.00..179.00 rows=1 width=0)
                           One-Time Filter: false
                           Rows out:  0 rows (seg0) with 0.005 ms to end, start offset by 209 ms.
                           ->  Seq Scan on mi_asset_position_1_prt_71_2_prt_3 mi_asset_position  (cost=0.00..179.00 rows=1 width=0)
                                 Rows out:  (No row requested) 0 rows (seg0) with 0 ms to end.
                     ->  Result  (cost=0.00..179.00 rows=1 width=0)
                           One-Time Filter: false
                           Rows out:  0 rows (seg0) with 0.005 ms to end, start offset by 209 ms.
                           ->  Seq Scan on mi_asset_position_1_prt_71_2_prt_4 mi_asset_position  (cost=0.00..179.00 rows=1 width=0)
                                 Rows out:  (No row requested) 0 rows (seg0) with 0 ms to end.
                     ->  Result  (cost=0.00..179.00 rows=1 width=0)
                           One-Time Filter: false
                           Rows out:  0 rows (seg0) with 0.005 ms to end, start offset by 209 ms.
                           ->  Seq Scan on mi_asset_position_1_prt_71_2_prt_5 mi_asset_position  (cost=0.00..179.00 rows=1 width=0)
                                 Rows out:  (No row requested) 0 rows (seg0) with 0 ms to end.
                     ->  Result  (cost=0.00..179.00 rows=1 width=0)
                           One-Time Filter: false
                           Rows out:  0 rows (seg0) with 0.004 ms to end, start offset by 209 ms.
                           ->  Seq Scan on mi_asset_position_1_prt_71_2_prt_6 mi_asset_position  (cost=0.00..179.00 rows=1 width=0)
                                 Rows out:  (No row requested) 0 rows (seg0) with 0 ms to end.
                     ->  Result  (cost=0.00..179.00 rows=1 width=0)
                           One-Time Filter: false
                           Rows out:  0 rows (seg0) with 0.005 ms to end, start offset by 209 ms.
                           ->  Seq Scan on mi_asset_position_1_prt_71_2_prt_7 mi_asset_position  (cost=0.00..179.00 rows=1 width=0)
                                 Rows out:  (No row requested) 0 rows (seg0) with 0 ms to end.
                     ->  Result  (cost=0.00..179.00 rows=1 width=0)
                           One-Time Filter: false
                           Rows out:  0 rows (seg0) with 0.005 ms to end, start offset by 209 ms.
                           ->  Seq Scan on mi_asset_position_1_prt_71_2_prt_8 mi_asset_position  (cost=0.00..179.00 rows=1 width=0)
                                 Rows out:  (No row requested) 0 rows (seg0) with 0 ms to end.
                     ->  Result  (cost=0.00..179.00 rows=1 width=0)
                           One-Time Filter: false
                           Rows out:  0 rows (seg0) with 0.015 ms to end, start offset by 209 ms.
                           ->  Seq Scan on mi_asset_position_1_prt_71_2_prt_9 mi_asset_position  (cost=0.00..179.00 rows=1 width=0)
                                 Rows out:  (No row requested) 0 rows (seg0) with 0 ms to end.
                     ->  Result  (cost=0.00..179.00 rows=1 width=0)
                           One-Time Filter: false
                           Rows out:  0 rows (seg0) with 0.004 ms to end, start offset by 209 ms.
                           ->  Seq Scan on mi_asset_position_1_prt_71_2_prt_10 mi_asset_position  (cost=0.00..179.00 rows=1 width=0)
                                 Rows out:  (No row requested) 0 rows (seg0) with 0 ms to end.
                     ->  Result  (cost=0.00..179.00 rows=1 width=0)
                           One-Time Filter: false
                           Rows out:  0 rows (seg0) with 0.005 ms to end, start offset by 209 ms.
                           ->  Seq Scan on mi_asset_position_1_prt_71_2_prt_11 mi_asset_position  (cost=0.00..179.00 rows=1 width=0)
                                 Rows out:  (No row requested) 0 rows (seg0) with 0 ms to end.
                     ->  Result  (cost=0.00..179.00 rows=1 width=0)
                           One-Time Filter: false
                           Rows out:  0 rows (seg0) with 0.005 ms to end, start offset by 209 ms.
                           ->  Seq Scan on mi_asset_position_1_prt_71_2_prt_12 mi_asset_position  (cost=0.00..179.00 rows=1 width=0)
                                 Rows out:  (No row requested) 0 rows (seg0) with 0 ms to end.
                     ->  Result  (cost=0.00..179.00 rows=1 width=0)
                           One-Time Filter: false
                           Rows out:  0 rows (seg0) with 0.005 ms to end, start offset by 209 ms.
                           ->  Seq Scan on mi_asset_position_1_prt_71_2_prt_13 mi_asset_position  (cost=0.00..179.00 rows=1 width=0)
                                 Rows out:  (No row requested) 0 rows (seg0) with 0 ms to end.
                     ->  Result  (cost=0.00..179.00 rows=1 width=0)
                           One-Time Filter: false
                           Rows out:  0 rows (seg0) with 0.005 ms to end, start offset by 209 ms.
                           ->  Seq Scan on mi_asset_position_1_prt_72_2_prt_other_months mi_asset_position  (cost=0.00..179.00 rows=1 width=0)
                                 Rows out:  (No row requested) 0 rows (seg0) with 0 ms to end.
                     ->  Result  (cost=0.00..179.00 rows=1 width=0)
                           One-Time Filter: false
                           Rows out:  0 rows (seg0) with 0.005 ms to end, start offset by 209 ms.
                           ->  Seq Scan on mi_asset_position_1_prt_72_2_prt_2 mi_asset_position  (cost=0.00..179.00 rows=1 width=0)
                                 Rows out:  (No row requested) 0 rows (seg0) with 0 ms to end.
                     ->  Result  (cost=0.00..179.00 rows=1 width=0)
                           One-Time Filter: false
                           Rows out:  0 rows (seg0) with 0.005 ms to end, start offset by 209 ms.
                           ->  Seq Scan on mi_asset_position_1_prt_72_2_prt_3 mi_asset_position  (cost=0.00..179.00 rows=1 width=0)
                                 Rows out:  (No row requested) 0 rows (seg0) with 0 ms to end.
                     ->  Result  (cost=0.00..179.00 rows=1 width=0)
                           One-Time Filter: false
                           Rows out:  0 rows (seg0) with 0.014 ms to end, start offset by 210 ms.
                           ->  Seq Scan on mi_asset_position_1_prt_72_2_prt_4 mi_asset_position  (cost=0.00..179.00 rows=1 width=0)
                                 Rows out:  (No row requested) 0 rows (seg0) with 0 ms to end.
                     ->  Result  (cost=0.00..179.00 rows=1 width=0)
                           One-Time Filter: false
                           Rows out:  0 rows (seg0) with 0.005 ms to end, start offset by 210 ms.
                           ->  Seq Scan on mi_asset_position_1_prt_72_2_prt_5 mi_asset_position  (cost=0.00..179.00 rows=1 width=0)
                                 Rows out:  (No row requested) 0 rows (seg0) with 0 ms to end.
                     ->  Result  (cost=0.00..179.00 rows=1 width=0)
                           One-Time Filter: false
                           Rows out:  0 rows (seg0) with 0.005 ms to end, start offset by 210 ms.
                           ->  Seq Scan on mi_asset_position_1_prt_72_2_prt_6 mi_asset_position  (cost=0.00..179.00 rows=1 width=0)
                                 Rows out:  (No row requested) 0 rows (seg0) with 0 ms to end.
                     ->  Result  (cost=0.00..179.00 rows=1 width=0)
                           One-Time Filter: false
                           Rows out:  0 rows (seg0) with 0.005 ms to end, start offset by 210 ms.
                           ->  Seq Scan on mi_asset_position_1_prt_72_2_prt_7 mi_asset_position  (cost=0.00..179.00 rows=1 width=0)
                                 Rows out:  (No row requested) 0 rows (seg0) with 0 ms to end.
                     ->  Result  (cost=0.00..179.00 rows=1 width=0)
                           One-Time Filter: false
                           Rows out:  0 rows (seg0) with 0.004 ms to end, start offset by 210 ms.
                           ->  Seq Scan on mi_asset_position_1_prt_72_2_prt_8 mi_asset_position  (cost=0.00..179.00 rows=1 width=0)
                                 Rows out:  (No row requested) 0 rows (seg0) with 0 ms to end.
                     ->  Result  (cost=0.00..179.00 rows=1 width=0)
                           One-Time Filter: false
                           Rows out:  0 rows (seg0) with 0.005 ms to end, start offset by 210 ms.
                           ->  Seq Scan on mi_asset_position_1_prt_72_2_prt_9 mi_asset_position  (cost=0.00..179.00 rows=1 width=0)
                                 Rows out:  (No row requested) 0 rows (seg0) with 0 ms to end.
                     ->  Result  (cost=0.00..179.00 rows=1 width=0)
                           One-Time Filter: false
                           Rows out:  0 rows (seg0) with 0.004 ms to end, start offset by 210 ms.
                           ->  Seq Scan on mi_asset_position_1_prt_72_2_prt_10 mi_asset_position  (cost=0.00..179.00 rows=1 width=0)
                                 Rows out:  (No row requested) 0 rows (seg0) with 0 ms to end.
                     ->  Result  (cost=0.00..179.00 rows=1 width=0)
                           One-Time Filter: false
                           Rows out:  0 rows (seg0) with 0.005 ms to end, start offset by 210 ms.
                           ->  Seq Scan on mi_asset_position_1_prt_72_2_prt_11 mi_asset_position  (cost=0.00..179.00 rows=1 width=0)
                                 Rows out:  (No row requested) 0 rows (seg0) with 0 ms to end.
                     ->  Result  (cost=0.00..179.00 rows=1 width=0)
                           One-Time Filter: false
                           Rows out:  0 rows (seg0) with 0.005 ms to end, start offset by 210 ms.
                           ->  Seq Scan on mi_asset_position_1_prt_72_2_prt_12 mi_asset_position  (cost=0.00..179.00 rows=1 width=0)
                                 Rows out:  (No row requested) 0 rows (seg0) with 0 ms to end.
                     ->  Result  (cost=0.00..179.00 rows=1 width=0)
                           One-Time Filter: false
                           Rows out:  0 rows (seg0) with 0.004 ms to end, start offset by 210 ms.
                           ->  Seq Scan on mi_asset_position_1_prt_72_2_prt_13 mi_asset_position  (cost=0.00..179.00 rows=1 width=0)
                                 Rows out:  (No row requested) 0 rows (seg0) with 0 ms to end.
                     ->  Result  (cost=0.00..179.00 rows=1 width=0)
                           One-Time Filter: false
                           Rows out:  0 rows (seg0) with 0.005 ms to end, start offset by 210 ms.
                           ->  Seq Scan on mi_asset_position_1_prt_73_2_prt_other_months mi_asset_position  (cost=0.00..179.00 rows=1 width=0)
                                 Rows out:  (No row requested) 0 rows (seg0) with 0 ms to end.
                     ->  Result  (cost=0.00..179.00 rows=1 width=0)
                           One-Time Filter: false
                           Rows out:  0 rows (seg0) with 0.006 ms to end, start offset by 210 ms.
                           ->  Seq Scan on mi_asset_position_1_prt_73_2_prt_2 mi_asset_position  (cost=0.00..179.00 rows=1 width=0)
                                 Rows out:  (No row requested) 0 rows (seg0) with 0 ms to end.
                     ->  Result  (cost=0.00..179.00 rows=1 width=0)
                           One-Time Filter: false
                           Rows out:  0 rows (seg0) with 0.005 ms to end, start offset by 210 ms.
                           ->  Seq Scan on mi_asset_position_1_prt_73_2_prt_3 mi_asset_position  (cost=0.00..179.00 rows=1 width=0)
                                 Rows out:  (No row requested) 0 rows (seg0) with 0 ms to end.
                     ->  Result  (cost=0.00..179.00 rows=1 width=0)
                           One-Time Filter: false
                           Rows out:  0 rows (seg0) with 0.005 ms to end, start offset by 210 ms.
                           ->  Seq Scan on mi_asset_position_1_prt_73_2_prt_4 mi_asset_position  (cost=0.00..179.00 rows=1 width=0)
                                 Rows out:  (No row requested) 0 rows (seg0) with 0 ms to end.
                     ->  Result  (cost=0.00..179.00 rows=1 width=0)
                           One-Time Filter: false
                           Rows out:  0 rows (seg0) with 0.005 ms to end, start offset by 210 ms.
                           ->  Seq Scan on mi_asset_position_1_prt_73_2_prt_5 mi_asset_position  (cost=0.00..179.00 rows=1 width=0)
                                 Rows out:  (No row requested) 0 rows (seg0) with 0 ms to end.
                     ->  Result  (cost=0.00..179.00 rows=1 width=0)
                           One-Time Filter: false
                           Rows out:  0 rows (seg0) with 0.005 ms to end, start offset by 210 ms.
                           ->  Seq Scan on mi_asset_position_1_prt_73_2_prt_6 mi_asset_position  (cost=0.00..179.00 rows=1 width=0)
                                 Rows out:  (No row requested) 0 rows (seg0) with 0 ms to end.
                     ->  Result  (cost=0.00..179.00 rows=1 width=0)
                           One-Time Filter: false
                           Rows out:  0 rows (seg0) with 0.005 ms to end, start offset by 210 ms.
                           ->  Seq Scan on mi_asset_position_1_prt_73_2_prt_7 mi_asset_position  (cost=0.00..179.00 rows=1 width=0)
                                 Rows out:  (No row requested) 0 rows (seg0) with 0 ms to end.
                     ->  Result  (cost=0.00..179.00 rows=1 width=0)
                           One-Time Filter: false
                           Rows out:  0 rows (seg0) with 0.006 ms to end, start offset by 210 ms.
                           ->  Seq Scan on mi_asset_position_1_prt_73_2_prt_8 mi_asset_position  (cost=0.00..179.00 rows=1 width=0)
                                 Rows out:  (No row requested) 0 rows (seg0) with 0 ms to end.
                     ->  Result  (cost=0.00..179.00 rows=1 width=0)
                           One-Time Filter: false
                           Rows out:  0 rows (seg0) with 0.005 ms to end, start offset by 210 ms.
                           ->  Seq Scan on mi_asset_position_1_prt_73_2_prt_9 mi_asset_position  (cost=0.00..179.00 rows=1 width=0)
                                 Rows out:  (No row requested) 0 rows (seg0) with 0 ms to end.
                     ->  Result  (cost=0.00..179.00 rows=1 width=0)
                           One-Time Filter: false
                           Rows out:  0 rows (seg0) with 0.005 ms to end, start offset by 210 ms.
                           ->  Seq Scan on mi_asset_position_1_prt_73_2_prt_10 mi_asset_position  (cost=0.00..179.00 rows=1 width=0)
                                 Rows out:  (No row requested) 0 rows (seg0) with 0 ms to end.
                     ->  Result  (cost=0.00..179.00 rows=1 width=0)
                           One-Time Filter: false
                           Rows out:  0 rows (seg0) with 0.005 ms to end, start offset by 210 ms.
                           ->  Seq Scan on mi_asset_position_1_prt_73_2_prt_11 mi_asset_position  (cost=0.00..179.00 rows=1 width=0)
                                 Rows out:  (No row requested) 0 rows (seg0) with 0 ms to end.
                     ->  Result  (cost=0.00..179.00 rows=1 width=0)
                           One-Time Filter: false
                           Rows out:  0 rows (seg0) with 0.005 ms to end, start offset by 210 ms.
                           ->  Seq Scan on mi_asset_position_1_prt_73_2_prt_12 mi_asset_position  (cost=0.00..179.00 rows=1 width=0)
                                 Rows out:  (No row requested) 0 rows (seg0) with 0 ms to end.
                     ->  Result  (cost=0.00..179.00 rows=1 width=0)
                           One-Time Filter: false
                           Rows out:  0 rows (seg0) with 0.004 ms to end, start offset by 210 ms.
                           ->  Seq Scan on mi_asset_position_1_prt_73_2_prt_13 mi_asset_position  (cost=0.00..179.00 rows=1 width=0)
                                 Rows out:  (No row requested) 0 rows (seg0) with 0 ms to end.
                     ->  Result  (cost=0.00..179.00 rows=1 width=0)
                           One-Time Filter: false
                           Rows out:  0 rows (seg0) with 0.005 ms to end, start offset by 210 ms.
                           ->  Seq Scan on mi_asset_position_1_prt_74_2_prt_other_months mi_asset_position  (cost=0.00..179.00 rows=1 width=0)
                                 Rows out:  (No row requested) 0 rows (seg0) with 0 ms to end.
                     ->  Result  (cost=0.00..179.00 rows=1 width=0)
                           One-Time Filter: false
                           Rows out:  0 rows (seg0) with 0.005 ms to end, start offset by 210 ms.
                           ->  Seq Scan on mi_asset_position_1_prt_74_2_prt_2 mi_asset_position  (cost=0.00..179.00 rows=1 width=0)
                                 Rows out:  (No row requested) 0 rows (seg0) with 0 ms to end.
                     ->  Result  (cost=0.00..179.00 rows=1 width=0)
                           One-Time Filter: false
                           Rows out:  0 rows (seg0) with 0.004 ms to end, start offset by 210 ms.
                           ->  Seq Scan on mi_asset_position_1_prt_74_2_prt_3 mi_asset_position  (cost=0.00..179.00 rows=1 width=0)
                                 Rows out:  (No row requested) 0 rows (seg0) with 0 ms to end.
                     ->  Result  (cost=0.00..179.00 rows=1 width=0)
                           One-Time Filter: false
                           Rows out:  0 rows (seg0) with 0.005 ms to end, start offset by 210 ms.
                           ->  Seq Scan on mi_asset_position_1_prt_74_2_prt_4 mi_asset_position  (cost=0.00..179.00 rows=1 width=0)
                                 Rows out:  (No row requested) 0 rows (seg0) with 0 ms to end.
                     ->  Result  (cost=0.00..179.00 rows=1 width=0)
                           One-Time Filter: false
                           Rows out:  0 rows (seg0) with 0.004 ms to end, start offset by 210 ms.
                           ->  Seq Scan on mi_asset_position_1_prt_74_2_prt_5 mi_asset_position  (cost=0.00..179.00 rows=1 width=0)
                                 Rows out:  (No row requested) 0 rows (seg0) with 0 ms to end.
                     ->  Result  (cost=0.00..179.00 rows=1 width=0)
                           One-Time Filter: false
                           Rows out:  0 rows (seg0) with 0.005 ms to end, start offset by 210 ms.
                           ->  Seq Scan on mi_asset_position_1_prt_74_2_prt_6 mi_asset_position  (cost=0.00..179.00 rows=1 width=0)
                                 Rows out:  (No row requested) 0 rows (seg0) with 0 ms to end.
                     ->  Result  (cost=0.00..179.00 rows=1 width=0)
                           One-Time Filter: false
                           Rows out:  0 rows (seg0) with 0.004 ms to end, start offset by 210 ms.
                           ->  Seq Scan on mi_asset_position_1_prt_74_2_prt_7 mi_asset_position  (cost=0.00..179.00 rows=1 width=0)
                                 Rows out:  (No row requested) 0 rows (seg0) with 0 ms to end.
                     ->  Result  (cost=0.00..179.00 rows=1 width=0)
                           One-Time Filter: false
                           Rows out:  0 rows (seg0) with 0.005 ms to end, start offset by 210 ms.
                           ->  Seq Scan on mi_asset_position_1_prt_74_2_prt_8 mi_asset_position  (cost=0.00..179.00 rows=1 width=0)
                                 Rows out:  (No row requested) 0 rows (seg0) with 0 ms to end.
                     ->  Result  (cost=0.00..179.00 rows=1 width=0)
                           One-Time Filter: false
                           Rows out:  0 rows (seg0) with 0.005 ms to end, start offset by 210 ms.
                           ->  Seq Scan on mi_asset_position_1_prt_74_2_prt_9 mi_asset_position  (cost=0.00..179.00 rows=1 width=0)
                                 Rows out:  (No row requested) 0 rows (seg0) with 0 ms to end.
                     ->  Result  (cost=0.00..179.00 rows=1 width=0)
                           One-Time Filter: false
                           Rows out:  0 rows (seg0) with 0.004 ms to end, start offset by 210 ms.
                           ->  Seq Scan on mi_asset_position_1_prt_74_2_prt_10 mi_asset_position  (cost=0.00..179.00 rows=1 width=0)
                                 Rows out:  (No row requested) 0 rows (seg0) with 0 ms to end.
                     ->  Result  (cost=0.00..179.00 rows=1 width=0)
                           One-Time Filter: false
                           Rows out:  0 rows (seg0) with 0.005 ms to end, start offset by 210 ms.
                           ->  Seq Scan on mi_asset_position_1_prt_74_2_prt_11 mi_asset_position  (cost=0.00..179.00 rows=1 width=0)
                                 Rows out:  (No row requested) 0 rows (seg0) with 0 ms to end.
                     ->  Result  (cost=0.00..179.00 rows=1 width=0)
                           One-Time Filter: false
                           Rows out:  0 rows (seg0) with 0.005 ms to end, start offset by 210 ms.
                           ->  Seq Scan on mi_asset_position_1_prt_74_2_prt_12 mi_asset_position  (cost=0.00..179.00 rows=1 width=0)
                                 Rows out:  (No row requested) 0 rows (seg0) with 0 ms to end.
                     ->  Result  (cost=0.00..179.00 rows=1 width=0)
                           One-Time Filter: false
                           Rows out:  0 rows (seg0) with 0.005 ms to end, start offset by 210 ms.
                           ->  Seq Scan on mi_asset_position_1_prt_74_2_prt_13 mi_asset_position  (cost=0.00..179.00 rows=1 width=0)
                                 Rows out:  (No row requested) 0 rows (seg0) with 0 ms to end.
                     ->  Result  (cost=0.00..179.00 rows=1 width=0)
                           One-Time Filter: false
                           Rows out:  0 rows (seg0) with 0.005 ms to end, start offset by 210 ms.
                           ->  Seq Scan on mi_asset_position_1_prt_75_2_prt_other_months mi_asset_position  (cost=0.00..179.00 rows=1 width=0)
                                 Rows out:  (No row requested) 0 rows (seg0) with 0 ms to end.
                     ->  Result  (cost=0.00..179.00 rows=1 width=0)
                           One-Time Filter: false
                           Rows out:  0 rows (seg0) with 0.005 ms to end, start offset by 210 ms.
                           ->  Seq Scan on mi_asset_position_1_prt_75_2_prt_2 mi_asset_position  (cost=0.00..179.00 rows=1 width=0)
                                 Rows out:  (No row requested) 0 rows (seg0) with 0 ms to end.
                     ->  Result  (cost=0.00..179.00 rows=1 width=0)
                           One-Time Filter: false
                           Rows out:  0 rows (seg0) with 0.005 ms to end, start offset by 210 ms.
                           ->  Seq Scan on mi_asset_position_1_prt_75_2_prt_3 mi_asset_position  (cost=0.00..179.00 rows=1 width=0)
                                 Rows out:  (No row requested) 0 rows (seg0) with 0 ms to end.
                     ->  Result  (cost=0.00..179.00 rows=1 width=0)
                           One-Time Filter: false
                           Rows out:  0 rows (seg0) with 0.005 ms to end, start offset by 210 ms.
                           ->  Seq Scan on mi_asset_position_1_prt_75_2_prt_4 mi_asset_position  (cost=0.00..179.00 rows=1 width=0)
                                 Rows out:  (No row requested) 0 rows (seg0) with 0 ms to end.
                     ->  Result  (cost=0.00..179.00 rows=1 width=0)
                           One-Time Filter: false
                           Rows out:  0 rows (seg0) with 0.004 ms to end, start offset by 210 ms.
                           ->  Seq Scan on mi_asset_position_1_prt_75_2_prt_5 mi_asset_position  (cost=0.00..179.00 rows=1 width=0)
                                 Rows out:  (No row requested) 0 rows (seg0) with 0 ms to end.
                     ->  Result  (cost=0.00..179.00 rows=1 width=0)
                           One-Time Filter: false
                           Rows out:  0 rows (seg0) with 0.005 ms to end, start offset by 210 ms.
                           ->  Seq Scan on mi_asset_position_1_prt_75_2_prt_6 mi_asset_position  (cost=0.00..179.00 rows=1 width=0)
                                 Rows out:  (No row requested) 0 rows (seg0) with 0 ms to end.
                     ->  Result  (cost=0.00..179.00 rows=1 width=0)
                           One-Time Filter: false
                           Rows out:  0 rows (seg0) with 0.005 ms to end, start offset by 210 ms.
                           ->  Seq Scan on mi_asset_position_1_prt_75_2_prt_7 mi_asset_position  (cost=0.00..179.00 rows=1 width=0)
                                 Rows out:  (No row requested) 0 rows (seg0) with 0 ms to end.
                     ->  Result  (cost=0.00..179.00 rows=1 width=0)
                           One-Time Filter: false
                           Rows out:  0 rows (seg0) with 0.005 ms to end, start offset by 210 ms.
                           ->  Seq Scan on mi_asset_position_1_prt_75_2_prt_8 mi_asset_position  (cost=0.00..179.00 rows=1 width=0)
                                 Rows out:  (No row requested) 0 rows (seg0) with 0 ms to end.
                     ->  Result  (cost=0.00..179.00 rows=1 width=0)
                           One-Time Filter: false
                           Rows out:  0 rows (seg0) with 0.005 ms to end, start offset by 210 ms.
                           ->  Seq Scan on mi_asset_position_1_prt_75_2_prt_9 mi_asset_position  (cost=0.00..179.00 rows=1 width=0)
                                 Rows out:  (No row requested) 0 rows (seg0) with 0 ms to end.
                     ->  Result  (cost=0.00..179.00 rows=1 width=0)
                           One-Time Filter: false
                           Rows out:  0 rows (seg0) with 0.004 ms to end, start offset by 210 ms.
                           ->  Seq Scan on mi_asset_position_1_prt_75_2_prt_10 mi_asset_position  (cost=0.00..179.00 rows=1 width=0)
                                 Rows out:  (No row requested) 0 rows (seg0) with 0 ms to end.
                     ->  Result  (cost=0.00..179.00 rows=1 width=0)
                           One-Time Filter: false
                           Rows out:  0 rows (seg0) with 0.005 ms to end, start offset by 210 ms.
                           ->  Seq Scan on mi_asset_position_1_prt_75_2_prt_11 mi_asset_position  (cost=0.00..179.00 rows=1 width=0)
                                 Rows out:  (No row requested) 0 rows (seg0) with 0 ms to end.
                     ->  Result  (cost=0.00..179.00 rows=1 width=0)
                           One-Time Filter: false
                           Rows out:  0 rows (seg0) with 0.005 ms to end, start offset by 210 ms.
                           ->  Seq Scan on mi_asset_position_1_prt_75_2_prt_12 mi_asset_position  (cost=0.00..179.00 rows=1 width=0)
                                 Rows out:  (No row requested) 0 rows (seg0) with 0 ms to end.
                     ->  Result  (cost=0.00..179.00 rows=1 width=0)
                           One-Time Filter: false
                           Rows out:  0 rows (seg0) with 0.005 ms to end, start offset by 210 ms.
                           ->  Seq Scan on mi_asset_position_1_prt_75_2_prt_13 mi_asset_position  (cost=0.00..179.00 rows=1 width=0)
                                 Rows out:  (No row requested) 0 rows (seg0) with 0 ms to end.
                     ->  Result  (cost=0.00..179.00 rows=1 width=0)
                           One-Time Filter: false
                           Rows out:  0 rows (seg0) with 0.004 ms to end, start offset by 210 ms.
                           ->  Seq Scan on mi_asset_position_1_prt_76_2_prt_other_months mi_asset_position  (cost=0.00..179.00 rows=1 width=0)
                                 Rows out:  (No row requested) 0 rows (seg0) with 0 ms to end.
                     ->  Result  (cost=0.00..179.00 rows=1 width=0)
                           One-Time Filter: false
                           Rows out:  0 rows (seg0) with 0.005 ms to end, start offset by 210 ms.
                           ->  Seq Scan on mi_asset_position_1_prt_76_2_prt_2 mi_asset_position  (cost=0.00..179.00 rows=1 width=0)
                                 Rows out:  (No row requested) 0 rows (seg0) with 0 ms to end.
                     ->  Result  (cost=0.00..179.00 rows=1 width=0)
                           One-Time Filter: false
                           Rows out:  0 rows (seg0) with 0.005 ms to end, start offset by 210 ms.
                           ->  Seq Scan on mi_asset_position_1_prt_76_2_prt_3 mi_asset_position  (cost=0.00..179.00 rows=1 width=0)
                                 Rows out:  (No row requested) 0 rows (seg0) with 0 ms to end.
                     ->  Result  (cost=0.00..179.00 rows=1 width=0)
                           One-Time Filter: false
                           Rows out:  0 rows (seg0) with 0.005 ms to end, start offset by 210 ms.
                           ->  Seq Scan on mi_asset_position_1_prt_76_2_prt_4 mi_asset_position  (cost=0.00..179.00 rows=1 width=0)
                                 Rows out:  (No row requested) 0 rows (seg0) with 0 ms to end.
                     ->  Result  (cost=0.00..179.00 rows=1 width=0)
                           One-Time Filter: false
                           Rows out:  0 rows (seg0) with 0.005 ms to end, start offset by 210 ms.
                           ->  Seq Scan on mi_asset_position_1_prt_76_2_prt_5 mi_asset_position  (cost=0.00..179.00 rows=1 width=0)
                                 Rows out:  (No row requested) 0 rows (seg0) with 0 ms to end.
                     ->  Result  (cost=0.00..179.00 rows=1 width=0)
                           One-Time Filter: false
                           Rows out:  0 rows (seg0) with 0.005 ms to end, start offset by 210 ms.
                           ->  Seq Scan on mi_asset_position_1_prt_76_2_prt_6 mi_asset_position  (cost=0.00..179.00 rows=1 width=0)
                                 Rows out:  (No row requested) 0 rows (seg0) with 0 ms to end.
                     ->  Result  (cost=0.00..179.00 rows=1 width=0)
                           One-Time Filter: false
                           Rows out:  0 rows (seg0) with 0.005 ms to end, start offset by 210 ms.
                           ->  Seq Scan on mi_asset_position_1_prt_76_2_prt_7 mi_asset_position  (cost=0.00..179.00 rows=1 width=0)
                                 Rows out:  (No row requested) 0 rows (seg0) with 0 ms to end.
                     ->  Result  (cost=0.00..179.00 rows=1 width=0)
                           One-Time Filter: false
                           Rows out:  0 rows (seg0) with 0.004 ms to end, start offset by 210 ms.
                           ->  Seq Scan on mi_asset_position_1_prt_76_2_prt_8 mi_asset_position  (cost=0.00..179.00 rows=1 width=0)
                                 Rows out:  (No row requested) 0 rows (seg0) with 0 ms to end.
                     ->  Result  (cost=0.00..179.00 rows=1 width=0)
                           One-Time Filter: false
                           Rows out:  0 rows (seg0) with 0.004 ms to end, start offset by 210 ms.
                           ->  Seq Scan on mi_asset_position_1_prt_76_2_prt_9 mi_asset_position  (cost=0.00..179.00 rows=1 width=0)
                                 Rows out:  (No row requested) 0 rows (seg0) with 0 ms to end.
                     ->  Result  (cost=0.00..179.00 rows=1 width=0)
                           One-Time Filter: false
                           Rows out:  0 rows (seg0) with 0.005 ms to end, start offset by 210 ms.
                           ->  Seq Scan on mi_asset_position_1_prt_76_2_prt_10 mi_asset_position  (cost=0.00..179.00 rows=1 width=0)
                                 Rows out:  (No row requested) 0 rows (seg0) with 0 ms to end.
                     ->  Result  (cost=0.00..179.00 rows=1 width=0)
                           One-Time Filter: false
                           Rows out:  0 rows (seg0) with 0.005 ms to end, start offset by 210 ms.
                           ->  Seq Scan on mi_asset_position_1_prt_76_2_prt_11 mi_asset_position  (cost=0.00..179.00 rows=1 width=0)
                                 Rows out:  (No row requested) 0 rows (seg0) with 0 ms to end.
                     ->  Result  (cost=0.00..179.00 rows=1 width=0)
                           One-Time Filter: false
                           Rows out:  0 rows (seg0) with 0.004 ms to end, start offset by 210 ms.
                           ->  Seq Scan on mi_asset_position_1_prt_76_2_prt_12 mi_asset_position  (cost=0.00..179.00 rows=1 width=0)
                                 Rows out:  (No row requested) 0 rows (seg0) with 0 ms to end.
                     ->  Result  (cost=0.00..179.00 rows=1 width=0)
                           One-Time Filter: false
                           Rows out:  0 rows (seg0) with 0.005 ms to end, start offset by 210 ms.
                           ->  Seq Scan on mi_asset_position_1_prt_76_2_prt_13 mi_asset_position  (cost=0.00..179.00 rows=1 width=0)
                                 Rows out:  (No row requested) 0 rows (seg0) with 0 ms to end.
                     ->  Result  (cost=0.00..179.00 rows=1 width=0)
                           One-Time Filter: false
                           Rows out:  0 rows (seg0) with 0.005 ms to end, start offset by 210 ms.
                           ->  Seq Scan on mi_asset_position_1_prt_77_2_prt_other_months mi_asset_position  (cost=0.00..179.00 rows=1 width=0)
                                 Rows out:  (No row requested) 0 rows (seg0) with 0 ms to end.
                     ->  Result  (cost=0.00..179.00 rows=1 width=0)
                           One-Time Filter: false
                           Rows out:  0 rows (seg0) with 0.005 ms to end, start offset by 210 ms.
                           ->  Seq Scan on mi_asset_position_1_prt_77_2_prt_2 mi_asset_position  (cost=0.00..179.00 rows=1 width=0)
                                 Rows out:  (No row requested) 0 rows (seg0) with 0 ms to end.
                     ->  Result  (cost=0.00..179.00 rows=1 width=0)
                           One-Time Filter: false
                           Rows out:  0 rows (seg0) with 0.005 ms to end, start offset by 210 ms.
                           ->  Seq Scan on mi_asset_position_1_prt_77_2_prt_3 mi_asset_position  (cost=0.00..179.00 rows=1 width=0)
                                 Rows out:  (No row requested) 0 rows (seg0) with 0 ms to end.
                     ->  Result  (cost=0.00..179.00 rows=1 width=0)
                           One-Time Filter: false
                           Rows out:  0 rows (seg0) with 0.004 ms to end, start offset by 210 ms.
                           ->  Seq Scan on mi_asset_position_1_prt_77_2_prt_4 mi_asset_position  (cost=0.00..179.00 rows=1 width=0)
                                 Rows out:  (No row requested) 0 rows (seg0) with 0 ms to end.
                     ->  Result  (cost=0.00..179.00 rows=1 width=0)
                           One-Time Filter: false
                           Rows out:  0 rows (seg0) with 0.005 ms to end, start offset by 210 ms.
                           ->  Seq Scan on mi_asset_position_1_prt_77_2_prt_5 mi_asset_position  (cost=0.00..179.00 rows=1 width=0)
                                 Rows out:  (No row requested) 0 rows (seg0) with 0 ms to end.
                     ->  Result  (cost=0.00..179.00 rows=1 width=0)
                           One-Time Filter: false
                           Rows out:  0 rows (seg0) with 0.005 ms to end, start offset by 210 ms.
                           ->  Seq Scan on mi_asset_position_1_prt_77_2_prt_6 mi_asset_position  (cost=0.00..179.00 rows=1 width=0)
                                 Rows out:  (No row requested) 0 rows (seg0) with 0 ms to end.
                     ->  Result  (cost=0.00..179.00 rows=1 width=0)
                           One-Time Filter: false
                           Rows out:  0 rows (seg0) with 0.005 ms to end, start offset by 210 ms.
                           ->  Seq Scan on mi_asset_position_1_prt_77_2_prt_7 mi_asset_position  (cost=0.00..179.00 rows=1 width=0)
                                 Rows out:  (No row requested) 0 rows (seg0) with 0 ms to end.
                     ->  Result  (cost=0.00..179.00 rows=1 width=0)
                           One-Time Filter: false
                           Rows out:  0 rows (seg0) with 0.005 ms to end, start offset by 210 ms.
                           ->  Seq Scan on mi_asset_position_1_prt_77_2_prt_8 mi_asset_position  (cost=0.00..179.00 rows=1 width=0)
                                 Rows out:  (No row requested) 0 rows (seg0) with 0 ms to end.
                     ->  Result  (cost=0.00..179.00 rows=1 width=0)
                           One-Time Filter: false
                           Rows out:  0 rows (seg0) with 0.005 ms to end, start offset by 210 ms.
                           ->  Seq Scan on mi_asset_position_1_prt_77_2_prt_9 mi_asset_position  (cost=0.00..179.00 rows=1 width=0)
                                 Rows out:  (No row requested) 0 rows (seg0) with 0 ms to end.
                     ->  Result  (cost=0.00..179.00 rows=1 width=0)
                           One-Time Filter: false
                           Rows out:  0 rows (seg0) with 0.004 ms to end, start offset by 210 ms.
                           ->  Seq Scan on mi_asset_position_1_prt_77_2_prt_10 mi_asset_position  (cost=0.00..179.00 rows=1 width=0)
                                 Rows out:  (No row requested) 0 rows (seg0) with 0 ms to end.
                     ->  Result  (cost=0.00..179.00 rows=1 width=0)
                           One-Time Filter: false
                           Rows out:  0 rows (seg0) with 0.005 ms to end, start offset by 210 ms.
                           ->  Seq Scan on mi_asset_position_1_prt_77_2_prt_11 mi_asset_position  (cost=0.00..179.00 rows=1 width=0)
                                 Rows out:  (No row requested) 0 rows (seg0) with 0 ms to end.
                     ->  Result  (cost=0.00..179.00 rows=1 width=0)
                           One-Time Filter: false
                           Rows out:  0 rows (seg0) with 0.005 ms to end, start offset by 210 ms.
                           ->  Seq Scan on mi_asset_position_1_prt_77_2_prt_12 mi_asset_position  (cost=0.00..179.00 rows=1 width=0)
                                 Rows out:  (No row requested) 0 rows (seg0) with 0 ms to end.
                     ->  Result  (cost=0.00..179.00 rows=1 width=0)
                           One-Time Filter: false
                           Rows out:  0 rows (seg0) with 0.004 ms to end, start offset by 210 ms.
                           ->  Seq Scan on mi_asset_position_1_prt_77_2_prt_13 mi_asset_position  (cost=0.00..179.00 rows=1 width=0)
                                 Rows out:  (No row requested) 0 rows (seg0) with 0 ms to end.
                     ->  Result  (cost=0.00..179.00 rows=1 width=0)
                           One-Time Filter: false
                           Rows out:  0 rows (seg0) with 0.005 ms to end, start offset by 210 ms.
                           ->  Seq Scan on mi_asset_position_1_prt_78_2_prt_other_months mi_asset_position  (cost=0.00..179.00 rows=1 width=0)
                                 Rows out:  (No row requested) 0 rows (seg0) with 0 ms to end.
                     ->  Result  (cost=0.00..179.00 rows=1 width=0)
                           One-Time Filter: false
                           Rows out:  0 rows (seg0) with 0.005 ms to end, start offset by 210 ms.
                           ->  Seq Scan on mi_asset_position_1_prt_78_2_prt_2 mi_asset_position  (cost=0.00..179.00 rows=1 width=0)
                                 Rows out:  (No row requested) 0 rows (seg0) with 0 ms to end.
                     ->  Result  (cost=0.00..179.00 rows=1 width=0)
                           One-Time Filter: false
                           Rows out:  0 rows (seg0) with 0.005 ms to end, start offset by 210 ms.
                           ->  Seq Scan on mi_asset_position_1_prt_78_2_prt_3 mi_asset_position  (cost=0.00..179.00 rows=1 width=0)
                                 Rows out:  (No row requested) 0 rows (seg0) with 0 ms to end.
                     ->  Result  (cost=0.00..179.00 rows=1 width=0)
                           One-Time Filter: false
                           Rows out:  0 rows (seg0) with 0.005 ms to end, start offset by 210 ms.
                           ->  Seq Scan on mi_asset_position_1_prt_78_2_prt_4 mi_asset_position  (cost=0.00..179.00 rows=1 width=0)
                                 Rows out:  (No row requested) 0 rows (seg0) with 0 ms to end.
                     ->  Result  (cost=0.00..179.00 rows=1 width=0)
                           One-Time Filter: false
                           Rows out:  0 rows (seg0) with 0.005 ms to end, start offset by 210 ms.
                           ->  Seq Scan on mi_asset_position_1_prt_78_2_prt_5 mi_asset_position  (cost=0.00..179.00 rows=1 width=0)
                                 Rows out:  (No row requested) 0 rows (seg0) with 0 ms to end.
                     ->  Result  (cost=0.00..179.00 rows=1 width=0)
                           One-Time Filter: false
                           Rows out:  0 rows (seg0) with 0.005 ms to end, start offset by 210 ms.
                           ->  Seq Scan on mi_asset_position_1_prt_78_2_prt_6 mi_asset_position  (cost=0.00..179.00 rows=1 width=0)
                                 Rows out:  (No row requested) 0 rows (seg0) with 0 ms to end.
                     ->  Result  (cost=0.00..179.00 rows=1 width=0)
                           One-Time Filter: false
                           Rows out:  0 rows (seg0) with 0.005 ms to end, start offset by 210 ms.
                           ->  Seq Scan on mi_asset_position_1_prt_78_2_prt_7 mi_asset_position  (cost=0.00..179.00 rows=1 width=0)
                                 Rows out:  (No row requested) 0 rows (seg0) with 0 ms to end.
                     ->  Result  (cost=0.00..179.00 rows=1 width=0)
                           One-Time Filter: false
                           Rows out:  0 rows (seg0) with 0.005 ms to end, start offset by 210 ms.
                           ->  Seq Scan on mi_asset_position_1_prt_78_2_prt_8 mi_asset_position  (cost=0.00..179.00 rows=1 width=0)
                                 Rows out:  (No row requested) 0 rows (seg0) with 0 ms to end.
                     ->  Result  (cost=0.00..179.00 rows=1 width=0)
                           One-Time Filter: false
                           Rows out:  0 rows (seg0) with 0.005 ms to end, start offset by 210 ms.
                           ->  Seq Scan on mi_asset_position_1_prt_78_2_prt_9 mi_asset_position  (cost=0.00..179.00 rows=1 width=0)
                                 Rows out:  (No row requested) 0 rows (seg0) with 0 ms to end.
                     ->  Result  (cost=0.00..179.00 rows=1 width=0)
                           One-Time Filter: false
                           Rows out:  0 rows (seg0) with 0.005 ms to end, start offset by 210 ms.
                           ->  Seq Scan on mi_asset_position_1_prt_78_2_prt_10 mi_asset_position  (cost=0.00..179.00 rows=1 width=0)
                                 Rows out:  (No row requested) 0 rows (seg0) with 0 ms to end.
                     ->  Result  (cost=0.00..179.00 rows=1 width=0)
                           One-Time Filter: false
                           Rows out:  0 rows (seg0) with 0.005 ms to end, start offset by 210 ms.
                           ->  Seq Scan on mi_asset_position_1_prt_78_2_prt_11 mi_asset_position  (cost=0.00..179.00 rows=1 width=0)
                                 Rows out:  (No row requested) 0 rows (seg0) with 0 ms to end.
                     ->  Result  (cost=0.00..179.00 rows=1 width=0)
                           One-Time Filter: false
                           Rows out:  0 rows (seg0) with 0.005 ms to end, start offset by 210 ms.
                           ->  Seq Scan on mi_asset_position_1_prt_78_2_prt_12 mi_asset_position  (cost=0.00..179.00 rows=1 width=0)
                                 Rows out:  (No row requested) 0 rows (seg0) with 0 ms to end.
                     ->  Result  (cost=0.00..179.00 rows=1 width=0)
                           One-Time Filter: false
                           Rows out:  0 rows (seg0) with 0.005 ms to end, start offset by 210 ms.
                           ->  Seq Scan on mi_asset_position_1_prt_78_2_prt_13 mi_asset_position  (cost=0.00..179.00 rows=1 width=0)
                                 Rows out:  (No row requested) 0 rows (seg0) with 0 ms to end.
                     ->  Result  (cost=0.00..179.00 rows=1 width=0)
                           One-Time Filter: false
                           Rows out:  0 rows (seg0) with 0.005 ms to end, start offset by 210 ms.
                           ->  Seq Scan on mi_asset_position_1_prt_79_2_prt_other_months mi_asset_position  (cost=0.00..179.00 rows=1 width=0)
                                 Rows out:  (No row requested) 0 rows (seg0) with 0 ms to end.
                     ->  Result  (cost=0.00..179.00 rows=1 width=0)
                           One-Time Filter: false
                           Rows out:  0 rows (seg0) with 0.005 ms to end, start offset by 210 ms.
                           ->  Seq Scan on mi_asset_position_1_prt_79_2_prt_2 mi_asset_position  (cost=0.00..179.00 rows=1 width=0)
                                 Rows out:  (No row requested) 0 rows (seg0) with 0 ms to end.
                     ->  Result  (cost=0.00..179.00 rows=1 width=0)
                           One-Time Filter: false
                           Rows out:  0 rows (seg0) with 0.005 ms to end, start offset by 210 ms.
                           ->  Seq Scan on mi_asset_position_1_prt_79_2_prt_3 mi_asset_position  (cost=0.00..179.00 rows=1 width=0)
                                 Rows out:  (No row requested) 0 rows (seg0) with 0 ms to end.
                     ->  Result  (cost=0.00..179.00 rows=1 width=0)
                           One-Time Filter: false
                           Rows out:  0 rows (seg0) with 0.005 ms to end, start offset by 210 ms.
                           ->  Seq Scan on mi_asset_position_1_prt_79_2_prt_4 mi_asset_position  (cost=0.00..179.00 rows=1 width=0)
                                 Rows out:  (No row requested) 0 rows (seg0) with 0 ms to end.
                     ->  Result  (cost=0.00..179.00 rows=1 width=0)
                           One-Time Filter: false
                           Rows out:  0 rows (seg0) with 0.005 ms to end, start offset by 210 ms.
                           ->  Seq Scan on mi_asset_position_1_prt_79_2_prt_5 mi_asset_position  (cost=0.00..179.00 rows=1 width=0)
                                 Rows out:  (No row requested) 0 rows (seg0) with 0 ms to end.
                     ->  Result  (cost=0.00..179.00 rows=1 width=0)
                           One-Time Filter: false
                           Rows out:  0 rows (seg0) with 0.005 ms to end, start offset by 210 ms.
                           ->  Seq Scan on mi_asset_position_1_prt_79_2_prt_6 mi_asset_position  (cost=0.00..179.00 rows=1 width=0)
                                 Rows out:  (No row requested) 0 rows (seg0) with 0 ms to end.
                     ->  Result  (cost=0.00..179.00 rows=1 width=0)
                           One-Time Filter: false
                           Rows out:  0 rows (seg0) with 0.005 ms to end, start offset by 210 ms.
                           ->  Seq Scan on mi_asset_position_1_prt_79_2_prt_7 mi_asset_position  (cost=0.00..179.00 rows=1 width=0)
                                 Rows out:  (No row requested) 0 rows (seg0) with 0 ms to end.
                     ->  Result  (cost=0.00..179.00 rows=1 width=0)
                           One-Time Filter: false
                           Rows out:  0 rows (seg0) with 0.005 ms to end, start offset by 210 ms.
                           ->  Seq Scan on mi_asset_position_1_prt_79_2_prt_8 mi_asset_position  (cost=0.00..179.00 rows=1 width=0)
                                 Rows out:  (No row requested) 0 rows (seg0) with 0 ms to end.
                     ->  Result  (cost=0.00..179.00 rows=1 width=0)
                           One-Time Filter: false
                           Rows out:  0 rows (seg0) with 0.006 ms to end, start offset by 210 ms.
                           ->  Seq Scan on mi_asset_position_1_prt_79_2_prt_9 mi_asset_position  (cost=0.00..179.00 rows=1 width=0)
                                 Rows out:  (No row requested) 0 rows (seg0) with 0 ms to end.
                     ->  Result  (cost=0.00..179.00 rows=1 width=0)
                           One-Time Filter: false
                           Rows out:  0 rows (seg0) with 0.005 ms to end, start offset by 210 ms.
                           ->  Seq Scan on mi_asset_position_1_prt_79_2_prt_10 mi_asset_position  (cost=0.00..179.00 rows=1 width=0)
                                 Rows out:  (No row requested) 0 rows (seg0) with 0 ms to end.
                     ->  Result  (cost=0.00..179.00 rows=1 width=0)
                           One-Time Filter: false
                           Rows out:  0 rows (seg0) with 0.005 ms to end, start offset by 210 ms.
                           ->  Seq Scan on mi_asset_position_1_prt_79_2_prt_11 mi_asset_position  (cost=0.00..179.00 rows=1 width=0)
                                 Rows out:  (No row requested) 0 rows (seg0) with 0 ms to end.
                     ->  Result  (cost=0.00..179.00 rows=1 width=0)
                           One-Time Filter: false
                           Rows out:  0 rows (seg0) with 0.005 ms to end, start offset by 210 ms.
                           ->  Seq Scan on mi_asset_position_1_prt_79_2_prt_12 mi_asset_position  (cost=0.00..179.00 rows=1 width=0)
                                 Rows out:  (No row requested) 0 rows (seg0) with 0 ms to end.
                     ->  Result  (cost=0.00..179.00 rows=1 width=0)
                           One-Time Filter: false
                           Rows out:  0 rows (seg0) with 0.004 ms to end, start offset by 210 ms.
                           ->  Seq Scan on mi_asset_position_1_prt_79_2_prt_13 mi_asset_position  (cost=0.00..179.00 rows=1 width=0)
                                 Rows out:  (No row requested) 0 rows (seg0) with 0 ms to end.
                     ->  Result  (cost=0.00..179.00 rows=1 width=0)
                           One-Time Filter: false
                           Rows out:  0 rows (seg0) with 0.005 ms to end, start offset by 210 ms.
                           ->  Seq Scan on mi_asset_position_1_prt_80_2_prt_other_months mi_asset_position  (cost=0.00..179.00 rows=1 width=0)
                                 Rows out:  (No row requested) 0 rows (seg0) with 0 ms to end.
                     ->  Result  (cost=0.00..179.00 rows=1 width=0)
                           One-Time Filter: false
                           Rows out:  0 rows (seg0) with 0.005 ms to end, start offset by 210 ms.
                           ->  Seq Scan on mi_asset_position_1_prt_80_2_prt_2 mi_asset_position  (cost=0.00..179.00 rows=1 width=0)
                                 Rows out:  (No row requested) 0 rows (seg0) with 0 ms to end.
                     ->  Result  (cost=0.00..179.00 rows=1 width=0)
                           One-Time Filter: false
                           Rows out:  0 rows (seg0) with 0.005 ms to end, start offset by 210 ms.
                           ->  Seq Scan on mi_asset_position_1_prt_80_2_prt_3 mi_asset_position  (cost=0.00..179.00 rows=1 width=0)
                                 Rows out:  (No row requested) 0 rows (seg0) with 0 ms to end.
                     ->  Result  (cost=0.00..179.00 rows=1 width=0)
                           One-Time Filter: false
                           Rows out:  0 rows (seg0) with 0.005 ms to end, start offset by 210 ms.
                           ->  Seq Scan on mi_asset_position_1_prt_80_2_prt_4 mi_asset_position  (cost=0.00..179.00 rows=1 width=0)
                                 Rows out:  (No row requested) 0 rows (seg0) with 0 ms to end.
                     ->  Result  (cost=0.00..179.00 rows=1 width=0)
                           One-Time Filter: false
                           Rows out:  0 rows (seg0) with 0.005 ms to end, start offset by 210 ms.
                           ->  Seq Scan on mi_asset_position_1_prt_80_2_prt_5 mi_asset_position  (cost=0.00..179.00 rows=1 width=0)
                                 Rows out:  (No row requested) 0 rows (seg0) with 0 ms to end.
                     ->  Result  (cost=0.00..179.00 rows=1 width=0)
                           One-Time Filter: false
                           Rows out:  0 rows (seg0) with 0.005 ms to end, start offset by 210 ms.
                           ->  Seq Scan on mi_asset_position_1_prt_80_2_prt_6 mi_asset_position  (cost=0.00..179.00 rows=1 width=0)
                                 Rows out:  (No row requested) 0 rows (seg0) with 0 ms to end.
                     ->  Result  (cost=0.00..179.00 rows=1 width=0)
                           One-Time Filter: false
                           Rows out:  0 rows (seg0) with 0.004 ms to end, start offset by 210 ms.
                           ->  Seq Scan on mi_asset_position_1_prt_80_2_prt_7 mi_asset_position  (cost=0.00..179.00 rows=1 width=0)
                                 Rows out:  (No row requested) 0 rows (seg0) with 0 ms to end.
                     ->  Result  (cost=0.00..179.00 rows=1 width=0)
                           One-Time Filter: false
                           Rows out:  0 rows (seg0) with 0.005 ms to end, start offset by 210 ms.
                           ->  Seq Scan on mi_asset_position_1_prt_80_2_prt_8 mi_asset_position  (cost=0.00..179.00 rows=1 width=0)
                                 Rows out:  (No row requested) 0 rows (seg0) with 0 ms to end.
                     ->  Result  (cost=0.00..179.00 rows=1 width=0)
                           One-Time Filter: false
                           Rows out:  0 rows (seg0) with 0.005 ms to end, start offset by 210 ms.
                           ->  Seq Scan on mi_asset_position_1_prt_80_2_prt_9 mi_asset_position  (cost=0.00..179.00 rows=1 width=0)
                                 Rows out:  (No row requested) 0 rows (seg0) with 0 ms to end.
                     ->  Result  (cost=0.00..179.00 rows=1 width=0)
                           One-Time Filter: false
                           Rows out:  0 rows (seg0) with 0.005 ms to end, start offset by 210 ms.
                           ->  Seq Scan on mi_asset_position_1_prt_80_2_prt_10 mi_asset_position  (cost=0.00..179.00 rows=1 width=0)
                                 Rows out:  (No row requested) 0 rows (seg0) with 0 ms to end.
                     ->  Result  (cost=0.00..179.00 rows=1 width=0)
                           One-Time Filter: false
                           Rows out:  0 rows (seg0) with 0.004 ms to end, start offset by 210 ms.
                           ->  Seq Scan on mi_asset_position_1_prt_80_2_prt_11 mi_asset_position  (cost=0.00..179.00 rows=1 width=0)
                                 Rows out:  (No row requested) 0 rows (seg0) with 0 ms to end.
                     ->  Result  (cost=0.00..179.00 rows=1 width=0)
                           One-Time Filter: false
                           Rows out:  0 rows (seg0) with 0.005 ms to end, start offset by 210 ms.
                           ->  Seq Scan on mi_asset_position_1_prt_80_2_prt_12 mi_asset_position  (cost=0.00..179.00 rows=1 width=0)
                                 Rows out:  (No row requested) 0 rows (seg0) with 0 ms to end.
                     ->  Result  (cost=0.00..179.00 rows=1 width=0)
                           One-Time Filter: false
                           Rows out:  0 rows (seg0) with 0.005 ms to end, start offset by 210 ms.
                           ->  Seq Scan on mi_asset_position_1_prt_80_2_prt_13 mi_asset_position  (cost=0.00..179.00 rows=1 width=0)
                                 Rows out:  (No row requested) 0 rows (seg0) with 0 ms to end.
                     ->  Result  (cost=0.00..179.00 rows=1 width=0)
                           One-Time Filter: false
                           Rows out:  0 rows (seg0) with 0.004 ms to end, start offset by 210 ms.
                           ->  Seq Scan on mi_asset_position_1_prt_81_2_prt_other_months mi_asset_position  (cost=0.00..179.00 rows=1 width=0)
                                 Rows out:  (No row requested) 0 rows (seg0) with 0 ms to end.
                     ->  Result  (cost=0.00..179.00 rows=1 width=0)
                           One-Time Filter: false
                           Rows out:  0 rows (seg0) with 0.005 ms to end, start offset by 210 ms.
                           ->  Seq Scan on mi_asset_position_1_prt_81_2_prt_2 mi_asset_position  (cost=0.00..179.00 rows=1 width=0)
                                 Rows out:  (No row requested) 0 rows (seg0) with 0 ms to end.
                     ->  Result  (cost=0.00..179.00 rows=1 width=0)
                           One-Time Filter: false
                           Rows out:  0 rows (seg0) with 0.005 ms to end, start offset by 210 ms.
                           ->  Seq Scan on mi_asset_position_1_prt_81_2_prt_3 mi_asset_position  (cost=0.00..179.00 rows=1 width=0)
                                 Rows out:  (No row requested) 0 rows (seg0) with 0 ms to end.
                     ->  Result  (cost=0.00..179.00 rows=1 width=0)
                           One-Time Filter: false
                           Rows out:  0 rows (seg0) with 0.005 ms to end, start offset by 210 ms.
                           ->  Seq Scan on mi_asset_position_1_prt_81_2_prt_4 mi_asset_position  (cost=0.00..179.00 rows=1 width=0)
                                 Rows out:  (No row requested) 0 rows (seg0) with 0 ms to end.
                     ->  Result  (cost=0.00..179.00 rows=1 width=0)
                           One-Time Filter: false
                           Rows out:  0 rows (seg0) with 0.005 ms to end, start offset by 210 ms.
                           ->  Seq Scan on mi_asset_position_1_prt_81_2_prt_5 mi_asset_position  (cost=0.00..179.00 rows=1 width=0)
                                 Rows out:  (No row requested) 0 rows (seg0) with 0 ms to end.
                     ->  Result  (cost=0.00..179.00 rows=1 width=0)
                           One-Time Filter: false
                           Rows out:  0 rows (seg0) with 0.005 ms to end, start offset by 210 ms.
                           ->  Seq Scan on mi_asset_position_1_prt_81_2_prt_6 mi_asset_position  (cost=0.00..179.00 rows=1 width=0)
                                 Rows out:  (No row requested) 0 rows (seg0) with 0 ms to end.
                     ->  Result  (cost=0.00..179.00 rows=1 width=0)
                           One-Time Filter: false
                           Rows out:  0 rows (seg0) with 0.005 ms to end, start offset by 210 ms.
                           ->  Seq Scan on mi_asset_position_1_prt_81_2_prt_7 mi_asset_position  (cost=0.00..179.00 rows=1 width=0)
                                 Rows out:  (No row requested) 0 rows (seg0) with 0 ms to end.
                     ->  Result  (cost=0.00..179.00 rows=1 width=0)
                           One-Time Filter: false
                           Rows out:  0 rows (seg0) with 0.005 ms to end, start offset by 210 ms.
                           ->  Seq Scan on mi_asset_position_1_prt_81_2_prt_8 mi_asset_position  (cost=0.00..179.00 rows=1 width=0)
                                 Rows out:  (No row requested) 0 rows (seg0) with 0 ms to end.
                     ->  Result  (cost=0.00..179.00 rows=1 width=0)
                           One-Time Filter: false
                           Rows out:  0 rows (seg0) with 0.005 ms to end, start offset by 210 ms.
                           ->  Seq Scan on mi_asset_position_1_prt_81_2_prt_9 mi_asset_position  (cost=0.00..179.00 rows=1 width=0)
                                 Rows out:  (No row requested) 0 rows (seg0) with 0 ms to end.
                     ->  Result  (cost=0.00..179.00 rows=1 width=0)
                           One-Time Filter: false
                           Rows out:  0 rows (seg0) with 0.059 ms to end, start offset by 210 ms.
                           ->  Seq Scan on mi_asset_position_1_prt_81_2_prt_10 mi_asset_position  (cost=0.00..179.00 rows=1 width=0)
                                 Rows out:  (No row requested) 0 rows (seg0) with 0 ms to end.
                     ->  Result  (cost=0.00..179.00 rows=1 width=0)
                           One-Time Filter: false
                           Rows out:  0 rows (seg0) with 0.005 ms to end, start offset by 210 ms.
                           ->  Seq Scan on mi_asset_position_1_prt_81_2_prt_11 mi_asset_position  (cost=0.00..179.00 rows=1 width=0)
                                 Rows out:  (No row requested) 0 rows (seg0) with 0 ms to end.
                     ->  Result  (cost=0.00..179.00 rows=1 width=0)
                           One-Time Filter: false
                           Rows out:  0 rows (seg0) with 0.005 ms to end, start offset by 210 ms.
                           ->  Seq Scan on mi_asset_position_1_prt_81_2_prt_12 mi_asset_position  (cost=0.00..179.00 rows=1 width=0)
                                 Rows out:  (No row requested) 0 rows (seg0) with 0 ms to end.
                     ->  Result  (cost=0.00..179.00 rows=1 width=0)
                           One-Time Filter: false
                           Rows out:  0 rows (seg0) with 0.005 ms to end, start offset by 210 ms.
                           ->  Seq Scan on mi_asset_position_1_prt_81_2_prt_13 mi_asset_position  (cost=0.00..179.00 rows=1 width=0)
                                 Rows out:  (No row requested) 0 rows (seg0) with 0 ms to end.
                     ->  Result  (cost=0.00..179.00 rows=1 width=0)
                           One-Time Filter: false
                           Rows out:  0 rows (seg0) with 0.005 ms to end, start offset by 210 ms.
                           ->  Seq Scan on mi_asset_position_1_prt_82_2_prt_other_months mi_asset_position  (cost=0.00..179.00 rows=1 width=0)
                                 Rows out:  (No row requested) 0 rows (seg0) with 0 ms to end.
                     ->  Result  (cost=0.00..179.00 rows=1 width=0)
                           One-Time Filter: false
                           Rows out:  0 rows (seg0) with 0.004 ms to end, start offset by 210 ms.
                           ->  Seq Scan on mi_asset_position_1_prt_82_2_prt_2 mi_asset_position  (cost=0.00..179.00 rows=1 width=0)
                                 Rows out:  (No row requested) 0 rows (seg0) with 0 ms to end.
                     ->  Result  (cost=0.00..179.00 rows=1 width=0)
                           One-Time Filter: false
                           Rows out:  0 rows (seg0) with 0.005 ms to end, start offset by 210 ms.
                           ->  Seq Scan on mi_asset_position_1_prt_82_2_prt_3 mi_asset_position  (cost=0.00..179.00 rows=1 width=0)
                                 Rows out:  (No row requested) 0 rows (seg0) with 0 ms to end.
                     ->  Result  (cost=0.00..179.00 rows=1 width=0)
                           One-Time Filter: false
                           Rows out:  0 rows (seg0) with 0.005 ms to end, start offset by 210 ms.
                           ->  Seq Scan on mi_asset_position_1_prt_82_2_prt_4 mi_asset_position  (cost=0.00..179.00 rows=1 width=0)
                                 Rows out:  (No row requested) 0 rows (seg0) with 0 ms to end.
                     ->  Result  (cost=0.00..179.00 rows=1 width=0)
                           One-Time Filter: false
                           Rows out:  0 rows (seg0) with 0.004 ms to end, start offset by 210 ms.
                           ->  Seq Scan on mi_asset_position_1_prt_82_2_prt_5 mi_asset_position  (cost=0.00..179.00 rows=1 width=0)
                                 Rows out:  (No row requested) 0 rows (seg0) with 0 ms to end.
                     ->  Result  (cost=0.00..179.00 rows=1 width=0)
                           One-Time Filter: false
                           Rows out:  0 rows (seg0) with 0.004 ms to end, start offset by 210 ms.
                           ->  Seq Scan on mi_asset_position_1_prt_82_2_prt_6 mi_asset_position  (cost=0.00..179.00 rows=1 width=0)
                                 Rows out:  (No row requested) 0 rows (seg0) with 0 ms to end.
                     ->  Result  (cost=0.00..179.00 rows=1 width=0)
                           One-Time Filter: false
                           Rows out:  0 rows (seg0) with 0.005 ms to end, start offset by 210 ms.
                           ->  Seq Scan on mi_asset_position_1_prt_82_2_prt_7 mi_asset_position  (cost=0.00..179.00 rows=1 width=0)
                                 Rows out:  (No row requested) 0 rows (seg0) with 0 ms to end.
                     ->  Result  (cost=0.00..179.00 rows=1 width=0)
                           One-Time Filter: false
                           Rows out:  0 rows (seg0) with 0.005 ms to end, start offset by 210 ms.
                           ->  Seq Scan on mi_asset_position_1_prt_82_2_prt_8 mi_asset_position  (cost=0.00..179.00 rows=1 width=0)
                                 Rows out:  (No row requested) 0 rows (seg0) with 0 ms to end.
                     ->  Result  (cost=0.00..179.00 rows=1 width=0)
                           One-Time Filter: false
                           Rows out:  0 rows (seg0) with 0.004 ms to end, start offset by 210 ms.
                           ->  Seq Scan on mi_asset_position_1_prt_82_2_prt_9 mi_asset_position  (cost=0.00..179.00 rows=1 width=0)
                                 Rows out:  (No row requested) 0 rows (seg0) with 0 ms to end.
                     ->  Result  (cost=0.00..179.00 rows=1 width=0)
                           One-Time Filter: false
                           Rows out:  0 rows (seg0) with 0.005 ms to end, start offset by 210 ms.
                           ->  Seq Scan on mi_asset_position_1_prt_82_2_prt_10 mi_asset_position  (cost=0.00..179.00 rows=1 width=0)
                                 Rows out:  (No row requested) 0 rows (seg0) with 0 ms to end.
                     ->  Result  (cost=0.00..179.00 rows=1 width=0)
                           One-Time Filter: false
                           Rows out:  0 rows (seg0) with 0.005 ms to end, start offset by 210 ms.
                           ->  Seq Scan on mi_asset_position_1_prt_82_2_prt_11 mi_asset_position  (cost=0.00..179.00 rows=1 width=0)
                                 Rows out:  (No row requested) 0 rows (seg0) with 0 ms to end.
                     ->  Result  (cost=0.00..179.00 rows=1 width=0)
                           One-Time Filter: false
                           Rows out:  0 rows (seg0) with 0.005 ms to end, start offset by 210 ms.
                           ->  Seq Scan on mi_asset_position_1_prt_82_2_prt_12 mi_asset_position  (cost=0.00..179.00 rows=1 width=0)
                                 Rows out:  (No row requested) 0 rows (seg0) with 0 ms to end.
                     ->  Result  (cost=0.00..179.00 rows=1 width=0)
                           One-Time Filter: false
                           Rows out:  0 rows (seg0) with 0.005 ms to end, start offset by 210 ms.
                           ->  Seq Scan on mi_asset_position_1_prt_82_2_prt_13 mi_asset_position  (cost=0.00..179.00 rows=1 width=0)
                                 Rows out:  (No row requested) 0 rows (seg0) with 0 ms to end.
                     ->  Result  (cost=0.00..179.00 rows=1 width=0)
                           One-Time Filter: false
                           Rows out:  0 rows (seg0) with 0.005 ms to end, start offset by 210 ms.
                           ->  Seq Scan on mi_asset_position_1_prt_83_2_prt_other_months mi_asset_position  (cost=0.00..179.00 rows=1 width=0)
                                 Rows out:  (No row requested) 0 rows (seg0) with 0 ms to end.
                     ->  Result  (cost=0.00..179.00 rows=1 width=0)
                           One-Time Filter: false
                           Rows out:  0 rows (seg0) with 0.005 ms to end, start offset by 210 ms.
                           ->  Seq Scan on mi_asset_position_1_prt_83_2_prt_2 mi_asset_position  (cost=0.00..179.00 rows=1 width=0)
                                 Rows out:  (No row requested) 0 rows (seg0) with 0 ms to end.
                     ->  Result  (cost=0.00..179.00 rows=1 width=0)
                           One-Time Filter: false
                           Rows out:  0 rows (seg0) with 0.004 ms to end, start offset by 210 ms.
                           ->  Seq Scan on mi_asset_position_1_prt_83_2_prt_3 mi_asset_position  (cost=0.00..179.00 rows=1 width=0)
                                 Rows out:  (No row requested) 0 rows (seg0) with 0 ms to end.
                     ->  Result  (cost=0.00..179.00 rows=1 width=0)
                           One-Time Filter: false
                           Rows out:  0 rows (seg0) with 0.005 ms to end, start offset by 210 ms.
                           ->  Seq Scan on mi_asset_position_1_prt_83_2_prt_4 mi_asset_position  (cost=0.00..179.00 rows=1 width=0)
                                 Rows out:  (No row requested) 0 rows (seg0) with 0 ms to end.
                     ->  Result  (cost=0.00..179.00 rows=1 width=0)
                           One-Time Filter: false
                           Rows out:  0 rows (seg0) with 0.005 ms to end, start offset by 210 ms.
                           ->  Seq Scan on mi_asset_position_1_prt_83_2_prt_5 mi_asset_position  (cost=0.00..179.00 rows=1 width=0)
                                 Rows out:  (No row requested) 0 rows (seg0) with 0 ms to end.
                     ->  Result  (cost=0.00..179.00 rows=1 width=0)
                           One-Time Filter: false
                           Rows out:  0 rows (seg0) with 0.005 ms to end, start offset by 210 ms.
                           ->  Seq Scan on mi_asset_position_1_prt_83_2_prt_6 mi_asset_position  (cost=0.00..179.00 rows=1 width=0)
                                 Rows out:  (No row requested) 0 rows (seg0) with 0 ms to end.
                     ->  Result  (cost=0.00..179.00 rows=1 width=0)
                           One-Time Filter: false
                           Rows out:  0 rows (seg0) with 0.004 ms to end, start offset by 210 ms.
                           ->  Seq Scan on mi_asset_position_1_prt_83_2_prt_7 mi_asset_position  (cost=0.00..179.00 rows=1 width=0)
                                 Rows out:  (No row requested) 0 rows (seg0) with 0 ms to end.
                     ->  Result  (cost=0.00..179.00 rows=1 width=0)
                           One-Time Filter: false
                           Rows out:  0 rows (seg0) with 0.005 ms to end, start offset by 210 ms.
                           ->  Seq Scan on mi_asset_position_1_prt_83_2_prt_8 mi_asset_position  (cost=0.00..179.00 rows=1 width=0)
                                 Rows out:  (No row requested) 0 rows (seg0) with 0 ms to end.
                     ->  Result  (cost=0.00..179.00 rows=1 width=0)
                           One-Time Filter: false
                           Rows out:  0 rows (seg0) with 0.005 ms to end, start offset by 210 ms.
                           ->  Seq Scan on mi_asset_position_1_prt_83_2_prt_9 mi_asset_position  (cost=0.00..179.00 rows=1 width=0)
                                 Rows out:  (No row requested) 0 rows (seg0) with 0 ms to end.
                     ->  Result  (cost=0.00..179.00 rows=1 width=0)
                           One-Time Filter: false
                           Rows out:  0 rows (seg0) with 0.005 ms to end, start offset by 210 ms.
                           ->  Seq Scan on mi_asset_position_1_prt_83_2_prt_10 mi_asset_position  (cost=0.00..179.00 rows=1 width=0)
                                 Rows out:  (No row requested) 0 rows (seg0) with 0 ms to end.
                     ->  Result  (cost=0.00..179.00 rows=1 width=0)
                           One-Time Filter: false
                           Rows out:  0 rows (seg0) with 0.004 ms to end, start offset by 210 ms.
                           ->  Seq Scan on mi_asset_position_1_prt_83_2_prt_11 mi_asset_position  (cost=0.00..179.00 rows=1 width=0)
                                 Rows out:  (No row requested) 0 rows (seg0) with 0 ms to end.
                     ->  Result  (cost=0.00..179.00 rows=1 width=0)
                           One-Time Filter: false
                           Rows out:  0 rows (seg0) with 0.005 ms to end, start offset by 210 ms.
                           ->  Seq Scan on mi_asset_position_1_prt_83_2_prt_12 mi_asset_position  (cost=0.00..179.00 rows=1 width=0)
                                 Rows out:  (No row requested) 0 rows (seg0) with 0 ms to end.
                     ->  Result  (cost=0.00..179.00 rows=1 width=0)
                           One-Time Filter: false
                           Rows out:  0 rows (seg0) with 0.005 ms to end, start offset by 210 ms.
                           ->  Seq Scan on mi_asset_position_1_prt_83_2_prt_13 mi_asset_position  (cost=0.00..179.00 rows=1 width=0)
                                 Rows out:  (No row requested) 0 rows (seg0) with 0 ms to end.
                     ->  Result  (cost=0.00..179.00 rows=1 width=0)
                           One-Time Filter: false
                           Rows out:  0 rows (seg0) with 0.034 ms to end, start offset by 210 ms.
                           ->  Seq Scan on mi_asset_position_1_prt_84_2_prt_other_months mi_asset_position  (cost=0.00..179.00 rows=1 width=0)
                                 Rows out:  (No row requested) 0 rows (seg0) with 0 ms to end.
                     ->  Result  (cost=0.00..179.00 rows=1 width=0)
                           One-Time Filter: false
                           Rows out:  0 rows (seg0) with 0.007 ms to end, start offset by 210 ms.
                           ->  Seq Scan on mi_asset_position_1_prt_84_2_prt_2 mi_asset_position  (cost=0.00..179.00 rows=1 width=0)
                                 Rows out:  (No row requested) 0 rows (seg0) with 0 ms to end.
                     ->  Result  (cost=0.00..179.00 rows=1 width=0)
                           One-Time Filter: false
                           Rows out:  0 rows (seg0) with 0.005 ms to end, start offset by 210 ms.
                           ->  Seq Scan on mi_asset_position_1_prt_84_2_prt_3 mi_asset_position  (cost=0.00..179.00 rows=1 width=0)
                                 Rows out:  (No row requested) 0 rows (seg0) with 0 ms to end.
                     ->  Result  (cost=0.00..179.00 rows=1 width=0)
                           One-Time Filter: false
                           Rows out:  0 rows (seg0) with 0.005 ms to end, start offset by 210 ms.
                           ->  Seq Scan on mi_asset_position_1_prt_84_2_prt_4 mi_asset_position  (cost=0.00..179.00 rows=1 width=0)
                                 Rows out:  (No row requested) 0 rows (seg0) with 0 ms to end.
                     ->  Result  (cost=0.00..179.00 rows=1 width=0)
                           One-Time Filter: false
                           Rows out:  0 rows (seg0) with 0.005 ms to end, start offset by 210 ms.
                           ->  Seq Scan on mi_asset_position_1_prt_84_2_prt_5 mi_asset_position  (cost=0.00..179.00 rows=1 width=0)
                                 Rows out:  (No row requested) 0 rows (seg0) with 0 ms to end.
                     ->  Result  (cost=0.00..179.00 rows=1 width=0)
                           One-Time Filter: false
                           Rows out:  0 rows (seg0) with 0.004 ms to end, start offset by 210 ms.
                           ->  Seq Scan on mi_asset_position_1_prt_84_2_prt_6 mi_asset_position  (cost=0.00..179.00 rows=1 width=0)
                                 Rows out:  (No row requested) 0 rows (seg0) with 0 ms to end.
                     ->  Result  (cost=0.00..179.00 rows=1 width=0)
                           One-Time Filter: false
                           Rows out:  0 rows (seg0) with 0.005 ms to end, start offset by 210 ms.
                           ->  Seq Scan on mi_asset_position_1_prt_84_2_prt_7 mi_asset_position  (cost=0.00..179.00 rows=1 width=0)
                                 Rows out:  (No row requested) 0 rows (seg0) with 0 ms to end.
                     ->  Result  (cost=0.00..179.00 rows=1 width=0)
                           One-Time Filter: false
                           Rows out:  0 rows (seg0) with 0.005 ms to end, start offset by 210 ms.
                           ->  Seq Scan on mi_asset_position_1_prt_84_2_prt_8 mi_asset_position  (cost=0.00..179.00 rows=1 width=0)
                                 Rows out:  (No row requested) 0 rows (seg0) with 0 ms to end.
                     ->  Result  (cost=0.00..179.00 rows=1 width=0)
                           One-Time Filter: false
                           Rows out:  0 rows (seg0) with 0.014 ms to end, start offset by 210 ms.
                           ->  Seq Scan on mi_asset_position_1_prt_84_2_prt_9 mi_asset_position  (cost=0.00..179.00 rows=1 width=0)
                                 Rows out:  (No row requested) 0 rows (seg0) with 0 ms to end.
                     ->  Result  (cost=0.00..179.00 rows=1 width=0)
                           One-Time Filter: false
                           Rows out:  0 rows (seg0) with 0.005 ms to end, start offset by 210 ms.
                           ->  Seq Scan on mi_asset_position_1_prt_84_2_prt_10 mi_asset_position  (cost=0.00..179.00 rows=1 width=0)
                                 Rows out:  (No row requested) 0 rows (seg0) with 0 ms to end.
                     ->  Result  (cost=0.00..179.00 rows=1 width=0)
                           One-Time Filter: false
                           Rows out:  0 rows (seg0) with 0.004 ms to end, start offset by 210 ms.
                           ->  Seq Scan on mi_asset_position_1_prt_84_2_prt_11 mi_asset_position  (cost=0.00..179.00 rows=1 width=0)
                                 Rows out:  (No row requested) 0 rows (seg0) with 0 ms to end.
                     ->  Result  (cost=0.00..179.00 rows=1 width=0)
                           One-Time Filter: false
                           Rows out:  0 rows (seg0) with 0.005 ms to end, start offset by 210 ms.
                           ->  Seq Scan on mi_asset_position_1_prt_84_2_prt_12 mi_asset_position  (cost=0.00..179.00 rows=1 width=0)
                                 Rows out:  (No row requested) 0 rows (seg0) with 0 ms to end.
                     ->  Result  (cost=0.00..179.00 rows=1 width=0)
                           One-Time Filter: false
                           Rows out:  0 rows (seg0) with 0.005 ms to end, start offset by 210 ms.
                           ->  Seq Scan on mi_asset_position_1_prt_84_2_prt_13 mi_asset_position  (cost=0.00..179.00 rows=1 width=0)
                                 Rows out:  (No row requested) 0 rows (seg0) with 0 ms to end.
                     ->  Result  (cost=0.00..179.00 rows=1 width=0)
                           One-Time Filter: false
                           Rows out:  0 rows (seg0) with 0.005 ms to end, start offset by 210 ms.
                           ->  Seq Scan on mi_asset_position_1_prt_85_2_prt_other_months mi_asset_position  (cost=0.00..179.00 rows=1 width=0)
                                 Rows out:  (No row requested) 0 rows (seg0) with 0 ms to end.
                     ->  Result  (cost=0.00..179.00 rows=1 width=0)
                           One-Time Filter: false
                           Rows out:  0 rows (seg0) with 0.005 ms to end, start offset by 210 ms.
                           ->  Seq Scan on mi_asset_position_1_prt_85_2_prt_2 mi_asset_position  (cost=0.00..179.00 rows=1 width=0)
                                 Rows out:  (No row requested) 0 rows (seg0) with 0 ms to end.
                     ->  Result  (cost=0.00..179.00 rows=1 width=0)
                           One-Time Filter: false
                           Rows out:  0 rows (seg0) with 0.005 ms to end, start offset by 211 ms.
                           ->  Seq Scan on mi_asset_position_1_prt_85_2_prt_3 mi_asset_position  (cost=0.00..179.00 rows=1 width=0)
                                 Rows out:  (No row requested) 0 rows (seg0) with 0 ms to end.
                     ->  Result  (cost=0.00..179.00 rows=1 width=0)
                           One-Time Filter: false
                           Rows out:  0 rows (seg0) with 0.005 ms to end, start offset by 211 ms.
                           ->  Seq Scan on mi_asset_position_1_prt_85_2_prt_4 mi_asset_position  (cost=0.00..179.00 rows=1 width=0)
                                 Rows out:  (No row requested) 0 rows (seg0) with 0 ms to end.
                     ->  Result  (cost=0.00..179.00 rows=1 width=0)
                           One-Time Filter: false
                           Rows out:  0 rows (seg0) with 0.005 ms to end, start offset by 211 ms.
                           ->  Seq Scan on mi_asset_position_1_prt_85_2_prt_5 mi_asset_position  (cost=0.00..179.00 rows=1 width=0)
                                 Rows out:  (No row requested) 0 rows (seg0) with 0 ms to end.
                     ->  Result  (cost=0.00..179.00 rows=1 width=0)
                           One-Time Filter: false
                           Rows out:  0 rows (seg0) with 0.004 ms to end, start offset by 211 ms.
                           ->  Seq Scan on mi_asset_position_1_prt_85_2_prt_6 mi_asset_position  (cost=0.00..179.00 rows=1 width=0)
                                 Rows out:  (No row requested) 0 rows (seg0) with 0 ms to end.
                     ->  Result  (cost=0.00..179.00 rows=1 width=0)
                           One-Time Filter: false
                           Rows out:  0 rows (seg0) with 0.005 ms to end, start offset by 211 ms.
                           ->  Seq Scan on mi_asset_position_1_prt_85_2_prt_7 mi_asset_position  (cost=0.00..179.00 rows=1 width=0)
                                 Rows out:  (No row requested) 0 rows (seg0) with 0 ms to end.
                     ->  Result  (cost=0.00..179.00 rows=1 width=0)
                           One-Time Filter: false
                           Rows out:  0 rows (seg0) with 0.005 ms to end, start offset by 211 ms.
                           ->  Seq Scan on mi_asset_position_1_prt_85_2_prt_8 mi_asset_position  (cost=0.00..179.00 rows=1 width=0)
                                 Rows out:  (No row requested) 0 rows (seg0) with 0 ms to end.
                     ->  Result  (cost=0.00..179.00 rows=1 width=0)
                           One-Time Filter: false
                           Rows out:  0 rows (seg0) with 0.005 ms to end, start offset by 211 ms.
                           ->  Seq Scan on mi_asset_position_1_prt_85_2_prt_9 mi_asset_position  (cost=0.00..179.00 rows=1 width=0)
                                 Rows out:  (No row requested) 0 rows (seg0) with 0 ms to end.
                     ->  Result  (cost=0.00..179.00 rows=1 width=0)
                           One-Time Filter: false
                           Rows out:  0 rows (seg0) with 0.005 ms to end, start offset by 211 ms.
                           ->  Seq Scan on mi_asset_position_1_prt_85_2_prt_10 mi_asset_position  (cost=0.00..179.00 rows=1 width=0)
                                 Rows out:  (No row requested) 0 rows (seg0) with 0 ms to end.
                     ->  Result  (cost=0.00..179.00 rows=1 width=0)
                           One-Time Filter: false
                           Rows out:  0 rows (seg0) with 0.004 ms to end, start offset by 211 ms.
                           ->  Seq Scan on mi_asset_position_1_prt_85_2_prt_11 mi_asset_position  (cost=0.00..179.00 rows=1 width=0)
                                 Rows out:  (No row requested) 0 rows (seg0) with 0 ms to end.
                     ->  Result  (cost=0.00..179.00 rows=1 width=0)
                           One-Time Filter: false
                           Rows out:  0 rows (seg0) with 0.004 ms to end, start offset by 211 ms.
                           ->  Seq Scan on mi_asset_position_1_prt_85_2_prt_12 mi_asset_position  (cost=0.00..179.00 rows=1 width=0)
                                 Rows out:  (No row requested) 0 rows (seg0) with 0 ms to end.
                     ->  Result  (cost=0.00..179.00 rows=1 width=0)
                           One-Time Filter: false
                           Rows out:  0 rows (seg0) with 0.005 ms to end, start offset by 211 ms.
                           ->  Seq Scan on mi_asset_position_1_prt_85_2_prt_13 mi_asset_position  (cost=0.00..179.00 rows=1 width=0)
                                 Rows out:  (No row requested) 0 rows (seg0) with 0 ms to end.
                     ->  Result  (cost=0.00..179.00 rows=1 width=0)
                           One-Time Filter: false
                           Rows out:  0 rows (seg0) with 0.005 ms to end, start offset by 211 ms.
                           ->  Seq Scan on mi_asset_position_1_prt_86_2_prt_other_months mi_asset_position  (cost=0.00..179.00 rows=1 width=0)
                                 Rows out:  (No row requested) 0 rows (seg0) with 0 ms to end.
                     ->  Result  (cost=0.00..179.00 rows=1 width=0)
                           One-Time Filter: false
                           Rows out:  0 rows (seg0) with 0.005 ms to end, start offset by 211 ms.
                           ->  Seq Scan on mi_asset_position_1_prt_86_2_prt_2 mi_asset_position  (cost=0.00..179.00 rows=1 width=0)
                                 Rows out:  (No row requested) 0 rows (seg0) with 0 ms to end.
                     ->  Result  (cost=0.00..179.00 rows=1 width=0)
                           One-Time Filter: false
                           Rows out:  0 rows (seg0) with 0.005 ms to end, start offset by 211 ms.
                           ->  Seq Scan on mi_asset_position_1_prt_86_2_prt_3 mi_asset_position  (cost=0.00..179.00 rows=1 width=0)
                                 Rows out:  (No row requested) 0 rows (seg0) with 0 ms to end.
                     ->  Result  (cost=0.00..179.00 rows=1 width=0)
                           One-Time Filter: false
                           Rows out:  0 rows (seg0) with 0.005 ms to end, start offset by 211 ms.
                           ->  Seq Scan on mi_asset_position_1_prt_86_2_prt_4 mi_asset_position  (cost=0.00..179.00 rows=1 width=0)
                                 Rows out:  (No row requested) 0 rows (seg0) with 0 ms to end.
                     ->  Result  (cost=0.00..179.00 rows=1 width=0)
                           One-Time Filter: false
                           Rows out:  0 rows (seg0) with 0.005 ms to end, start offset by 211 ms.
                           ->  Seq Scan on mi_asset_position_1_prt_86_2_prt_5 mi_asset_position  (cost=0.00..179.00 rows=1 width=0)
                                 Rows out:  (No row requested) 0 rows (seg0) with 0 ms to end.
                     ->  Result  (cost=0.00..179.00 rows=1 width=0)
                           One-Time Filter: false
                           Rows out:  0 rows (seg0) with 0.005 ms to end, start offset by 211 ms.
                           ->  Seq Scan on mi_asset_position_1_prt_86_2_prt_6 mi_asset_position  (cost=0.00..179.00 rows=1 width=0)
                                 Rows out:  (No row requested) 0 rows (seg0) with 0 ms to end.
                     ->  Result  (cost=0.00..179.00 rows=1 width=0)
                           One-Time Filter: false
                           Rows out:  0 rows (seg0) with 0.004 ms to end, start offset by 211 ms.
                           ->  Seq Scan on mi_asset_position_1_prt_86_2_prt_7 mi_asset_position  (cost=0.00..179.00 rows=1 width=0)
                                 Rows out:  (No row requested) 0 rows (seg0) with 0 ms to end.
                     ->  Result  (cost=0.00..179.00 rows=1 width=0)
                           One-Time Filter: false
                           Rows out:  0 rows (seg0) with 0.004 ms to end, start offset by 211 ms.
                           ->  Seq Scan on mi_asset_position_1_prt_86_2_prt_8 mi_asset_position  (cost=0.00..179.00 rows=1 width=0)
                                 Rows out:  (No row requested) 0 rows (seg0) with 0 ms to end.
                     ->  Result  (cost=0.00..179.00 rows=1 width=0)
                           One-Time Filter: false
                           Rows out:  0 rows (seg0) with 0.004 ms to end, start offset by 211 ms.
                           ->  Seq Scan on mi_asset_position_1_prt_86_2_prt_9 mi_asset_position  (cost=0.00..179.00 rows=1 width=0)
                                 Rows out:  (No row requested) 0 rows (seg0) with 0 ms to end.
                     ->  Result  (cost=0.00..179.00 rows=1 width=0)
                           One-Time Filter: false
                           Rows out:  0 rows (seg0) with 0.005 ms to end, start offset by 211 ms.
                           ->  Seq Scan on mi_asset_position_1_prt_86_2_prt_10 mi_asset_position  (cost=0.00..179.00 rows=1 width=0)
                                 Rows out:  (No row requested) 0 rows (seg0) with 0 ms to end.
                     ->  Result  (cost=0.00..179.00 rows=1 width=0)
                           One-Time Filter: false
                           Rows out:  0 rows (seg0) with 0.005 ms to end, start offset by 211 ms.
                           ->  Seq Scan on mi_asset_position_1_prt_86_2_prt_11 mi_asset_position  (cost=0.00..179.00 rows=1 width=0)
                                 Rows out:  (No row requested) 0 rows (seg0) with 0 ms to end.
                     ->  Result  (cost=0.00..179.00 rows=1 width=0)
                           One-Time Filter: false
                           Rows out:  0 rows (seg0) with 0.005 ms to end, start offset by 211 ms.
                           ->  Seq Scan on mi_asset_position_1_prt_86_2_prt_12 mi_asset_position  (cost=0.00..179.00 rows=1 width=0)
                                 Rows out:  (No row requested) 0 rows (seg0) with 0 ms to end.
                     ->  Result  (cost=0.00..179.00 rows=1 width=0)
                           One-Time Filter: false
                           Rows out:  0 rows (seg0) with 0.005 ms to end, start offset by 211 ms.
                           ->  Seq Scan on mi_asset_position_1_prt_86_2_prt_13 mi_asset_position  (cost=0.00..179.00 rows=1 width=0)
                                 Rows out:  (No row requested) 0 rows (seg0) with 0 ms to end.
                     ->  Result  (cost=0.00..179.00 rows=1 width=0)
                           One-Time Filter: false
                           Rows out:  0 rows (seg0) with 0.005 ms to end, start offset by 211 ms.
                           ->  Seq Scan on mi_asset_position_1_prt_87_2_prt_other_months mi_asset_position  (cost=0.00..179.00 rows=1 width=0)
                                 Rows out:  (No row requested) 0 rows (seg0) with 0 ms to end.
                     ->  Result  (cost=0.00..179.00 rows=1 width=0)
                           One-Time Filter: false
                           Rows out:  0 rows (seg0) with 0.005 ms to end, start offset by 211 ms.
                           ->  Seq Scan on mi_asset_position_1_prt_87_2_prt_2 mi_asset_position  (cost=0.00..179.00 rows=1 width=0)
                                 Rows out:  (No row requested) 0 rows (seg0) with 0 ms to end.
                     ->  Result  (cost=0.00..179.00 rows=1 width=0)
                           One-Time Filter: false
                           Rows out:  0 rows (seg0) with 0.005 ms to end, start offset by 211 ms.
                           ->  Seq Scan on mi_asset_position_1_prt_87_2_prt_3 mi_asset_position  (cost=0.00..179.00 rows=1 width=0)
                                 Rows out:  (No row requested) 0 rows (seg0) with 0 ms to end.
                     ->  Result  (cost=0.00..179.00 rows=1 width=0)
                           One-Time Filter: false
                           Rows out:  0 rows (seg0) with 0.004 ms to end, start offset by 211 ms.
                           ->  Seq Scan on mi_asset_position_1_prt_87_2_prt_4 mi_asset_position  (cost=0.00..179.00 rows=1 width=0)
                                 Rows out:  (No row requested) 0 rows (seg0) with 0 ms to end.
                     ->  Result  (cost=0.00..179.00 rows=1 width=0)
                           One-Time Filter: false
                           Rows out:  0 rows (seg0) with 0.005 ms to end, start offset by 211 ms.
                           ->  Seq Scan on mi_asset_position_1_prt_87_2_prt_5 mi_asset_position  (cost=0.00..179.00 rows=1 width=0)
                                 Rows out:  (No row requested) 0 rows (seg0) with 0 ms to end.
                     ->  Result  (cost=0.00..179.00 rows=1 width=0)
                           One-Time Filter: false
                           Rows out:  0 rows (seg0) with 0.005 ms to end, start offset by 211 ms.
                           ->  Seq Scan on mi_asset_position_1_prt_87_2_prt_6 mi_asset_position  (cost=0.00..179.00 rows=1 width=0)
                                 Rows out:  (No row requested) 0 rows (seg0) with 0 ms to end.
                     ->  Result  (cost=0.00..179.00 rows=1 width=0)
                           One-Time Filter: false
                           Rows out:  0 rows (seg0) with 0.005 ms to end, start offset by 211 ms.
                           ->  Seq Scan on mi_asset_position_1_prt_87_2_prt_7 mi_asset_position  (cost=0.00..179.00 rows=1 width=0)
                                 Rows out:  (No row requested) 0 rows (seg0) with 0 ms to end.
                     ->  Result  (cost=0.00..179.00 rows=1 width=0)
                           One-Time Filter: false
                           Rows out:  0 rows (seg0) with 0.005 ms to end, start offset by 211 ms.
                           ->  Seq Scan on mi_asset_position_1_prt_87_2_prt_8 mi_asset_position  (cost=0.00..179.00 rows=1 width=0)
                                 Rows out:  (No row requested) 0 rows (seg0) with 0 ms to end.
                     ->  Result  (cost=0.00..179.00 rows=1 width=0)
                           One-Time Filter: false
                           Rows out:  0 rows (seg0) with 0.005 ms to end, start offset by 211 ms.
                           ->  Seq Scan on mi_asset_position_1_prt_87_2_prt_9 mi_asset_position  (cost=0.00..179.00 rows=1 width=0)
                                 Rows out:  (No row requested) 0 rows (seg0) with 0 ms to end.
                     ->  Result  (cost=0.00..179.00 rows=1 width=0)
                           One-Time Filter: false
                           Rows out:  0 rows (seg0) with 0.005 ms to end, start offset by 211 ms.
                           ->  Seq Scan on mi_asset_position_1_prt_87_2_prt_10 mi_asset_position  (cost=0.00..179.00 rows=1 width=0)
                                 Rows out:  (No row requested) 0 rows (seg0) with 0 ms to end.
                     ->  Result  (cost=0.00..179.00 rows=1 width=0)
                           One-Time Filter: false
                           Rows out:  0 rows (seg0) with 0.005 ms to end, start offset by 211 ms.
                           ->  Seq Scan on mi_asset_position_1_prt_87_2_prt_11 mi_asset_position  (cost=0.00..179.00 rows=1 width=0)
                                 Rows out:  (No row requested) 0 rows (seg0) with 0 ms to end.
                     ->  Result  (cost=0.00..179.00 rows=1 width=0)
                           One-Time Filter: false
                           Rows out:  0 rows (seg0) with 0.005 ms to end, start offset by 211 ms.
                           ->  Seq Scan on mi_asset_position_1_prt_87_2_prt_12 mi_asset_position  (cost=0.00..179.00 rows=1 width=0)
                                 Rows out:  (No row requested) 0 rows (seg0) with 0 ms to end.
                     ->  Result  (cost=0.00..179.00 rows=1 width=0)
                           One-Time Filter: false
                           Rows out:  0 rows (seg0) with 0.006 ms to end, start offset by 180 ms.
                           ->  Seq Scan on mi_asset_position_1_prt_87_2_prt_13 mi_asset_position  (cost=0.00..179.00 rows=1 width=0)
                                 Rows out:  (No row requested) 0 rows (seg0) with 0 ms to end.
                     ->  Result  (cost=0.00..179.00 rows=1 width=0)
                           One-Time Filter: false
                           Rows out:  0 rows (seg0) with 0.005 ms to end, start offset by 211 ms.
                           ->  Seq Scan on mi_asset_position_1_prt_88_2_prt_other_months mi_asset_position  (cost=0.00..179.00 rows=1 width=0)
                                 Rows out:  (No row requested) 0 rows (seg0) with 0 ms to end.
                     ->  Result  (cost=0.00..179.00 rows=1 width=0)
                           One-Time Filter: false
                           Rows out:  0 rows (seg0) with 0.004 ms to end, start offset by 211 ms.
                           ->  Seq Scan on mi_asset_position_1_prt_88_2_prt_2 mi_asset_position  (cost=0.00..179.00 rows=1 width=0)
                                 Rows out:  (No row requested) 0 rows (seg0) with 0 ms to end.
                     ->  Result  (cost=0.00..179.00 rows=1 width=0)
                           One-Time Filter: false
                           Rows out:  0 rows (seg0) with 0.005 ms to end, start offset by 211 ms.
                           ->  Seq Scan on mi_asset_position_1_prt_88_2_prt_3 mi_asset_position  (cost=0.00..179.00 rows=1 width=0)
                                 Rows out:  (No row requested) 0 rows (seg0) with 0 ms to end.
                     ->  Result  (cost=0.00..179.00 rows=1 width=0)
                           One-Time Filter: false
                           Rows out:  0 rows (seg0) with 0.005 ms to end, start offset by 211 ms.
                           ->  Seq Scan on mi_asset_position_1_prt_88_2_prt_4 mi_asset_position  (cost=0.00..179.00 rows=1 width=0)
                                 Rows out:  (No row requested) 0 rows (seg0) with 0 ms to end.
                     ->  Result  (cost=0.00..179.00 rows=1 width=0)
                           One-Time Filter: false
                           Rows out:  0 rows (seg0) with 0.005 ms to end, start offset by 211 ms.
                           ->  Seq Scan on mi_asset_position_1_prt_88_2_prt_5 mi_asset_position  (cost=0.00..179.00 rows=1 width=0)
                                 Rows out:  (No row requested) 0 rows (seg0) with 0 ms to end.
                     ->  Result  (cost=0.00..179.00 rows=1 width=0)
                           One-Time Filter: false
                           Rows out:  0 rows (seg0) with 0.005 ms to end, start offset by 211 ms.
                           ->  Seq Scan on mi_asset_position_1_prt_88_2_prt_6 mi_asset_position  (cost=0.00..179.00 rows=1 width=0)
                                 Rows out:  (No row requested) 0 rows (seg0) with 0 ms to end.
                     ->  Result  (cost=0.00..179.00 rows=1 width=0)
                           One-Time Filter: false
                           Rows out:  0 rows (seg0) with 0.004 ms to end, start offset by 211 ms.
                           ->  Seq Scan on mi_asset_position_1_prt_88_2_prt_7 mi_asset_position  (cost=0.00..179.00 rows=1 width=0)
                                 Rows out:  (No row requested) 0 rows (seg0) with 0 ms to end.
                     ->  Result  (cost=0.00..179.00 rows=1 width=0)
                           One-Time Filter: false
                           Rows out:  0 rows (seg0) with 0.004 ms to end, start offset by 211 ms.
                           ->  Seq Scan on mi_asset_position_1_prt_88_2_prt_8 mi_asset_position  (cost=0.00..179.00 rows=1 width=0)
                                 Rows out:  (No row requested) 0 rows (seg0) with 0 ms to end.
                     ->  Result  (cost=0.00..179.00 rows=1 width=0)
                           One-Time Filter: false
                           Rows out:  0 rows (seg0) with 0.005 ms to end, start offset by 211 ms.
                           ->  Seq Scan on mi_asset_position_1_prt_88_2_prt_9 mi_asset_position  (cost=0.00..179.00 rows=1 width=0)
                                 Rows out:  (No row requested) 0 rows (seg0) with 0 ms to end.
                     ->  Result  (cost=0.00..179.00 rows=1 width=0)
                           One-Time Filter: false
                           Rows out:  0 rows (seg0) with 0.005 ms to end, start offset by 211 ms.
                           ->  Seq Scan on mi_asset_position_1_prt_88_2_prt_10 mi_asset_position  (cost=0.00..179.00 rows=1 width=0)
                                 Rows out:  (No row requested) 0 rows (seg0) with 0 ms to end.
                     ->  Result  (cost=0.00..179.00 rows=1 width=0)
                           One-Time Filter: false
                           Rows out:  0 rows (seg0) with 0.005 ms to end, start offset by 211 ms.
                           ->  Seq Scan on mi_asset_position_1_prt_88_2_prt_11 mi_asset_position  (cost=0.00..179.00 rows=1 width=0)
                                 Rows out:  (No row requested) 0 rows (seg0) with 0 ms to end.
                     ->  Result  (cost=0.00..179.00 rows=1 width=0)
                           One-Time Filter: false
                           Rows out:  0 rows (seg0) with 0.005 ms to end, start offset by 211 ms.
                           ->  Seq Scan on mi_asset_position_1_prt_88_2_prt_12 mi_asset_position  (cost=0.00..179.00 rows=1 width=0)
                                 Rows out:  (No row requested) 0 rows (seg0) with 0 ms to end.
                     ->  Result  (cost=0.00..179.00 rows=1 width=0)
                           One-Time Filter: false
                           Rows out:  0 rows (seg0) with 0.004 ms to end, start offset by 211 ms.
                           ->  Seq Scan on mi_asset_position_1_prt_88_2_prt_13 mi_asset_position  (cost=0.00..179.00 rows=1 width=0)
                                 Rows out:  (No row requested) 0 rows (seg0) with 0 ms to end.
                     ->  Result  (cost=0.00..179.00 rows=1 width=0)
                           One-Time Filter: false
                           Rows out:  0 rows (seg0) with 0.005 ms to end, start offset by 211 ms.
                           ->  Seq Scan on mi_asset_position_1_prt_89_2_prt_other_months mi_asset_position  (cost=0.00..179.00 rows=1 width=0)
                                 Rows out:  (No row requested) 0 rows (seg0) with 0 ms to end.
                     ->  Result  (cost=0.00..179.00 rows=1 width=0)
                           One-Time Filter: false
                           Rows out:  0 rows (seg0) with 0.005 ms to end, start offset by 211 ms.
                           ->  Seq Scan on mi_asset_position_1_prt_89_2_prt_2 mi_asset_position  (cost=0.00..179.00 rows=1 width=0)
                                 Rows out:  (No row requested) 0 rows (seg0) with 0 ms to end.
                     ->  Result  (cost=0.00..179.00 rows=1 width=0)
                           One-Time Filter: false
                           Rows out:  0 rows (seg0) with 0.005 ms to end, start offset by 211 ms.
                           ->  Seq Scan on mi_asset_position_1_prt_89_2_prt_3 mi_asset_position  (cost=0.00..179.00 rows=1 width=0)
                                 Rows out:  (No row requested) 0 rows (seg0) with 0 ms to end.
                     ->  Result  (cost=0.00..179.00 rows=1 width=0)
                           One-Time Filter: false
                           Rows out:  0 rows (seg0) with 0.005 ms to end, start offset by 211 ms.
                           ->  Seq Scan on mi_asset_position_1_prt_89_2_prt_4 mi_asset_position  (cost=0.00..179.00 rows=1 width=0)
                                 Rows out:  (No row requested) 0 rows (seg0) with 0 ms to end.
                     ->  Result  (cost=0.00..179.00 rows=1 width=0)
                           One-Time Filter: false
                           Rows out:  0 rows (seg0) with 0.005 ms to end, start offset by 211 ms.
                           ->  Seq Scan on mi_asset_position_1_prt_89_2_prt_5 mi_asset_position  (cost=0.00..179.00 rows=1 width=0)
                                 Rows out:  (No row requested) 0 rows (seg0) with 0 ms to end.
                     ->  Result  (cost=0.00..179.00 rows=1 width=0)
                           One-Time Filter: false
                           Rows out:  0 rows (seg0) with 0.004 ms to end, start offset by 211 ms.
                           ->  Seq Scan on mi_asset_position_1_prt_89_2_prt_6 mi_asset_position  (cost=0.00..179.00 rows=1 width=0)
                                 Rows out:  (No row requested) 0 rows (seg0) with 0 ms to end.
                     ->  Result  (cost=0.00..179.00 rows=1 width=0)
                           One-Time Filter: false
                           Rows out:  0 rows (seg0) with 0.005 ms to end, start offset by 211 ms.
                           ->  Seq Scan on mi_asset_position_1_prt_89_2_prt_7 mi_asset_position  (cost=0.00..179.00 rows=1 width=0)
                                 Rows out:  (No row requested) 0 rows (seg0) with 0 ms to end.
                     ->  Result  (cost=0.00..179.00 rows=1 width=0)
                           One-Time Filter: false
                           Rows out:  0 rows (seg0) with 0.005 ms to end, start offset by 211 ms.
                           ->  Seq Scan on mi_asset_position_1_prt_89_2_prt_8 mi_asset_position  (cost=0.00..179.00 rows=1 width=0)
                                 Rows out:  (No row requested) 0 rows (seg0) with 0 ms to end.
                     ->  Result  (cost=0.00..179.00 rows=1 width=0)
                           One-Time Filter: false
                           Rows out:  0 rows (seg0) with 0.005 ms to end, start offset by 211 ms.
                           ->  Seq Scan on mi_asset_position_1_prt_89_2_prt_9 mi_asset_position  (cost=0.00..179.00 rows=1 width=0)
                                 Rows out:  (No row requested) 0 rows (seg0) with 0 ms to end.
                     ->  Result  (cost=0.00..179.00 rows=1 width=0)
                           One-Time Filter: false
                           Rows out:  0 rows (seg0) with 0.005 ms to end, start offset by 211 ms.
                           ->  Seq Scan on mi_asset_position_1_prt_89_2_prt_10 mi_asset_position  (cost=0.00..179.00 rows=1 width=0)
                                 Rows out:  (No row requested) 0 rows (seg0) with 0 ms to end.
                     ->  Result  (cost=0.00..179.00 rows=1 width=0)
                           One-Time Filter: false
                           Rows out:  0 rows (seg0) with 0.005 ms to end, start offset by 211 ms.
                           ->  Seq Scan on mi_asset_position_1_prt_89_2_prt_11 mi_asset_position  (cost=0.00..179.00 rows=1 width=0)
                                 Rows out:  (No row requested) 0 rows (seg0) with 0 ms to end.
                     ->  Result  (cost=0.00..179.00 rows=1 width=0)
                           One-Time Filter: false
                           Rows out:  0 rows (seg0) with 0.016 ms to end, start offset by 211 ms.
                           ->  Seq Scan on mi_asset_position_1_prt_89_2_prt_12 mi_asset_position  (cost=0.00..179.00 rows=1 width=0)
                                 Rows out:  (No row requested) 0 rows (seg0) with 0 ms to end.
                     ->  Result  (cost=0.00..179.00 rows=1 width=0)
                           One-Time Filter: false
                           Rows out:  0 rows (seg0) with 0.005 ms to end, start offset by 211 ms.
                           ->  Seq Scan on mi_asset_position_1_prt_89_2_prt_13 mi_asset_position  (cost=0.00..179.00 rows=1 width=0)
                                 Rows out:  (No row requested) 0 rows (seg0) with 0 ms to end.
                     ->  Result  (cost=0.00..179.00 rows=1 width=0)
                           One-Time Filter: false
                           Rows out:  0 rows (seg0) with 0.005 ms to end, start offset by 211 ms.
                           ->  Seq Scan on mi_asset_position_1_prt_90_2_prt_other_months mi_asset_position  (cost=0.00..179.00 rows=1 width=0)
                                 Rows out:  (No row requested) 0 rows (seg0) with 0 ms to end.
                     ->  Result  (cost=0.00..179.00 rows=1 width=0)
                           One-Time Filter: false
                           Rows out:  0 rows (seg0) with 0.005 ms to end, start offset by 211 ms.
                           ->  Seq Scan on mi_asset_position_1_prt_90_2_prt_2 mi_asset_position  (cost=0.00..179.00 rows=1 width=0)
                                 Rows out:  (No row requested) 0 rows (seg0) with 0 ms to end.
                     ->  Result  (cost=0.00..179.00 rows=1 width=0)
                           One-Time Filter: false
                           Rows out:  0 rows (seg0) with 0.005 ms to end, start offset by 211 ms.
                           ->  Seq Scan on mi_asset_position_1_prt_90_2_prt_3 mi_asset_position  (cost=0.00..179.00 rows=1 width=0)
                                 Rows out:  (No row requested) 0 rows (seg0) with 0 ms to end.
                     ->  Result  (cost=0.00..179.00 rows=1 width=0)
                           One-Time Filter: false
                           Rows out:  0 rows (seg0) with 0.004 ms to end, start offset by 211 ms.
                           ->  Seq Scan on mi_asset_position_1_prt_90_2_prt_4 mi_asset_position  (cost=0.00..179.00 rows=1 width=0)
                                 Rows out:  (No row requested) 0 rows (seg0) with 0 ms to end.
                     ->  Result  (cost=0.00..179.00 rows=1 width=0)
                           One-Time Filter: false
                           Rows out:  0 rows (seg0) with 0.004 ms to end, start offset by 211 ms.
                           ->  Seq Scan on mi_asset_position_1_prt_90_2_prt_5 mi_asset_position  (cost=0.00..179.00 rows=1 width=0)
                                 Rows out:  (No row requested) 0 rows (seg0) with 0 ms to end.
                     ->  Result  (cost=0.00..179.00 rows=1 width=0)
                           One-Time Filter: false
                           Rows out:  0 rows (seg0) with 0.005 ms to end, start offset by 211 ms.
                           ->  Seq Scan on mi_asset_position_1_prt_90_2_prt_6 mi_asset_position  (cost=0.00..179.00 rows=1 width=0)
                                 Rows out:  (No row requested) 0 rows (seg0) with 0 ms to end.
                     ->  Result  (cost=0.00..179.00 rows=1 width=0)
                           One-Time Filter: false
                           Rows out:  0 rows (seg0) with 0.005 ms to end, start offset by 211 ms.
                           ->  Seq Scan on mi_asset_position_1_prt_90_2_prt_7 mi_asset_position  (cost=0.00..179.00 rows=1 width=0)
                                 Rows out:  (No row requested) 0 rows (seg0) with 0 ms to end.
                     ->  Result  (cost=0.00..179.00 rows=1 width=0)
                           One-Time Filter: false
                           Rows out:  0 rows (seg0) with 0.005 ms to end, start offset by 211 ms.
                           ->  Seq Scan on mi_asset_position_1_prt_90_2_prt_8 mi_asset_position  (cost=0.00..179.00 rows=1 width=0)
                                 Rows out:  (No row requested) 0 rows (seg0) with 0 ms to end.
                     ->  Result  (cost=0.00..179.00 rows=1 width=0)
                           One-Time Filter: false
                           Rows out:  0 rows (seg0) with 0.004 ms to end, start offset by 211 ms.
                           ->  Seq Scan on mi_asset_position_1_prt_90_2_prt_9 mi_asset_position  (cost=0.00..179.00 rows=1 width=0)
                                 Rows out:  (No row requested) 0 rows (seg0) with 0 ms to end.
                     ->  Result  (cost=0.00..179.00 rows=1 width=0)
                           One-Time Filter: false
                           Rows out:  0 rows (seg0) with 0.004 ms to end, start offset by 211 ms.
                           ->  Seq Scan on mi_asset_position_1_prt_90_2_prt_10 mi_asset_position  (cost=0.00..179.00 rows=1 width=0)
                                 Rows out:  (No row requested) 0 rows (seg0) with 0 ms to end.
                     ->  Result  (cost=0.00..179.00 rows=1 width=0)
                           One-Time Filter: false
                           Rows out:  0 rows (seg0) with 0.005 ms to end, start offset by 211 ms.
                           ->  Seq Scan on mi_asset_position_1_prt_90_2_prt_11 mi_asset_position  (cost=0.00..179.00 rows=1 width=0)
                                 Rows out:  (No row requested) 0 rows (seg0) with 0 ms to end.
                     ->  Result  (cost=0.00..179.00 rows=1 width=0)
                           One-Time Filter: false
                           Rows out:  0 rows (seg0) with 0.005 ms to end, start offset by 211 ms.
                           ->  Seq Scan on mi_asset_position_1_prt_90_2_prt_12 mi_asset_position  (cost=0.00..179.00 rows=1 width=0)
                                 Rows out:  (No row requested) 0 rows (seg0) with 0 ms to end.
                     ->  Result  (cost=0.00..179.00 rows=1 width=0)
                           One-Time Filter: false
                           Rows out:  0 rows (seg0) with 0.004 ms to end, start offset by 211 ms.
                           ->  Seq Scan on mi_asset_position_1_prt_90_2_prt_13 mi_asset_position  (cost=0.00..179.00 rows=1 width=0)
                                 Rows out:  (No row requested) 0 rows (seg0) with 0 ms to end.
                     ->  Result  (cost=0.00..179.00 rows=1 width=0)
                           One-Time Filter: false
                           Rows out:  0 rows (seg0) with 0.005 ms to end, start offset by 211 ms.
                           ->  Seq Scan on mi_asset_position_1_prt_91_2_prt_other_months mi_asset_position  (cost=0.00..179.00 rows=1 width=0)
                                 Rows out:  (No row requested) 0 rows (seg0) with 0 ms to end.
                     ->  Result  (cost=0.00..179.00 rows=1 width=0)
                           One-Time Filter: false
                           Rows out:  0 rows (seg0) with 0.004 ms to end, start offset by 211 ms.
                           ->  Seq Scan on mi_asset_position_1_prt_91_2_prt_2 mi_asset_position  (cost=0.00..179.00 rows=1 width=0)
                                 Rows out:  (No row requested) 0 rows (seg0) with 0 ms to end.
                     ->  Result  (cost=0.00..179.00 rows=1 width=0)
                           One-Time Filter: false
                           Rows out:  0 rows (seg0) with 0.005 ms to end, start offset by 211 ms.
                           ->  Seq Scan on mi_asset_position_1_prt_91_2_prt_3 mi_asset_position  (cost=0.00..179.00 rows=1 width=0)
                                 Rows out:  (No row requested) 0 rows (seg0) with 0 ms to end.
                     ->  Result  (cost=0.00..179.00 rows=1 width=0)
                           One-Time Filter: false
                           Rows out:  0 rows (seg0) with 0.005 ms to end, start offset by 211 ms.
                           ->  Seq Scan on mi_asset_position_1_prt_91_2_prt_4 mi_asset_position  (cost=0.00..179.00 rows=1 width=0)
                                 Rows out:  (No row requested) 0 rows (seg0) with 0 ms to end.
                     ->  Result  (cost=0.00..179.00 rows=1 width=0)
                           One-Time Filter: false
                           Rows out:  0 rows (seg0) with 0.004 ms to end, start offset by 211 ms.
                           ->  Seq Scan on mi_asset_position_1_prt_91_2_prt_5 mi_asset_position  (cost=0.00..179.00 rows=1 width=0)
                                 Rows out:  (No row requested) 0 rows (seg0) with 0 ms to end.
                     ->  Result  (cost=0.00..179.00 rows=1 width=0)
                           One-Time Filter: false
                           Rows out:  0 rows (seg0) with 0.005 ms to end, start offset by 211 ms.
                           ->  Seq Scan on mi_asset_position_1_prt_91_2_prt_6 mi_asset_position  (cost=0.00..179.00 rows=1 width=0)
                                 Rows out:  (No row requested) 0 rows (seg0) with 0 ms to end.
                     ->  Result  (cost=0.00..179.00 rows=1 width=0)
                           One-Time Filter: false
                           Rows out:  0 rows (seg0) with 0.005 ms to end, start offset by 211 ms.
                           ->  Seq Scan on mi_asset_position_1_prt_91_2_prt_7 mi_asset_position  (cost=0.00..179.00 rows=1 width=0)
                                 Rows out:  (No row requested) 0 rows (seg0) with 0 ms to end.
                     ->  Result  (cost=0.00..179.00 rows=1 width=0)
                           One-Time Filter: false
                           Rows out:  0 rows (seg0) with 0.005 ms to end, start offset by 211 ms.
                           ->  Seq Scan on mi_asset_position_1_prt_91_2_prt_8 mi_asset_position  (cost=0.00..179.00 rows=1 width=0)
                                 Rows out:  (No row requested) 0 rows (seg0) with 0 ms to end.
                     ->  Result  (cost=0.00..179.00 rows=1 width=0)
                           One-Time Filter: false
                           Rows out:  0 rows (seg0) with 0.005 ms to end, start offset by 211 ms.
                           ->  Seq Scan on mi_asset_position_1_prt_91_2_prt_9 mi_asset_position  (cost=0.00..179.00 rows=1 width=0)
                                 Rows out:  (No row requested) 0 rows (seg0) with 0 ms to end.
                     ->  Result  (cost=0.00..179.00 rows=1 width=0)
                           One-Time Filter: false
                           Rows out:  0 rows (seg0) with 0.005 ms to end, start offset by 211 ms.
                           ->  Seq Scan on mi_asset_position_1_prt_91_2_prt_10 mi_asset_position  (cost=0.00..179.00 rows=1 width=0)
                                 Rows out:  (No row requested) 0 rows (seg0) with 0 ms to end.
                     ->  Result  (cost=0.00..179.00 rows=1 width=0)
                           One-Time Filter: false
                           Rows out:  0 rows (seg0) with 0.004 ms to end, start offset by 211 ms.
                           ->  Seq Scan on mi_asset_position_1_prt_91_2_prt_11 mi_asset_position  (cost=0.00..179.00 rows=1 width=0)
                                 Rows out:  (No row requested) 0 rows (seg0) with 0 ms to end.
                     ->  Result  (cost=0.00..179.00 rows=1 width=0)
                           One-Time Filter: false
                           Rows out:  0 rows (seg0) with 0.005 ms to end, start offset by 211 ms.
                           ->  Seq Scan on mi_asset_position_1_prt_91_2_prt_12 mi_asset_position  (cost=0.00..179.00 rows=1 width=0)
                                 Rows out:  (No row requested) 0 rows (seg0) with 0 ms to end.
                     ->  Result  (cost=0.00..179.00 rows=1 width=0)
                           One-Time Filter: false
                           Rows out:  0 rows (seg0) with 0.005 ms to end, start offset by 211 ms.
                           ->  Seq Scan on mi_asset_position_1_prt_91_2_prt_13 mi_asset_position  (cost=0.00..179.00 rows=1 width=0)
                                 Rows out:  (No row requested) 0 rows (seg0) with 0 ms to end.
                     ->  Result  (cost=0.00..179.00 rows=1 width=0)
                           One-Time Filter: false
                           Rows out:  0 rows (seg0) with 0.005 ms to end, start offset by 211 ms.
                           ->  Seq Scan on mi_asset_position_1_prt_92_2_prt_other_months mi_asset_position  (cost=0.00..179.00 rows=1 width=0)
                                 Rows out:  (No row requested) 0 rows (seg0) with 0 ms to end.
                     ->  Result  (cost=0.00..179.00 rows=1 width=0)
                           One-Time Filter: false
                           Rows out:  0 rows (seg0) with 0.005 ms to end, start offset by 211 ms.
                           ->  Seq Scan on mi_asset_position_1_prt_92_2_prt_2 mi_asset_position  (cost=0.00..179.00 rows=1 width=0)
                                 Rows out:  (No row requested) 0 rows (seg0) with 0 ms to end.
                     ->  Result  (cost=0.00..179.00 rows=1 width=0)
                           One-Time Filter: false
                           Rows out:  0 rows (seg0) with 0.005 ms to end, start offset by 211 ms.
                           ->  Seq Scan on mi_asset_position_1_prt_92_2_prt_3 mi_asset_position  (cost=0.00..179.00 rows=1 width=0)
                                 Rows out:  (No row requested) 0 rows (seg0) with 0 ms to end.
                     ->  Result  (cost=0.00..179.00 rows=1 width=0)
                           One-Time Filter: false
                           Rows out:  0 rows (seg0) with 0.005 ms to end, start offset by 211 ms.
                           ->  Seq Scan on mi_asset_position_1_prt_92_2_prt_4 mi_asset_position  (cost=0.00..179.00 rows=1 width=0)
                                 Rows out:  (No row requested) 0 rows (seg0) with 0 ms to end.
                     ->  Result  (cost=0.00..179.00 rows=1 width=0)
                           One-Time Filter: false
                           Rows out:  0 rows (seg0) with 0.005 ms to end, start offset by 211 ms.
                           ->  Seq Scan on mi_asset_position_1_prt_92_2_prt_5 mi_asset_position  (cost=0.00..179.00 rows=1 width=0)
                                 Rows out:  (No row requested) 0 rows (seg0) with 0 ms to end.
                     ->  Result  (cost=0.00..179.00 rows=1 width=0)
                           One-Time Filter: false
                           Rows out:  0 rows (seg0) with 0.005 ms to end, start offset by 211 ms.
                           ->  Seq Scan on mi_asset_position_1_prt_92_2_prt_6 mi_asset_position  (cost=0.00..179.00 rows=1 width=0)
                                 Rows out:  (No row requested) 0 rows (seg0) with 0 ms to end.
                     ->  Result  (cost=0.00..179.00 rows=1 width=0)
                           One-Time Filter: false
                           Rows out:  0 rows (seg0) with 0.005 ms to end, start offset by 211 ms.
                           ->  Seq Scan on mi_asset_position_1_prt_92_2_prt_7 mi_asset_position  (cost=0.00..179.00 rows=1 width=0)
                                 Rows out:  (No row requested) 0 rows (seg0) with 0 ms to end.
                     ->  Result  (cost=0.00..179.00 rows=1 width=0)
                           One-Time Filter: false
                           Rows out:  0 rows (seg0) with 0.004 ms to end, start offset by 211 ms.
                           ->  Seq Scan on mi_asset_position_1_prt_92_2_prt_8 mi_asset_position  (cost=0.00..179.00 rows=1 width=0)
                                 Rows out:  (No row requested) 0 rows (seg0) with 0 ms to end.
                     ->  Result  (cost=0.00..179.00 rows=1 width=0)
                           One-Time Filter: false
                           Rows out:  0 rows (seg0) with 0.005 ms to end, start offset by 211 ms.
                           ->  Seq Scan on mi_asset_position_1_prt_92_2_prt_9 mi_asset_position  (cost=0.00..179.00 rows=1 width=0)
                                 Rows out:  (No row requested) 0 rows (seg0) with 0 ms to end.
                     ->  Result  (cost=0.00..179.00 rows=1 width=0)
                           One-Time Filter: false
                           Rows out:  0 rows (seg0) with 0.005 ms to end, start offset by 211 ms.
                           ->  Seq Scan on mi_asset_position_1_prt_92_2_prt_10 mi_asset_position  (cost=0.00..179.00 rows=1 width=0)
                                 Rows out:  (No row requested) 0 rows (seg0) with 0 ms to end.
                     ->  Result  (cost=0.00..179.00 rows=1 width=0)
                           One-Time Filter: false
                           Rows out:  0 rows (seg0) with 0.005 ms to end, start offset by 211 ms.
                           ->  Seq Scan on mi_asset_position_1_prt_92_2_prt_11 mi_asset_position  (cost=0.00..179.00 rows=1 width=0)
                                 Rows out:  (No row requested) 0 rows (seg0) with 0 ms to end.
                     ->  Result  (cost=0.00..179.00 rows=1 width=0)
                           One-Time Filter: false
                           Rows out:  0 rows (seg0) with 0.005 ms to end, start offset by 211 ms.
                           ->  Seq Scan on mi_asset_position_1_prt_92_2_prt_12 mi_asset_position  (cost=0.00..179.00 rows=1 width=0)
                                 Rows out:  (No row requested) 0 rows (seg0) with 0 ms to end.
                     ->  Result  (cost=0.00..179.00 rows=1 width=0)
                           One-Time Filter: false
                           Rows out:  0 rows (seg0) with 0.014 ms to end, start offset by 211 ms.
                           ->  Seq Scan on mi_asset_position_1_prt_92_2_prt_13 mi_asset_position  (cost=0.00..179.00 rows=1 width=0)
                                 Rows out:  (No row requested) 0 rows (seg0) with 0 ms to end.
 Slice statistics:
   (slice0)    Executor memory: 10290K bytes.
   (slice1)    Executor memory: 17442K bytes avg x 2 workers, 17442K bytes max (seg0).
 Statement statistics:
   Memory used: 1024000K bytes
 Optimizer status: legacy query optimizer
 Total runtime: 232.903 ms
(5995 rows)

