template1=# explain analyze select (select col1 from smalldata s where s.col1 = b.col1), * from bigdata b, bigdata c where b.col1 = 20 and b.col2 = c.col1;
                                                                                 QUERY PLAN                                                                                  
-----------------------------------------------------------------------------------------------------------------------------------------------------------------------------
 Gather Motion 2:1  (slice3; segments: 2)  (cost=163210.13..326935.87 rows=153 width=16)
   Rows out:  144 rows at destination with 2827 ms to first row, 2839 ms to end, start offset by 14 ms.
   ->  Hash Join  (cost=163210.13..326935.87 rows=77 width=16)
         Hash Cond: c.col1 = b.col2
         Rows out:  Avg 72.0 rows x 2 workers.  Max 96 rows (seg1) with 915 ms to first row, 2800 ms to end, start offset by 41 ms.
         Executor memory:  1K bytes avg, 1K bytes max (seg1).
         Work_mem used:  1K bytes avg, 1K bytes max (seg1). Workfile: (0 spilling, 0 reused)
         (seg1)   Hash chain length 1.0 avg, 1 max, using 8 of 262151 buckets.
         ->  Seq Scan on bigdata c  (cost=0.00..133208.18 rows=6000309 width=8)
               Rows out:  Avg 6000000.0 rows x 2 workers.  Max 6000012 rows (seg0) with 0.135 ms to first row, 709 ms to end, start offset by 953 ms.
         ->  Hash  (cost=163209.97..163209.97 rows=7 width=8)
               Rows in:  Avg 6.0 rows x 2 workers.  Max 8 rows (seg1) with 859 ms to end, start offset by 95 ms.
               ->  Redistribute Motion 2:2  (slice2; segments: 2)  (cost=0.00..163209.97 rows=7 width=8)
                     Hash Key: b.col2
                     Rows out:  Avg 6.0 rows x 2 workers at destination.  Max 8 rows (seg1) with 859 ms to end, start offset by 95 ms.
                     ->  Seq Scan on bigdata b  (cost=0.00..163209.73 rows=7 width=8)
                           Filter: col1 = 20
                           Rows out:  12 rows (seg1) with 0.305 ms to first row, 908 ms to end, start offset by 44 ms.
         SubPlan 1
           ->  Result  (cost=3.39..3.50 rows=6 width=4)
                 Filter: s.col1 = $0
                 Rows out:  0 rows (seg0) with 2.160 ms to end, start offset by 2702 ms.
                 ->  Materialize  (cost=3.39..3.50 rows=6 width=4)
                       Rows out:  Avg 7920.0 rows x 2 workers.  Max 10560 rows (seg1) with 0.997 ms to first row, 1.438 ms to end of 96 scans, start offset by 2702 ms.
                       ->  Broadcast Motion 2:2  (slice1; segments: 2)  (cost=0.00..3.38 rows=6 width=4)
                             Rows out:  Avg 110.0 rows x 2 workers at destination.  Max 110 rows (seg0) with 0.011 ms to first row, 0.024 ms to end, start offset by 953 ms.
                             ->  Seq Scan on smalldata s  (cost=0.00..3.38 rows=6 width=4)
                                   Rows out:  Avg 55.0 rows x 2 workers.  Max 55 rows (seg0) with 0.074 ms to first row, 0.098 ms to end, start offset by 47 ms.
 Slice statistics:
   (slice0)    Executor memory: 386K bytes.
   (slice1)    Executor memory: 255K bytes avg x 2 workers, 255K bytes max (seg0).
   (slice2)    Executor memory: 239K bytes avg x 2 workers, 239K bytes max (seg0).
   (slice3)    Executor memory: 4359K bytes avg x 2 workers, 4359K bytes max (seg0).  Work_mem: 1K bytes max.
 Statement statistics:
   Memory used: 128000K bytes
 Optimizer status: legacy query optimizer
 Total runtime: 2852.962 ms
(37 rows)

