                                                      QUERY PLAN
-----------------------------------------------------------------------------------------------------------------------
 Gather Motion 2:1  (slice2; segments: 2)  (cost=0.00..862.00 rows=1 width=16)
   ->  Hash Join  (cost=0.00..862.00 rows=1 width=16)
         Hash Cond: public.sales.id = public.sales.year
         ->  Sequence  (cost=0.00..431.00 rows=1 width=8)
               ->  Partition Selector for sales (dynamic scan id: 1)  (cost=10.00..100.00 rows=50 width=4)
                     Filter: public.sales.year = 2015
                     Partitions selected:  1 (out of 100)
               ->  Dynamic Table Scan on sales (dynamic scan id: 1)  (cost=0.00..431.00 rows=1 width=8)
                     Filter: year = 2015
         ->  Hash  (cost=431.00..431.00 rows=1 width=8)
               ->  Redistribute Motion 2:2  (slice1; segments: 2)  (cost=0.00..431.00 rows=1 width=8)
                     Hash Key: public.sales.year
                     ->  Sequence  (cost=0.00..431.00 rows=1 width=8)
                           ->  Partition Selector for sales (dynamic scan id: 2)  (cost=10.00..100.00 rows=50 width=4)
                                 Partitions selected:  100 (out of 100)
                           ->  Dynamic Table Scan on sales (dynamic scan id: 2)  (cost=0.00..431.00 rows=1 width=8)
 Settings:  enable_hashjoin=off; enable_indexscan=off; join_collapse_limit=1; optimizer=on
 Optimizer status: PQO version 1.620
(18 rows)
