 QUERY PLAN

---------------------------------------------------------------------------------------------------------------------------------------------------------------------------------------------------------------
--------------------------------------------------
 Aggregate  (cost=48485.59..48485.60 rows=1 width=8)
   Rows out:  1 rows with 803 ms to end, start offset by 4675 ms.
   ->  Gather Motion 320:1  (slice15; segments: 320)  (cost=48482.36..48485.58 rows=1 width=8)
         Rows out:  320 rows at destination with 780 ms to first row, 803 ms to end, start offset by 4675 ms.
         ->  Aggregate  (cost=48482.36..48482.37 rows=1 width=8)
               Rows out:  Avg 1.0 rows x 320 workers.  Max 1 rows (seg0) with 779 ms to end, start offset by 4682 ms.
               ->  Subquery Scan z  (cost=48476.79..48481.96 rows=1 width=0)
                     Rows out:  0 rows (seg0) with 810 ms to end, start offset by 4667 ms.
                     ->  HashAggregate  (cost=48476.79..48480.37 rows=1 width=82)
                           Group By: agg.event_date_id, o.insertion_order_id, spb.buy_purchase_id
                           Rows out:  0 rows (seg0) with 810 ms to end, start offset by 4667 ms.
                           Executor memory:  2065K bytes avg, 2065K bytes max (seg0).
                           ->  Redistribute Motion 320:320  (slice14; segments: 320)  (cost=48468.44..48472.02 rows=1 width=78)
                                 Hash Key: agg.event_date_id, o.insertion_order_id, spb.buy_purchase_id
                                 Rows out:  0 rows at destination (seg0) with 809 ms to end, start offset by 4668 ms.
                                 ->  HashAggregate  (cost=48468.44..48468.84 rows=1 width=78)
                                       Group By: agg.event_date_id, o.insertion_order_id, spb.buy_purchase_id
                                       Rows out:  0 rows (seg0) with 489 ms to end, start offset by 4940 ms.
                                       Executor memory:  2065K bytes avg, 2065K bytes max (seg0).
                                       ->  Hash Join  (cost=3427.24..48465.24 rows=1 width=27)
                                             Hash Cond: o.insertion_order_id::integer = d.brief_code::integer AND ac.campaign_sc::text = d.adserver_campaign_id::text AND agg.activity_ctgy_id = t.activity_ctgy_id
                                             Rows out:  0 rows (seg0) with 487 ms to end, start offset by 4941 ms.
                                             ->  Redistribute Motion 320:320  (slice11; segments: 320)  (cost=2890.83..47925.75 rows=1 width=73)
                                                   Hash Key: agg.activity_ctgy_id, ac.campaign_sc::text, o.insertion_order_id::integer
                                                   Rows out:  (No row requested) 0 rows at destination (seg0) with 0 ms to end.
                                                   ->  Hash Join  (cost=2890.83..47921.83 rows=1 width=73)
                                                         Hash Cond: ac.cmpgn_id = agg.cmpgn_id
                                                         Rows out:  0 rows (seg0) with 627 ms to end, start offset by 4858 ms.
                                                         ->  Seq Scan on adwv_ac ac  (cost=0.00..44733.51 rows=370 width=14)
                                                               Filter: data_id = ANY ('{1,2,4,5,6,10,11,12,14,16,17,18,22,24,25,40,60,61,66,80,84,85,86,88,89,92}'::smallint[])
                                                               Rows out:  (No row requested) 0 rows (seg0) with 0 ms to end.
                                                         ->  Hash  (cost=2890.35..2890.35 rows=1 width=67)
                                                               Rows in:  0 rows (seg0) with 625 ms to end, start offset by 4860 ms.
                                                               ->  Redistribute Motion 320:320  (slice10; segments: 320)  (cost=2220.61..2890.35 rows=1 width=67)
                                                                     Hash Key: agg.cmpgn_id
                                                                     Rows out:  0 rows at destination (seg0) with 625 ms to end, start offset by 4860 ms.
                                                                     ->  Hash Join  (cost=2220.61..2889.58 rows=1 width=67)
                                                                           Hash Cond: d1.date_dt::text = o.start_dt::text
                                                                           Join Filter: o.limit_dsp_dates::text = '0'::text OR (agg.event_date_id >= d1.date_id AND agg.event_date_id <= d2.date_id)
                                                                           Rows out:  0 rows (seg0) with 664 ms to end, start offset by 4801 ms.
                                                                           ->  Redistribute Motion 320:320  (slice1; segments: 320)  (cost=0.00..637.76 rows=34 width=6)
                                                                                 Hash Key: d1.date_dt::text
                                                                                 Rows out:  (No row requested) 0 rows at destination (seg0) with 0 ms to end.
                                                                                 ->  Seq Scan on adwd_date d1  (cost=0.00..425.92 rows=34 width=6)
                                                                                       Rows out:  Avg 33.1 rows x 320 workers.  Max 38 rows (seg24) with 0.064 ms to first row, 0.073 ms to end, start offset by 4911 ms.
                                                                           ->  Hash  (cost=2220.19..2220.19 rows=1 width=80)
                                                                                 Rows in:  0 rows (seg0) with 661 ms to end, start offset by 4803 ms.
                                                                                 ->  Redistribute Motion 320:320  (slice9; segments: 320)  (cost=1554.77..2220.19 rows=1 width=80)
                                                                                       Hash Key: o.start_dt::text
                                                                                       Rows out:  0 rows at destination (seg0) with 661 ms to end, start offset by 4803 ms.
                                                                                       ->  Hash Join  (cost=1554.77..2219.51 rows=1 width=80)
                                                                                             Hash Cond: d2.date_dt::text = o.end_dt::text
                                                                                             Rows out:  0 rows (seg0) with 641 ms to end, start offset by 4785 ms.
                                                                                             ->  Redistribute Motion 320:320  (slice2; segments: 320)  (cost=0.00..637.76 rows=34 width=6)
                                                                                                   Hash Key: d2.date_dt::text
                                                                                                   Rows out:  (No row requested) 0 rows at destination (seg0) with 0 ms to end.
                                                                                                   ->  Seq Scan on adwd_date d2  (cost=0.00..425.92 rows=34 width=6)
                                                                                                         Rows out:  Avg 33.1 rows x 320 workers.  Max 38 rows (seg24) with 0.200 ms to first row, 0.220 ms to end, start offset by 4735 ms.
                                                                                             ->  Hash  (cost=1554.72..1554.72 rows=1 width=88)
                                                                                                   Rows in:  0 rows (seg0) with 640 ms to end, start offset by 4785 ms.
                                                                                                   ->  Redistribute Motion 320:320  (slice8; segments: 320)  (cost=2.12..1554.72 rows=1 width=88)
                                                                                                         Hash Key: o.end_dt::text
                                                                                                         Rows out:  0 rows at destination (seg0) with 640 ms to end, start offset by 4785 ms.
                                                                                                         ->  Hash Join  (cost=2.12..1554.66 rows=1 width=88)
                                                                                                               Hash Cond: spb.buy_purchase_id = agg.buy_purchase_id
                                                                                                               Rows out:  0 rows (seg0) with 607 ms to end, start offset by 4794 ms.
                                                                                                               ->  Redistribute Motion 320:320  (slice6; segments: 320)  (cost=1.09..1553.57 rows=1 width=62)
                                                                                                                     Hash Key: spb.buy_purchase_id
                                                                                                                     Rows out:  (No row requested) 0 rows at destination (seg0) with 0 ms to end.
                                                                                                                     ->  Hash Join  (cost=1.09..1553.42 rows=1 width=62)
                                                                                                                           Hash Cond: o.insertion_order_id::integer = spb.insertion_order_id::integer
                                                                                                                           Rows out:  0 rows (seg0) with 561 ms to end, start offset by 4912 ms.
                                                                                                                           ->  Redistribute Motion 320:320  (slice3; segments: 320)  (cost=0.00..1551.84 rows=1 width=26)
                                                                                                                                 Hash Key: o.insertion_order_id::integer
                                                                                                                                 Rows out:  (No row requested) 0 rows at destination (seg0) with 0 ms to end.
                                                                                                                                 ->  Seq Scan on adwd_insertion_order o  (cost=0.00..1548.58 rows=1 width=26)
                                                                                                                                       Filter: upper(brief_status::text) = ANY ('{SIGNED,BRIEF,PROPO}'::text[])
                                                                                                                                       Rows out:  0 rows (seg0) with 4.880 ms to end, start offset by 5317 ms.
                                                                                                                           ->  Hash  (cost=1.08..1.08 rows=1 width=36)
                                                                                                                                 Rows in:  0 rows (seg0) with 559 ms to end, start offset by 4914 ms.
                                                                                                                                 ->  Redistribute Motion 320:320  (slice5; segments: 320)  (cost=1.04..1.08 rows=1 width=36)
                                                                                                                                       Hash Key: spb.insertion_order_id::integer
                                                                                                                                       Rows out:  0 rows at destination (seg0) with 559 ms to end, start offset by 4914 ms.
                                                                                                                                       ->  Subquery Scan spb  (cost=1.04..1.06 rows=1 width=36)
                                                                                                                                             Rows out:  0 rows (seg0) with 663 ms to end, start offset by 4779 ms.
                                                                                                                                             ->  HashAggregate  (cost=1.04..1.05 rows=1 width=36)
                                                                                                                                                   Group By: adwt_rtb_global_placement.insertion_order_id, adwt_rtb_global_placement.buy_purchase_id
                                                                                                                                                   Rows out:  0 rows (seg0) with 663 ms to end, start offset by 4779 ms.
                                                                                                                                                   Executor memory:  4113K bytes avg, 4113K bytes max (seg0).
                                                                                                                                                   ->  Redistribute Motion 320:320  (slice4; segments: 320)  (cost=1.00..1.02 rows=1 width=36)
                                                                                                                                                         Hash Key: adwt_rtb_global_placement.insertion_order_id, adwt_rtb_global_placement.buy_purchase_id
                                                                                                                                                         Rows out:  0 rows at destination (seg0) with 657 ms to end, start offset by 4782 ms.
                                                                                                                                                         ->  HashAggregate  (cost=1.00..1.00 rows=1 width=36)
                                                                                                                                                               Group By: adwt_rtb_global_placement.insertion_order_id, adwt_rtb_global_placement.buy_purchase_id
                                                                                                                                                               Rows out:  0 rows (seg0) with 23 ms to end, start offset by 5267 ms.
                                                                                                                                                               Executor memory:  4113K bytes avg, 4113K bytes max (seg0).
                                                                                                                                                               ->  Seq Scan on adwt_rtb_global_placement  (cost=0.00..1.00 rows=1 width=36)
                                                                                                                                                                     Rows out:  0 rows (seg0) with 1.870 ms toend, start offset by 5323 ms.
                                                                                                               ->  Hash  (cost=1.02..1.02 rows=1 width=30)
                                                                                                                     Rows in:  0 rows (seg0) with 605 ms to end, start offset by 4796 ms.
                                                                                                                     ->  Redistribute Motion 320:320  (slice7; segments: 320)  (cost=0.00..1.02 rows=1 width=30)
                                                                                                                           Hash Key: agg.buy_purchase_id
                                                                                                                           Rows out:  0 rows at destination (seg0) with 605 ms to end, start offset by 4796 ms.
                                                                                                                           ->  Seq Scan on adwt_rtb_dlvd_event_creative_time_info agg  (cost=0.00..1.00 rows=1 width=30)
                                                                                                                                 Rows out:  0 rows (seg0) with 2.729 ms to end, start offset by 5393 ms.
                                             ->  Hash  (cost=536.17..536.17 rows=1 width=48)
                                                   Rows in:  0 rows (seg0) with 486 ms to end, start offset by 4942 ms.
                                                   ->  Redistribute Motion 320:320  (slice13; segments: 320)  (cost=8.21..536.17 rows=1 width=48)
                                                         Hash Key: t.activity_ctgy_id, d.adserver_campaign_id::text, d.brief_code::integer
                                                         Rows out:  0 rows at destination (seg0) with 486 ms to end, start offset by 4942 ms.
                                                         ->  Hash Join  (cost=8.21..535.89 rows=1 width=48)
                                                               Hash Cond: d.brief_code::integer = t.brief_code::integer
                                                               Rows out:  0 rows (seg0) with 618 ms to end, start offset by 4791 ms.
                                                               ->  Seq Scan on adwd_adserver_insertion_order d  (cost=0.00..459.29 rows=44 width=12)
                                                                     Rows out:  (No row requested) 0 rows (seg0) with 0 ms to end.
                                                               ->  Hash  (cost=4.21..4.21 rows=1 width=36)
                                                                     Rows in:  0 rows (seg0) with 616 ms to end, start offset by 4793 ms.
                                                                     ->  Broadcast Motion 320:320  (slice12; segments: 320)  (cost=0.00..4.21 rows=1 width=36)
                                                                           Rows out:  0 rows at destination (seg0) with 616 ms to end, start offset by 4793 ms.
                                                                           ->  Seq Scan on adwt_activity_ads t  (cost=0.00..1.00 rows=1 width=36)
                                                                                 Rows out:  0 rows (seg0) with 0.212 ms to end, start offset by 5392 ms.
 Slice statistics:
   (slice0)    Executor memory: 2124K bytes.
   (slice1)    Executor memory: 3527K bytes avg x 320 workers, 3527K bytes max (seg0).
   (slice2)    Executor memory: 3527K bytes avg x 320 workers, 3527K bytes max (seg0).
   (slice3)    Executor memory: 3527K bytes avg x 320 workers, 3527K bytes max (seg0).
   (slice4)    Executor memory: 7600K bytes avg x 320 workers, 7600K bytes max (seg0).
   (slice5)    Executor memory: 7890K bytes avg x 320 workers, 7890K bytes max (seg0).
   (slice6)    Executor memory: 6093K bytes avg x 320 workers, 6093K bytes max (seg0).
   (slice7)    Executor memory: 3527K bytes avg x 320 workers, 3527K bytes max (seg0).
   (slice8)    Executor memory: 6093K bytes avg x 320 workers, 6093K bytes max (seg0).
   (slice9)    Executor memory: 5068K bytes avg x 320 workers, 5068K bytes max (seg0).
   (slice10)   Executor memory: 6093K bytes avg x 320 workers, 6093K bytes max (seg0).
   (slice11)   Executor memory: 5851K bytes avg x 320 workers, 5851K bytes max (seg0).
   (slice12)   Executor memory: 3543K bytes avg x 320 workers, 3543K bytes max (seg0).
   (slice13)   Executor memory: 5867K bytes avg x 320 workers, 5867K bytes max (seg0).
   (slice14)   Executor memory: 8189K bytes avg x 320 workers, 8189K bytes max (seg0).
   (slice15)   Executor memory: 3048K bytes avg x 320 workers, 3048K bytes max (seg0).
 Statement statistics:
   Memory used: 262144K bytes
 Settings:  optimizer=off
 Total runtime: 6039.077 ms
(142 rows)

Time: 6135.780 ms
