       QUERY PLAN

---------------------------------------------------------------------------------------------------------------------------------------------------------------------------------------------------------------
----------------------------------------------------------------------------------------
 Redistribute Motion 320:320  (slice11; segments: 320)  (cost=82872.11..1163103.40 rows=1 width=211)
   Rows out:  Avg 106297.2 rows x 320 workers at destination.  Max 106452 rows (seg315) with 8581 ms to first row, 5025962 ms to end, start offset by 3953 ms.
   ->  Hash Join  (cost=82872.11..1163103.40 rows=1 width=211)
         Hash Cond: ((lpad(imp.ad_id::text, 10, '0'::text) || lpad(imp.creative_id::text, 10, '0'::text)) || lpad(imp.creative_version::text, 10, '0'::text)) = ((lpad(cc.ad_sc::text, 10, '0'::text) || lpad(c
c.creative_sc::text, 10, '0'::text)) || lpad(cc.creative_version::text, 10, '0'::text))
         Rows out:  Avg 106297.2 rows x 320 workers.  Max 6875838 rows (seg187) with 7997 ms to first row, 4996315 ms to end, start offset by 4081 ms.
         Executor memory:  3K bytes avg, 5K bytes max (seg207).
         Work_mem used:  3K bytes avg, 5K bytes max (seg207). Workfile: (0 spilling, 0 reused)
         (seg187) Hash chain length 1.0 avg, 1 max, using 48 of 131111 buckets.
         (seg189) Hash chain length 1.0 avg, 1 max, using 47 of 131111 buckets.
         (seg207) Hash chain length 1.0 avg, 1 max, using 68 of 131111 buckets.
         ->  Redistribute Motion 320:320  (slice9; segments: 320)  (cost=81953.46..1162179.50 rows=1 width=231)
               Hash Key: (lpad(imp.ad_id::text, 10, '0'::text) || lpad(imp.creative_id::text, 10, '0'::text)) || lpad(imp.creative_version::text, 10, '0'::text)
               Rows out:  Avg 109081.4 rows x 320 workers at destination.  Max 6877572 rows (seg187) with 5378 ms to first row, 4907965 ms to end, start offset by 4154 ms.
               ->  Hash Join  (cost=81953.46..1162179.36 rows=1 width=231)
                     Hash Cond: to_date(imp.click_time::text, 'MM-DD-YYYY'::text) = adwd_click.date_dt
                     Rows out:  Avg 425683.7 rows x 82 workers.  Max 5595515 rows (seg232) with 270 ms to first row, 4986596 ms to end, start offset by 3965 ms.
                     Executor memory:  2K bytes avg, 2K bytes max (seg161).
                     Work_mem used:  2K bytes avg, 2K bytes max (seg161). Workfile: (0 spilling, 0 reused)
                     (seg161) Hash chain length 1.0 avg, 1 max, using 40 of 131111 buckets.
                     (seg232) Hash chain length 1.0 avg, 1 max, using 32 of 131111 buckets.
                     ->  Redistribute Motion 320:320  (slice7; segments: 320)  (cost=81183.30..1161409.07 rows=1 width=229)
                           Hash Key: to_date(imp.click_time::text, 'MM-DD-YYYY'::text)
                           Rows out:  Avg 425683.7 rows x 82 workers at destination.  Max 5595515 rows (seg232) with 100 ms to first row, 4962811 ms to end, start offset by 4136 ms.
                           ->  Hash Join  (cost=81183.30..1161408.93 rows=1 width=229)
                                 Hash Cond: imp."time"::date = adwd_imp.date_dt
                                 Rows out:  34906064 rows (seg232) with 134 ms to first row, 4896067 ms to end, start offset by 4036 ms.
                                 Executor memory:  2K bytes avg, 2K bytes max (seg161).
                                 Work_mem used:  2K bytes avg, 2K bytes max (seg161). Workfile: (0 spilling, 0 reused)
                                 (seg161) Hash chain length 1.0 avg, 1 max, using 40 of 131111 buckets.
                                 (seg232) Hash chain length 1.0 avg, 1 max, using 32 of 131111 buckets.
                                 ->  Redistribute Motion 320:320  (slice5; segments: 320)  (cost=80413.14..1160638.64 rows=1 width=227)
                                       Hash Key: imp."time"::date
                                       Rows out:  34906064 rows at destination (seg232) with 25 ms to first row, 4834432 ms to end, start offset by 4145 ms.
                                       ->  Hash Join  (cost=80413.14..1160638.50 rows=1 width=227)
                                             Hash Cond: imp.buy_id::text = cmpgn.source_cd::text AND bp.data_id = cmpgn.data_id
                                             Rows out:  Avg 110113.8 rows x 317 workers.  Max 26156395 rows (seg193) with 489 ms to first row, 4934734 ms to end, start offset by 3975 ms.
                                             Executor memory:  8K bytes avg, 9K bytes max (seg282).
                                             Work_mem used:  8K bytes avg, 9K bytes max (seg282). Workfile: (0 spilling, 0 reused)
                                             (seg10)  Hash chain length 1.1 avg, 18 max, using 191 of 131111 buckets.
                                             (seg193) Hash chain length 1.1 avg, 18 max, using 188 of 131111 buckets.
                                             (seg282) Hash chain length 1.1 avg, 15 max, using 210 of 131111 buckets.
                                             ->  Broadcast Motion 320:320  (slice4; segments: 320)  (cost=78520.46..1158721.32 rows=8 width=234)
                                                   Rows out:  Avg 34906064.0 rows x 320 workers at destination.  Max 34906064 rows (seg0) with 335 ms to first row, 4990795 ms to end, start offset by 3831 ms.
                                                   ->  Hash Join  (cost=78520.46..1158695.83 rows=1 width=234)
                                                         Hash Cond: imp.page_id::text = bp.source_cd::text AND ntid.art_sub_network_id = bp.data_id
                                                         Rows out:  Avg 109423.4 rows x 319 workers.  Max 26138211 rows (seg130) with 68097 ms to first row, 254598 ms to end, start offset by 3878 ms.
                                                         Executor memory:  171K bytes avg, 456K bytes max (seg177).
                                                         Work_mem used:  171K bytes avg, 456K bytes max (seg177). Workfile: (0 spilling, 0 reused)
                                                         (seg130) Hash chain length 1.0 avg, 3 max, using 4320 of 131111 buckets.
                                                         (seg177) Hash chain length 1.0 avg, 3 max, using 9351 of 131111 buckets.
                                                         ->  Broadcast Motion 320:320  (slice3; segments: 320)  (cost=44002.39..1123984.99 rows=115 width=238)
                                                               Rows out:  Avg 34906064.0 rows x 320 workers at destination.  Max 34906064 rows (seg0) with 163 ms to first row, 4977938 ms to end, start offset by 3997 ms.
                                                               ->  Hash Join  (cost=44002.39..1123618.08 rows=1 width=238)
                                                                     Hash Cond: imp.dfa_network_id = ntid.dfa_network_id AND imp.activity_sub_type::text = ac.activitysubtype::text AND imp.parent_id::text = ac.advertiser_id::text AND imp.activity_type::text = ac.activitytype::text
                                                                     Rows out:  Avg 109081.4 rows x 320 workers.  Max 188465 rows (seg47) with 279 ms to first row, 2171 ms to end, start offset by 3883 ms.
                                                                     Executor memory:  600K bytes avg, 600K bytes max (seg0).
                                                                     Work_mem used:  600K bytes avg, 600K bytes max (seg0). Workfile: (0 spilling, 0 reused)
                                                                     (seg47)  Hash chain length 1.1 avg, 4 max, using 8438 of 65539 buckets.
                                                                     ->  Seq Scan on adws_activity imp  (cost=0.00..719619.88 rows=112425 width=259)
                                                                           Rows out:  Avg 112481.7 rows x 320 workers.  Max 194269 rows (seg47) with 0.390 ms to first row, 1210 ms to end, start offset by 4162 ms.
                                                                     ->  Hash  (cost=17301.13..17301.13 rows=4173 width=37)
                                                                           Rows in:  Avg 8986.0 rows x 320 workers.  Max 8986 rows (seg0) with 230 ms to end, start offset by 3925 ms.
                                                                           ->  Broadcast Motion 320:320  (slice2; segments: 320)  (cost=97.08..17301.13 rows=4173 width=37)
                                                                                 Rows out:  Avg 8986.0 rows x 320 workers at destination.  Max 8986 rows (seg0) with 194 ms to first row, 217 ms to end, start offset by 3925 ms.
                                                                                 ->  Hash Join  (cost=97.08..3908.78 rows=14 width=37)
                                                                                       Hash Cond: ac.dfa_network_id = ntid.dfa_network_id
                                                                                       Rows out:  Avg 28.1 rows x 320 workers.  Max 135 rows (seg23) with 382 ms to first row, 383 ms to end, start offset by 3733 ms.
                                                                                       Executor memory:  1K bytes avg, 1K bytes max (seg0).
                                                                                       Work_mem used:  1K bytes avg, 1K bytes max (seg0). Workfile: (0 spilling, 0 reused)
                                                                                       (seg23)  Hash chain length 1.0 avg, 1 max, using 13 of 131111 buckets.
                                                                                       ->  Seq Scan on test_act_adwt_filt_category_source_u ac  (cost=0.00..409.86 rows=29 width=31)
                                                                                             Rows out:  Avg 28.1 rows x 320 workers.  Max 135 rows (seg23) with 0.136 ms to first row, 0.187 ms to end, start offset by 4115 ms.
                                                                                       ->  Hash  (cost=45.08..45.08 rows=13 width=6)
                                                                                             Rows in:  Avg 13.0 rows x 320 workers.  Max 13 rows (seg0) with 192 ms to end, start offset by 3923 ms.
                                                                                             ->  Broadcast Motion 320:320  (slice1; segments: 320)  (cost=0.00..45.08 rows=13 width=6)
                                                                                                   Rows out:  Avg 13.0 rows x 320 workers at destination.  Max 13 rows (seg0) with 0.172 ms to first row, 192 ms to end, start offset by 3923 ms.
                                                                                                   ->  Seq Scan on adwm_dfa_artemis_network ntid  (cost=0.00..3.35 rows=1 width=6)
                                                                                                         Filter: art_network_id = 1
                                                                                                         Rows out:  13 rows (seg234) with 0.121 ms to first row, 0.131 ms to end, start offset by 3834 ms.
                                                         ->  Hash  (cost=17033.43..17033.43 rows=3643 width=15)
                                                               Rows in:  Avg 3643.1 rows x 320 workers.  Max 9720 rows (seg177) with 9.358 ms to end, start offset by 3914 ms.
                                                               ->  Seq Scan on adwd_buy_purchase bp  (cost=0.00..17033.43 rows=3643 width=15)
                                                                     Rows out:  Avg 3643.1 rows x 320 workers.  Max 9720 rows (seg177) with 0.229 ms to first row, 4.689 ms to end, start offset by 3914 ms.
                                             ->  Hash  (cost=949.07..949.07 rows=197 width=13)
                                                   Rows in:  Avg 196.6 rows x 320 workers.  Max 229 rows (seg282) with 0.390 ms to end, start offset by 4024 ms.
                                                   ->  Seq Scan on adwd_campaign cmpgn  (cost=0.00..949.07 rows=197 width=13)
                                                         Rows out:  Avg 196.6 rows x 320 workers.  Max 229 rows (seg282) with 0.157 ms to first row, 0.238 ms to end, start offset by 4024 ms.
                                 ->  Hash  (cost=637.76..637.76 rows=34 width=6)
                                       Rows in:  Avg 33.1 rows x 320 workers.  Max 40 rows (seg161) with 265 ms to end, start offset by 3871 ms.
                                       ->  Redistribute Motion 320:320  (slice6; segments: 320)  (cost=0.00..637.76 rows=34 width=6)
                                             Hash Key: adwd_imp.date_dt
                                             Rows out:  Avg 33.1 rows x 320 workers at destination.  Max 40 rows (seg161) with 0.038 ms to first row, 265 ms to end, start offset by 3871 ms.
                                             ->  Seq Scan on adwd_date adwd_imp  (cost=0.00..425.92 rows=34 width=6)
                                                   Rows out:  Avg 33.1 rows x 320 workers.  Max 38 rows (seg24) with 4.079 ms to first row, 4.105 ms to end, start offset by 4042 ms.
                     ->  Hash  (cost=637.76..637.76 rows=34 width=6)
                           Rows in:  Avg 33.1 rows x 320 workers.  Max 40 rows (seg161) with 172 ms to end, start offset by 3964 ms.
                           ->  Redistribute Motion 320:320  (slice8; segments: 320)  (cost=0.00..637.76 rows=34 width=6)
                                 Hash Key: adwd_click.date_dt
                                 Rows out:  Avg 33.1 rows x 320 workers at destination.  Max 40 rows (seg161) with 0.064 ms to first row, 172 ms to end, start offset by 3964 ms.
                                 ->  Seq Scan on adwd_date adwd_click  (cost=0.00..425.92 rows=34 width=6)
                                       Rows out:  Avg 33.1 rows x 320 workers.  Max 38 rows (seg24) with 0.119 ms to first row, 0.130 ms to end, start offset by 3806 ms.
         ->  Hash  (cost=742.58..742.58 rows=45 width=28)
               Rows in:  Avg 44.0 rows x 320 workers.  Max 68 rows (seg57) with 209 ms to end, start offset by 3946 ms.
               ->  Redistribute Motion 320:320  (slice10; segments: 320)  (cost=0.00..742.58 rows=45 width=28)
                     Hash Key: (lpad(cc.ad_sc::text, 10, '0'::text) || lpad(cc.creative_sc::text, 10, '0'::text)) || lpad(cc.creative_version::text, 10, '0'::text)
                     Rows out:  Avg 44.0 rows x 320 workers at destination.  Max 68 rows (seg57) with 0.035 ms to first row, 208 ms to end, start offset by 3946 ms.
                     ->  Seq Scan on test_act_adwt_filt_cc_source cc  (cost=0.00..460.86 rows=45 width=28)
                           Rows out:  Avg 44.0 rows x 320 workers.  Max 63 rows (seg240) with 0.107 ms to first row, 0.117 ms to end, start offset by 3859 ms.
 Slice statistics:
   (slice0)    Executor memory: 1122K bytes avg x 320 workers, 1125K bytes max (seg0).
   (slice1)    Executor memory: 3573K bytes avg x 320 workers, 3573K bytes max (seg0).
   (slice2)    Executor memory: 5908K bytes avg x 320 workers, 5908K bytes max (seg0).  Work_mem: 1K bytes max.
   (slice3)    Executor memory: 8548K bytes avg x 320 workers, 8548K bytes max (seg0).  Work_mem: 600K bytes max.
   (slice4)    Executor memory: 8994K bytes avg x 320 workers, 9689K bytes max (seg177).  Work_mem: 456K bytes max.
   (slice5)    Executor memory: 6737K bytes avg x 320 workers, 8697K bytes max (seg10).  Work_mem: 9K bytes max.
   (slice6)    Executor memory: 3573K bytes avg x 320 workers, 3573K bytes max (seg0).
   (slice7)    Executor memory: 6175K bytes avg x 320 workers, 8951K bytes max (seg232).  Work_mem: 2K bytes max.
   (slice8)    Executor memory: 3573K bytes avg x 320 workers, 3573K bytes max (seg0).
   (slice9)    Executor memory: 6246K bytes avg x 320 workers, 9015K bytes max (seg232).  Work_mem: 2K bytes max.
   (slice10)   Executor memory: 3598K bytes avg x 320 workers, 3629K bytes max (seg97).
   (slice11)   Executor memory: 6504K bytes avg x 320 workers, 7565K bytes max (seg189).  Work_mem: 5K bytes max.
 Statement statistics:
   Memory used: 262144K bytes
   Memory wanted: 144K bytes
 Settings:  optimizer=off
 Total runtime: 5033288.402 ms
(125 rows)
